<?xml version="1.0" encoding="UTF-8"?>
<testsuite xmlns:xsi="http://www.w3.org/2001/XMLSchema-instance" xsi:noNamespaceSchemaLocation="https://maven.apache.org/surefire/maven-failsafe-plugin/xsd/failsafe-test-report-3.0.xsd" version="3.0" name="com.eduplatform.mbt.runners.InstructorContentRunner" time="40.715" tests="1" errors="0" skipped="0" failures="0">
  <properties>
[...]
</properties>
  <testcase name="runInstructorContentModel" classname="com.eduplatform.mbt.runners.InstructorContentRunner" time="39.074">
    <system-out><![CDATA[13:42:13.769 DEBUG [main] c.e.mbt.support.ApiClient - [POST http://localhost:8000/api/v1/auth/test/create-account-with-role?name=MBT+Admin&email=mbt.admin%40example.com&password=Passw0rd%21&role=ADMIN] -> 409
13:42:13.775 INFO  [main] c.e.mbt.support.TestDataSeeder - Ensured account: mbt.admin@example.com (ADMIN) -> 
13:42:13.801 DEBUG [main] c.e.mbt.support.ApiClient - [POST http://localhost:8000/api/v1/auth/test/create-account-with-role?name=MBT+Instructor&email=mbt.instructor%40example.com&password=Passw0rd%21&role=INSTRUCTOR] -> 409
13:42:13.801 INFO  [main] c.e.mbt.support.TestDataSeeder - Ensured account: mbt.instructor@example.com (INSTRUCTOR) -> 
13:42:13.814 DEBUG [main] c.e.mbt.support.ApiClient - [POST http://localhost:8000/api/v1/auth/test/create-account-with-role?name=MBT+Student&email=mbt.student%40example.com&password=Passw0rd%21&role=STUDENT] -> 409
13:42:13.815 INFO  [main] c.e.mbt.support.TestDataSeeder - Ensured account: mbt.student@example.com (STUDENT) -> 
13:42:13.828 DEBUG [main] c.e.mbt.support.ApiClient - [POST http://localhost:8000/api/v1/auth/test/create-account-with-role?name=MBT+Pending+Student&email=mbt-pending-student%40test.com&password=Passw0rd%21&role=STUDENT] -> 409
13:42:13.828 INFO  [main] c.e.mbt.support.TestDataSeeder - Ensured account: mbt-pending-student@test.com (STUDENT) -> 
13:42:13.842 DEBUG [main] c.e.mbt.support.ApiClient - [POST http://localhost:8000/api/v1/auth/test/create-account-with-role?name=MBT+Pending+Student+2&email=mbt-pending-student-2%40test.com&password=Passw0rd%21&role=STUDENT] -> 409
13:42:13.842 INFO  [main] c.e.mbt.support.TestDataSeeder - Ensured account: mbt-pending-student-2@test.com (STUDENT) -> 
13:42:13.863 DEBUG [main] c.e.mbt.support.ApiClient - [POST http://localhost:8000/api/v1/auth/login] -> 200
13:42:13.898 DEBUG [main] c.e.mbt.support.ApiClient - [POST http://localhost:8000/api/v1/admin/seed] -> 200
13:42:13.901 WARN  [main] c.e.mbt.support.TestDataSeeder - POST /admin/seed: no mbt_pending in data; trying POST /admin/seed/mbt-pending
13:42:13.909 DEBUG [main] c.e.mbt.support.ApiClient - [POST http://localhost:8000/api/v1/admin/seed/mbt-pending] -> 404
13:42:13.911 WARN  [main] c.e.mbt.support.TestDataSeeder - POST /admin/seed/mbt-pending: 404 (ch?a deploy). Th? POST /admin/seed/class-full-pending, sau ?ó GET /registrations?status=PENDING
13:42:13.923 DEBUG [main] c.e.mbt.support.ApiClient - [POST http://localhost:8000/api/v1/admin/seed/class-full-pending] -> 404
13:42:13.925 DEBUG [main] c.e.mbt.support.TestDataSeeder - class-full-pending response: {"detail":"Not Found"}
13:42:13.970 DEBUG [main] c.e.mbt.support.ApiClient - [GET http://localhost:8000/api/v1/registrations?status=PENDING] -> 200
13:42:13.971 INFO  [main] c.e.mbt.support.TestDataSeeder - Seeded demo courses and fixtures
13:42:13.987 INFO  [main] c.e.m.r.AbstractGraphWalkerRunner - Starting GraphWalker run for InstructorContentImpl
13:42:15.040 INFO  [main] c.e.m.r.AbstractGraphWalkerRunner - Model file: D:\TESTING\course\mbt-gw\target\test-classes\com\eduplatform\mbt\models\06_InstructorContentModel.json, generator: random(edge_coverage(100) || length(40))
13:42:17.698 INFO  [main] c.e.m.i.InstructorContentImpl - [STEP] v_InstructorDashboard | beforeAuth={isLoggedIn=false, currentRole=, hasToken=false, emailExists=true, emailNotExists=true, passwordCorrect=true, passwordStrong=true, emailValid=true, studentMajorOrGoalSet=true, expertiseSet=true, resetToken.len=0, tokenUsed=false, forgotPasswordRateLimited=false, forgotPasswordInfrastructureFailure=false, profileUpdateValid=true}
13:42:19.915 DEBUG [main] c.e.mbt.support.ApiClient - [POST http://localhost:8000/api/v1/auth/login] -> 200
13:42:19.930 DEBUG [main] c.e.mbt.support.ApiClient - [GET http://localhost:8000/api/v1/auth/me] -> 200
13:42:20.501 DEBUG [main] c.e.mbt.support.ApiClient - [GET http://localhost:8000/api/v1/auth/me] -> 200
13:42:20.518 DEBUG [main] c.e.mbt.support.ApiClient - [GET http://localhost:8000/api/v1/courses?status=PUBLISHED] -> 200
13:42:20.540 DEBUG [main] c.e.mbt.support.ApiClient - [GET http://localhost:8000/api/v1/courses?status=DRAFT] -> 200
13:42:20.553 DEBUG [main] c.e.mbt.support.ApiClient - [GET http://localhost:8000/api/v1/courses?status=COMING_SOON] -> 200
13:42:20.569 DEBUG [main] c.e.mbt.support.ApiClient - [GET http://localhost:8000/api/v1/courses?status=ARCHIVED] -> 200
13:42:20.578 DEBUG [main] c.e.mbt.support.ApiClient - [GET http://localhost:8000/api/v1/auth/me] -> 200
13:42:20.589 DEBUG [main] c.e.mbt.support.ApiClient - [GET http://localhost:8000/api/v1/auth/me] -> 200
13:42:20.600 DEBUG [main] c.e.mbt.support.ApiClient - [GET http://localhost:8000/api/v1/auth/me] -> 200
13:42:20.607 DEBUG [main] c.e.m.i.InstructorContentImpl - syncInstructorGuards: ownedDraft=41 ownedPublished=0 foreign=38 ownedCourse=0 section=false
13:42:20.609 INFO  [main] o.g.c.g.SingletonRandomGenerator - Seed: 2456675229700
13:42:20.609 INFO  [main] c.e.m.i.InstructorContentImpl - [STEP] e_OpenCreateForm | beforeAuth={isLoggedIn=true, currentRole=INSTRUCTOR, hasToken=true, emailExists=true, emailNotExists=true, passwordCorrect=true, passwordStrong=true, emailValid=true, studentMajorOrGoalSet=true, expertiseSet=true, resetToken.len=0, tokenUsed=false, forgotPasswordRateLimited=false, forgotPasswordInfrastructureFailure=false, profileUpdateValid=true}
13:42:20.624 DEBUG [main] c.e.mbt.support.SafeUi - clickWhenReady (attempt 1) element={by text: Thêm khóa h?c} url=http://localhost:3000/instructor/dashboard
13:42:20.811 DEBUG [main] c.e.mbt.support.SafeUi - waitUntilVisible element={input[placeholder='Tên khóa h?c']} url=http://localhost:3000/instructor/dashboard
13:42:20.853 DEBUG [main] c.e.mbt.support.SafeUi - waitUntilVisible element={by text: L?u khóa h?c} url=http://localhost:3000/instructor/dashboard
13:42:21.213 INFO  [main] c.e.m.i.InstructorContentImpl - [STEP] v_CourseCreateForm | beforeAuth={isLoggedIn=true, currentRole=INSTRUCTOR, hasToken=true, emailExists=true, emailNotExists=true, passwordCorrect=true, passwordStrong=true, emailValid=true, studentMajorOrGoalSet=true, expertiseSet=true, resetToken.len=0, tokenUsed=false, forgotPasswordRateLimited=false, forgotPasswordInfrastructureFailure=false, profileUpdateValid=true}
13:42:21.373 DEBUG [main] c.e.mbt.support.ApiClient - [POST http://localhost:8000/api/v1/auth/login] -> 200
13:42:21.383 DEBUG [main] c.e.mbt.support.ApiClient - [GET http://localhost:8000/api/v1/auth/me] -> 200
13:42:21.745 DEBUG [main] c.e.mbt.support.SafeUi - waitUntilVisible element={h1} url=http://localhost:3000/instructor/dashboard
13:42:21.884 DEBUG [main] c.e.mbt.support.SafeUi - clickWhenReady (attempt 1) element={by text: Thêm khóa h?c} url=http://localhost:3000/instructor/dashboard
13:42:22.048 DEBUG [main] c.e.mbt.support.SafeUi - waitUntilVisible element={input[placeholder='Tên khóa h?c']} url=http://localhost:3000/instructor/dashboard
13:42:22.080 DEBUG [main] c.e.mbt.support.SafeUi - waitUntilVisible element={by text: L?u khóa h?c} url=http://localhost:3000/instructor/dashboard
13:42:22.116 DEBUG [main] c.e.mbt.support.SafeUi - waitUntilVisible element={by text: L?u khóa h?c} url=http://localhost:3000/instructor/dashboard
13:42:22.147 INFO  [main] c.e.m.i.InstructorContentImpl - [STEP] e_ArmCreateHoursInvalid | beforeAuth={isLoggedIn=true, currentRole=INSTRUCTOR, hasToken=true, emailExists=true, emailNotExists=true, passwordCorrect=true, passwordStrong=true, emailValid=true, studentMajorOrGoalSet=true, expertiseSet=true, resetToken.len=0, tokenUsed=false, forgotPasswordRateLimited=false, forgotPasswordInfrastructureFailure=false, profileUpdateValid=true}
13:42:22.500 INFO  [main] c.e.m.i.InstructorContentImpl - [STEP] v_CourseCreateForm | beforeAuth={isLoggedIn=true, currentRole=INSTRUCTOR, hasToken=true, emailExists=true, emailNotExists=true, passwordCorrect=true, passwordStrong=true, emailValid=true, studentMajorOrGoalSet=true, expertiseSet=true, resetToken.len=0, tokenUsed=false, forgotPasswordRateLimited=false, forgotPasswordInfrastructureFailure=false, profileUpdateValid=true}
13:42:22.648 DEBUG [main] c.e.mbt.support.ApiClient - [POST http://localhost:8000/api/v1/auth/login] -> 200
13:42:22.658 DEBUG [main] c.e.mbt.support.ApiClient - [GET http://localhost:8000/api/v1/auth/me] -> 200
13:42:23.022 DEBUG [main] c.e.mbt.support.SafeUi - waitUntilVisible element={h1} url=http://localhost:3000/instructor/dashboard
13:42:23.197 DEBUG [main] c.e.mbt.support.SafeUi - clickWhenReady (attempt 1) element={by text: Thêm khóa h?c} url=http://localhost:3000/instructor/dashboard
13:42:23.378 DEBUG [main] c.e.mbt.support.SafeUi - waitUntilVisible element={input[placeholder='Tên khóa h?c']} url=http://localhost:3000/instructor/dashboard
13:42:23.416 DEBUG [main] c.e.mbt.support.SafeUi - waitUntilVisible element={by text: L?u khóa h?c} url=http://localhost:3000/instructor/dashboard
13:42:23.464 DEBUG [main] c.e.mbt.support.SafeUi - waitUntilVisible element={by text: L?u khóa h?c} url=http://localhost:3000/instructor/dashboard
13:42:23.508 INFO  [main] c.e.m.i.InstructorContentImpl - [STEP] e_ArmCreateImageInvalid | beforeAuth={isLoggedIn=true, currentRole=INSTRUCTOR, hasToken=true, emailExists=true, emailNotExists=true, passwordCorrect=true, passwordStrong=true, emailValid=true, studentMajorOrGoalSet=true, expertiseSet=true, resetToken.len=0, tokenUsed=false, forgotPasswordRateLimited=false, forgotPasswordInfrastructureFailure=false, profileUpdateValid=true}
13:42:23.807 INFO  [main] c.e.m.i.InstructorContentImpl - [STEP] v_CourseCreateForm | beforeAuth={isLoggedIn=true, currentRole=INSTRUCTOR, hasToken=true, emailExists=true, emailNotExists=true, passwordCorrect=true, passwordStrong=true, emailValid=true, studentMajorOrGoalSet=true, expertiseSet=true, resetToken.len=0, tokenUsed=false, forgotPasswordRateLimited=false, forgotPasswordInfrastructureFailure=false, profileUpdateValid=true}
13:42:23.979 DEBUG [main] c.e.mbt.support.ApiClient - [POST http://localhost:8000/api/v1/auth/login] -> 200
13:42:23.994 DEBUG [main] c.e.mbt.support.ApiClient - [GET http://localhost:8000/api/v1/auth/me] -> 200
13:42:24.385 DEBUG [main] c.e.mbt.support.SafeUi - waitUntilVisible element={h1} url=http://localhost:3000/instructor/dashboard
13:42:24.527 DEBUG [main] c.e.mbt.support.SafeUi - clickWhenReady (attempt 1) element={by text: Thêm khóa h?c} url=http://localhost:3000/instructor/dashboard
13:42:24.708 DEBUG [main] c.e.mbt.support.SafeUi - waitUntilVisible element={input[placeholder='Tên khóa h?c']} url=http://localhost:3000/instructor/dashboard
13:42:24.761 DEBUG [main] c.e.mbt.support.SafeUi - waitUntilVisible element={by text: L?u khóa h?c} url=http://localhost:3000/instructor/dashboard
13:42:24.813 DEBUG [main] c.e.mbt.support.SafeUi - waitUntilVisible element={by text: L?u khóa h?c} url=http://localhost:3000/instructor/dashboard
13:42:24.849 INFO  [main] c.e.m.i.InstructorContentImpl - [STEP] e_CreateCourseFailHours | beforeAuth={isLoggedIn=true, currentRole=INSTRUCTOR, hasToken=true, emailExists=true, emailNotExists=true, passwordCorrect=true, passwordStrong=true, emailValid=true, studentMajorOrGoalSet=true, expertiseSet=true, resetToken.len=0, tokenUsed=false, forgotPasswordRateLimited=false, forgotPasswordInfrastructureFailure=false, profileUpdateValid=true}
13:42:27.607 DEBUG [main] c.e.mbt.support.SafeUi - waitUntilVisible element={p.text-red-600} url=http://localhost:3000/instructor/dashboard
13:42:27.859 INFO  [main] c.e.m.i.InstructorContentImpl - [STEP] v_CourseCreateError | beforeAuth={isLoggedIn=true, currentRole=INSTRUCTOR, hasToken=true, emailExists=true, emailNotExists=true, passwordCorrect=true, passwordStrong=true, emailValid=true, studentMajorOrGoalSet=true, expertiseSet=true, resetToken.len=0, tokenUsed=false, forgotPasswordRateLimited=false, forgotPasswordInfrastructureFailure=false, profileUpdateValid=true}
13:42:27.869 DEBUG [main] c.e.mbt.support.SafeUi - waitUntilVisible element={p.text-red-600} url=http://localhost:3000/instructor/dashboard
13:42:27.894 INFO  [main] c.e.m.i.InstructorContentImpl - [STEP] e_FixAndRetry | beforeAuth={isLoggedIn=true, currentRole=INSTRUCTOR, hasToken=true, emailExists=true, emailNotExists=true, passwordCorrect=true, passwordStrong=true, emailValid=true, studentMajorOrGoalSet=true, expertiseSet=true, resetToken.len=0, tokenUsed=false, forgotPasswordRateLimited=false, forgotPasswordInfrastructureFailure=false, profileUpdateValid=true}
13:42:27.894 INFO  [main] c.e.m.i.InstructorContentImpl - [STEP] e_CreateCourse | beforeAuth={isLoggedIn=true, currentRole=INSTRUCTOR, hasToken=true, emailExists=true, emailNotExists=true, passwordCorrect=true, passwordStrong=true, emailValid=true, studentMajorOrGoalSet=true, expertiseSet=true, resetToken.len=0, tokenUsed=false, forgotPasswordRateLimited=false, forgotPasswordInfrastructureFailure=false, profileUpdateValid=true}
13:42:31.050 DEBUG [main] c.e.mbt.support.ApiClient - [GET http://localhost:8000/api/v1/auth/me] -> 200
13:42:31.064 DEBUG [main] c.e.mbt.support.ApiClient - [GET http://localhost:8000/api/v1/courses?status=PUBLISHED] -> 200
13:42:31.066 WARN  [main] c.e.m.i.InstructorContentImpl - e_CreateCourse: could not find new course via API
13:42:31.316 INFO  [main] c.e.m.i.InstructorContentImpl - [STEP] v_CourseCreateForm | beforeAuth={isLoggedIn=true, currentRole=INSTRUCTOR, hasToken=true, emailExists=true, emailNotExists=true, passwordCorrect=true, passwordStrong=true, emailValid=true, studentMajorOrGoalSet=true, expertiseSet=true, resetToken.len=0, tokenUsed=false, forgotPasswordRateLimited=false, forgotPasswordInfrastructureFailure=false, profileUpdateValid=true}
13:42:31.513 DEBUG [main] c.e.mbt.support.ApiClient - [POST http://localhost:8000/api/v1/auth/login] -> 200
13:42:31.524 DEBUG [main] c.e.mbt.support.ApiClient - [GET http://localhost:8000/api/v1/auth/me] -> 200
13:42:31.908 DEBUG [main] c.e.mbt.support.SafeUi - waitUntilVisible element={h1} url=http://localhost:3000/instructor/dashboard
13:42:32.055 DEBUG [main] c.e.mbt.support.SafeUi - clickWhenReady (attempt 1) element={by text: Thêm khóa h?c} url=http://localhost:3000/instructor/dashboard
13:42:32.239 DEBUG [main] c.e.mbt.support.SafeUi - waitUntilVisible element={input[placeholder='Tên khóa h?c']} url=http://localhost:3000/instructor/dashboard
13:42:32.273 DEBUG [main] c.e.mbt.support.SafeUi - waitUntilVisible element={by text: L?u khóa h?c} url=http://localhost:3000/instructor/dashboard
13:42:32.312 DEBUG [main] c.e.mbt.support.SafeUi - waitUntilVisible element={by text: L?u khóa h?c} url=http://localhost:3000/instructor/dashboard
13:42:32.346 INFO  [main] c.e.m.i.InstructorContentImpl - [STEP] e_ArmCreateTitleInvalid | beforeAuth={isLoggedIn=true, currentRole=INSTRUCTOR, hasToken=true, emailExists=true, emailNotExists=true, passwordCorrect=true, passwordStrong=true, emailValid=true, studentMajorOrGoalSet=true, expertiseSet=true, resetToken.len=0, tokenUsed=false, forgotPasswordRateLimited=false, forgotPasswordInfrastructureFailure=false, profileUpdateValid=true}
13:42:32.616 INFO  [main] c.e.m.i.InstructorContentImpl - [STEP] v_CourseCreateForm | beforeAuth={isLoggedIn=true, currentRole=INSTRUCTOR, hasToken=true, emailExists=true, emailNotExists=true, passwordCorrect=true, passwordStrong=true, emailValid=true, studentMajorOrGoalSet=true, expertiseSet=true, resetToken.len=0, tokenUsed=false, forgotPasswordRateLimited=false, forgotPasswordInfrastructureFailure=false, profileUpdateValid=true}
13:42:32.769 DEBUG [main] c.e.mbt.support.ApiClient - [POST http://localhost:8000/api/v1/auth/login] -> 200
13:42:32.780 DEBUG [main] c.e.mbt.support.ApiClient - [GET http://localhost:8000/api/v1/auth/me] -> 200
13:42:33.122 DEBUG [main] c.e.mbt.support.SafeUi - waitUntilVisible element={h1} url=http://localhost:3000/instructor/dashboard
13:42:33.254 DEBUG [main] c.e.mbt.support.SafeUi - clickWhenReady (attempt 1) element={by text: Thêm khóa h?c} url=http://localhost:3000/instructor/dashboard
13:42:33.387 DEBUG [main] c.e.mbt.support.SafeUi - waitUntilVisible element={input[placeholder='Tên khóa h?c']} url=http://localhost:3000/instructor/dashboard
13:42:33.431 DEBUG [main] c.e.mbt.support.SafeUi - waitUntilVisible element={by text: L?u khóa h?c} url=http://localhost:3000/instructor/dashboard
13:42:33.455 DEBUG [main] c.e.mbt.support.SafeUi - waitUntilVisible element={by text: L?u khóa h?c} url=http://localhost:3000/instructor/dashboard
13:42:33.491 INFO  [main] c.e.m.i.InstructorContentImpl - [STEP] e_RearmCreateCourseFormGuards | beforeAuth={isLoggedIn=true, currentRole=INSTRUCTOR, hasToken=true, emailExists=true, emailNotExists=true, passwordCorrect=true, passwordStrong=true, emailValid=true, studentMajorOrGoalSet=true, expertiseSet=true, resetToken.len=0, tokenUsed=false, forgotPasswordRateLimited=false, forgotPasswordInfrastructureFailure=false, profileUpdateValid=true}
13:42:33.709 INFO  [main] c.e.m.i.InstructorContentImpl - [STEP] v_CourseCreateForm | beforeAuth={isLoggedIn=true, currentRole=INSTRUCTOR, hasToken=true, emailExists=true, emailNotExists=true, passwordCorrect=true, passwordStrong=true, emailValid=true, studentMajorOrGoalSet=true, expertiseSet=true, resetToken.len=0, tokenUsed=false, forgotPasswordRateLimited=false, forgotPasswordInfrastructureFailure=false, profileUpdateValid=true}
13:42:33.877 DEBUG [main] c.e.mbt.support.ApiClient - [POST http://localhost:8000/api/v1/auth/login] -> 200
13:42:33.887 DEBUG [main] c.e.mbt.support.ApiClient - [GET http://localhost:8000/api/v1/auth/me] -> 200
13:42:34.213 DEBUG [main] c.e.mbt.support.SafeUi - waitUntilVisible element={h1} url=http://localhost:3000/instructor/dashboard
13:42:34.351 DEBUG [main] c.e.mbt.support.SafeUi - clickWhenReady (attempt 1) element={by text: Thêm khóa h?c} url=http://localhost:3000/instructor/dashboard
13:42:34.508 DEBUG [main] c.e.mbt.support.SafeUi - waitUntilVisible element={input[placeholder='Tên khóa h?c']} url=http://localhost:3000/instructor/dashboard
13:42:34.549 DEBUG [main] c.e.mbt.support.SafeUi - waitUntilVisible element={by text: L?u khóa h?c} url=http://localhost:3000/instructor/dashboard
13:42:34.580 DEBUG [main] c.e.mbt.support.SafeUi - waitUntilVisible element={by text: L?u khóa h?c} url=http://localhost:3000/instructor/dashboard
13:42:34.613 INFO  [main] c.e.m.i.InstructorContentImpl - [STEP] e_ArmCreateCapacityInvalid | beforeAuth={isLoggedIn=true, currentRole=INSTRUCTOR, hasToken=true, emailExists=true, emailNotExists=true, passwordCorrect=true, passwordStrong=true, emailValid=true, studentMajorOrGoalSet=true, expertiseSet=true, resetToken.len=0, tokenUsed=false, forgotPasswordRateLimited=false, forgotPasswordInfrastructureFailure=false, profileUpdateValid=true}
13:42:34.848 INFO  [main] c.e.m.i.InstructorContentImpl - [STEP] v_CourseCreateForm | beforeAuth={isLoggedIn=true, currentRole=INSTRUCTOR, hasToken=true, emailExists=true, emailNotExists=true, passwordCorrect=true, passwordStrong=true, emailValid=true, studentMajorOrGoalSet=true, expertiseSet=true, resetToken.len=0, tokenUsed=false, forgotPasswordRateLimited=false, forgotPasswordInfrastructureFailure=false, profileUpdateValid=true}
13:42:35.038 DEBUG [main] c.e.mbt.support.ApiClient - [POST http://localhost:8000/api/v1/auth/login] -> 200
13:42:35.047 DEBUG [main] c.e.mbt.support.ApiClient - [GET http://localhost:8000/api/v1/auth/me] -> 200
13:42:35.407 DEBUG [main] c.e.mbt.support.SafeUi - waitUntilVisible element={h1} url=http://localhost:3000/instructor/dashboard
13:42:35.534 DEBUG [main] c.e.mbt.support.SafeUi - clickWhenReady (attempt 1) element={by text: Thêm khóa h?c} url=http://localhost:3000/instructor/dashboard
13:42:35.740 DEBUG [main] c.e.mbt.support.SafeUi - waitUntilVisible element={input[placeholder='Tên khóa h?c']} url=http://localhost:3000/instructor/dashboard
13:42:35.770 DEBUG [main] c.e.mbt.support.SafeUi - waitUntilVisible element={by text: L?u khóa h?c} url=http://localhost:3000/instructor/dashboard
13:42:35.803 DEBUG [main] c.e.mbt.support.SafeUi - waitUntilVisible element={by text: L?u khóa h?c} url=http://localhost:3000/instructor/dashboard
13:42:35.843 INFO  [main] c.e.m.i.InstructorContentImpl - [STEP] e_ArmCreateHoursInvalid | beforeAuth={isLoggedIn=true, currentRole=INSTRUCTOR, hasToken=true, emailExists=true, emailNotExists=true, passwordCorrect=true, passwordStrong=true, emailValid=true, studentMajorOrGoalSet=true, expertiseSet=true, resetToken.len=0, tokenUsed=false, forgotPasswordRateLimited=false, forgotPasswordInfrastructureFailure=false, profileUpdateValid=true}
13:42:36.148 INFO  [main] c.e.m.i.InstructorContentImpl - [STEP] v_CourseCreateForm | beforeAuth={isLoggedIn=true, currentRole=INSTRUCTOR, hasToken=true, emailExists=true, emailNotExists=true, passwordCorrect=true, passwordStrong=true, emailValid=true, studentMajorOrGoalSet=true, expertiseSet=true, resetToken.len=0, tokenUsed=false, forgotPasswordRateLimited=false, forgotPasswordInfrastructureFailure=false, profileUpdateValid=true}
13:42:36.432 DEBUG [main] c.e.mbt.support.ApiClient - [POST http://localhost:8000/api/v1/auth/login] -> 200
13:42:36.449 DEBUG [main] c.e.mbt.support.ApiClient - [GET http://localhost:8000/api/v1/auth/me] -> 200
13:42:36.824 DEBUG [main] c.e.mbt.support.SafeUi - waitUntilVisible element={h1} url=http://localhost:3000/instructor/dashboard
13:42:36.946 DEBUG [main] c.e.mbt.support.SafeUi - clickWhenReady (attempt 1) element={by text: Thêm khóa h?c} url=http://localhost:3000/instructor/dashboard
13:42:37.124 DEBUG [main] c.e.mbt.support.SafeUi - waitUntilVisible element={input[placeholder='Tên khóa h?c']} url=http://localhost:3000/instructor/dashboard
13:42:37.178 DEBUG [main] c.e.mbt.support.SafeUi - waitUntilVisible element={by text: L?u khóa h?c} url=http://localhost:3000/instructor/dashboard
13:42:37.227 DEBUG [main] c.e.mbt.support.SafeUi - waitUntilVisible element={by text: L?u khóa h?c} url=http://localhost:3000/instructor/dashboard
13:42:37.267 INFO  [main] c.e.m.i.InstructorContentImpl - [STEP] e_ArmCreateDescriptionInvalid | beforeAuth={isLoggedIn=true, currentRole=INSTRUCTOR, hasToken=true, emailExists=true, emailNotExists=true, passwordCorrect=true, passwordStrong=true, emailValid=true, studentMajorOrGoalSet=true, expertiseSet=true, resetToken.len=0, tokenUsed=false, forgotPasswordRateLimited=false, forgotPasswordInfrastructureFailure=false, profileUpdateValid=true}
13:42:37.500 INFO  [main] c.e.m.i.InstructorContentImpl - [STEP] v_CourseCreateForm | beforeAuth={isLoggedIn=true, currentRole=INSTRUCTOR, hasToken=true, emailExists=true, emailNotExists=true, passwordCorrect=true, passwordStrong=true, emailValid=true, studentMajorOrGoalSet=true, expertiseSet=true, resetToken.len=0, tokenUsed=false, forgotPasswordRateLimited=false, forgotPasswordInfrastructureFailure=false, profileUpdateValid=true}
13:42:37.650 DEBUG [main] c.e.mbt.support.ApiClient - [POST http://localhost:8000/api/v1/auth/login] -> 200
13:42:37.660 DEBUG [main] c.e.mbt.support.ApiClient - [GET http://localhost:8000/api/v1/auth/me] -> 200
13:42:37.983 DEBUG [main] c.e.mbt.support.SafeUi - waitUntilVisible element={h1} url=http://localhost:3000/instructor/dashboard
13:42:38.110 DEBUG [main] c.e.mbt.support.SafeUi - clickWhenReady (attempt 1) element={by text: Thêm khóa h?c} url=http://localhost:3000/instructor/dashboard
13:42:38.259 DEBUG [main] c.e.mbt.support.SafeUi - waitUntilVisible element={input[placeholder='Tên khóa h?c']} url=http://localhost:3000/instructor/dashboard
13:42:38.285 DEBUG [main] c.e.mbt.support.SafeUi - waitUntilVisible element={by text: L?u khóa h?c} url=http://localhost:3000/instructor/dashboard
13:42:38.324 DEBUG [main] c.e.mbt.support.SafeUi - waitUntilVisible element={by text: L?u khóa h?c} url=http://localhost:3000/instructor/dashboard
13:42:38.359 INFO  [main] c.e.m.i.InstructorContentImpl - [STEP] e_CreateCourseFailDescription | beforeAuth={isLoggedIn=true, currentRole=INSTRUCTOR, hasToken=true, emailExists=true, emailNotExists=true, passwordCorrect=true, passwordStrong=true, emailValid=true, studentMajorOrGoalSet=true, expertiseSet=true, resetToken.len=0, tokenUsed=false, forgotPasswordRateLimited=false, forgotPasswordInfrastructureFailure=false, profileUpdateValid=true}
13:42:40.690 DEBUG [main] c.e.mbt.support.SafeUi - waitUntilVisible element={p.text-red-600} url=http://localhost:3000/instructor/dashboard
13:42:41.013 INFO  [main] c.e.m.i.InstructorContentImpl - [STEP] v_CourseCreateError | beforeAuth={isLoggedIn=true, currentRole=INSTRUCTOR, hasToken=true, emailExists=true, emailNotExists=true, passwordCorrect=true, passwordStrong=true, emailValid=true, studentMajorOrGoalSet=true, expertiseSet=true, resetToken.len=0, tokenUsed=false, forgotPasswordRateLimited=false, forgotPasswordInfrastructureFailure=false, profileUpdateValid=true}
13:42:41.013 DEBUG [main] c.e.mbt.support.SafeUi - waitUntilVisible element={p.text-red-600} url=http://localhost:3000/instructor/dashboard
13:42:41.032 INFO  [main] c.e.m.i.InstructorContentImpl - [STEP] e_FixAndRetry | beforeAuth={isLoggedIn=true, currentRole=INSTRUCTOR, hasToken=true, emailExists=true, emailNotExists=true, passwordCorrect=true, passwordStrong=true, emailValid=true, studentMajorOrGoalSet=true, expertiseSet=true, resetToken.len=0, tokenUsed=false, forgotPasswordRateLimited=false, forgotPasswordInfrastructureFailure=false, profileUpdateValid=true}
13:42:41.032 INFO  [main] c.e.m.i.InstructorContentImpl - [STEP] e_CreateCourse | beforeAuth={isLoggedIn=true, currentRole=INSTRUCTOR, hasToken=true, emailExists=true, emailNotExists=true, passwordCorrect=true, passwordStrong=true, emailValid=true, studentMajorOrGoalSet=true, expertiseSet=true, resetToken.len=0, tokenUsed=false, forgotPasswordRateLimited=false, forgotPasswordInfrastructureFailure=false, profileUpdateValid=true}
13:42:43.709 DEBUG [main] c.e.mbt.support.ApiClient - [GET http://localhost:8000/api/v1/auth/me] -> 200
13:42:43.723 DEBUG [main] c.e.mbt.support.ApiClient - [GET http://localhost:8000/api/v1/courses?status=PUBLISHED] -> 200
13:42:43.724 WARN  [main] c.e.m.i.InstructorContentImpl - e_CreateCourse: could not find new course via API
13:42:44.019 INFO  [main] c.e.m.i.InstructorContentImpl - [STEP] v_CourseCreateForm | beforeAuth={isLoggedIn=true, currentRole=INSTRUCTOR, hasToken=true, emailExists=true, emailNotExists=true, passwordCorrect=true, passwordStrong=true, emailValid=true, studentMajorOrGoalSet=true, expertiseSet=true, resetToken.len=0, tokenUsed=false, forgotPasswordRateLimited=false, forgotPasswordInfrastructureFailure=false, profileUpdateValid=true}
13:42:44.217 DEBUG [main] c.e.mbt.support.ApiClient - [POST http://localhost:8000/api/v1/auth/login] -> 200
13:42:44.226 DEBUG [main] c.e.mbt.support.ApiClient - [GET http://localhost:8000/api/v1/auth/me] -> 200
13:42:44.607 DEBUG [main] c.e.mbt.support.SafeUi - waitUntilVisible element={h1} url=http://localhost:3000/instructor/dashboard
13:42:44.734 DEBUG [main] c.e.mbt.support.SafeUi - clickWhenReady (attempt 1) element={by text: Thêm khóa h?c} url=http://localhost:3000/instructor/dashboard
13:42:44.879 DEBUG [main] c.e.mbt.support.SafeUi - waitUntilVisible element={input[placeholder='Tên khóa h?c']} url=http://localhost:3000/instructor/dashboard
13:42:44.910 DEBUG [main] c.e.mbt.support.SafeUi - waitUntilVisible element={by text: L?u khóa h?c} url=http://localhost:3000/instructor/dashboard
13:42:44.947 DEBUG [main] c.e.mbt.support.SafeUi - waitUntilVisible element={by text: L?u khóa h?c} url=http://localhost:3000/instructor/dashboard
13:42:44.976 INFO  [main] c.e.m.i.InstructorContentImpl - [STEP] e_ArmCreateImageInvalid | beforeAuth={isLoggedIn=true, currentRole=INSTRUCTOR, hasToken=true, emailExists=true, emailNotExists=true, passwordCorrect=true, passwordStrong=true, emailValid=true, studentMajorOrGoalSet=true, expertiseSet=true, resetToken.len=0, tokenUsed=false, forgotPasswordRateLimited=false, forgotPasswordInfrastructureFailure=false, profileUpdateValid=true}
13:42:45.243 INFO  [main] c.e.m.i.InstructorContentImpl - [STEP] v_CourseCreateForm | beforeAuth={isLoggedIn=true, currentRole=INSTRUCTOR, hasToken=true, emailExists=true, emailNotExists=true, passwordCorrect=true, passwordStrong=true, emailValid=true, studentMajorOrGoalSet=true, expertiseSet=true, resetToken.len=0, tokenUsed=false, forgotPasswordRateLimited=false, forgotPasswordInfrastructureFailure=false, profileUpdateValid=true}
13:42:45.393 DEBUG [main] c.e.mbt.support.ApiClient - [POST http://localhost:8000/api/v1/auth/login] -> 200
13:42:45.403 DEBUG [main] c.e.mbt.support.ApiClient - [GET http://localhost:8000/api/v1/auth/me] -> 200
13:42:45.718 DEBUG [main] c.e.mbt.support.SafeUi - waitUntilVisible element={h1} url=http://localhost:3000/instructor/dashboard
13:42:45.838 DEBUG [main] c.e.mbt.support.SafeUi - clickWhenReady (attempt 1) element={by text: Thêm khóa h?c} url=http://localhost:3000/instructor/dashboard
13:42:45.993 DEBUG [main] c.e.mbt.support.SafeUi - waitUntilVisible element={input[placeholder='Tên khóa h?c']} url=http://localhost:3000/instructor/dashboard
13:42:46.024 DEBUG [main] c.e.mbt.support.SafeUi - waitUntilVisible element={by text: L?u khóa h?c} url=http://localhost:3000/instructor/dashboard
13:42:46.060 DEBUG [main] c.e.mbt.support.SafeUi - waitUntilVisible element={by text: L?u khóa h?c} url=http://localhost:3000/instructor/dashboard
13:42:46.089 INFO  [main] c.e.m.i.InstructorContentImpl - [STEP] e_ArmCreateDescriptionInvalid | beforeAuth={isLoggedIn=true, currentRole=INSTRUCTOR, hasToken=true, emailExists=true, emailNotExists=true, passwordCorrect=true, passwordStrong=true, emailValid=true, studentMajorOrGoalSet=true, expertiseSet=true, resetToken.len=0, tokenUsed=false, forgotPasswordRateLimited=false, forgotPasswordInfrastructureFailure=false, profileUpdateValid=true}
13:42:46.292 INFO  [main] c.e.m.i.InstructorContentImpl - [STEP] v_CourseCreateForm | beforeAuth={isLoggedIn=true, currentRole=INSTRUCTOR, hasToken=true, emailExists=true, emailNotExists=true, passwordCorrect=true, passwordStrong=true, emailValid=true, studentMajorOrGoalSet=true, expertiseSet=true, resetToken.len=0, tokenUsed=false, forgotPasswordRateLimited=false, forgotPasswordInfrastructureFailure=false, profileUpdateValid=true}
13:42:46.599 DEBUG [main] c.e.mbt.support.ApiClient - [POST http://localhost:8000/api/v1/auth/login] -> 200
13:42:46.608 DEBUG [main] c.e.mbt.support.ApiClient - [GET http://localhost:8000/api/v1/auth/me] -> 200
13:42:46.965 DEBUG [main] c.e.mbt.support.SafeUi - waitUntilVisible element={h1} url=http://localhost:3000/instructor/dashboard
13:42:47.097 DEBUG [main] c.e.mbt.support.SafeUi - clickWhenReady (attempt 1) element={by text: Thêm khóa h?c} url=http://localhost:3000/instructor/dashboard
13:42:47.298 DEBUG [main] c.e.mbt.support.SafeUi - waitUntilVisible element={input[placeholder='Tên khóa h?c']} url=http://localhost:3000/instructor/dashboard
13:42:47.373 DEBUG [main] c.e.mbt.support.SafeUi - waitUntilVisible element={by text: L?u khóa h?c} url=http://localhost:3000/instructor/dashboard
13:42:47.413 DEBUG [main] c.e.mbt.support.SafeUi - waitUntilVisible element={by text: L?u khóa h?c} url=http://localhost:3000/instructor/dashboard
13:42:47.432 INFO  [main] c.e.m.i.InstructorContentImpl - [STEP] e_RearmCreateCourseFormGuards | beforeAuth={isLoggedIn=true, currentRole=INSTRUCTOR, hasToken=true, emailExists=true, emailNotExists=true, passwordCorrect=true, passwordStrong=true, emailValid=true, studentMajorOrGoalSet=true, expertiseSet=true, resetToken.len=0, tokenUsed=false, forgotPasswordRateLimited=false, forgotPasswordInfrastructureFailure=false, profileUpdateValid=true}
13:42:47.776 INFO  [main] c.e.m.i.InstructorContentImpl - [STEP] v_CourseCreateForm | beforeAuth={isLoggedIn=true, currentRole=INSTRUCTOR, hasToken=true, emailExists=true, emailNotExists=true, passwordCorrect=true, passwordStrong=true, emailValid=true, studentMajorOrGoalSet=true, expertiseSet=true, resetToken.len=0, tokenUsed=false, forgotPasswordRateLimited=false, forgotPasswordInfrastructureFailure=false, profileUpdateValid=true}
13:42:47.937 DEBUG [main] c.e.mbt.support.ApiClient - [POST http://localhost:8000/api/v1/auth/login] -> 200
13:42:47.947 DEBUG [main] c.e.mbt.support.ApiClient - [GET http://localhost:8000/api/v1/auth/me] -> 200
13:42:48.277 DEBUG [main] c.e.mbt.support.SafeUi - waitUntilVisible element={h1} url=http://localhost:3000/instructor/dashboard
13:42:48.433 DEBUG [main] c.e.mbt.support.SafeUi - clickWhenReady (attempt 1) element={by text: Thêm khóa h?c} url=http://localhost:3000/instructor/dashboard
13:42:48.713 DEBUG [main] c.e.mbt.support.SafeUi - waitUntilVisible element={input[placeholder='Tên khóa h?c']} url=http://localhost:3000/instructor/dashboard
13:42:48.758 DEBUG [main] c.e.mbt.support.SafeUi - waitUntilVisible element={by text: L?u khóa h?c} url=http://localhost:3000/instructor/dashboard
13:42:48.820 DEBUG [main] c.e.mbt.support.SafeUi - waitUntilVisible element={by text: L?u khóa h?c} url=http://localhost:3000/instructor/dashboard
13:42:48.872 INFO  [main] c.e.m.i.InstructorContentImpl - [STEP] e_CancelCreate | beforeAuth={isLoggedIn=true, currentRole=INSTRUCTOR, hasToken=true, emailExists=true, emailNotExists=true, passwordCorrect=true, passwordStrong=true, emailValid=true, studentMajorOrGoalSet=true, expertiseSet=true, resetToken.len=0, tokenUsed=false, forgotPasswordRateLimited=false, forgotPasswordInfrastructureFailure=false, profileUpdateValid=true}
13:42:49.359 INFO  [main] c.e.m.i.InstructorContentImpl - [STEP] v_InstructorDashboard | beforeAuth={isLoggedIn=true, currentRole=INSTRUCTOR, hasToken=true, emailExists=true, emailNotExists=true, passwordCorrect=true, passwordStrong=true, emailValid=true, studentMajorOrGoalSet=true, expertiseSet=true, resetToken.len=0, tokenUsed=false, forgotPasswordRateLimited=false, forgotPasswordInfrastructureFailure=false, profileUpdateValid=true}
13:42:49.516 DEBUG [main] c.e.mbt.support.ApiClient - [POST http://localhost:8000/api/v1/auth/login] -> 200
13:42:49.526 DEBUG [main] c.e.mbt.support.ApiClient - [GET http://localhost:8000/api/v1/auth/me] -> 200
13:42:49.766 DEBUG [main] c.e.mbt.support.ApiClient - [GET http://localhost:8000/api/v1/auth/me] -> 200
13:42:49.784 DEBUG [main] c.e.mbt.support.ApiClient - [GET http://localhost:8000/api/v1/courses?status=PUBLISHED] -> 200
13:42:49.799 DEBUG [main] c.e.mbt.support.ApiClient - [GET http://localhost:8000/api/v1/courses?status=DRAFT] -> 200
13:42:49.807 DEBUG [main] c.e.mbt.support.ApiClient - [GET http://localhost:8000/api/v1/courses?status=COMING_SOON] -> 200
13:42:49.816 DEBUG [main] c.e.mbt.support.ApiClient - [GET http://localhost:8000/api/v1/courses?status=ARCHIVED] -> 200
13:42:49.826 DEBUG [main] c.e.mbt.support.ApiClient - [GET http://localhost:8000/api/v1/auth/me] -> 200
13:42:49.835 DEBUG [main] c.e.mbt.support.ApiClient - [GET http://localhost:8000/api/v1/auth/me] -> 200
13:42:49.844 DEBUG [main] c.e.mbt.support.ApiClient - [GET http://localhost:8000/api/v1/auth/me] -> 200
13:42:49.846 DEBUG [main] c.e.m.i.InstructorContentImpl - syncInstructorGuards: ownedDraft=43 ownedPublished=0 foreign=38 ownedCourse=0 section=false
13:42:49.846 INFO  [main] c.e.m.i.InstructorContentImpl - [STEP] e_OpenForeignCourse | beforeAuth={isLoggedIn=true, currentRole=INSTRUCTOR, hasToken=true, emailExists=true, emailNotExists=true, passwordCorrect=true, passwordStrong=true, emailValid=true, studentMajorOrGoalSet=true, expertiseSet=true, resetToken.len=0, tokenUsed=false, forgotPasswordRateLimited=false, forgotPasswordInfrastructureFailure=false, profileUpdateValid=true}
13:42:49.855 DEBUG [main] c.e.mbt.support.ApiClient - [GET http://localhost:8000/api/v1/auth/me] -> 200
13:42:49.999 DEBUG [main] c.e.mbt.support.SafeUi - waitUntilVisible element={h1} url=http://localhost:3000/courses/38
13:42:50.257 DEBUG [main] c.e.mbt.support.SafeUi - waitUntilVisible element={by text: Quay l?i danh sách} url=http://localhost:3000/courses/38
13:42:50.616 INFO  [main] c.e.m.i.InstructorContentImpl - [STEP] v_CourseEditForbiddenNotOwner | beforeAuth={isLoggedIn=true, currentRole=INSTRUCTOR, hasToken=true, emailExists=true, emailNotExists=true, passwordCorrect=true, passwordStrong=true, emailValid=true, studentMajorOrGoalSet=true, expertiseSet=true, resetToken.len=0, tokenUsed=false, forgotPasswordRateLimited=false, forgotPasswordInfrastructureFailure=false, profileUpdateValid=true}
13:42:50.619 INFO  [main] c.e.m.i.InstructorContentImpl - [STEP] e_BackFromForeign | beforeAuth={isLoggedIn=true, currentRole=INSTRUCTOR, hasToken=true, emailExists=true, emailNotExists=true, passwordCorrect=true, passwordStrong=true, emailValid=true, studentMajorOrGoalSet=true, expertiseSet=true, resetToken.len=0, tokenUsed=false, forgotPasswordRateLimited=false, forgotPasswordInfrastructureFailure=false, profileUpdateValid=true}
13:42:51.087 INFO  [main] c.e.m.i.InstructorContentImpl - [STEP] v_InstructorDashboard | beforeAuth={isLoggedIn=true, currentRole=INSTRUCTOR, hasToken=true, emailExists=true, emailNotExists=true, passwordCorrect=true, passwordStrong=true, emailValid=true, studentMajorOrGoalSet=true, expertiseSet=true, resetToken.len=0, tokenUsed=false, forgotPasswordRateLimited=false, forgotPasswordInfrastructureFailure=false, profileUpdateValid=true}
13:42:51.234 DEBUG [main] c.e.mbt.support.ApiClient - [POST http://localhost:8000/api/v1/auth/login] -> 200
13:42:51.243 DEBUG [main] c.e.mbt.support.ApiClient - [GET http://localhost:8000/api/v1/auth/me] -> 200
13:42:51.471 DEBUG [main] c.e.mbt.support.ApiClient - [GET http://localhost:8000/api/v1/auth/me] -> 200
13:42:51.489 DEBUG [main] c.e.mbt.support.ApiClient - [GET http://localhost:8000/api/v1/auth/me] -> 200
13:42:51.503 DEBUG [main] c.e.mbt.support.ApiClient - [GET http://localhost:8000/api/v1/auth/me] -> 200
13:42:51.516 DEBUG [main] c.e.mbt.support.ApiClient - [GET http://localhost:8000/api/v1/auth/me] -> 200
13:42:51.517 DEBUG [main] c.e.m.i.InstructorContentImpl - syncInstructorGuards: ownedDraft=43 ownedPublished=0 foreign=38 ownedCourse=0 section=false
13:42:51.518 INFO  [main] c.e.m.i.InstructorContentImpl - [STEP] e_OpenForeignCourse | beforeAuth={isLoggedIn=true, currentRole=INSTRUCTOR, hasToken=true, emailExists=true, emailNotExists=true, passwordCorrect=true, passwordStrong=true, emailValid=true, studentMajorOrGoalSet=true, expertiseSet=true, resetToken.len=0, tokenUsed=false, forgotPasswordRateLimited=false, forgotPasswordInfrastructureFailure=false, profileUpdateValid=true}
13:42:51.527 DEBUG [main] c.e.mbt.support.ApiClient - [GET http://localhost:8000/api/v1/auth/me] -> 200
13:42:51.663 DEBUG [main] c.e.mbt.support.SafeUi - waitUntilVisible element={h1} url=http://localhost:3000/courses/38
13:42:51.907 DEBUG [main] c.e.mbt.support.SafeUi - waitUntilVisible element={by text: Quay l?i danh sách} url=http://localhost:3000/courses/38
13:42:52.145 INFO  [main] c.e.m.i.InstructorContentImpl - [STEP] v_CourseEditForbiddenNotOwner | beforeAuth={isLoggedIn=true, currentRole=INSTRUCTOR, hasToken=true, emailExists=true, emailNotExists=true, passwordCorrect=true, passwordStrong=true, emailValid=true, studentMajorOrGoalSet=true, expertiseSet=true, resetToken.len=0, tokenUsed=false, forgotPasswordRateLimited=false, forgotPasswordInfrastructureFailure=false, profileUpdateValid=true}
13:42:52.145 INFO  [main] c.e.m.i.InstructorContentImpl - [STEP] e_BackFromForeign | beforeAuth={isLoggedIn=true, currentRole=INSTRUCTOR, hasToken=true, emailExists=true, emailNotExists=true, passwordCorrect=true, passwordStrong=true, emailValid=true, studentMajorOrGoalSet=true, expertiseSet=true, resetToken.len=0, tokenUsed=false, forgotPasswordRateLimited=false, forgotPasswordInfrastructureFailure=false, profileUpdateValid=true}
13:42:52.521 INFO  [main] c.e.m.i.InstructorContentImpl - [STEP] v_InstructorDashboard | beforeAuth={isLoggedIn=true, currentRole=INSTRUCTOR, hasToken=true, emailExists=true, emailNotExists=true, passwordCorrect=true, passwordStrong=true, emailValid=true, studentMajorOrGoalSet=true, expertiseSet=true, resetToken.len=0, tokenUsed=false, forgotPasswordRateLimited=false, forgotPasswordInfrastructureFailure=false, profileUpdateValid=true}
13:42:52.671 DEBUG [main] c.e.mbt.support.ApiClient - [POST http://localhost:8000/api/v1/auth/login] -> 200
13:42:52.680 DEBUG [main] c.e.mbt.support.ApiClient - [GET http://localhost:8000/api/v1/auth/me] -> 200
13:42:52.888 DEBUG [main] c.e.mbt.support.ApiClient - [GET http://localhost:8000/api/v1/auth/me] -> 200
13:42:52.907 DEBUG [main] c.e.mbt.support.ApiClient - [GET http://localhost:8000/api/v1/auth/me] -> 200
13:42:52.924 DEBUG [main] c.e.mbt.support.ApiClient - [GET http://localhost:8000/api/v1/auth/me] -> 200
13:42:52.938 DEBUG [main] c.e.mbt.support.ApiClient - [GET http://localhost:8000/api/v1/auth/me] -> 200
13:42:52.939 DEBUG [main] c.e.m.i.InstructorContentImpl - syncInstructorGuards: ownedDraft=43 ownedPublished=0 foreign=38 ownedCourse=0 section=false
13:42:52.951 INFO  [main] c.e.m.r.AbstractGraphWalkerRunner - GraphWalker finished: errors=no
13:42:52.954 INFO  [main] c.e.m.r.AbstractGraphWalkerRunner - GraphWalker statistics [InstructorContentImpl]: edgeCoverage=31% vertexCoverage=26% edges=13/41(28 unvisited) vertices=4/15(11 unvisited)
13:42:52.956 DEBUG [main] c.e.m.r.AbstractGraphWalkerRunner - GraphWalker statistics JSON:
{
  "totalFailedNumberOfModels": 0,
  "totalNotExecutedNumberOfModels": 0,
  "totalNumberOfUnvisitedVertices": 11,
  "verticesNotVisited": [
    {
      "modelName": "InstructorContentModel",
      "vertexName": "v_CourseCreated",
      "vertexId": "v_CourseCreated"
    },
    {
      "modelName": "InstructorContentModel",
      "vertexName": "v_CourseEditDetail",
      "vertexId": "v_CourseEditDetail"
    },
    {
      "modelName": "InstructorContentModel",
      "vertexName": "v_CourseEditForm",
      "vertexId": "v_CourseEditForm"
    },
    {
      "modelName": "InstructorContentModel",
      "vertexName": "v_CourseEditForbiddenPublished",
      "vertexId": "v_CourseEditForbiddenPublished"
    },
    {
      "modelName": "InstructorContentModel",
      "vertexName": "v_CourseUpdated",
      "vertexId": "v_CourseUpdated"
    },
    {
      "modelName": "InstructorContentModel",
      "vertexName": "v_SectionManagerOpen",
      "vertexId": "v_SectionManagerOpen"
    },
    {
      "modelName": "InstructorContentModel",
      "vertexName": "v_SectionCreated",
      "vertexId": "v_SectionCreated"
    },
    {
      "modelName": "InstructorContentModel",
      "vertexName": "v_SectionCreateError",
      "vertexId": "v_SectionCreateError"
    },
    {
      "modelName": "InstructorContentModel",
      "vertexName": "v_LessonCreated",
      "vertexId": "v_LessonCreated"
    },
    {
      "modelName": "InstructorContentModel",
      "vertexName": "v_LessonCreateError",
      "vertexId": "v_LessonCreateError"
    },
    {
      "modelName": "InstructorContentModel",
      "vertexName": "v_OutlineRefreshed",
      "vertexId": "v_OutlineRefreshed"
    }
  ],
  "totalNumberOfModels": 1,
  "totalCompletedNumberOfModels": 1,
  "totalNumberOfVisitedEdges": 13,
  "totalIncompleteNumberOfModels": 0,
  "edgesNotVisited": [
    {
      "modelName": "InstructorContentModel",
      "edgeId": "e_CreateCourseOk",
      "edgeName": "e_CreateCourse"
    },
    {
      "modelName": "InstructorContentModel",
      "edgeId": "e_CreateCourseFailTitle",
      "edgeName": "e_CreateCourseFailTitle"
    },
    {
      "modelName": "InstructorContentModel",
      "edgeId": "e_CreateCourseFailImage",
      "edgeName": "e_CreateCourseFailImage"
    },
    {
      "modelName": "InstructorContentModel",
      "edgeId": "e_CreateCourseFailCapacity",
      "edgeName": "e_CreateCourseFailCapacity"
    },
    {
      "modelName": "InstructorContentModel",
      "edgeId": "e_ReturnDashboardAfterCreate",
      "edgeName": "e_ReturnDashboard"
    },
    {
      "modelName": "InstructorContentModel",
      "edgeId": "e_OpenCourseForEdit",
      "edgeName": "e_OpenCourseForEdit"
    },
    {
      "modelName": "InstructorContentModel",
      "edgeId": "e_OpenPublishedCourse",
      "edgeName": "e_OpenPublishedCourse"
    },
    {
      "modelName": "InstructorContentModel",
      "edgeId": "e_ClickEditButton",
      "edgeName": "e_ClickEditButton"
    },
    {
      "modelName": "InstructorContentModel",
      "edgeId": "e_SaveEditOk",
      "edgeName": "e_SaveEdit"
    },
    {
      "modelName": "InstructorContentModel",
      "edgeId": "e_CancelEdit",
      "edgeName": "e_CancelEdit"
    },
    {
      "modelName": "InstructorContentModel",
      "edgeId": "e_AfterUpdateReload",
      "edgeName": "e_AfterUpdateReload"
    },
    {
      "modelName": "InstructorContentModel",
      "edgeId": "e_BackFromPublished",
      "edgeName": "e_BackFromPublished"
    },
    {
      "modelName": "InstructorContentModel",
      "edgeId": "e_OpenSectionManager",
      "edgeName": "e_OpenSectionManager"
    },
    {
      "modelName": "InstructorContentModel",
      "edgeId": "e_OpenSectionManagerFromDetail",
      "edgeName": "e_OpenSectionManagerFromDetail"
    },
    {
      "modelName": "InstructorContentModel",
      "edgeId": "e_RearmSectionFormGuards",
      "edgeName": "e_RearmSectionFormGuards"
    },
    {
      "modelName": "InstructorContentModel",
      "edgeId": "e_ArmSectionTitleInvalid",
      "edgeName": "e_ArmSectionTitleInvalid"
    },
    {
      "modelName": "InstructorContentModel",
      "edgeId": "e_RearmLessonFormGuards",
      "edgeName": "e_RearmLessonFormGuards"
    },
    {
      "modelName": "InstructorContentModel",
      "edgeId": "e_ArmLessonTitleInvalid",
      "edgeName": "e_ArmLessonTitleInvalid"
    },
    {
      "modelName": "InstructorContentModel",
      "edgeId": "e_CreateSectionOk",
      "edgeName": "e_CreateSection"
    },
    {
      "modelName": "InstructorContentModel",
      "edgeId": "e_CreateSectionFailTitle",
      "edgeName": "e_CreateSectionFailTitle"
    },
    {
      "modelName": "InstructorContentModel",
      "edgeId": "e_FixAndRetrySection",
      "edgeName": "e_FixAndRetrySection"
    },
    {
      "modelName": "InstructorContentModel",
      "edgeId": "e_CreateLessonOk",
      "edgeName": "e_CreateLesson"
    },
    {
      "modelName": "InstructorContentModel",
      "edgeId": "e_CreateLessonOkFromExisting",
      "edgeName": "e_CreateLesson"
    },
    {
      "modelName": "InstructorContentModel",
      "edgeId": "e_CreateLessonFailTitle",
      "edgeName": "e_CreateLessonFailTitle"
    },
    {
      "modelName": "InstructorContentModel",
      "edgeId": "e_FixAndRetryLesson",
      "edgeName": "e_FixAndRetryLesson"
    },
    {
      "modelName": "InstructorContentModel",
      "edgeId": "e_OutlineRefreshAfterSection",
      "edgeName": "e_OutlineRefresh"
    },
    {
      "modelName": "InstructorContentModel",
      "edgeId": "e_OutlineRefreshAfterLesson",
      "edgeName": "e_OutlineRefresh"
    },
    {
      "modelName": "InstructorContentModel",
      "edgeId": "e_BackToSectionManagerFromOutline",
      "edgeName": "e_BackToSectionManagerFromOutline"
    }
  ],
  "vertexCoverage": 26,
  "totalNumberOfEdges": 41,
  "totalNumberOfVisitedVertices": 4,
  "edgeCoverage": 31,
  "totalNumberOfVertices": 15,
  "totalNumberOfUnvisitedEdges": 28
}
13:42:52.967 INFO  [main] c.e.m.r.AbstractGraphWalkerRunner - GraphWalker statistics file: D:\TESTING\course\mbt-gw\target\graphwalker-reports\InstructorContentImpl-20260423-134252-959.json
]]></system-out>
    <system-err><![CDATA[13:42:13.769 DEBUG [it] c.e.m.support.ApiClient - [POST http://localhost:8000/api/v1/auth/test/create-account-with-role?name=MBT+Admin&email=mbt.admin%40example.com&password=Passw0rd%21&role=ADMIN] -> 409
13:42:13.775 INFO  [it] c.e.m.s.TestDataSeeder - Ensured account: mbt.admin@example.com (ADMIN) -> 
13:42:13.801 DEBUG [it] c.e.m.support.ApiClient - [POST http://localhost:8000/api/v1/auth/test/create-account-with-role?name=MBT+Instructor&email=mbt.instructor%40example.com&password=Passw0rd%21&role=INSTRUCTOR] -> 409
13:42:13.801 INFO  [it] c.e.m.s.TestDataSeeder - Ensured account: mbt.instructor@example.com (INSTRUCTOR) -> 
13:42:13.814 DEBUG [it] c.e.m.support.ApiClient - [POST http://localhost:8000/api/v1/auth/test/create-account-with-role?name=MBT+Student&email=mbt.student%40example.com&password=Passw0rd%21&role=STUDENT] -> 409
13:42:13.815 INFO  [it] c.e.m.s.TestDataSeeder - Ensured account: mbt.student@example.com (STUDENT) -> 
13:42:13.828 DEBUG [it] c.e.m.support.ApiClient - [POST http://localhost:8000/api/v1/auth/test/create-account-with-role?name=MBT+Pending+Student&email=mbt-pending-student%40test.com&password=Passw0rd%21&role=STUDENT] -> 409
13:42:13.828 INFO  [it] c.e.m.s.TestDataSeeder - Ensured account: mbt-pending-student@test.com (STUDENT) -> 
13:42:13.842 DEBUG [it] c.e.m.support.ApiClient - [POST http://localhost:8000/api/v1/auth/test/create-account-with-role?name=MBT+Pending+Student+2&email=mbt-pending-student-2%40test.com&password=Passw0rd%21&role=STUDENT] -> 409
13:42:13.842 INFO  [it] c.e.m.s.TestDataSeeder - Ensured account: mbt-pending-student-2@test.com (STUDENT) -> 
13:42:13.863 DEBUG [it] c.e.m.support.ApiClient - [POST http://localhost:8000/api/v1/auth/login] -> 200
13:42:13.898 DEBUG [it] c.e.m.support.ApiClient - [POST http://localhost:8000/api/v1/admin/seed] -> 200
13:42:13.901 WARN  [it] c.e.m.s.TestDataSeeder - POST /admin/seed: no mbt_pending in data; trying POST /admin/seed/mbt-pending
13:42:13.909 DEBUG [it] c.e.m.support.ApiClient - [POST http://localhost:8000/api/v1/admin/seed/mbt-pending] -> 404
13:42:13.911 WARN  [it] c.e.m.s.TestDataSeeder - POST /admin/seed/mbt-pending: 404 (ch?a deploy). Th? POST /admin/seed/class-full-pending, sau ?ó GET /registrations?status=PENDING
13:42:13.923 DEBUG [it] c.e.m.support.ApiClient - [POST http://localhost:8000/api/v1/admin/seed/class-full-pending] -> 404
13:42:13.925 DEBUG [it] c.e.m.s.TestDataSeeder - class-full-pending response: {"detail":"Not Found"}
13:42:13.970 DEBUG [it] c.e.m.support.ApiClient - [GET http://localhost:8000/api/v1/registrations?status=PENDING] -> 200
13:42:13.971 INFO  [it] c.e.m.s.TestDataSeeder - Seeded demo courses and fixtures
13:42:13.987 INFO  [it] c.e.m.r.AbstractGraphWalkerRunner - Starting GraphWalker run for InstructorContentImpl
13:42:15.040 INFO  [it] c.e.m.r.AbstractGraphWalkerRunner - Model file: D:\TESTING\course\mbt-gw\target\test-classes\com\eduplatform\mbt\models\06_InstructorContentModel.json, generator: random(edge_coverage(100) || length(40))
13:42:17.698 INFO  [it] c.e.m.i.InstructorContentImpl - [STEP] v_InstructorDashboard | beforeAuth={isLoggedIn=false, currentRole=, hasToken=false, emailExists=true, emailNotExists=true, passwordCorrect=true, passwordStrong=true, emailValid=true, studentMajorOrGoalSet=true, expertiseSet=true, resetToken.len=0, tokenUsed=false, forgotPasswordRateLimited=false, forgotPasswordInfrastructureFailure=false, profileUpdateValid=true}
Apr 23, 2026 1:42:19 PM org.openqa.selenium.devtools.CdpVersionFinder findNearestMatch
WARNING: Unable to find CDP implementation matching 147
Apr 23, 2026 1:42:19 PM org.openqa.selenium.chromium.ChromiumDriver lambda$new$5
WARNING: Unable to find version of CDP to use for 147.0.7727.102. You may need to include a dependency on a specific version of the CDP using something similar to `org.seleniumhq.selenium:selenium-devtools-v86:4.24.0` where the version ("v86") matches the version of the chromium-based browser you're using and the version number of the artifact is the same as Selenium's.
13:42:19.915 DEBUG [it] c.e.m.support.ApiClient - [POST http://localhost:8000/api/v1/auth/login] -> 200
13:42:19.930 DEBUG [it] c.e.m.support.ApiClient - [GET http://localhost:8000/api/v1/auth/me] -> 200
13:42:20.501 DEBUG [it] c.e.m.support.ApiClient - [GET http://localhost:8000/api/v1/auth/me] -> 200
13:42:20.518 DEBUG [it] c.e.m.support.ApiClient - [GET http://localhost:8000/api/v1/courses?status=PUBLISHED] -> 200
13:42:20.540 DEBUG [it] c.e.m.support.ApiClient - [GET http://localhost:8000/api/v1/courses?status=DRAFT] -> 200
13:42:20.553 DEBUG [it] c.e.m.support.ApiClient - [GET http://localhost:8000/api/v1/courses?status=COMING_SOON] -> 200
13:42:20.569 DEBUG [it] c.e.m.support.ApiClient - [GET http://localhost:8000/api/v1/courses?status=ARCHIVED] -> 200
13:42:20.578 DEBUG [it] c.e.m.support.ApiClient - [GET http://localhost:8000/api/v1/auth/me] -> 200
13:42:20.589 DEBUG [it] c.e.m.support.ApiClient - [GET http://localhost:8000/api/v1/auth/me] -> 200
13:42:20.600 DEBUG [it] c.e.m.support.ApiClient - [GET http://localhost:8000/api/v1/auth/me] -> 200
13:42:20.607 DEBUG [it] c.e.m.i.InstructorContentImpl - syncInstructorGuards: ownedDraft=41 ownedPublished=0 foreign=38 ownedCourse=0 section=false
13:42:20.609 INFO  [it] c.e.m.i.InstructorContentImpl - [STEP] e_OpenCreateForm | beforeAuth={isLoggedIn=true, currentRole=INSTRUCTOR, hasToken=true, emailExists=true, emailNotExists=true, passwordCorrect=true, passwordStrong=true, emailValid=true, studentMajorOrGoalSet=true, expertiseSet=true, resetToken.len=0, tokenUsed=false, forgotPasswordRateLimited=false, forgotPasswordInfrastructureFailure=false, profileUpdateValid=true}
13:42:20.624 DEBUG [it] c.e.mbt.support.SafeUi - clickWhenReady (attempt 1) element={by text: Thêm khóa h?c} url=http://localhost:3000/instructor/dashboard
13:42:20.811 DEBUG [it] c.e.mbt.support.SafeUi - waitUntilVisible element={input[placeholder='Tên khóa h?c']} url=http://localhost:3000/instructor/dashboard
13:42:20.853 DEBUG [it] c.e.mbt.support.SafeUi - waitUntilVisible element={by text: L?u khóa h?c} url=http://localhost:3000/instructor/dashboard
13:42:21.213 INFO  [it] c.e.m.i.InstructorContentImpl - [STEP] v_CourseCreateForm | beforeAuth={isLoggedIn=true, currentRole=INSTRUCTOR, hasToken=true, emailExists=true, emailNotExists=true, passwordCorrect=true, passwordStrong=true, emailValid=true, studentMajorOrGoalSet=true, expertiseSet=true, resetToken.len=0, tokenUsed=false, forgotPasswordRateLimited=false, forgotPasswordInfrastructureFailure=false, profileUpdateValid=true}
13:42:21.373 DEBUG [it] c.e.m.support.ApiClient - [POST http://localhost:8000/api/v1/auth/login] -> 200
13:42:21.383 DEBUG [it] c.e.m.support.ApiClient - [GET http://localhost:8000/api/v1/auth/me] -> 200
13:42:21.745 DEBUG [it] c.e.mbt.support.SafeUi - waitUntilVisible element={h1} url=http://localhost:3000/instructor/dashboard
13:42:21.884 DEBUG [it] c.e.mbt.support.SafeUi - clickWhenReady (attempt 1) element={by text: Thêm khóa h?c} url=http://localhost:3000/instructor/dashboard
13:42:22.048 DEBUG [it] c.e.mbt.support.SafeUi - waitUntilVisible element={input[placeholder='Tên khóa h?c']} url=http://localhost:3000/instructor/dashboard
13:42:22.080 DEBUG [it] c.e.mbt.support.SafeUi - waitUntilVisible element={by text: L?u khóa h?c} url=http://localhost:3000/instructor/dashboard
13:42:22.116 DEBUG [it] c.e.mbt.support.SafeUi - waitUntilVisible element={by text: L?u khóa h?c} url=http://localhost:3000/instructor/dashboard
13:42:22.147 INFO  [it] c.e.m.i.InstructorContentImpl - [STEP] e_ArmCreateHoursInvalid | beforeAuth={isLoggedIn=true, currentRole=INSTRUCTOR, hasToken=true, emailExists=true, emailNotExists=true, passwordCorrect=true, passwordStrong=true, emailValid=true, studentMajorOrGoalSet=true, expertiseSet=true, resetToken.len=0, tokenUsed=false, forgotPasswordRateLimited=false, forgotPasswordInfrastructureFailure=false, profileUpdateValid=true}
13:42:22.500 INFO  [it] c.e.m.i.InstructorContentImpl - [STEP] v_CourseCreateForm | beforeAuth={isLoggedIn=true, currentRole=INSTRUCTOR, hasToken=true, emailExists=true, emailNotExists=true, passwordCorrect=true, passwordStrong=true, emailValid=true, studentMajorOrGoalSet=true, expertiseSet=true, resetToken.len=0, tokenUsed=false, forgotPasswordRateLimited=false, forgotPasswordInfrastructureFailure=false, profileUpdateValid=true}
13:42:22.648 DEBUG [it] c.e.m.support.ApiClient - [POST http://localhost:8000/api/v1/auth/login] -> 200
13:42:22.658 DEBUG [it] c.e.m.support.ApiClient - [GET http://localhost:8000/api/v1/auth/me] -> 200
13:42:23.022 DEBUG [it] c.e.mbt.support.SafeUi - waitUntilVisible element={h1} url=http://localhost:3000/instructor/dashboard
13:42:23.197 DEBUG [it] c.e.mbt.support.SafeUi - clickWhenReady (attempt 1) element={by text: Thêm khóa h?c} url=http://localhost:3000/instructor/dashboard
13:42:23.378 DEBUG [it] c.e.mbt.support.SafeUi - waitUntilVisible element={input[placeholder='Tên khóa h?c']} url=http://localhost:3000/instructor/dashboard
13:42:23.416 DEBUG [it] c.e.mbt.support.SafeUi - waitUntilVisible element={by text: L?u khóa h?c} url=http://localhost:3000/instructor/dashboard
13:42:23.464 DEBUG [it] c.e.mbt.support.SafeUi - waitUntilVisible element={by text: L?u khóa h?c} url=http://localhost:3000/instructor/dashboard
13:42:23.508 INFO  [it] c.e.m.i.InstructorContentImpl - [STEP] e_ArmCreateImageInvalid | beforeAuth={isLoggedIn=true, currentRole=INSTRUCTOR, hasToken=true, emailExists=true, emailNotExists=true, passwordCorrect=true, passwordStrong=true, emailValid=true, studentMajorOrGoalSet=true, expertiseSet=true, resetToken.len=0, tokenUsed=false, forgotPasswordRateLimited=false, forgotPasswordInfrastructureFailure=false, profileUpdateValid=true}
13:42:23.807 INFO  [it] c.e.m.i.InstructorContentImpl - [STEP] v_CourseCreateForm | beforeAuth={isLoggedIn=true, currentRole=INSTRUCTOR, hasToken=true, emailExists=true, emailNotExists=true, passwordCorrect=true, passwordStrong=true, emailValid=true, studentMajorOrGoalSet=true, expertiseSet=true, resetToken.len=0, tokenUsed=false, forgotPasswordRateLimited=false, forgotPasswordInfrastructureFailure=false, profileUpdateValid=true}
13:42:23.979 DEBUG [it] c.e.m.support.ApiClient - [POST http://localhost:8000/api/v1/auth/login] -> 200
13:42:23.994 DEBUG [it] c.e.m.support.ApiClient - [GET http://localhost:8000/api/v1/auth/me] -> 200
13:42:24.385 DEBUG [it] c.e.mbt.support.SafeUi - waitUntilVisible element={h1} url=http://localhost:3000/instructor/dashboard
13:42:24.527 DEBUG [it] c.e.mbt.support.SafeUi - clickWhenReady (attempt 1) element={by text: Thêm khóa h?c} url=http://localhost:3000/instructor/dashboard
13:42:24.708 DEBUG [it] c.e.mbt.support.SafeUi - waitUntilVisible element={input[placeholder='Tên khóa h?c']} url=http://localhost:3000/instructor/dashboard
13:42:24.761 DEBUG [it] c.e.mbt.support.SafeUi - waitUntilVisible element={by text: L?u khóa h?c} url=http://localhost:3000/instructor/dashboard
13:42:24.813 DEBUG [it] c.e.mbt.support.SafeUi - waitUntilVisible element={by text: L?u khóa h?c} url=http://localhost:3000/instructor/dashboard
13:42:24.849 INFO  [it] c.e.m.i.InstructorContentImpl - [STEP] e_CreateCourseFailHours | beforeAuth={isLoggedIn=true, currentRole=INSTRUCTOR, hasToken=true, emailExists=true, emailNotExists=true, passwordCorrect=true, passwordStrong=true, emailValid=true, studentMajorOrGoalSet=true, expertiseSet=true, resetToken.len=0, tokenUsed=false, forgotPasswordRateLimited=false, forgotPasswordInfrastructureFailure=false, profileUpdateValid=true}
13:42:27.607 DEBUG [it] c.e.mbt.support.SafeUi - waitUntilVisible element={p.text-red-600} url=http://localhost:3000/instructor/dashboard
13:42:27.859 INFO  [it] c.e.m.i.InstructorContentImpl - [STEP] v_CourseCreateError | beforeAuth={isLoggedIn=true, currentRole=INSTRUCTOR, hasToken=true, emailExists=true, emailNotExists=true, passwordCorrect=true, passwordStrong=true, emailValid=true, studentMajorOrGoalSet=true, expertiseSet=true, resetToken.len=0, tokenUsed=false, forgotPasswordRateLimited=false, forgotPasswordInfrastructureFailure=false, profileUpdateValid=true}
13:42:27.869 DEBUG [it] c.e.mbt.support.SafeUi - waitUntilVisible element={p.text-red-600} url=http://localhost:3000/instructor/dashboard
13:42:27.894 INFO  [it] c.e.m.i.InstructorContentImpl - [STEP] e_FixAndRetry | beforeAuth={isLoggedIn=true, currentRole=INSTRUCTOR, hasToken=true, emailExists=true, emailNotExists=true, passwordCorrect=true, passwordStrong=true, emailValid=true, studentMajorOrGoalSet=true, expertiseSet=true, resetToken.len=0, tokenUsed=false, forgotPasswordRateLimited=false, forgotPasswordInfrastructureFailure=false, profileUpdateValid=true}
13:42:27.894 INFO  [it] c.e.m.i.InstructorContentImpl - [STEP] e_CreateCourse | beforeAuth={isLoggedIn=true, currentRole=INSTRUCTOR, hasToken=true, emailExists=true, emailNotExists=true, passwordCorrect=true, passwordStrong=true, emailValid=true, studentMajorOrGoalSet=true, expertiseSet=true, resetToken.len=0, tokenUsed=false, forgotPasswordRateLimited=false, forgotPasswordInfrastructureFailure=false, profileUpdateValid=true}
13:42:31.050 DEBUG [it] c.e.m.support.ApiClient - [GET http://localhost:8000/api/v1/auth/me] -> 200
13:42:31.064 DEBUG [it] c.e.m.support.ApiClient - [GET http://localhost:8000/api/v1/courses?status=PUBLISHED] -> 200
13:42:31.066 WARN  [it] c.e.m.i.InstructorContentImpl - e_CreateCourse: could not find new course via API
13:42:31.316 INFO  [it] c.e.m.i.InstructorContentImpl - [STEP] v_CourseCreateForm | beforeAuth={isLoggedIn=true, currentRole=INSTRUCTOR, hasToken=true, emailExists=true, emailNotExists=true, passwordCorrect=true, passwordStrong=true, emailValid=true, studentMajorOrGoalSet=true, expertiseSet=true, resetToken.len=0, tokenUsed=false, forgotPasswordRateLimited=false, forgotPasswordInfrastructureFailure=false, profileUpdateValid=true}
13:42:31.513 DEBUG [it] c.e.m.support.ApiClient - [POST http://localhost:8000/api/v1/auth/login] -> 200
13:42:31.524 DEBUG [it] c.e.m.support.ApiClient - [GET http://localhost:8000/api/v1/auth/me] -> 200
13:42:31.908 DEBUG [it] c.e.mbt.support.SafeUi - waitUntilVisible element={h1} url=http://localhost:3000/instructor/dashboard
13:42:32.055 DEBUG [it] c.e.mbt.support.SafeUi - clickWhenReady (attempt 1) element={by text: Thêm khóa h?c} url=http://localhost:3000/instructor/dashboard
13:42:32.239 DEBUG [it] c.e.mbt.support.SafeUi - waitUntilVisible element={input[placeholder='Tên khóa h?c']} url=http://localhost:3000/instructor/dashboard
13:42:32.273 DEBUG [it] c.e.mbt.support.SafeUi - waitUntilVisible element={by text: L?u khóa h?c} url=http://localhost:3000/instructor/dashboard
13:42:32.312 DEBUG [it] c.e.mbt.support.SafeUi - waitUntilVisible element={by text: L?u khóa h?c} url=http://localhost:3000/instructor/dashboard
13:42:32.346 INFO  [it] c.e.m.i.InstructorContentImpl - [STEP] e_ArmCreateTitleInvalid | beforeAuth={isLoggedIn=true, currentRole=INSTRUCTOR, hasToken=true, emailExists=true, emailNotExists=true, passwordCorrect=true, passwordStrong=true, emailValid=true, studentMajorOrGoalSet=true, expertiseSet=true, resetToken.len=0, tokenUsed=false, forgotPasswordRateLimited=false, forgotPasswordInfrastructureFailure=false, profileUpdateValid=true}
13:42:32.616 INFO  [it] c.e.m.i.InstructorContentImpl - [STEP] v_CourseCreateForm | beforeAuth={isLoggedIn=true, currentRole=INSTRUCTOR, hasToken=true, emailExists=true, emailNotExists=true, passwordCorrect=true, passwordStrong=true, emailValid=true, studentMajorOrGoalSet=true, expertiseSet=true, resetToken.len=0, tokenUsed=false, forgotPasswordRateLimited=false, forgotPasswordInfrastructureFailure=false, profileUpdateValid=true}
13:42:32.769 DEBUG [it] c.e.m.support.ApiClient - [POST http://localhost:8000/api/v1/auth/login] -> 200
13:42:32.780 DEBUG [it] c.e.m.support.ApiClient - [GET http://localhost:8000/api/v1/auth/me] -> 200
13:42:33.122 DEBUG [it] c.e.mbt.support.SafeUi - waitUntilVisible element={h1} url=http://localhost:3000/instructor/dashboard
13:42:33.254 DEBUG [it] c.e.mbt.support.SafeUi - clickWhenReady (attempt 1) element={by text: Thêm khóa h?c} url=http://localhost:3000/instructor/dashboard
13:42:33.387 DEBUG [it] c.e.mbt.support.SafeUi - waitUntilVisible element={input[placeholder='Tên khóa h?c']} url=http://localhost:3000/instructor/dashboard
13:42:33.431 DEBUG [it] c.e.mbt.support.SafeUi - waitUntilVisible element={by text: L?u khóa h?c} url=http://localhost:3000/instructor/dashboard
13:42:33.455 DEBUG [it] c.e.mbt.support.SafeUi - waitUntilVisible element={by text: L?u khóa h?c} url=http://localhost:3000/instructor/dashboard
13:42:33.491 INFO  [it] c.e.m.i.InstructorContentImpl - [STEP] e_RearmCreateCourseFormGuards | beforeAuth={isLoggedIn=true, currentRole=INSTRUCTOR, hasToken=true, emailExists=true, emailNotExists=true, passwordCorrect=true, passwordStrong=true, emailValid=true, studentMajorOrGoalSet=true, expertiseSet=true, resetToken.len=0, tokenUsed=false, forgotPasswordRateLimited=false, forgotPasswordInfrastructureFailure=false, profileUpdateValid=true}
13:42:33.709 INFO  [it] c.e.m.i.InstructorContentImpl - [STEP] v_CourseCreateForm | beforeAuth={isLoggedIn=true, currentRole=INSTRUCTOR, hasToken=true, emailExists=true, emailNotExists=true, passwordCorrect=true, passwordStrong=true, emailValid=true, studentMajorOrGoalSet=true, expertiseSet=true, resetToken.len=0, tokenUsed=false, forgotPasswordRateLimited=false, forgotPasswordInfrastructureFailure=false, profileUpdateValid=true}
13:42:33.877 DEBUG [it] c.e.m.support.ApiClient - [POST http://localhost:8000/api/v1/auth/login] -> 200
13:42:33.887 DEBUG [it] c.e.m.support.ApiClient - [GET http://localhost:8000/api/v1/auth/me] -> 200
13:42:34.213 DEBUG [it] c.e.mbt.support.SafeUi - waitUntilVisible element={h1} url=http://localhost:3000/instructor/dashboard
13:42:34.351 DEBUG [it] c.e.mbt.support.SafeUi - clickWhenReady (attempt 1) element={by text: Thêm khóa h?c} url=http://localhost:3000/instructor/dashboard
13:42:34.508 DEBUG [it] c.e.mbt.support.SafeUi - waitUntilVisible element={input[placeholder='Tên khóa h?c']} url=http://localhost:3000/instructor/dashboard
13:42:34.549 DEBUG [it] c.e.mbt.support.SafeUi - waitUntilVisible element={by text: L?u khóa h?c} url=http://localhost:3000/instructor/dashboard
13:42:34.580 DEBUG [it] c.e.mbt.support.SafeUi - waitUntilVisible element={by text: L?u khóa h?c} url=http://localhost:3000/instructor/dashboard
13:42:34.613 INFO  [it] c.e.m.i.InstructorContentImpl - [STEP] e_ArmCreateCapacityInvalid | beforeAuth={isLoggedIn=true, currentRole=INSTRUCTOR, hasToken=true, emailExists=true, emailNotExists=true, passwordCorrect=true, passwordStrong=true, emailValid=true, studentMajorOrGoalSet=true, expertiseSet=true, resetToken.len=0, tokenUsed=false, forgotPasswordRateLimited=false, forgotPasswordInfrastructureFailure=false, profileUpdateValid=true}
13:42:34.848 INFO  [it] c.e.m.i.InstructorContentImpl - [STEP] v_CourseCreateForm | beforeAuth={isLoggedIn=true, currentRole=INSTRUCTOR, hasToken=true, emailExists=true, emailNotExists=true, passwordCorrect=true, passwordStrong=true, emailValid=true, studentMajorOrGoalSet=true, expertiseSet=true, resetToken.len=0, tokenUsed=false, forgotPasswordRateLimited=false, forgotPasswordInfrastructureFailure=false, profileUpdateValid=true}
13:42:35.038 DEBUG [it] c.e.m.support.ApiClient - [POST http://localhost:8000/api/v1/auth/login] -> 200
13:42:35.047 DEBUG [it] c.e.m.support.ApiClient - [GET http://localhost:8000/api/v1/auth/me] -> 200
13:42:35.407 DEBUG [it] c.e.mbt.support.SafeUi - waitUntilVisible element={h1} url=http://localhost:3000/instructor/dashboard
13:42:35.534 DEBUG [it] c.e.mbt.support.SafeUi - clickWhenReady (attempt 1) element={by text: Thêm khóa h?c} url=http://localhost:3000/instructor/dashboard
13:42:35.740 DEBUG [it] c.e.mbt.support.SafeUi - waitUntilVisible element={input[placeholder='Tên khóa h?c']} url=http://localhost:3000/instructor/dashboard
13:42:35.770 DEBUG [it] c.e.mbt.support.SafeUi - waitUntilVisible element={by text: L?u khóa h?c} url=http://localhost:3000/instructor/dashboard
13:42:35.803 DEBUG [it] c.e.mbt.support.SafeUi - waitUntilVisible element={by text: L?u khóa h?c} url=http://localhost:3000/instructor/dashboard
13:42:35.843 INFO  [it] c.e.m.i.InstructorContentImpl - [STEP] e_ArmCreateHoursInvalid | beforeAuth={isLoggedIn=true, currentRole=INSTRUCTOR, hasToken=true, emailExists=true, emailNotExists=true, passwordCorrect=true, passwordStrong=true, emailValid=true, studentMajorOrGoalSet=true, expertiseSet=true, resetToken.len=0, tokenUsed=false, forgotPasswordRateLimited=false, forgotPasswordInfrastructureFailure=false, profileUpdateValid=true}
13:42:36.148 INFO  [it] c.e.m.i.InstructorContentImpl - [STEP] v_CourseCreateForm | beforeAuth={isLoggedIn=true, currentRole=INSTRUCTOR, hasToken=true, emailExists=true, emailNotExists=true, passwordCorrect=true, passwordStrong=true, emailValid=true, studentMajorOrGoalSet=true, expertiseSet=true, resetToken.len=0, tokenUsed=false, forgotPasswordRateLimited=false, forgotPasswordInfrastructureFailure=false, profileUpdateValid=true}
13:42:36.432 DEBUG [it] c.e.m.support.ApiClient - [POST http://localhost:8000/api/v1/auth/login] -> 200
13:42:36.449 DEBUG [it] c.e.m.support.ApiClient - [GET http://localhost:8000/api/v1/auth/me] -> 200
13:42:36.824 DEBUG [it] c.e.mbt.support.SafeUi - waitUntilVisible element={h1} url=http://localhost:3000/instructor/dashboard
13:42:36.946 DEBUG [it] c.e.mbt.support.SafeUi - clickWhenReady (attempt 1) element={by text: Thêm khóa h?c} url=http://localhost:3000/instructor/dashboard
13:42:37.124 DEBUG [it] c.e.mbt.support.SafeUi - waitUntilVisible element={input[placeholder='Tên khóa h?c']} url=http://localhost:3000/instructor/dashboard
13:42:37.178 DEBUG [it] c.e.mbt.support.SafeUi - waitUntilVisible element={by text: L?u khóa h?c} url=http://localhost:3000/instructor/dashboard
13:42:37.227 DEBUG [it] c.e.mbt.support.SafeUi - waitUntilVisible element={by text: L?u khóa h?c} url=http://localhost:3000/instructor/dashboard
13:42:37.267 INFO  [it] c.e.m.i.InstructorContentImpl - [STEP] e_ArmCreateDescriptionInvalid | beforeAuth={isLoggedIn=true, currentRole=INSTRUCTOR, hasToken=true, emailExists=true, emailNotExists=true, passwordCorrect=true, passwordStrong=true, emailValid=true, studentMajorOrGoalSet=true, expertiseSet=true, resetToken.len=0, tokenUsed=false, forgotPasswordRateLimited=false, forgotPasswordInfrastructureFailure=false, profileUpdateValid=true}
13:42:37.500 INFO  [it] c.e.m.i.InstructorContentImpl - [STEP] v_CourseCreateForm | beforeAuth={isLoggedIn=true, currentRole=INSTRUCTOR, hasToken=true, emailExists=true, emailNotExists=true, passwordCorrect=true, passwordStrong=true, emailValid=true, studentMajorOrGoalSet=true, expertiseSet=true, resetToken.len=0, tokenUsed=false, forgotPasswordRateLimited=false, forgotPasswordInfrastructureFailure=false, profileUpdateValid=true}
13:42:37.650 DEBUG [it] c.e.m.support.ApiClient - [POST http://localhost:8000/api/v1/auth/login] -> 200
13:42:37.660 DEBUG [it] c.e.m.support.ApiClient - [GET http://localhost:8000/api/v1/auth/me] -> 200
13:42:37.983 DEBUG [it] c.e.mbt.support.SafeUi - waitUntilVisible element={h1} url=http://localhost:3000/instructor/dashboard
13:42:38.110 DEBUG [it] c.e.mbt.support.SafeUi - clickWhenReady (attempt 1) element={by text: Thêm khóa h?c} url=http://localhost:3000/instructor/dashboard
13:42:38.259 DEBUG [it] c.e.mbt.support.SafeUi - waitUntilVisible element={input[placeholder='Tên khóa h?c']} url=http://localhost:3000/instructor/dashboard
13:42:38.285 DEBUG [it] c.e.mbt.support.SafeUi - waitUntilVisible element={by text: L?u khóa h?c} url=http://localhost:3000/instructor/dashboard
13:42:38.324 DEBUG [it] c.e.mbt.support.SafeUi - waitUntilVisible element={by text: L?u khóa h?c} url=http://localhost:3000/instructor/dashboard
13:42:38.359 INFO  [it] c.e.m.i.InstructorContentImpl - [STEP] e_CreateCourseFailDescription | beforeAuth={isLoggedIn=true, currentRole=INSTRUCTOR, hasToken=true, emailExists=true, emailNotExists=true, passwordCorrect=true, passwordStrong=true, emailValid=true, studentMajorOrGoalSet=true, expertiseSet=true, resetToken.len=0, tokenUsed=false, forgotPasswordRateLimited=false, forgotPasswordInfrastructureFailure=false, profileUpdateValid=true}
13:42:40.690 DEBUG [it] c.e.mbt.support.SafeUi - waitUntilVisible element={p.text-red-600} url=http://localhost:3000/instructor/dashboard
13:42:41.013 INFO  [it] c.e.m.i.InstructorContentImpl - [STEP] v_CourseCreateError | beforeAuth={isLoggedIn=true, currentRole=INSTRUCTOR, hasToken=true, emailExists=true, emailNotExists=true, passwordCorrect=true, passwordStrong=true, emailValid=true, studentMajorOrGoalSet=true, expertiseSet=true, resetToken.len=0, tokenUsed=false, forgotPasswordRateLimited=false, forgotPasswordInfrastructureFailure=false, profileUpdateValid=true}
13:42:41.013 DEBUG [it] c.e.mbt.support.SafeUi - waitUntilVisible element={p.text-red-600} url=http://localhost:3000/instructor/dashboard
13:42:41.032 INFO  [it] c.e.m.i.InstructorContentImpl - [STEP] e_FixAndRetry | beforeAuth={isLoggedIn=true, currentRole=INSTRUCTOR, hasToken=true, emailExists=true, emailNotExists=true, passwordCorrect=true, passwordStrong=true, emailValid=true, studentMajorOrGoalSet=true, expertiseSet=true, resetToken.len=0, tokenUsed=false, forgotPasswordRateLimited=false, forgotPasswordInfrastructureFailure=false, profileUpdateValid=true}
13:42:41.032 INFO  [it] c.e.m.i.InstructorContentImpl - [STEP] e_CreateCourse | beforeAuth={isLoggedIn=true, currentRole=INSTRUCTOR, hasToken=true, emailExists=true, emailNotExists=true, passwordCorrect=true, passwordStrong=true, emailValid=true, studentMajorOrGoalSet=true, expertiseSet=true, resetToken.len=0, tokenUsed=false, forgotPasswordRateLimited=false, forgotPasswordInfrastructureFailure=false, profileUpdateValid=true}
13:42:43.709 DEBUG [it] c.e.m.support.ApiClient - [GET http://localhost:8000/api/v1/auth/me] -> 200
13:42:43.723 DEBUG [it] c.e.m.support.ApiClient - [GET http://localhost:8000/api/v1/courses?status=PUBLISHED] -> 200
13:42:43.724 WARN  [it] c.e.m.i.InstructorContentImpl - e_CreateCourse: could not find new course via API
13:42:44.019 INFO  [it] c.e.m.i.InstructorContentImpl - [STEP] v_CourseCreateForm | beforeAuth={isLoggedIn=true, currentRole=INSTRUCTOR, hasToken=true, emailExists=true, emailNotExists=true, passwordCorrect=true, passwordStrong=true, emailValid=true, studentMajorOrGoalSet=true, expertiseSet=true, resetToken.len=0, tokenUsed=false, forgotPasswordRateLimited=false, forgotPasswordInfrastructureFailure=false, profileUpdateValid=true}
13:42:44.217 DEBUG [it] c.e.m.support.ApiClient - [POST http://localhost:8000/api/v1/auth/login] -> 200
13:42:44.226 DEBUG [it] c.e.m.support.ApiClient - [GET http://localhost:8000/api/v1/auth/me] -> 200
13:42:44.607 DEBUG [it] c.e.mbt.support.SafeUi - waitUntilVisible element={h1} url=http://localhost:3000/instructor/dashboard
13:42:44.734 DEBUG [it] c.e.mbt.support.SafeUi - clickWhenReady (attempt 1) element={by text: Thêm khóa h?c} url=http://localhost:3000/instructor/dashboard
13:42:44.879 DEBUG [it] c.e.mbt.support.SafeUi - waitUntilVisible element={input[placeholder='Tên khóa h?c']} url=http://localhost:3000/instructor/dashboard
13:42:44.910 DEBUG [it] c.e.mbt.support.SafeUi - waitUntilVisible element={by text: L?u khóa h?c} url=http://localhost:3000/instructor/dashboard
13:42:44.947 DEBUG [it] c.e.mbt.support.SafeUi - waitUntilVisible element={by text: L?u khóa h?c} url=http://localhost:3000/instructor/dashboard
13:42:44.976 INFO  [it] c.e.m.i.InstructorContentImpl - [STEP] e_ArmCreateImageInvalid | beforeAuth={isLoggedIn=true, currentRole=INSTRUCTOR, hasToken=true, emailExists=true, emailNotExists=true, passwordCorrect=true, passwordStrong=true, emailValid=true, studentMajorOrGoalSet=true, expertiseSet=true, resetToken.len=0, tokenUsed=false, forgotPasswordRateLimited=false, forgotPasswordInfrastructureFailure=false, profileUpdateValid=true}
13:42:45.243 INFO  [it] c.e.m.i.InstructorContentImpl - [STEP] v_CourseCreateForm | beforeAuth={isLoggedIn=true, currentRole=INSTRUCTOR, hasToken=true, emailExists=true, emailNotExists=true, passwordCorrect=true, passwordStrong=true, emailValid=true, studentMajorOrGoalSet=true, expertiseSet=true, resetToken.len=0, tokenUsed=false, forgotPasswordRateLimited=false, forgotPasswordInfrastructureFailure=false, profileUpdateValid=true}
13:42:45.393 DEBUG [it] c.e.m.support.ApiClient - [POST http://localhost:8000/api/v1/auth/login] -> 200
13:42:45.403 DEBUG [it] c.e.m.support.ApiClient - [GET http://localhost:8000/api/v1/auth/me] -> 200
13:42:45.718 DEBUG [it] c.e.mbt.support.SafeUi - waitUntilVisible element={h1} url=http://localhost:3000/instructor/dashboard
13:42:45.838 DEBUG [it] c.e.mbt.support.SafeUi - clickWhenReady (attempt 1) element={by text: Thêm khóa h?c} url=http://localhost:3000/instructor/dashboard
13:42:45.993 DEBUG [it] c.e.mbt.support.SafeUi - waitUntilVisible element={input[placeholder='Tên khóa h?c']} url=http://localhost:3000/instructor/dashboard
13:42:46.024 DEBUG [it] c.e.mbt.support.SafeUi - waitUntilVisible element={by text: L?u khóa h?c} url=http://localhost:3000/instructor/dashboard
13:42:46.060 DEBUG [it] c.e.mbt.support.SafeUi - waitUntilVisible element={by text: L?u khóa h?c} url=http://localhost:3000/instructor/dashboard
13:42:46.089 INFO  [it] c.e.m.i.InstructorContentImpl - [STEP] e_ArmCreateDescriptionInvalid | beforeAuth={isLoggedIn=true, currentRole=INSTRUCTOR, hasToken=true, emailExists=true, emailNotExists=true, passwordCorrect=true, passwordStrong=true, emailValid=true, studentMajorOrGoalSet=true, expertiseSet=true, resetToken.len=0, tokenUsed=false, forgotPasswordRateLimited=false, forgotPasswordInfrastructureFailure=false, profileUpdateValid=true}
13:42:46.292 INFO  [it] c.e.m.i.InstructorContentImpl - [STEP] v_CourseCreateForm | beforeAuth={isLoggedIn=true, currentRole=INSTRUCTOR, hasToken=true, emailExists=true, emailNotExists=true, passwordCorrect=true, passwordStrong=true, emailValid=true, studentMajorOrGoalSet=true, expertiseSet=true, resetToken.len=0, tokenUsed=false, forgotPasswordRateLimited=false, forgotPasswordInfrastructureFailure=false, profileUpdateValid=true}
13:42:46.599 DEBUG [it] c.e.m.support.ApiClient - [POST http://localhost:8000/api/v1/auth/login] -> 200
13:42:46.608 DEBUG [it] c.e.m.support.ApiClient - [GET http://localhost:8000/api/v1/auth/me] -> 200
13:42:46.965 DEBUG [it] c.e.mbt.support.SafeUi - waitUntilVisible element={h1} url=http://localhost:3000/instructor/dashboard
13:42:47.097 DEBUG [it] c.e.mbt.support.SafeUi - clickWhenReady (attempt 1) element={by text: Thêm khóa h?c} url=http://localhost:3000/instructor/dashboard
13:42:47.298 DEBUG [it] c.e.mbt.support.SafeUi - waitUntilVisible element={input[placeholder='Tên khóa h?c']} url=http://localhost:3000/instructor/dashboard
13:42:47.373 DEBUG [it] c.e.mbt.support.SafeUi - waitUntilVisible element={by text: L?u khóa h?c} url=http://localhost:3000/instructor/dashboard
13:42:47.413 DEBUG [it] c.e.mbt.support.SafeUi - waitUntilVisible element={by text: L?u khóa h?c} url=http://localhost:3000/instructor/dashboard
13:42:47.432 INFO  [it] c.e.m.i.InstructorContentImpl - [STEP] e_RearmCreateCourseFormGuards | beforeAuth={isLoggedIn=true, currentRole=INSTRUCTOR, hasToken=true, emailExists=true, emailNotExists=true, passwordCorrect=true, passwordStrong=true, emailValid=true, studentMajorOrGoalSet=true, expertiseSet=true, resetToken.len=0, tokenUsed=false, forgotPasswordRateLimited=false, forgotPasswordInfrastructureFailure=false, profileUpdateValid=true}
13:42:47.776 INFO  [it] c.e.m.i.InstructorContentImpl - [STEP] v_CourseCreateForm | beforeAuth={isLoggedIn=true, currentRole=INSTRUCTOR, hasToken=true, emailExists=true, emailNotExists=true, passwordCorrect=true, passwordStrong=true, emailValid=true, studentMajorOrGoalSet=true, expertiseSet=true, resetToken.len=0, tokenUsed=false, forgotPasswordRateLimited=false, forgotPasswordInfrastructureFailure=false, profileUpdateValid=true}
13:42:47.937 DEBUG [it] c.e.m.support.ApiClient - [POST http://localhost:8000/api/v1/auth/login] -> 200
13:42:47.947 DEBUG [it] c.e.m.support.ApiClient - [GET http://localhost:8000/api/v1/auth/me] -> 200
13:42:48.277 DEBUG [it] c.e.mbt.support.SafeUi - waitUntilVisible element={h1} url=http://localhost:3000/instructor/dashboard
13:42:48.433 DEBUG [it] c.e.mbt.support.SafeUi - clickWhenReady (attempt 1) element={by text: Thêm khóa h?c} url=http://localhost:3000/instructor/dashboard
13:42:48.713 DEBUG [it] c.e.mbt.support.SafeUi - waitUntilVisible element={input[placeholder='Tên khóa h?c']} url=http://localhost:3000/instructor/dashboard
13:42:48.758 DEBUG [it] c.e.mbt.support.SafeUi - waitUntilVisible element={by text: L?u khóa h?c} url=http://localhost:3000/instructor/dashboard
13:42:48.820 DEBUG [it] c.e.mbt.support.SafeUi - waitUntilVisible element={by text: L?u khóa h?c} url=http://localhost:3000/instructor/dashboard
13:42:48.872 INFO  [it] c.e.m.i.InstructorContentImpl - [STEP] e_CancelCreate | beforeAuth={isLoggedIn=true, currentRole=INSTRUCTOR, hasToken=true, emailExists=true, emailNotExists=true, passwordCorrect=true, passwordStrong=true, emailValid=true, studentMajorOrGoalSet=true, expertiseSet=true, resetToken.len=0, tokenUsed=false, forgotPasswordRateLimited=false, forgotPasswordInfrastructureFailure=false, profileUpdateValid=true}
13:42:49.359 INFO  [it] c.e.m.i.InstructorContentImpl - [STEP] v_InstructorDashboard | beforeAuth={isLoggedIn=true, currentRole=INSTRUCTOR, hasToken=true, emailExists=true, emailNotExists=true, passwordCorrect=true, passwordStrong=true, emailValid=true, studentMajorOrGoalSet=true, expertiseSet=true, resetToken.len=0, tokenUsed=false, forgotPasswordRateLimited=false, forgotPasswordInfrastructureFailure=false, profileUpdateValid=true}
13:42:49.516 DEBUG [it] c.e.m.support.ApiClient - [POST http://localhost:8000/api/v1/auth/login] -> 200
13:42:49.526 DEBUG [it] c.e.m.support.ApiClient - [GET http://localhost:8000/api/v1/auth/me] -> 200
13:42:49.766 DEBUG [it] c.e.m.support.ApiClient - [GET http://localhost:8000/api/v1/auth/me] -> 200
13:42:49.784 DEBUG [it] c.e.m.support.ApiClient - [GET http://localhost:8000/api/v1/courses?status=PUBLISHED] -> 200
13:42:49.799 DEBUG [it] c.e.m.support.ApiClient - [GET http://localhost:8000/api/v1/courses?status=DRAFT] -> 200
13:42:49.807 DEBUG [it] c.e.m.support.ApiClient - [GET http://localhost:8000/api/v1/courses?status=COMING_SOON] -> 200
13:42:49.816 DEBUG [it] c.e.m.support.ApiClient - [GET http://localhost:8000/api/v1/courses?status=ARCHIVED] -> 200
13:42:49.826 DEBUG [it] c.e.m.support.ApiClient - [GET http://localhost:8000/api/v1/auth/me] -> 200
13:42:49.835 DEBUG [it] c.e.m.support.ApiClient - [GET http://localhost:8000/api/v1/auth/me] -> 200
13:42:49.844 DEBUG [it] c.e.m.support.ApiClient - [GET http://localhost:8000/api/v1/auth/me] -> 200
13:42:49.846 DEBUG [it] c.e.m.i.InstructorContentImpl - syncInstructorGuards: ownedDraft=43 ownedPublished=0 foreign=38 ownedCourse=0 section=false
13:42:49.846 INFO  [it] c.e.m.i.InstructorContentImpl - [STEP] e_OpenForeignCourse | beforeAuth={isLoggedIn=true, currentRole=INSTRUCTOR, hasToken=true, emailExists=true, emailNotExists=true, passwordCorrect=true, passwordStrong=true, emailValid=true, studentMajorOrGoalSet=true, expertiseSet=true, resetToken.len=0, tokenUsed=false, forgotPasswordRateLimited=false, forgotPasswordInfrastructureFailure=false, profileUpdateValid=true}
13:42:49.855 DEBUG [it] c.e.m.support.ApiClient - [GET http://localhost:8000/api/v1/auth/me] -> 200
13:42:49.999 DEBUG [it] c.e.mbt.support.SafeUi - waitUntilVisible element={h1} url=http://localhost:3000/courses/38
13:42:50.257 DEBUG [it] c.e.mbt.support.SafeUi - waitUntilVisible element={by text: Quay l?i danh sách} url=http://localhost:3000/courses/38
13:42:50.616 INFO  [it] c.e.m.i.InstructorContentImpl - [STEP] v_CourseEditForbiddenNotOwner | beforeAuth={isLoggedIn=true, currentRole=INSTRUCTOR, hasToken=true, emailExists=true, emailNotExists=true, passwordCorrect=true, passwordStrong=true, emailValid=true, studentMajorOrGoalSet=true, expertiseSet=true, resetToken.len=0, tokenUsed=false, forgotPasswordRateLimited=false, forgotPasswordInfrastructureFailure=false, profileUpdateValid=true}
13:42:50.619 INFO  [it] c.e.m.i.InstructorContentImpl - [STEP] e_BackFromForeign | beforeAuth={isLoggedIn=true, currentRole=INSTRUCTOR, hasToken=true, emailExists=true, emailNotExists=true, passwordCorrect=true, passwordStrong=true, emailValid=true, studentMajorOrGoalSet=true, expertiseSet=true, resetToken.len=0, tokenUsed=false, forgotPasswordRateLimited=false, forgotPasswordInfrastructureFailure=false, profileUpdateValid=true}
13:42:51.087 INFO  [it] c.e.m.i.InstructorContentImpl - [STEP] v_InstructorDashboard | beforeAuth={isLoggedIn=true, currentRole=INSTRUCTOR, hasToken=true, emailExists=true, emailNotExists=true, passwordCorrect=true, passwordStrong=true, emailValid=true, studentMajorOrGoalSet=true, expertiseSet=true, resetToken.len=0, tokenUsed=false, forgotPasswordRateLimited=false, forgotPasswordInfrastructureFailure=false, profileUpdateValid=true}
13:42:51.234 DEBUG [it] c.e.m.support.ApiClient - [POST http://localhost:8000/api/v1/auth/login] -> 200
13:42:51.243 DEBUG [it] c.e.m.support.ApiClient - [GET http://localhost:8000/api/v1/auth/me] -> 200
13:42:51.471 DEBUG [it] c.e.m.support.ApiClient - [GET http://localhost:8000/api/v1/auth/me] -> 200
13:42:51.489 DEBUG [it] c.e.m.support.ApiClient - [GET http://localhost:8000/api/v1/auth/me] -> 200
13:42:51.503 DEBUG [it] c.e.m.support.ApiClient - [GET http://localhost:8000/api/v1/auth/me] -> 200
13:42:51.516 DEBUG [it] c.e.m.support.ApiClient - [GET http://localhost:8000/api/v1/auth/me] -> 200
13:42:51.517 DEBUG [it] c.e.m.i.InstructorContentImpl - syncInstructorGuards: ownedDraft=43 ownedPublished=0 foreign=38 ownedCourse=0 section=false
13:42:51.518 INFO  [it] c.e.m.i.InstructorContentImpl - [STEP] e_OpenForeignCourse | beforeAuth={isLoggedIn=true, currentRole=INSTRUCTOR, hasToken=true, emailExists=true, emailNotExists=true, passwordCorrect=true, passwordStrong=true, emailValid=true, studentMajorOrGoalSet=true, expertiseSet=true, resetToken.len=0, tokenUsed=false, forgotPasswordRateLimited=false, forgotPasswordInfrastructureFailure=false, profileUpdateValid=true}
13:42:51.527 DEBUG [it] c.e.m.support.ApiClient - [GET http://localhost:8000/api/v1/auth/me] -> 200
13:42:51.663 DEBUG [it] c.e.mbt.support.SafeUi - waitUntilVisible element={h1} url=http://localhost:3000/courses/38
13:42:51.907 DEBUG [it] c.e.mbt.support.SafeUi - waitUntilVisible element={by text: Quay l?i danh sách} url=http://localhost:3000/courses/38
13:42:52.145 INFO  [it] c.e.m.i.InstructorContentImpl - [STEP] v_CourseEditForbiddenNotOwner | beforeAuth={isLoggedIn=true, currentRole=INSTRUCTOR, hasToken=true, emailExists=true, emailNotExists=true, passwordCorrect=true, passwordStrong=true, emailValid=true, studentMajorOrGoalSet=true, expertiseSet=true, resetToken.len=0, tokenUsed=false, forgotPasswordRateLimited=false, forgotPasswordInfrastructureFailure=false, profileUpdateValid=true}
13:42:52.145 INFO  [it] c.e.m.i.InstructorContentImpl - [STEP] e_BackFromForeign | beforeAuth={isLoggedIn=true, currentRole=INSTRUCTOR, hasToken=true, emailExists=true, emailNotExists=true, passwordCorrect=true, passwordStrong=true, emailValid=true, studentMajorOrGoalSet=true, expertiseSet=true, resetToken.len=0, tokenUsed=false, forgotPasswordRateLimited=false, forgotPasswordInfrastructureFailure=false, profileUpdateValid=true}
13:42:52.521 INFO  [it] c.e.m.i.InstructorContentImpl - [STEP] v_InstructorDashboard | beforeAuth={isLoggedIn=true, currentRole=INSTRUCTOR, hasToken=true, emailExists=true, emailNotExists=true, passwordCorrect=true, passwordStrong=true, emailValid=true, studentMajorOrGoalSet=true, expertiseSet=true, resetToken.len=0, tokenUsed=false, forgotPasswordRateLimited=false, forgotPasswordInfrastructureFailure=false, profileUpdateValid=true}
13:42:52.671 DEBUG [it] c.e.m.support.ApiClient - [POST http://localhost:8000/api/v1/auth/login] -> 200
13:42:52.680 DEBUG [it] c.e.m.support.ApiClient - [GET http://localhost:8000/api/v1/auth/me] -> 200
13:42:52.888 DEBUG [it] c.e.m.support.ApiClient - [GET http://localhost:8000/api/v1/auth/me] -> 200
13:42:52.907 DEBUG [it] c.e.m.support.ApiClient - [GET http://localhost:8000/api/v1/auth/me] -> 200
13:42:52.924 DEBUG [it] c.e.m.support.ApiClient - [GET http://localhost:8000/api/v1/auth/me] -> 200
13:42:52.938 DEBUG [it] c.e.m.support.ApiClient - [GET http://localhost:8000/api/v1/auth/me] -> 200
13:42:52.939 DEBUG [it] c.e.m.i.InstructorContentImpl - syncInstructorGuards: ownedDraft=43 ownedPublished=0 foreign=38 ownedCourse=0 section=false
13:42:52.951 INFO  [it] c.e.m.r.AbstractGraphWalkerRunner - GraphWalker finished: errors=no
13:42:52.954 INFO  [it] c.e.m.r.AbstractGraphWalkerRunner - GraphWalker statistics [InstructorContentImpl]: edgeCoverage=31% vertexCoverage=26% edges=13/41(28 unvisited) vertices=4/15(11 unvisited)
13:42:52.956 DEBUG [it] c.e.m.r.AbstractGraphWalkerRunner - GraphWalker statistics JSON:
{
  "totalFailedNumberOfModels": 0,
  "totalNotExecutedNumberOfModels": 0,
  "totalNumberOfUnvisitedVertices": 11,
  "verticesNotVisited": [
    {
      "modelName": "InstructorContentModel",
      "vertexName": "v_CourseCreated",
      "vertexId": "v_CourseCreated"
    },
    {
      "modelName": "InstructorContentModel",
      "vertexName": "v_CourseEditDetail",
      "vertexId": "v_CourseEditDetail"
    },
    {
      "modelName": "InstructorContentModel",
      "vertexName": "v_CourseEditForm",
      "vertexId": "v_CourseEditForm"
    },
    {
      "modelName": "InstructorContentModel",
      "vertexName": "v_CourseEditForbiddenPublished",
      "vertexId": "v_CourseEditForbiddenPublished"
    },
    {
      "modelName": "InstructorContentModel",
      "vertexName": "v_CourseUpdated",
      "vertexId": "v_CourseUpdated"
    },
    {
      "modelName": "InstructorContentModel",
      "vertexName": "v_SectionManagerOpen",
      "vertexId": "v_SectionManagerOpen"
    },
    {
      "modelName": "InstructorContentModel",
      "vertexName": "v_SectionCreated",
      "vertexId": "v_SectionCreated"
    },
    {
      "modelName": "InstructorContentModel",
      "vertexName": "v_SectionCreateError",
      "vertexId": "v_SectionCreateError"
    },
    {
      "modelName": "InstructorContentModel",
      "vertexName": "v_LessonCreated",
      "vertexId": "v_LessonCreated"
    },
    {
      "modelName": "InstructorContentModel",
      "vertexName": "v_LessonCreateError",
      "vertexId": "v_LessonCreateError"
    },
    {
      "modelName": "InstructorContentModel",
      "vertexName": "v_OutlineRefreshed",
      "vertexId": "v_OutlineRefreshed"
    }
  ],
  "totalNumberOfModels": 1,
  "totalCompletedNumberOfModels": 1,
  "totalNumberOfVisitedEdges": 13,
  "totalIncompleteNumberOfModels": 0,
  "edgesNotVisited": [
    {
      "modelName": "InstructorContentModel",
      "edgeId": "e_CreateCourseOk",
      "edgeName": "e_CreateCourse"
    },
    {
      "modelName": "InstructorContentModel",
      "edgeId": "e_CreateCourseFailTitle",
      "edgeName": "e_CreateCourseFailTitle"
    },
    {
      "modelName": "InstructorContentModel",
      "edgeId": "e_CreateCourseFailImage",
      "edgeName": "e_CreateCourseFailImage"
    },
    {
      "modelName": "InstructorContentModel",
      "edgeId": "e_CreateCourseFailCapacity",
      "edgeName": "e_CreateCourseFailCapacity"
    },
    {
      "modelName": "InstructorContentModel",
      "edgeId": "e_ReturnDashboardAfterCreate",
      "edgeName": "e_ReturnDashboard"
    },
    {
      "modelName": "InstructorContentModel",
      "edgeId": "e_OpenCourseForEdit",
      "edgeName": "e_OpenCourseForEdit"
    },
    {
      "modelName": "InstructorContentModel",
      "edgeId": "e_OpenPublishedCourse",
      "edgeName": "e_OpenPublishedCourse"
    },
    {
      "modelName": "InstructorContentModel",
      "edgeId": "e_ClickEditButton",
      "edgeName": "e_ClickEditButton"
    },
    {
      "modelName": "InstructorContentModel",
      "edgeId": "e_SaveEditOk",
      "edgeName": "e_SaveEdit"
    },
    {
      "modelName": "InstructorContentModel",
      "edgeId": "e_CancelEdit",
      "edgeName": "e_CancelEdit"
    },
    {
      "modelName": "InstructorContentModel",
      "edgeId": "e_AfterUpdateReload",
      "edgeName": "e_AfterUpdateReload"
    },
    {
      "modelName": "InstructorContentModel",
      "edgeId": "e_BackFromPublished",
      "edgeName": "e_BackFromPublished"
    },
    {
      "modelName": "InstructorContentModel",
      "edgeId": "e_OpenSectionManager",
      "edgeName": "e_OpenSectionManager"
    },
    {
      "modelName": "InstructorContentModel",
      "edgeId": "e_OpenSectionManagerFromDetail",
      "edgeName": "e_OpenSectionManagerFromDetail"
    },
    {
      "modelName": "InstructorContentModel",
      "edgeId": "e_RearmSectionFormGuards",
      "edgeName": "e_RearmSectionFormGuards"
    },
    {
      "modelName": "InstructorContentModel",
      "edgeId": "e_ArmSectionTitleInvalid",
      "edgeName": "e_ArmSectionTitleInvalid"
    },
    {
      "modelName": "InstructorContentModel",
      "edgeId": "e_RearmLessonFormGuards",
      "edgeName": "e_RearmLessonFormGuards"
    },
    {
      "modelName": "InstructorContentModel",
      "edgeId": "e_ArmLessonTitleInvalid",
      "edgeName": "e_ArmLessonTitleInvalid"
    },
    {
      "modelName": "InstructorContentModel",
      "edgeId": "e_CreateSectionOk",
      "edgeName": "e_CreateSection"
    },
    {
      "modelName": "InstructorContentModel",
      "edgeId": "e_CreateSectionFailTitle",
      "edgeName": "e_CreateSectionFailTitle"
    },
    {
      "modelName": "InstructorContentModel",
      "edgeId": "e_FixAndRetrySection",
      "edgeName": "e_FixAndRetrySection"
    },
    {
      "modelName": "InstructorContentModel",
      "edgeId": "e_CreateLessonOk",
      "edgeName": "e_CreateLesson"
    },
    {
      "modelName": "InstructorContentModel",
      "edgeId": "e_CreateLessonOkFromExisting",
      "edgeName": "e_CreateLesson"
    },
    {
      "modelName": "InstructorContentModel",
      "edgeId": "e_CreateLessonFailTitle",
      "edgeName": "e_CreateLessonFailTitle"
    },
    {
      "modelName": "InstructorContentModel",
      "edgeId": "e_FixAndRetryLesson",
      "edgeName": "e_FixAndRetryLesson"
    },
    {
      "modelName": "InstructorContentModel",
      "edgeId": "e_OutlineRefreshAfterSection",
      "edgeName": "e_OutlineRefresh"
    },
    {
      "modelName": "InstructorContentModel",
      "edgeId": "e_OutlineRefreshAfterLesson",
      "edgeName": "e_OutlineRefresh"
    },
    {
      "modelName": "InstructorContentModel",
      "edgeId": "e_BackToSectionManagerFromOutline",
      "edgeName": "e_BackToSectionManagerFromOutline"
    }
  ],
  "vertexCoverage": 26,
  "totalNumberOfEdges": 41,
  "totalNumberOfVisitedVertices": 4,
  "edgeCoverage": 31,
  "totalNumberOfVertices": 15,
  "totalNumberOfUnvisitedEdges": 28
}
13:42:52.967 INFO  [it] c.e.m.r.AbstractGraphWalkerRunner - GraphWalker statistics file: D:\TESTING\course\mbt-gw\target\graphwalker-reports\InstructorContentImpl-20260423-134252-959.json
]]></system-err>
  </testcase>
</testsuite>