<?xml version="1.0" encoding="UTF-8"?>
<testsuite xmlns:xsi="http://www.w3.org/2001/XMLSchema-instance" xsi:noNamespaceSchemaLocation="https://maven.apache.org/surefire/maven-failsafe-plugin/xsd/failsafe-test-report-3.0.xsd" version="3.0" name="com.eduplatform.mbt.runners.RegistrationRunner" time="43.218" tests="1" errors="0" skipped="0" failures="0">
  <properties>
[...]
</properties>
  <testcase name="runRegistrationModel" classname="com.eduplatform.mbt.runners.RegistrationRunner" time="41.711">
    <system-out><![CDATA[13:35:11.921 DEBUG [main] c.e.mbt.support.ApiClient - [POST http://localhost:8000/api/v1/auth/test/create-account-with-role?name=MBT+Admin&email=mbt.admin%40example.com&password=Passw0rd%21&role=ADMIN] -> 409
13:35:11.929 INFO  [main] c.e.mbt.support.TestDataSeeder - Ensured account: mbt.admin@example.com (ADMIN) -> 
13:35:11.954 DEBUG [main] c.e.mbt.support.ApiClient - [POST http://localhost:8000/api/v1/auth/test/create-account-with-role?name=MBT+Instructor&email=mbt.instructor%40example.com&password=Passw0rd%21&role=INSTRUCTOR] -> 409
13:35:11.954 INFO  [main] c.e.mbt.support.TestDataSeeder - Ensured account: mbt.instructor@example.com (INSTRUCTOR) -> 
13:35:11.964 DEBUG [main] c.e.mbt.support.ApiClient - [POST http://localhost:8000/api/v1/auth/test/create-account-with-role?name=MBT+Student&email=mbt.student%40example.com&password=Passw0rd%21&role=STUDENT] -> 409
13:35:11.964 INFO  [main] c.e.mbt.support.TestDataSeeder - Ensured account: mbt.student@example.com (STUDENT) -> 
13:35:11.974 DEBUG [main] c.e.mbt.support.ApiClient - [POST http://localhost:8000/api/v1/auth/test/create-account-with-role?name=MBT+Pending+Student&email=mbt-pending-student%40test.com&password=Passw0rd%21&role=STUDENT] -> 409
13:35:11.975 INFO  [main] c.e.mbt.support.TestDataSeeder - Ensured account: mbt-pending-student@test.com (STUDENT) -> 
13:35:11.983 DEBUG [main] c.e.mbt.support.ApiClient - [POST http://localhost:8000/api/v1/auth/test/create-account-with-role?name=MBT+Pending+Student+2&email=mbt-pending-student-2%40test.com&password=Passw0rd%21&role=STUDENT] -> 409
13:35:11.983 INFO  [main] c.e.mbt.support.TestDataSeeder - Ensured account: mbt-pending-student-2@test.com (STUDENT) -> 
13:35:12.007 DEBUG [main] c.e.mbt.support.ApiClient - [POST http://localhost:8000/api/v1/auth/login] -> 200
13:35:12.043 DEBUG [main] c.e.mbt.support.ApiClient - [POST http://localhost:8000/api/v1/admin/seed] -> 200
13:35:12.046 WARN  [main] c.e.mbt.support.TestDataSeeder - POST /admin/seed: no mbt_pending in data; trying POST /admin/seed/mbt-pending
13:35:12.052 DEBUG [main] c.e.mbt.support.ApiClient - [POST http://localhost:8000/api/v1/admin/seed/mbt-pending] -> 404
13:35:12.053 WARN  [main] c.e.mbt.support.TestDataSeeder - POST /admin/seed/mbt-pending: 404 (ch?a deploy). Th? POST /admin/seed/class-full-pending, sau ?ó GET /registrations?status=PENDING
13:35:12.059 DEBUG [main] c.e.mbt.support.ApiClient - [POST http://localhost:8000/api/v1/admin/seed/class-full-pending] -> 404
13:35:12.060 DEBUG [main] c.e.mbt.support.TestDataSeeder - class-full-pending response: {"detail":"Not Found"}
13:35:12.088 DEBUG [main] c.e.mbt.support.ApiClient - [GET http://localhost:8000/api/v1/registrations?status=PENDING] -> 200
13:35:12.090 INFO  [main] c.e.mbt.support.TestDataSeeder - Seeded demo courses and fixtures
13:35:12.100 INFO  [main] c.e.m.r.AbstractGraphWalkerRunner - Starting GraphWalker run for RegistrationImpl
13:35:13.148 INFO  [main] c.e.m.r.AbstractGraphWalkerRunner - Model file: D:\TESTING\course\mbt-gw\target\test-classes\com\eduplatform\mbt\models\03_RegistrationModel.json, generator: random(edge_coverage(100) || length(45))
13:35:15.891 INFO  [main] c.e.mbt.impl.RegistrationImpl - [STEP] v_CourseDetailUnregistered | beforeAuth={isLoggedIn=false, currentRole=, hasToken=false, emailExists=true, emailNotExists=true, passwordCorrect=true, passwordStrong=true, emailValid=true, studentMajorOrGoalSet=true, expertiseSet=true, resetToken.len=0, tokenUsed=false, forgotPasswordRateLimited=false, forgotPasswordInfrastructureFailure=false, profileUpdateValid=true}
13:35:17.756 DEBUG [main] c.e.mbt.support.ApiClient - [POST http://localhost:8000/api/v1/auth/login] -> 200
13:35:17.777 DEBUG [main] c.e.mbt.support.ApiClient - [GET http://localhost:8000/api/v1/auth/me] -> 200
13:35:18.326 DEBUG [main] c.e.mbt.support.ApiClient - [GET http://localhost:8000/api/v1/registrations] -> 200
13:35:18.386 DEBUG [main] c.e.mbt.support.ApiClient - [GET http://localhost:8000/api/v1/courses?status=PUBLISHED] -> 200
13:35:18.618 DEBUG [main] c.e.mbt.support.ApiClient - [GET http://localhost:8000/api/v1/courses/13] -> 200
13:35:18.761 DEBUG [main] c.e.mbt.support.ApiClient - [GET http://localhost:8000/api/v1/courses/11] -> 200
13:35:19.378 INFO  [main] o.g.c.g.SingletonRandomGenerator - Seed: 2035447728000
13:35:19.378 INFO  [main] c.e.mbt.impl.RegistrationImpl - [STEP] e_RegisterCourse | beforeAuth={isLoggedIn=true, currentRole=STUDENT, hasToken=true, emailExists=true, emailNotExists=true, passwordCorrect=true, passwordStrong=true, emailValid=true, studentMajorOrGoalSet=true, expertiseSet=true, resetToken.len=0, tokenUsed=false, forgotPasswordRateLimited=false, forgotPasswordInfrastructureFailure=false, profileUpdateValid=true}
13:35:19.378 DEBUG [main] c.e.mbt.support.SafeUi - waitUntilVisible element={by text: ??ng Ký Ngay} url=http://localhost:3000/courses/11
13:35:19.429 DEBUG [main] c.e.mbt.support.SafeUi - clickWhenReady (attempt 1) element={by text: ??ng Ký Ngay} url=http://localhost:3000/courses/11
13:35:19.675 DEBUG [main] c.e.mbt.support.ApiClient - [GET http://localhost:8000/api/v1/registrations] -> 200
13:35:20.131 DEBUG [main] c.e.mbt.support.ApiClient - [GET http://localhost:8000/api/v1/registrations] -> 200
13:35:20.142 INFO  [main] c.e.mbt.impl.RegistrationImpl - e_RegisterCourse: created reg id=111 status=PENDING
13:35:20.349 INFO  [main] c.e.mbt.impl.RegistrationImpl - [STEP] v_PendingRegistration | beforeAuth={isLoggedIn=true, currentRole=STUDENT, hasToken=true, emailExists=true, emailNotExists=true, passwordCorrect=true, passwordStrong=true, emailValid=true, studentMajorOrGoalSet=true, expertiseSet=true, resetToken.len=0, tokenUsed=false, forgotPasswordRateLimited=false, forgotPasswordInfrastructureFailure=false, profileUpdateValid=true}
13:35:20.475 INFO  [main] c.e.mbt.impl.RegistrationImpl - [STEP] e_OpenAdminRegistrations | beforeAuth={isLoggedIn=true, currentRole=STUDENT, hasToken=true, emailExists=true, emailNotExists=true, passwordCorrect=true, passwordStrong=true, emailValid=true, studentMajorOrGoalSet=true, expertiseSet=true, resetToken.len=0, tokenUsed=false, forgotPasswordRateLimited=false, forgotPasswordInfrastructureFailure=false, profileUpdateValid=true}
13:35:20.652 DEBUG [main] c.e.mbt.support.ApiClient - [POST http://localhost:8000/api/v1/auth/login] -> 200
13:35:20.664 DEBUG [main] c.e.mbt.support.ApiClient - [GET http://localhost:8000/api/v1/auth/me] -> 200
13:35:20.924 DEBUG [main] c.e.mbt.support.SafeUi - waitUntilVisible element=h1.findBy(text "Qu?n Tr? H? Th?ng") url=http://localhost:3000/admin/dashboard
13:35:21.006 DEBUG [main] c.e.mbt.support.SafeUi - waitUntilVisible element={#admin-filter-course-select} url=http://localhost:3000/admin/dashboard
13:35:21.211 DEBUG [main] c.e.mbt.support.SafeUi - waitUntilVisible element={#admin-filter-status-select} url=http://localhost:3000/admin/dashboard
13:35:21.591 INFO  [main] c.e.mbt.impl.RegistrationImpl - [STEP] v_AdminRegistrationList | beforeAuth={isLoggedIn=true, currentRole=ADMIN, hasToken=true, emailExists=true, emailNotExists=true, passwordCorrect=true, passwordStrong=true, emailValid=true, studentMajorOrGoalSet=true, expertiseSet=true, resetToken.len=0, tokenUsed=false, forgotPasswordRateLimited=false, forgotPasswordInfrastructureFailure=false, profileUpdateValid=true}
13:35:21.756 DEBUG [main] c.e.mbt.support.ApiClient - [POST http://localhost:8000/api/v1/auth/login] -> 200
13:35:21.766 DEBUG [main] c.e.mbt.support.ApiClient - [GET http://localhost:8000/api/v1/auth/me] -> 200
13:35:21.980 DEBUG [main] c.e.mbt.support.SafeUi - waitUntilVisible element=h1.findBy(text "Qu?n Tr? H? Th?ng") url=http://localhost:3000/admin/dashboard
13:35:22.200 DEBUG [main] c.e.mbt.support.SafeUi - waitUntilVisible element={#admin-filter-course-select} url=http://localhost:3000/admin/dashboard
13:35:22.228 DEBUG [main] c.e.mbt.support.SafeUi - waitUntilVisible element={#admin-filter-status-select} url=http://localhost:3000/admin/dashboard
13:35:22.300 INFO  [main] c.e.mbt.impl.RegistrationImpl - [STEP] e_AdminApprove | beforeAuth={isLoggedIn=true, currentRole=ADMIN, hasToken=true, emailExists=true, emailNotExists=true, passwordCorrect=true, passwordStrong=true, emailValid=true, studentMajorOrGoalSet=true, expertiseSet=true, resetToken.len=0, tokenUsed=false, forgotPasswordRateLimited=false, forgotPasswordInfrastructureFailure=false, profileUpdateValid=true}
13:35:22.472 DEBUG [main] c.e.mbt.support.ApiClient - [POST http://localhost:8000/api/v1/auth/login] -> 200
13:35:22.483 DEBUG [main] c.e.mbt.support.ApiClient - [GET http://localhost:8000/api/v1/auth/me] -> 200
13:35:22.773 DEBUG [main] c.e.mbt.support.ApiClient - [GET http://localhost:8000/api/v1/registrations] -> 200
13:35:22.802 DEBUG [main] c.e.mbt.support.ApiClient - [GET http://localhost:8000/api/v1/courses/11] -> 200
13:35:22.857 DEBUG [main] c.e.mbt.support.ApiClient - [POST http://localhost:8000/api/v1/registrations/111/approve] -> 200
13:35:22.885 DEBUG [main] c.e.mbt.support.ApiClient - [POST http://localhost:8000/api/v1/auth/login] -> 200
13:35:23.017 DEBUG [main] c.e.mbt.support.ApiClient - [GET http://localhost:8000/api/v1/registrations] -> 200
13:35:23.021 INFO  [main] c.e.mbt.impl.RegistrationImpl - e_AdminApprove: registration 111 ? CONFIRMED
13:35:23.331 INFO  [main] c.e.mbt.impl.RegistrationImpl - [STEP] v_ConfirmedRegistration | beforeAuth={isLoggedIn=true, currentRole=ADMIN, hasToken=true, emailExists=true, emailNotExists=true, passwordCorrect=true, passwordStrong=true, emailValid=true, studentMajorOrGoalSet=true, expertiseSet=true, resetToken.len=0, tokenUsed=false, forgotPasswordRateLimited=false, forgotPasswordInfrastructureFailure=false, profileUpdateValid=true}
13:35:23.475 DEBUG [main] c.e.mbt.support.ApiClient - [POST http://localhost:8000/api/v1/auth/login] -> 200
13:35:23.486 DEBUG [main] c.e.mbt.support.ApiClient - [GET http://localhost:8000/api/v1/auth/me] -> 200
13:35:23.824 WARN  [main] c.e.mbt.impl.RegistrationImpl - v_ConfirmedRegistration: 'Vào H?c' not visible on course 11 — may need admin approval
13:35:23.826 INFO  [main] c.e.mbt.impl.RegistrationImpl - [STEP] e_StudentViewCourseDetail | beforeAuth={isLoggedIn=true, currentRole=STUDENT, hasToken=true, emailExists=true, emailNotExists=true, passwordCorrect=true, passwordStrong=true, emailValid=true, studentMajorOrGoalSet=true, expertiseSet=true, resetToken.len=0, tokenUsed=false, forgotPasswordRateLimited=false, forgotPasswordInfrastructureFailure=false, profileUpdateValid=true}
13:35:24.032 DEBUG [main] c.e.mbt.support.ApiClient - [POST http://localhost:8000/api/v1/auth/login] -> 200
13:35:24.044 DEBUG [main] c.e.mbt.support.ApiClient - [GET http://localhost:8000/api/v1/auth/me] -> 200
13:35:24.615 INFO  [main] c.e.mbt.impl.RegistrationImpl - [STEP] v_CourseDetailUnregistered | beforeAuth={isLoggedIn=true, currentRole=STUDENT, hasToken=true, emailExists=true, emailNotExists=true, passwordCorrect=true, passwordStrong=true, emailValid=true, studentMajorOrGoalSet=true, expertiseSet=true, resetToken.len=0, tokenUsed=false, forgotPasswordRateLimited=false, forgotPasswordInfrastructureFailure=false, profileUpdateValid=true}
13:35:24.781 DEBUG [main] c.e.mbt.support.ApiClient - [POST http://localhost:8000/api/v1/auth/login] -> 200
13:35:24.791 DEBUG [main] c.e.mbt.support.ApiClient - [GET http://localhost:8000/api/v1/auth/me] -> 200
13:35:25.051 DEBUG [main] c.e.mbt.support.ApiClient - [GET http://localhost:8000/api/v1/registrations] -> 200
13:35:25.098 DEBUG [main] c.e.mbt.support.ApiClient - [GET http://localhost:8000/api/v1/courses?status=PUBLISHED] -> 200
13:35:25.170 DEBUG [main] c.e.mbt.support.ApiClient - [GET http://localhost:8000/api/v1/courses/13] -> 200
13:35:25.246 DEBUG [main] c.e.mbt.support.ApiClient - [GET http://localhost:8000/api/v1/courses/12] -> 200
13:35:25.528 WARN  [main] c.e.mbt.impl.RegistrationImpl - v_CourseDetailUnregistered: neither register button nor login guard visible on course 12
13:35:25.530 INFO  [main] c.e.mbt.impl.RegistrationImpl - [STEP] e_RegisterCourse | beforeAuth={isLoggedIn=true, currentRole=STUDENT, hasToken=true, emailExists=true, emailNotExists=true, passwordCorrect=true, passwordStrong=true, emailValid=true, studentMajorOrGoalSet=true, expertiseSet=true, resetToken.len=0, tokenUsed=false, forgotPasswordRateLimited=false, forgotPasswordInfrastructureFailure=false, profileUpdateValid=true}
13:35:25.541 DEBUG [main] c.e.mbt.support.SafeUi - waitUntilVisible element={by text: ??ng Ký Ngay} url=http://localhost:3000/courses/12
13:35:25.800 DEBUG [main] c.e.mbt.support.SafeUi - clickWhenReady (attempt 1) element={by text: ??ng Ký Ngay} url=http://localhost:3000/courses/12
13:35:26.093 DEBUG [main] c.e.mbt.support.ApiClient - [GET http://localhost:8000/api/v1/registrations] -> 200
13:35:26.548 DEBUG [main] c.e.mbt.support.ApiClient - [GET http://localhost:8000/api/v1/registrations] -> 200
13:35:26.559 INFO  [main] c.e.mbt.impl.RegistrationImpl - e_RegisterCourse: created reg id=112 status=PENDING
13:35:26.885 INFO  [main] c.e.mbt.impl.RegistrationImpl - [STEP] v_PendingRegistration | beforeAuth={isLoggedIn=true, currentRole=STUDENT, hasToken=true, emailExists=true, emailNotExists=true, passwordCorrect=true, passwordStrong=true, emailValid=true, studentMajorOrGoalSet=true, expertiseSet=true, resetToken.len=0, tokenUsed=false, forgotPasswordRateLimited=false, forgotPasswordInfrastructureFailure=false, profileUpdateValid=true}
13:35:27.023 INFO  [main] c.e.mbt.impl.RegistrationImpl - [STEP] e_OpenAdminRegistrations | beforeAuth={isLoggedIn=true, currentRole=STUDENT, hasToken=true, emailExists=true, emailNotExists=true, passwordCorrect=true, passwordStrong=true, emailValid=true, studentMajorOrGoalSet=true, expertiseSet=true, resetToken.len=0, tokenUsed=false, forgotPasswordRateLimited=false, forgotPasswordInfrastructureFailure=false, profileUpdateValid=true}
13:35:27.283 DEBUG [main] c.e.mbt.support.ApiClient - [POST http://localhost:8000/api/v1/auth/login] -> 200
13:35:27.297 DEBUG [main] c.e.mbt.support.ApiClient - [GET http://localhost:8000/api/v1/auth/me] -> 200
13:35:27.522 DEBUG [main] c.e.mbt.support.SafeUi - waitUntilVisible element=h1.findBy(text "Qu?n Tr? H? Th?ng") url=http://localhost:3000/admin/dashboard
13:35:27.589 DEBUG [main] c.e.mbt.support.SafeUi - waitUntilVisible element={#admin-filter-course-select} url=http://localhost:3000/admin/dashboard
13:35:27.629 DEBUG [main] c.e.mbt.support.SafeUi - waitUntilVisible element={#admin-filter-status-select} url=http://localhost:3000/admin/dashboard
13:35:28.127 INFO  [main] c.e.mbt.impl.RegistrationImpl - [STEP] v_AdminRegistrationList | beforeAuth={isLoggedIn=true, currentRole=ADMIN, hasToken=true, emailExists=true, emailNotExists=true, passwordCorrect=true, passwordStrong=true, emailValid=true, studentMajorOrGoalSet=true, expertiseSet=true, resetToken.len=0, tokenUsed=false, forgotPasswordRateLimited=false, forgotPasswordInfrastructureFailure=false, profileUpdateValid=true}
13:35:28.320 DEBUG [main] c.e.mbt.support.ApiClient - [POST http://localhost:8000/api/v1/auth/login] -> 200
13:35:28.331 DEBUG [main] c.e.mbt.support.ApiClient - [GET http://localhost:8000/api/v1/auth/me] -> 200
13:35:28.520 DEBUG [main] c.e.mbt.support.SafeUi - waitUntilVisible element=h1.findBy(text "Qu?n Tr? H? Th?ng") url=http://localhost:3000/admin/dashboard
13:35:28.571 DEBUG [main] c.e.mbt.support.SafeUi - waitUntilVisible element={#admin-filter-course-select} url=http://localhost:3000/admin/dashboard
13:35:28.756 DEBUG [main] c.e.mbt.support.SafeUi - waitUntilVisible element={#admin-filter-status-select} url=http://localhost:3000/admin/dashboard
13:35:28.811 INFO  [main] c.e.mbt.impl.RegistrationImpl - [STEP] e_AdminApprove | beforeAuth={isLoggedIn=true, currentRole=ADMIN, hasToken=true, emailExists=true, emailNotExists=true, passwordCorrect=true, passwordStrong=true, emailValid=true, studentMajorOrGoalSet=true, expertiseSet=true, resetToken.len=0, tokenUsed=false, forgotPasswordRateLimited=false, forgotPasswordInfrastructureFailure=false, profileUpdateValid=true}
13:35:28.992 DEBUG [main] c.e.mbt.support.ApiClient - [POST http://localhost:8000/api/v1/auth/login] -> 200
13:35:29.002 DEBUG [main] c.e.mbt.support.ApiClient - [GET http://localhost:8000/api/v1/auth/me] -> 200
13:35:29.290 DEBUG [main] c.e.mbt.support.ApiClient - [GET http://localhost:8000/api/v1/registrations] -> 200
13:35:29.307 DEBUG [main] c.e.mbt.support.ApiClient - [GET http://localhost:8000/api/v1/courses/12] -> 200
13:35:29.351 DEBUG [main] c.e.mbt.support.ApiClient - [POST http://localhost:8000/api/v1/registrations/112/approve] -> 200
13:35:29.369 DEBUG [main] c.e.mbt.support.ApiClient - [POST http://localhost:8000/api/v1/auth/login] -> 200
13:35:29.460 DEBUG [main] c.e.mbt.support.ApiClient - [GET http://localhost:8000/api/v1/registrations] -> 200
13:35:29.462 INFO  [main] c.e.mbt.impl.RegistrationImpl - e_AdminApprove: registration 112 ? CONFIRMED
13:35:29.790 INFO  [main] c.e.mbt.impl.RegistrationImpl - [STEP] v_ConfirmedRegistration | beforeAuth={isLoggedIn=true, currentRole=ADMIN, hasToken=true, emailExists=true, emailNotExists=true, passwordCorrect=true, passwordStrong=true, emailValid=true, studentMajorOrGoalSet=true, expertiseSet=true, resetToken.len=0, tokenUsed=false, forgotPasswordRateLimited=false, forgotPasswordInfrastructureFailure=false, profileUpdateValid=true}
13:35:29.931 DEBUG [main] c.e.mbt.support.ApiClient - [POST http://localhost:8000/api/v1/auth/login] -> 200
13:35:29.940 DEBUG [main] c.e.mbt.support.ApiClient - [GET http://localhost:8000/api/v1/auth/me] -> 200
13:35:30.236 WARN  [main] c.e.mbt.impl.RegistrationImpl - v_ConfirmedRegistration: 'Vào H?c' not visible on course 12 — may need admin approval
13:35:30.237 INFO  [main] c.e.mbt.impl.RegistrationImpl - [STEP] e_StudentViewCourseDetail | beforeAuth={isLoggedIn=true, currentRole=STUDENT, hasToken=true, emailExists=true, emailNotExists=true, passwordCorrect=true, passwordStrong=true, emailValid=true, studentMajorOrGoalSet=true, expertiseSet=true, resetToken.len=0, tokenUsed=false, forgotPasswordRateLimited=false, forgotPasswordInfrastructureFailure=false, profileUpdateValid=true}
13:35:30.417 DEBUG [main] c.e.mbt.support.ApiClient - [POST http://localhost:8000/api/v1/auth/login] -> 200
13:35:30.428 DEBUG [main] c.e.mbt.support.ApiClient - [GET http://localhost:8000/api/v1/auth/me] -> 200
13:35:31.020 INFO  [main] c.e.mbt.impl.RegistrationImpl - [STEP] v_CourseDetailUnregistered | beforeAuth={isLoggedIn=true, currentRole=STUDENT, hasToken=true, emailExists=true, emailNotExists=true, passwordCorrect=true, passwordStrong=true, emailValid=true, studentMajorOrGoalSet=true, expertiseSet=true, resetToken.len=0, tokenUsed=false, forgotPasswordRateLimited=false, forgotPasswordInfrastructureFailure=false, profileUpdateValid=true}
13:35:31.161 DEBUG [main] c.e.mbt.support.ApiClient - [POST http://localhost:8000/api/v1/auth/login] -> 200
13:35:31.170 DEBUG [main] c.e.mbt.support.ApiClient - [GET http://localhost:8000/api/v1/auth/me] -> 200
13:35:31.449 DEBUG [main] c.e.mbt.support.ApiClient - [GET http://localhost:8000/api/v1/registrations] -> 200
13:35:31.534 DEBUG [main] c.e.mbt.support.ApiClient - [GET http://localhost:8000/api/v1/courses?status=PUBLISHED] -> 200
13:35:31.599 DEBUG [main] c.e.mbt.support.ApiClient - [GET http://localhost:8000/api/v1/courses/13] -> 200
13:35:31.671 DEBUG [main] c.e.mbt.support.ApiClient - [GET http://localhost:8000/api/v1/courses/4] -> 200
13:35:31.891 WARN  [main] c.e.mbt.impl.RegistrationImpl - v_CourseDetailUnregistered: neither register button nor login guard visible on course 4
13:35:31.892 INFO  [main] c.e.mbt.impl.RegistrationImpl - [STEP] e_RegisterCourse | beforeAuth={isLoggedIn=true, currentRole=STUDENT, hasToken=true, emailExists=true, emailNotExists=true, passwordCorrect=true, passwordStrong=true, emailValid=true, studentMajorOrGoalSet=true, expertiseSet=true, resetToken.len=0, tokenUsed=false, forgotPasswordRateLimited=false, forgotPasswordInfrastructureFailure=false, profileUpdateValid=true}
13:35:31.900 DEBUG [main] c.e.mbt.support.SafeUi - waitUntilVisible element={by text: ??ng Ký Ngay} url=http://localhost:3000/courses/4
13:35:32.183 DEBUG [main] c.e.mbt.support.SafeUi - clickWhenReady (attempt 1) element={by text: ??ng Ký Ngay} url=http://localhost:3000/courses/4
13:35:32.461 DEBUG [main] c.e.mbt.support.ApiClient - [GET http://localhost:8000/api/v1/registrations] -> 200
13:35:32.932 DEBUG [main] c.e.mbt.support.ApiClient - [GET http://localhost:8000/api/v1/registrations] -> 200
13:35:32.949 INFO  [main] c.e.mbt.impl.RegistrationImpl - e_RegisterCourse: created reg id=113 status=PENDING
13:35:33.234 INFO  [main] c.e.mbt.impl.RegistrationImpl - [STEP] v_PendingRegistration | beforeAuth={isLoggedIn=true, currentRole=STUDENT, hasToken=true, emailExists=true, emailNotExists=true, passwordCorrect=true, passwordStrong=true, emailValid=true, studentMajorOrGoalSet=true, expertiseSet=true, resetToken.len=0, tokenUsed=false, forgotPasswordRateLimited=false, forgotPasswordInfrastructureFailure=false, profileUpdateValid=true}
13:35:33.420 INFO  [main] c.e.mbt.impl.RegistrationImpl - [STEP] e_OpenAdminRegistrations | beforeAuth={isLoggedIn=true, currentRole=STUDENT, hasToken=true, emailExists=true, emailNotExists=true, passwordCorrect=true, passwordStrong=true, emailValid=true, studentMajorOrGoalSet=true, expertiseSet=true, resetToken.len=0, tokenUsed=false, forgotPasswordRateLimited=false, forgotPasswordInfrastructureFailure=false, profileUpdateValid=true}
13:35:33.657 DEBUG [main] c.e.mbt.support.ApiClient - [POST http://localhost:8000/api/v1/auth/login] -> 200
13:35:33.670 DEBUG [main] c.e.mbt.support.ApiClient - [GET http://localhost:8000/api/v1/auth/me] -> 200
13:35:33.963 DEBUG [main] c.e.mbt.support.SafeUi - waitUntilVisible element=h1.findBy(text "Qu?n Tr? H? Th?ng") url=http://localhost:3000/admin/dashboard
13:35:34.040 DEBUG [main] c.e.mbt.support.SafeUi - waitUntilVisible element={#admin-filter-course-select} url=http://localhost:3000/admin/dashboard
13:35:34.307 DEBUG [main] c.e.mbt.support.SafeUi - waitUntilVisible element={#admin-filter-status-select} url=http://localhost:3000/admin/dashboard
13:35:34.692 INFO  [main] c.e.mbt.impl.RegistrationImpl - [STEP] v_AdminRegistrationList | beforeAuth={isLoggedIn=true, currentRole=ADMIN, hasToken=true, emailExists=true, emailNotExists=true, passwordCorrect=true, passwordStrong=true, emailValid=true, studentMajorOrGoalSet=true, expertiseSet=true, resetToken.len=0, tokenUsed=false, forgotPasswordRateLimited=false, forgotPasswordInfrastructureFailure=false, profileUpdateValid=true}
13:35:34.892 DEBUG [main] c.e.mbt.support.ApiClient - [POST http://localhost:8000/api/v1/auth/login] -> 200
13:35:34.903 DEBUG [main] c.e.mbt.support.ApiClient - [GET http://localhost:8000/api/v1/auth/me] -> 200
13:35:35.120 DEBUG [main] c.e.mbt.support.SafeUi - waitUntilVisible element=h1.findBy(text "Qu?n Tr? H? Th?ng") url=http://localhost:3000/admin/dashboard
13:35:35.181 DEBUG [main] c.e.mbt.support.SafeUi - waitUntilVisible element={#admin-filter-course-select} url=http://localhost:3000/admin/dashboard
13:35:35.223 DEBUG [main] c.e.mbt.support.SafeUi - waitUntilVisible element={#admin-filter-status-select} url=http://localhost:3000/admin/dashboard
13:35:35.518 INFO  [main] c.e.mbt.impl.RegistrationImpl - [STEP] e_AdminBulkApprove | beforeAuth={isLoggedIn=true, currentRole=ADMIN, hasToken=true, emailExists=true, emailNotExists=true, passwordCorrect=true, passwordStrong=true, emailValid=true, studentMajorOrGoalSet=true, expertiseSet=true, resetToken.len=0, tokenUsed=false, forgotPasswordRateLimited=false, forgotPasswordInfrastructureFailure=false, profileUpdateValid=true}
13:35:35.747 DEBUG [main] c.e.mbt.support.ApiClient - [POST http://localhost:8000/api/v1/auth/login] -> 200
13:35:35.758 DEBUG [main] c.e.mbt.support.ApiClient - [GET http://localhost:8000/api/v1/auth/me] -> 200
13:35:36.071 DEBUG [main] c.e.mbt.support.SafeUi - waitUntilVisible element=h1.findBy(text "Qu?n Tr? H? Th?ng") url=http://localhost:3000/admin/dashboard
13:35:36.212 DEBUG [main] c.e.mbt.support.SafeUi - waitUntilVisible element={#admin-filter-course-select} url=http://localhost:3000/admin/dashboard
13:35:36.485 DEBUG [main] c.e.mbt.support.SafeUi - waitUntilVisible element={#admin-filter-status-select} url=http://localhost:3000/admin/dashboard
13:35:36.606 DEBUG [main] c.e.mbt.support.ApiClient - [POST http://localhost:8000/api/v1/auth/login] -> 200
13:35:36.630 DEBUG [main] c.e.mbt.support.ApiClient - [GET http://localhost:8000/api/v1/registrations?status=PENDING] -> 200
13:35:36.651 DEBUG [main] c.e.mbt.support.SafeUi - clickWhenReady (attempt 1) element={[data-testid="admin-bulk-approve"]} url=http://localhost:3000/admin/dashboard
13:35:37.026 DEBUG [main] c.e.mbt.support.ApiClient - [POST http://localhost:8000/api/v1/auth/login] -> 200
13:35:37.050 DEBUG [main] c.e.mbt.support.ApiClient - [GET http://localhost:8000/api/v1/registrations?status=PENDING] -> 200
13:35:37.051 INFO  [main] c.e.mbt.impl.RegistrationImpl - e_AdminBulkApprove: before=2 after=0
13:35:37.091 DEBUG [main] c.e.mbt.support.ApiClient - [POST http://localhost:8000/api/v1/auth/login] -> 200
13:35:37.115 DEBUG [main] c.e.mbt.support.ApiClient - [GET http://localhost:8000/api/v1/registrations?status=PENDING] -> 200
13:35:37.340 INFO  [main] c.e.mbt.impl.RegistrationImpl - [STEP] v_BulkApproveResult | beforeAuth={isLoggedIn=true, currentRole=ADMIN, hasToken=true, emailExists=true, emailNotExists=true, passwordCorrect=true, passwordStrong=true, emailValid=true, studentMajorOrGoalSet=true, expertiseSet=true, resetToken.len=0, tokenUsed=false, forgotPasswordRateLimited=false, forgotPasswordInfrastructureFailure=false, profileUpdateValid=true}
13:35:37.403 DEBUG [main] c.e.mbt.support.SafeUi - waitUntilVisible element={body} url=http://localhost:3000/admin/dashboard
13:35:37.437 INFO  [main] c.e.mbt.impl.RegistrationImpl - [STEP] e_BackToList | beforeAuth={isLoggedIn=true, currentRole=ADMIN, hasToken=true, emailExists=true, emailNotExists=true, passwordCorrect=true, passwordStrong=true, emailValid=true, studentMajorOrGoalSet=true, expertiseSet=true, resetToken.len=0, tokenUsed=false, forgotPasswordRateLimited=false, forgotPasswordInfrastructureFailure=false, profileUpdateValid=true}
13:35:37.644 DEBUG [main] c.e.mbt.support.ApiClient - [POST http://localhost:8000/api/v1/auth/login] -> 200
13:35:37.653 DEBUG [main] c.e.mbt.support.ApiClient - [GET http://localhost:8000/api/v1/auth/me] -> 200
13:35:37.827 DEBUG [main] c.e.mbt.support.SafeUi - waitUntilVisible element=h1.findBy(text "Qu?n Tr? H? Th?ng") url=http://localhost:3000/admin/dashboard
13:35:37.893 DEBUG [main] c.e.mbt.support.SafeUi - waitUntilVisible element={#admin-filter-course-select} url=http://localhost:3000/admin/dashboard
13:35:38.156 DEBUG [main] c.e.mbt.support.SafeUi - waitUntilVisible element={#admin-filter-status-select} url=http://localhost:3000/admin/dashboard
13:35:38.472 INFO  [main] c.e.mbt.impl.RegistrationImpl - [STEP] v_AdminRegistrationList | beforeAuth={isLoggedIn=true, currentRole=ADMIN, hasToken=true, emailExists=true, emailNotExists=true, passwordCorrect=true, passwordStrong=true, emailValid=true, studentMajorOrGoalSet=true, expertiseSet=true, resetToken.len=0, tokenUsed=false, forgotPasswordRateLimited=false, forgotPasswordInfrastructureFailure=false, profileUpdateValid=true}
13:35:38.625 DEBUG [main] c.e.mbt.support.ApiClient - [POST http://localhost:8000/api/v1/auth/login] -> 200
13:35:38.635 DEBUG [main] c.e.mbt.support.ApiClient - [GET http://localhost:8000/api/v1/auth/me] -> 200
13:35:38.808 DEBUG [main] c.e.mbt.support.SafeUi - waitUntilVisible element=h1.findBy(text "Qu?n Tr? H? Th?ng") url=http://localhost:3000/admin/dashboard
13:35:38.865 DEBUG [main] c.e.mbt.support.SafeUi - waitUntilVisible element={#admin-filter-course-select} url=http://localhost:3000/admin/dashboard
13:35:38.898 DEBUG [main] c.e.mbt.support.SafeUi - waitUntilVisible element={#admin-filter-status-select} url=http://localhost:3000/admin/dashboard
13:35:39.101 INFO  [main] c.e.mbt.impl.RegistrationImpl - [STEP] e_AdminApproveSkipped | beforeAuth={isLoggedIn=true, currentRole=ADMIN, hasToken=true, emailExists=true, emailNotExists=true, passwordCorrect=true, passwordStrong=true, emailValid=true, studentMajorOrGoalSet=true, expertiseSet=true, resetToken.len=0, tokenUsed=false, forgotPasswordRateLimited=false, forgotPasswordInfrastructureFailure=false, profileUpdateValid=true}
13:35:39.259 DEBUG [main] c.e.mbt.support.ApiClient - [POST http://localhost:8000/api/v1/auth/login] -> 200
13:35:39.270 DEBUG [main] c.e.mbt.support.ApiClient - [GET http://localhost:8000/api/v1/auth/me] -> 200
13:35:39.480 DEBUG [main] c.e.mbt.support.SafeUi - waitUntilVisible element=h1.findBy(text "Qu?n Tr? H? Th?ng") url=http://localhost:3000/admin/dashboard
13:35:39.530 DEBUG [main] c.e.mbt.support.SafeUi - waitUntilVisible element={#admin-filter-course-select} url=http://localhost:3000/admin/dashboard
13:35:39.680 DEBUG [main] c.e.mbt.support.SafeUi - waitUntilVisible element={#admin-filter-status-select} url=http://localhost:3000/admin/dashboard
13:35:39.999 INFO  [main] c.e.mbt.impl.RegistrationImpl - [STEP] v_AdminRegistrationList | beforeAuth={isLoggedIn=true, currentRole=ADMIN, hasToken=true, emailExists=true, emailNotExists=true, passwordCorrect=true, passwordStrong=true, emailValid=true, studentMajorOrGoalSet=true, expertiseSet=true, resetToken.len=0, tokenUsed=false, forgotPasswordRateLimited=false, forgotPasswordInfrastructureFailure=false, profileUpdateValid=true}
13:35:40.138 DEBUG [main] c.e.mbt.support.ApiClient - [POST http://localhost:8000/api/v1/auth/login] -> 200
13:35:40.147 DEBUG [main] c.e.mbt.support.ApiClient - [GET http://localhost:8000/api/v1/auth/me] -> 200
13:35:40.321 DEBUG [main] c.e.mbt.support.SafeUi - waitUntilVisible element=h1.findBy(text "Qu?n Tr? H? Th?ng") url=http://localhost:3000/admin/dashboard
13:35:40.377 DEBUG [main] c.e.mbt.support.SafeUi - waitUntilVisible element={#admin-filter-course-select} url=http://localhost:3000/admin/dashboard
13:35:40.579 DEBUG [main] c.e.mbt.support.SafeUi - waitUntilVisible element={#admin-filter-status-select} url=http://localhost:3000/admin/dashboard
13:35:40.625 INFO  [main] c.e.mbt.impl.RegistrationImpl - [STEP] e_AdminBulkApprove | beforeAuth={isLoggedIn=true, currentRole=ADMIN, hasToken=true, emailExists=true, emailNotExists=true, passwordCorrect=true, passwordStrong=true, emailValid=true, studentMajorOrGoalSet=true, expertiseSet=true, resetToken.len=0, tokenUsed=false, forgotPasswordRateLimited=false, forgotPasswordInfrastructureFailure=false, profileUpdateValid=true}
13:35:40.806 DEBUG [main] c.e.mbt.support.ApiClient - [POST http://localhost:8000/api/v1/auth/login] -> 200
13:35:40.816 DEBUG [main] c.e.mbt.support.ApiClient - [GET http://localhost:8000/api/v1/auth/me] -> 200
13:35:41.039 DEBUG [main] c.e.mbt.support.SafeUi - waitUntilVisible element=h1.findBy(text "Qu?n Tr? H? Th?ng") url=http://localhost:3000/admin/dashboard
13:35:41.095 DEBUG [main] c.e.mbt.support.SafeUi - waitUntilVisible element={#admin-filter-course-select} url=http://localhost:3000/admin/dashboard
13:35:41.270 DEBUG [main] c.e.mbt.support.SafeUi - waitUntilVisible element={#admin-filter-status-select} url=http://localhost:3000/admin/dashboard
13:35:41.330 DEBUG [main] c.e.mbt.support.ApiClient - [POST http://localhost:8000/api/v1/auth/login] -> 200
13:35:41.343 DEBUG [main] c.e.mbt.support.ApiClient - [GET http://localhost:8000/api/v1/registrations?status=PENDING] -> 200
13:35:41.362 WARN  [main] c.e.mbt.impl.RegistrationImpl - e_AdminBulkApprove: bulk approve button is disabled (no PENDING?)
13:35:41.623 INFO  [main] c.e.mbt.impl.RegistrationImpl - [STEP] v_BulkApproveResult | beforeAuth={isLoggedIn=true, currentRole=ADMIN, hasToken=true, emailExists=true, emailNotExists=true, passwordCorrect=true, passwordStrong=true, emailValid=true, studentMajorOrGoalSet=true, expertiseSet=true, resetToken.len=0, tokenUsed=false, forgotPasswordRateLimited=false, forgotPasswordInfrastructureFailure=false, profileUpdateValid=true}
13:35:41.630 DEBUG [main] c.e.mbt.support.SafeUi - waitUntilVisible element={body} url=http://localhost:3000/admin/dashboard
13:35:41.649 INFO  [main] c.e.mbt.impl.RegistrationImpl - [STEP] e_BackToList | beforeAuth={isLoggedIn=true, currentRole=ADMIN, hasToken=true, emailExists=true, emailNotExists=true, passwordCorrect=true, passwordStrong=true, emailValid=true, studentMajorOrGoalSet=true, expertiseSet=true, resetToken.len=0, tokenUsed=false, forgotPasswordRateLimited=false, forgotPasswordInfrastructureFailure=false, profileUpdateValid=true}
13:35:41.801 DEBUG [main] c.e.mbt.support.ApiClient - [POST http://localhost:8000/api/v1/auth/login] -> 200
13:35:41.811 DEBUG [main] c.e.mbt.support.ApiClient - [GET http://localhost:8000/api/v1/auth/me] -> 200
13:35:41.985 DEBUG [main] c.e.mbt.support.SafeUi - waitUntilVisible element=h1.findBy(text "Qu?n Tr? H? Th?ng") url=http://localhost:3000/admin/dashboard
13:35:42.047 DEBUG [main] c.e.mbt.support.SafeUi - waitUntilVisible element={#admin-filter-course-select} url=http://localhost:3000/admin/dashboard
13:35:42.075 DEBUG [main] c.e.mbt.support.SafeUi - waitUntilVisible element={#admin-filter-status-select} url=http://localhost:3000/admin/dashboard
13:35:42.553 INFO  [main] c.e.mbt.impl.RegistrationImpl - [STEP] v_AdminRegistrationList | beforeAuth={isLoggedIn=true, currentRole=ADMIN, hasToken=true, emailExists=true, emailNotExists=true, passwordCorrect=true, passwordStrong=true, emailValid=true, studentMajorOrGoalSet=true, expertiseSet=true, resetToken.len=0, tokenUsed=false, forgotPasswordRateLimited=false, forgotPasswordInfrastructureFailure=false, profileUpdateValid=true}
13:35:42.704 DEBUG [main] c.e.mbt.support.ApiClient - [POST http://localhost:8000/api/v1/auth/login] -> 200
13:35:42.714 DEBUG [main] c.e.mbt.support.ApiClient - [GET http://localhost:8000/api/v1/auth/me] -> 200
13:35:42.915 DEBUG [main] c.e.mbt.support.SafeUi - waitUntilVisible element=h1.findBy(text "Qu?n Tr? H? Th?ng") url=http://localhost:3000/admin/dashboard
13:35:42.994 DEBUG [main] c.e.mbt.support.SafeUi - waitUntilVisible element={#admin-filter-course-select} url=http://localhost:3000/admin/dashboard
13:35:43.214 DEBUG [main] c.e.mbt.support.SafeUi - waitUntilVisible element={#admin-filter-status-select} url=http://localhost:3000/admin/dashboard
13:35:43.265 INFO  [main] c.e.mbt.impl.RegistrationImpl - [STEP] e_AdminBulkApprove | beforeAuth={isLoggedIn=true, currentRole=ADMIN, hasToken=true, emailExists=true, emailNotExists=true, passwordCorrect=true, passwordStrong=true, emailValid=true, studentMajorOrGoalSet=true, expertiseSet=true, resetToken.len=0, tokenUsed=false, forgotPasswordRateLimited=false, forgotPasswordInfrastructureFailure=false, profileUpdateValid=true}
13:35:43.431 DEBUG [main] c.e.mbt.support.ApiClient - [POST http://localhost:8000/api/v1/auth/login] -> 200
13:35:43.441 DEBUG [main] c.e.mbt.support.ApiClient - [GET http://localhost:8000/api/v1/auth/me] -> 200
13:35:43.627 DEBUG [main] c.e.mbt.support.SafeUi - waitUntilVisible element=h1.findBy(text "Qu?n Tr? H? Th?ng") url=http://localhost:3000/admin/dashboard
13:35:43.678 DEBUG [main] c.e.mbt.support.SafeUi - waitUntilVisible element={#admin-filter-course-select} url=http://localhost:3000/admin/dashboard
13:35:43.853 DEBUG [main] c.e.mbt.support.SafeUi - waitUntilVisible element={#admin-filter-status-select} url=http://localhost:3000/admin/dashboard
13:35:43.909 DEBUG [main] c.e.mbt.support.ApiClient - [POST http://localhost:8000/api/v1/auth/login] -> 200
13:35:43.921 DEBUG [main] c.e.mbt.support.ApiClient - [GET http://localhost:8000/api/v1/registrations?status=PENDING] -> 200
13:35:43.941 WARN  [main] c.e.mbt.impl.RegistrationImpl - e_AdminBulkApprove: bulk approve button is disabled (no PENDING?)
13:35:44.184 INFO  [main] c.e.mbt.impl.RegistrationImpl - [STEP] v_BulkApproveResult | beforeAuth={isLoggedIn=true, currentRole=ADMIN, hasToken=true, emailExists=true, emailNotExists=true, passwordCorrect=true, passwordStrong=true, emailValid=true, studentMajorOrGoalSet=true, expertiseSet=true, resetToken.len=0, tokenUsed=false, forgotPasswordRateLimited=false, forgotPasswordInfrastructureFailure=false, profileUpdateValid=true}
13:35:44.184 DEBUG [main] c.e.mbt.support.SafeUi - waitUntilVisible element={body} url=http://localhost:3000/admin/dashboard
13:35:44.216 INFO  [main] c.e.mbt.impl.RegistrationImpl - [STEP] e_BackToList | beforeAuth={isLoggedIn=true, currentRole=ADMIN, hasToken=true, emailExists=true, emailNotExists=true, passwordCorrect=true, passwordStrong=true, emailValid=true, studentMajorOrGoalSet=true, expertiseSet=true, resetToken.len=0, tokenUsed=false, forgotPasswordRateLimited=false, forgotPasswordInfrastructureFailure=false, profileUpdateValid=true}
13:35:44.356 DEBUG [main] c.e.mbt.support.ApiClient - [POST http://localhost:8000/api/v1/auth/login] -> 200
13:35:44.366 DEBUG [main] c.e.mbt.support.ApiClient - [GET http://localhost:8000/api/v1/auth/me] -> 200
13:35:44.560 DEBUG [main] c.e.mbt.support.SafeUi - waitUntilVisible element=h1.findBy(text "Qu?n Tr? H? Th?ng") url=http://localhost:3000/admin/dashboard
13:35:44.611 DEBUG [main] c.e.mbt.support.SafeUi - waitUntilVisible element={#admin-filter-course-select} url=http://localhost:3000/admin/dashboard
13:35:44.779 DEBUG [main] c.e.mbt.support.SafeUi - waitUntilVisible element={#admin-filter-status-select} url=http://localhost:3000/admin/dashboard
13:35:45.115 INFO  [main] c.e.mbt.impl.RegistrationImpl - [STEP] v_AdminRegistrationList | beforeAuth={isLoggedIn=true, currentRole=ADMIN, hasToken=true, emailExists=true, emailNotExists=true, passwordCorrect=true, passwordStrong=true, emailValid=true, studentMajorOrGoalSet=true, expertiseSet=true, resetToken.len=0, tokenUsed=false, forgotPasswordRateLimited=false, forgotPasswordInfrastructureFailure=false, profileUpdateValid=true}
13:35:45.252 DEBUG [main] c.e.mbt.support.ApiClient - [POST http://localhost:8000/api/v1/auth/login] -> 200
13:35:45.261 DEBUG [main] c.e.mbt.support.ApiClient - [GET http://localhost:8000/api/v1/auth/me] -> 200
13:35:45.439 DEBUG [main] c.e.mbt.support.SafeUi - waitUntilVisible element=h1.findBy(text "Qu?n Tr? H? Th?ng") url=http://localhost:3000/admin/dashboard
13:35:45.482 DEBUG [main] c.e.mbt.support.SafeUi - waitUntilVisible element={#admin-filter-course-select} url=http://localhost:3000/admin/dashboard
13:35:45.658 DEBUG [main] c.e.mbt.support.SafeUi - waitUntilVisible element={#admin-filter-status-select} url=http://localhost:3000/admin/dashboard
13:35:45.700 INFO  [main] c.e.mbt.impl.RegistrationImpl - [STEP] e_AdminApproveSkipped | beforeAuth={isLoggedIn=true, currentRole=ADMIN, hasToken=true, emailExists=true, emailNotExists=true, passwordCorrect=true, passwordStrong=true, emailValid=true, studentMajorOrGoalSet=true, expertiseSet=true, resetToken.len=0, tokenUsed=false, forgotPasswordRateLimited=false, forgotPasswordInfrastructureFailure=false, profileUpdateValid=true}
13:35:45.896 DEBUG [main] c.e.mbt.support.ApiClient - [POST http://localhost:8000/api/v1/auth/login] -> 200
13:35:45.910 DEBUG [main] c.e.mbt.support.ApiClient - [GET http://localhost:8000/api/v1/auth/me] -> 200
13:35:46.286 DEBUG [main] c.e.mbt.support.SafeUi - waitUntilVisible element=h1.findBy(text "Qu?n Tr? H? Th?ng") url=http://localhost:3000/admin/dashboard
13:35:46.386 DEBUG [main] c.e.mbt.support.SafeUi - waitUntilVisible element={#admin-filter-course-select} url=http://localhost:3000/admin/dashboard
13:35:46.450 DEBUG [main] c.e.mbt.support.SafeUi - waitUntilVisible element={#admin-filter-status-select} url=http://localhost:3000/admin/dashboard
13:35:46.922 INFO  [main] c.e.mbt.impl.RegistrationImpl - [STEP] v_AdminRegistrationList | beforeAuth={isLoggedIn=true, currentRole=ADMIN, hasToken=true, emailExists=true, emailNotExists=true, passwordCorrect=true, passwordStrong=true, emailValid=true, studentMajorOrGoalSet=true, expertiseSet=true, resetToken.len=0, tokenUsed=false, forgotPasswordRateLimited=false, forgotPasswordInfrastructureFailure=false, profileUpdateValid=true}
13:35:47.067 DEBUG [main] c.e.mbt.support.ApiClient - [POST http://localhost:8000/api/v1/auth/login] -> 200
13:35:47.077 DEBUG [main] c.e.mbt.support.ApiClient - [GET http://localhost:8000/api/v1/auth/me] -> 200
13:35:47.307 DEBUG [main] c.e.mbt.support.SafeUi - waitUntilVisible element=h1.findBy(text "Qu?n Tr? H? Th?ng") url=http://localhost:3000/admin/dashboard
13:35:47.381 DEBUG [main] c.e.mbt.support.SafeUi - waitUntilVisible element={#admin-filter-course-select} url=http://localhost:3000/admin/dashboard
13:35:47.575 DEBUG [main] c.e.mbt.support.SafeUi - waitUntilVisible element={#admin-filter-status-select} url=http://localhost:3000/admin/dashboard
13:35:47.632 INFO  [main] c.e.mbt.impl.RegistrationImpl - [STEP] e_AdminApproveSkipped | beforeAuth={isLoggedIn=true, currentRole=ADMIN, hasToken=true, emailExists=true, emailNotExists=true, passwordCorrect=true, passwordStrong=true, emailValid=true, studentMajorOrGoalSet=true, expertiseSet=true, resetToken.len=0, tokenUsed=false, forgotPasswordRateLimited=false, forgotPasswordInfrastructureFailure=false, profileUpdateValid=true}
13:35:47.791 DEBUG [main] c.e.mbt.support.ApiClient - [POST http://localhost:8000/api/v1/auth/login] -> 200
13:35:47.801 DEBUG [main] c.e.mbt.support.ApiClient - [GET http://localhost:8000/api/v1/auth/me] -> 200
13:35:48.024 DEBUG [main] c.e.mbt.support.SafeUi - waitUntilVisible element=h1.findBy(text "Qu?n Tr? H? Th?ng") url=http://localhost:3000/admin/dashboard
13:35:48.087 DEBUG [main] c.e.mbt.support.SafeUi - waitUntilVisible element={#admin-filter-course-select} url=http://localhost:3000/admin/dashboard
13:35:48.347 DEBUG [main] c.e.mbt.support.SafeUi - waitUntilVisible element={#admin-filter-status-select} url=http://localhost:3000/admin/dashboard
13:35:48.632 INFO  [main] c.e.mbt.impl.RegistrationImpl - [STEP] v_AdminRegistrationList | beforeAuth={isLoggedIn=true, currentRole=ADMIN, hasToken=true, emailExists=true, emailNotExists=true, passwordCorrect=true, passwordStrong=true, emailValid=true, studentMajorOrGoalSet=true, expertiseSet=true, resetToken.len=0, tokenUsed=false, forgotPasswordRateLimited=false, forgotPasswordInfrastructureFailure=false, profileUpdateValid=true}
13:35:48.778 DEBUG [main] c.e.mbt.support.ApiClient - [POST http://localhost:8000/api/v1/auth/login] -> 200
13:35:48.788 DEBUG [main] c.e.mbt.support.ApiClient - [GET http://localhost:8000/api/v1/auth/me] -> 200
13:35:49.012 DEBUG [main] c.e.mbt.support.SafeUi - waitUntilVisible element=h1.findBy(text "Qu?n Tr? H? Th?ng") url=http://localhost:3000/admin/dashboard
13:35:49.071 DEBUG [main] c.e.mbt.support.SafeUi - waitUntilVisible element={#admin-filter-course-select} url=http://localhost:3000/admin/dashboard
13:35:49.100 DEBUG [main] c.e.mbt.support.SafeUi - waitUntilVisible element={#admin-filter-status-select} url=http://localhost:3000/admin/dashboard
13:35:49.293 INFO  [main] c.e.mbt.impl.RegistrationImpl - [STEP] e_AdminApproveSkipped | beforeAuth={isLoggedIn=true, currentRole=ADMIN, hasToken=true, emailExists=true, emailNotExists=true, passwordCorrect=true, passwordStrong=true, emailValid=true, studentMajorOrGoalSet=true, expertiseSet=true, resetToken.len=0, tokenUsed=false, forgotPasswordRateLimited=false, forgotPasswordInfrastructureFailure=false, profileUpdateValid=true}
13:35:49.491 DEBUG [main] c.e.mbt.support.ApiClient - [POST http://localhost:8000/api/v1/auth/login] -> 200
13:35:49.499 DEBUG [main] c.e.mbt.support.ApiClient - [GET http://localhost:8000/api/v1/auth/me] -> 200
13:35:49.698 DEBUG [main] c.e.mbt.support.SafeUi - waitUntilVisible element=h1.findBy(text "Qu?n Tr? H? Th?ng") url=http://localhost:3000/admin/dashboard
13:35:49.741 DEBUG [main] c.e.mbt.support.SafeUi - waitUntilVisible element={#admin-filter-course-select} url=http://localhost:3000/admin/dashboard
13:35:49.889 DEBUG [main] c.e.mbt.support.SafeUi - waitUntilVisible element={#admin-filter-status-select} url=http://localhost:3000/admin/dashboard
13:35:50.255 INFO  [main] c.e.mbt.impl.RegistrationImpl - [STEP] v_AdminRegistrationList | beforeAuth={isLoggedIn=true, currentRole=ADMIN, hasToken=true, emailExists=true, emailNotExists=true, passwordCorrect=true, passwordStrong=true, emailValid=true, studentMajorOrGoalSet=true, expertiseSet=true, resetToken.len=0, tokenUsed=false, forgotPasswordRateLimited=false, forgotPasswordInfrastructureFailure=false, profileUpdateValid=true}
13:35:50.394 DEBUG [main] c.e.mbt.support.ApiClient - [POST http://localhost:8000/api/v1/auth/login] -> 200
13:35:50.403 DEBUG [main] c.e.mbt.support.ApiClient - [GET http://localhost:8000/api/v1/auth/me] -> 200
13:35:50.572 DEBUG [main] c.e.mbt.support.SafeUi - waitUntilVisible element=h1.findBy(text "Qu?n Tr? H? Th?ng") url=http://localhost:3000/admin/dashboard
13:35:50.630 DEBUG [main] c.e.mbt.support.SafeUi - waitUntilVisible element={#admin-filter-course-select} url=http://localhost:3000/admin/dashboard
13:35:50.658 DEBUG [main] c.e.mbt.support.SafeUi - waitUntilVisible element={#admin-filter-status-select} url=http://localhost:3000/admin/dashboard
13:35:50.866 INFO  [main] c.e.mbt.impl.RegistrationImpl - [STEP] e_AdminBulkApprove | beforeAuth={isLoggedIn=true, currentRole=ADMIN, hasToken=true, emailExists=true, emailNotExists=true, passwordCorrect=true, passwordStrong=true, emailValid=true, studentMajorOrGoalSet=true, expertiseSet=true, resetToken.len=0, tokenUsed=false, forgotPasswordRateLimited=false, forgotPasswordInfrastructureFailure=false, profileUpdateValid=true}
13:35:51.057 DEBUG [main] c.e.mbt.support.ApiClient - [POST http://localhost:8000/api/v1/auth/login] -> 200
13:35:51.069 DEBUG [main] c.e.mbt.support.ApiClient - [GET http://localhost:8000/api/v1/auth/me] -> 200
13:35:51.302 DEBUG [main] c.e.mbt.support.SafeUi - waitUntilVisible element=h1.findBy(text "Qu?n Tr? H? Th?ng") url=http://localhost:3000/admin/dashboard
13:35:51.355 DEBUG [main] c.e.mbt.support.SafeUi - waitUntilVisible element={#admin-filter-course-select} url=http://localhost:3000/admin/dashboard
13:35:51.396 DEBUG [main] c.e.mbt.support.SafeUi - waitUntilVisible element={#admin-filter-status-select} url=http://localhost:3000/admin/dashboard
13:35:51.618 DEBUG [main] c.e.mbt.support.ApiClient - [POST http://localhost:8000/api/v1/auth/login] -> 200
13:35:51.633 DEBUG [main] c.e.mbt.support.ApiClient - [GET http://localhost:8000/api/v1/registrations?status=PENDING] -> 200
13:35:51.665 WARN  [main] c.e.mbt.impl.RegistrationImpl - e_AdminBulkApprove: bulk approve button is disabled (no PENDING?)
13:35:52.009 INFO  [main] c.e.mbt.impl.RegistrationImpl - [STEP] v_BulkApproveResult | beforeAuth={isLoggedIn=true, currentRole=ADMIN, hasToken=true, emailExists=true, emailNotExists=true, passwordCorrect=true, passwordStrong=true, emailValid=true, studentMajorOrGoalSet=true, expertiseSet=true, resetToken.len=0, tokenUsed=false, forgotPasswordRateLimited=false, forgotPasswordInfrastructureFailure=false, profileUpdateValid=true}
13:35:52.014 DEBUG [main] c.e.mbt.support.SafeUi - waitUntilVisible element={body} url=http://localhost:3000/admin/dashboard
13:35:52.040 INFO  [main] c.e.mbt.impl.RegistrationImpl - [STEP] e_BackToList | beforeAuth={isLoggedIn=true, currentRole=ADMIN, hasToken=true, emailExists=true, emailNotExists=true, passwordCorrect=true, passwordStrong=true, emailValid=true, studentMajorOrGoalSet=true, expertiseSet=true, resetToken.len=0, tokenUsed=false, forgotPasswordRateLimited=false, forgotPasswordInfrastructureFailure=false, profileUpdateValid=true}
13:35:52.194 DEBUG [main] c.e.mbt.support.ApiClient - [POST http://localhost:8000/api/v1/auth/login] -> 200
13:35:52.205 DEBUG [main] c.e.mbt.support.ApiClient - [GET http://localhost:8000/api/v1/auth/me] -> 200
13:35:52.423 DEBUG [main] c.e.mbt.support.SafeUi - waitUntilVisible element=h1.findBy(text "Qu?n Tr? H? Th?ng") url=http://localhost:3000/admin/dashboard
13:35:52.488 DEBUG [main] c.e.mbt.support.SafeUi - waitUntilVisible element={#admin-filter-course-select} url=http://localhost:3000/admin/dashboard
13:35:52.525 DEBUG [main] c.e.mbt.support.SafeUi - waitUntilVisible element={#admin-filter-status-select} url=http://localhost:3000/admin/dashboard
13:35:52.963 INFO  [main] c.e.mbt.impl.RegistrationImpl - [STEP] v_AdminRegistrationList | beforeAuth={isLoggedIn=true, currentRole=ADMIN, hasToken=true, emailExists=true, emailNotExists=true, passwordCorrect=true, passwordStrong=true, emailValid=true, studentMajorOrGoalSet=true, expertiseSet=true, resetToken.len=0, tokenUsed=false, forgotPasswordRateLimited=false, forgotPasswordInfrastructureFailure=false, profileUpdateValid=true}
13:35:53.165 DEBUG [main] c.e.mbt.support.ApiClient - [POST http://localhost:8000/api/v1/auth/login] -> 200
13:35:53.177 DEBUG [main] c.e.mbt.support.ApiClient - [GET http://localhost:8000/api/v1/auth/me] -> 200
13:35:53.400 DEBUG [main] c.e.mbt.support.SafeUi - waitUntilVisible element=h1.findBy(text "Qu?n Tr? H? Th?ng") url=http://localhost:3000/admin/dashboard
13:35:53.456 DEBUG [main] c.e.mbt.support.SafeUi - waitUntilVisible element={#admin-filter-course-select} url=http://localhost:3000/admin/dashboard
13:35:53.650 DEBUG [main] c.e.mbt.support.SafeUi - waitUntilVisible element={#admin-filter-status-select} url=http://localhost:3000/admin/dashboard
13:35:53.710 INFO  [main] c.e.m.r.AbstractGraphWalkerRunner - GraphWalker finished: errors=no
13:35:53.714 INFO  [main] c.e.m.r.AbstractGraphWalkerRunner - GraphWalker statistics [RegistrationImpl]: edgeCoverage=70% vertexCoverage=83% edges=7/10(3 unvisited) vertices=5/6(1 unvisited)
13:35:53.714 DEBUG [main] c.e.m.r.AbstractGraphWalkerRunner - GraphWalker statistics JSON:
{
  "totalFailedNumberOfModels": 0,
  "totalNotExecutedNumberOfModels": 0,
  "totalNumberOfUnvisitedVertices": 1,
  "verticesNotVisited": [{
    "modelName": "RegistrationModel",
    "vertexName": "v_CourseRegistrationNotAvailable",
    "vertexId": "v_CourseRegistrationNotAvailable"
  }],
  "totalNumberOfModels": 1,
  "totalCompletedNumberOfModels": 1,
  "totalNumberOfVisitedEdges": 7,
  "totalIncompleteNumberOfModels": 0,
  "edgesNotVisited": [
    {
      "modelName": "RegistrationModel",
      "edgeId": "e_RegNoSlot",
      "edgeName": "e_VerifyRegistrationNotAvailable"
    },
    {
      "modelName": "RegistrationModel",
      "edgeId": "e_FromClosedBack",
      "edgeName": "e_BackToOpenCourseForStudent"
    },
    {
      "modelName": "RegistrationModel",
      "edgeId": "e_Rej",
      "edgeName": "e_AdminReject"
    }
  ],
  "vertexCoverage": 83,
  "totalNumberOfEdges": 10,
  "totalNumberOfVisitedVertices": 5,
  "edgeCoverage": 70,
  "totalNumberOfVertices": 6,
  "totalNumberOfUnvisitedEdges": 3
}
13:35:53.716 INFO  [main] c.e.m.r.AbstractGraphWalkerRunner - GraphWalker statistics file: D:\TESTING\course\mbt-gw\target\graphwalker-reports\RegistrationImpl-20260423-133553-714.json
]]></system-out>
    <system-err><![CDATA[13:35:11.921 DEBUG [it] c.e.m.support.ApiClient - [POST http://localhost:8000/api/v1/auth/test/create-account-with-role?name=MBT+Admin&email=mbt.admin%40example.com&password=Passw0rd%21&role=ADMIN] -> 409
13:35:11.929 INFO  [it] c.e.m.s.TestDataSeeder - Ensured account: mbt.admin@example.com (ADMIN) -> 
13:35:11.954 DEBUG [it] c.e.m.support.ApiClient - [POST http://localhost:8000/api/v1/auth/test/create-account-with-role?name=MBT+Instructor&email=mbt.instructor%40example.com&password=Passw0rd%21&role=INSTRUCTOR] -> 409
13:35:11.954 INFO  [it] c.e.m.s.TestDataSeeder - Ensured account: mbt.instructor@example.com (INSTRUCTOR) -> 
13:35:11.964 DEBUG [it] c.e.m.support.ApiClient - [POST http://localhost:8000/api/v1/auth/test/create-account-with-role?name=MBT+Student&email=mbt.student%40example.com&password=Passw0rd%21&role=STUDENT] -> 409
13:35:11.964 INFO  [it] c.e.m.s.TestDataSeeder - Ensured account: mbt.student@example.com (STUDENT) -> 
13:35:11.974 DEBUG [it] c.e.m.support.ApiClient - [POST http://localhost:8000/api/v1/auth/test/create-account-with-role?name=MBT+Pending+Student&email=mbt-pending-student%40test.com&password=Passw0rd%21&role=STUDENT] -> 409
13:35:11.975 INFO  [it] c.e.m.s.TestDataSeeder - Ensured account: mbt-pending-student@test.com (STUDENT) -> 
13:35:11.983 DEBUG [it] c.e.m.support.ApiClient - [POST http://localhost:8000/api/v1/auth/test/create-account-with-role?name=MBT+Pending+Student+2&email=mbt-pending-student-2%40test.com&password=Passw0rd%21&role=STUDENT] -> 409
13:35:11.983 INFO  [it] c.e.m.s.TestDataSeeder - Ensured account: mbt-pending-student-2@test.com (STUDENT) -> 
13:35:12.007 DEBUG [it] c.e.m.support.ApiClient - [POST http://localhost:8000/api/v1/auth/login] -> 200
13:35:12.043 DEBUG [it] c.e.m.support.ApiClient - [POST http://localhost:8000/api/v1/admin/seed] -> 200
13:35:12.046 WARN  [it] c.e.m.s.TestDataSeeder - POST /admin/seed: no mbt_pending in data; trying POST /admin/seed/mbt-pending
13:35:12.052 DEBUG [it] c.e.m.support.ApiClient - [POST http://localhost:8000/api/v1/admin/seed/mbt-pending] -> 404
13:35:12.053 WARN  [it] c.e.m.s.TestDataSeeder - POST /admin/seed/mbt-pending: 404 (ch?a deploy). Th? POST /admin/seed/class-full-pending, sau ?ó GET /registrations?status=PENDING
13:35:12.059 DEBUG [it] c.e.m.support.ApiClient - [POST http://localhost:8000/api/v1/admin/seed/class-full-pending] -> 404
13:35:12.060 DEBUG [it] c.e.m.s.TestDataSeeder - class-full-pending response: {"detail":"Not Found"}
13:35:12.088 DEBUG [it] c.e.m.support.ApiClient - [GET http://localhost:8000/api/v1/registrations?status=PENDING] -> 200
13:35:12.090 INFO  [it] c.e.m.s.TestDataSeeder - Seeded demo courses and fixtures
13:35:12.100 INFO  [it] c.e.m.r.AbstractGraphWalkerRunner - Starting GraphWalker run for RegistrationImpl
13:35:13.148 INFO  [it] c.e.m.r.AbstractGraphWalkerRunner - Model file: D:\TESTING\course\mbt-gw\target\test-classes\com\eduplatform\mbt\models\03_RegistrationModel.json, generator: random(edge_coverage(100) || length(45))
13:35:15.891 INFO  [it] c.e.m.i.RegistrationImpl - [STEP] v_CourseDetailUnregistered | beforeAuth={isLoggedIn=false, currentRole=, hasToken=false, emailExists=true, emailNotExists=true, passwordCorrect=true, passwordStrong=true, emailValid=true, studentMajorOrGoalSet=true, expertiseSet=true, resetToken.len=0, tokenUsed=false, forgotPasswordRateLimited=false, forgotPasswordInfrastructureFailure=false, profileUpdateValid=true}
Apr 23, 2026 1:35:17 PM org.openqa.selenium.devtools.CdpVersionFinder findNearestMatch
WARNING: Unable to find CDP implementation matching 147
Apr 23, 2026 1:35:17 PM org.openqa.selenium.chromium.ChromiumDriver lambda$new$5
WARNING: Unable to find version of CDP to use for 147.0.7727.102. You may need to include a dependency on a specific version of the CDP using something similar to `org.seleniumhq.selenium:selenium-devtools-v86:4.24.0` where the version ("v86") matches the version of the chromium-based browser you're using and the version number of the artifact is the same as Selenium's.
13:35:17.756 DEBUG [it] c.e.m.support.ApiClient - [POST http://localhost:8000/api/v1/auth/login] -> 200
13:35:17.777 DEBUG [it] c.e.m.support.ApiClient - [GET http://localhost:8000/api/v1/auth/me] -> 200
13:35:18.326 DEBUG [it] c.e.m.support.ApiClient - [GET http://localhost:8000/api/v1/registrations] -> 200
13:35:18.386 DEBUG [it] c.e.m.support.ApiClient - [GET http://localhost:8000/api/v1/courses?status=PUBLISHED] -> 200
13:35:18.618 DEBUG [it] c.e.m.support.ApiClient - [GET http://localhost:8000/api/v1/courses/13] -> 200
13:35:18.761 DEBUG [it] c.e.m.support.ApiClient - [GET http://localhost:8000/api/v1/courses/11] -> 200
13:35:19.378 INFO  [it] c.e.m.i.RegistrationImpl - [STEP] e_RegisterCourse | beforeAuth={isLoggedIn=true, currentRole=STUDENT, hasToken=true, emailExists=true, emailNotExists=true, passwordCorrect=true, passwordStrong=true, emailValid=true, studentMajorOrGoalSet=true, expertiseSet=true, resetToken.len=0, tokenUsed=false, forgotPasswordRateLimited=false, forgotPasswordInfrastructureFailure=false, profileUpdateValid=true}
13:35:19.378 DEBUG [it] c.e.mbt.support.SafeUi - waitUntilVisible element={by text: ??ng Ký Ngay} url=http://localhost:3000/courses/11
13:35:19.429 DEBUG [it] c.e.mbt.support.SafeUi - clickWhenReady (attempt 1) element={by text: ??ng Ký Ngay} url=http://localhost:3000/courses/11
13:35:19.675 DEBUG [it] c.e.m.support.ApiClient - [GET http://localhost:8000/api/v1/registrations] -> 200
13:35:20.131 DEBUG [it] c.e.m.support.ApiClient - [GET http://localhost:8000/api/v1/registrations] -> 200
13:35:20.142 INFO  [it] c.e.m.i.RegistrationImpl - e_RegisterCourse: created reg id=111 status=PENDING
13:35:20.349 INFO  [it] c.e.m.i.RegistrationImpl - [STEP] v_PendingRegistration | beforeAuth={isLoggedIn=true, currentRole=STUDENT, hasToken=true, emailExists=true, emailNotExists=true, passwordCorrect=true, passwordStrong=true, emailValid=true, studentMajorOrGoalSet=true, expertiseSet=true, resetToken.len=0, tokenUsed=false, forgotPasswordRateLimited=false, forgotPasswordInfrastructureFailure=false, profileUpdateValid=true}
13:35:20.475 INFO  [it] c.e.m.i.RegistrationImpl - [STEP] e_OpenAdminRegistrations | beforeAuth={isLoggedIn=true, currentRole=STUDENT, hasToken=true, emailExists=true, emailNotExists=true, passwordCorrect=true, passwordStrong=true, emailValid=true, studentMajorOrGoalSet=true, expertiseSet=true, resetToken.len=0, tokenUsed=false, forgotPasswordRateLimited=false, forgotPasswordInfrastructureFailure=false, profileUpdateValid=true}
13:35:20.652 DEBUG [it] c.e.m.support.ApiClient - [POST http://localhost:8000/api/v1/auth/login] -> 200
13:35:20.664 DEBUG [it] c.e.m.support.ApiClient - [GET http://localhost:8000/api/v1/auth/me] -> 200
13:35:20.924 DEBUG [it] c.e.mbt.support.SafeUi - waitUntilVisible element=h1.findBy(text "Qu?n Tr? H? Th?ng") url=http://localhost:3000/admin/dashboard
13:35:21.006 DEBUG [it] c.e.mbt.support.SafeUi - waitUntilVisible element={#admin-filter-course-select} url=http://localhost:3000/admin/dashboard
13:35:21.211 DEBUG [it] c.e.mbt.support.SafeUi - waitUntilVisible element={#admin-filter-status-select} url=http://localhost:3000/admin/dashboard
13:35:21.591 INFO  [it] c.e.m.i.RegistrationImpl - [STEP] v_AdminRegistrationList | beforeAuth={isLoggedIn=true, currentRole=ADMIN, hasToken=true, emailExists=true, emailNotExists=true, passwordCorrect=true, passwordStrong=true, emailValid=true, studentMajorOrGoalSet=true, expertiseSet=true, resetToken.len=0, tokenUsed=false, forgotPasswordRateLimited=false, forgotPasswordInfrastructureFailure=false, profileUpdateValid=true}
13:35:21.756 DEBUG [it] c.e.m.support.ApiClient - [POST http://localhost:8000/api/v1/auth/login] -> 200
13:35:21.766 DEBUG [it] c.e.m.support.ApiClient - [GET http://localhost:8000/api/v1/auth/me] -> 200
13:35:21.980 DEBUG [it] c.e.mbt.support.SafeUi - waitUntilVisible element=h1.findBy(text "Qu?n Tr? H? Th?ng") url=http://localhost:3000/admin/dashboard
13:35:22.200 DEBUG [it] c.e.mbt.support.SafeUi - waitUntilVisible element={#admin-filter-course-select} url=http://localhost:3000/admin/dashboard
13:35:22.228 DEBUG [it] c.e.mbt.support.SafeUi - waitUntilVisible element={#admin-filter-status-select} url=http://localhost:3000/admin/dashboard
13:35:22.300 INFO  [it] c.e.m.i.RegistrationImpl - [STEP] e_AdminApprove | beforeAuth={isLoggedIn=true, currentRole=ADMIN, hasToken=true, emailExists=true, emailNotExists=true, passwordCorrect=true, passwordStrong=true, emailValid=true, studentMajorOrGoalSet=true, expertiseSet=true, resetToken.len=0, tokenUsed=false, forgotPasswordRateLimited=false, forgotPasswordInfrastructureFailure=false, profileUpdateValid=true}
13:35:22.472 DEBUG [it] c.e.m.support.ApiClient - [POST http://localhost:8000/api/v1/auth/login] -> 200
13:35:22.483 DEBUG [it] c.e.m.support.ApiClient - [GET http://localhost:8000/api/v1/auth/me] -> 200
13:35:22.773 DEBUG [it] c.e.m.support.ApiClient - [GET http://localhost:8000/api/v1/registrations] -> 200
13:35:22.802 DEBUG [it] c.e.m.support.ApiClient - [GET http://localhost:8000/api/v1/courses/11] -> 200
13:35:22.857 DEBUG [it] c.e.m.support.ApiClient - [POST http://localhost:8000/api/v1/registrations/111/approve] -> 200
13:35:22.885 DEBUG [it] c.e.m.support.ApiClient - [POST http://localhost:8000/api/v1/auth/login] -> 200
13:35:23.017 DEBUG [it] c.e.m.support.ApiClient - [GET http://localhost:8000/api/v1/registrations] -> 200
13:35:23.021 INFO  [it] c.e.m.i.RegistrationImpl - e_AdminApprove: registration 111 ? CONFIRMED
13:35:23.331 INFO  [it] c.e.m.i.RegistrationImpl - [STEP] v_ConfirmedRegistration | beforeAuth={isLoggedIn=true, currentRole=ADMIN, hasToken=true, emailExists=true, emailNotExists=true, passwordCorrect=true, passwordStrong=true, emailValid=true, studentMajorOrGoalSet=true, expertiseSet=true, resetToken.len=0, tokenUsed=false, forgotPasswordRateLimited=false, forgotPasswordInfrastructureFailure=false, profileUpdateValid=true}
13:35:23.475 DEBUG [it] c.e.m.support.ApiClient - [POST http://localhost:8000/api/v1/auth/login] -> 200
13:35:23.486 DEBUG [it] c.e.m.support.ApiClient - [GET http://localhost:8000/api/v1/auth/me] -> 200
13:35:23.824 WARN  [it] c.e.m.i.RegistrationImpl - v_ConfirmedRegistration: 'Vào H?c' not visible on course 11 — may need admin approval
13:35:23.826 INFO  [it] c.e.m.i.RegistrationImpl - [STEP] e_StudentViewCourseDetail | beforeAuth={isLoggedIn=true, currentRole=STUDENT, hasToken=true, emailExists=true, emailNotExists=true, passwordCorrect=true, passwordStrong=true, emailValid=true, studentMajorOrGoalSet=true, expertiseSet=true, resetToken.len=0, tokenUsed=false, forgotPasswordRateLimited=false, forgotPasswordInfrastructureFailure=false, profileUpdateValid=true}
13:35:24.032 DEBUG [it] c.e.m.support.ApiClient - [POST http://localhost:8000/api/v1/auth/login] -> 200
13:35:24.044 DEBUG [it] c.e.m.support.ApiClient - [GET http://localhost:8000/api/v1/auth/me] -> 200
13:35:24.615 INFO  [it] c.e.m.i.RegistrationImpl - [STEP] v_CourseDetailUnregistered | beforeAuth={isLoggedIn=true, currentRole=STUDENT, hasToken=true, emailExists=true, emailNotExists=true, passwordCorrect=true, passwordStrong=true, emailValid=true, studentMajorOrGoalSet=true, expertiseSet=true, resetToken.len=0, tokenUsed=false, forgotPasswordRateLimited=false, forgotPasswordInfrastructureFailure=false, profileUpdateValid=true}
13:35:24.781 DEBUG [it] c.e.m.support.ApiClient - [POST http://localhost:8000/api/v1/auth/login] -> 200
13:35:24.791 DEBUG [it] c.e.m.support.ApiClient - [GET http://localhost:8000/api/v1/auth/me] -> 200
13:35:25.051 DEBUG [it] c.e.m.support.ApiClient - [GET http://localhost:8000/api/v1/registrations] -> 200
13:35:25.098 DEBUG [it] c.e.m.support.ApiClient - [GET http://localhost:8000/api/v1/courses?status=PUBLISHED] -> 200
13:35:25.170 DEBUG [it] c.e.m.support.ApiClient - [GET http://localhost:8000/api/v1/courses/13] -> 200
13:35:25.246 DEBUG [it] c.e.m.support.ApiClient - [GET http://localhost:8000/api/v1/courses/12] -> 200
13:35:25.528 WARN  [it] c.e.m.i.RegistrationImpl - v_CourseDetailUnregistered: neither register button nor login guard visible on course 12
13:35:25.530 INFO  [it] c.e.m.i.RegistrationImpl - [STEP] e_RegisterCourse | beforeAuth={isLoggedIn=true, currentRole=STUDENT, hasToken=true, emailExists=true, emailNotExists=true, passwordCorrect=true, passwordStrong=true, emailValid=true, studentMajorOrGoalSet=true, expertiseSet=true, resetToken.len=0, tokenUsed=false, forgotPasswordRateLimited=false, forgotPasswordInfrastructureFailure=false, profileUpdateValid=true}
13:35:25.541 DEBUG [it] c.e.mbt.support.SafeUi - waitUntilVisible element={by text: ??ng Ký Ngay} url=http://localhost:3000/courses/12
13:35:25.800 DEBUG [it] c.e.mbt.support.SafeUi - clickWhenReady (attempt 1) element={by text: ??ng Ký Ngay} url=http://localhost:3000/courses/12
13:35:26.093 DEBUG [it] c.e.m.support.ApiClient - [GET http://localhost:8000/api/v1/registrations] -> 200
13:35:26.548 DEBUG [it] c.e.m.support.ApiClient - [GET http://localhost:8000/api/v1/registrations] -> 200
13:35:26.559 INFO  [it] c.e.m.i.RegistrationImpl - e_RegisterCourse: created reg id=112 status=PENDING
13:35:26.885 INFO  [it] c.e.m.i.RegistrationImpl - [STEP] v_PendingRegistration | beforeAuth={isLoggedIn=true, currentRole=STUDENT, hasToken=true, emailExists=true, emailNotExists=true, passwordCorrect=true, passwordStrong=true, emailValid=true, studentMajorOrGoalSet=true, expertiseSet=true, resetToken.len=0, tokenUsed=false, forgotPasswordRateLimited=false, forgotPasswordInfrastructureFailure=false, profileUpdateValid=true}
13:35:27.023 INFO  [it] c.e.m.i.RegistrationImpl - [STEP] e_OpenAdminRegistrations | beforeAuth={isLoggedIn=true, currentRole=STUDENT, hasToken=true, emailExists=true, emailNotExists=true, passwordCorrect=true, passwordStrong=true, emailValid=true, studentMajorOrGoalSet=true, expertiseSet=true, resetToken.len=0, tokenUsed=false, forgotPasswordRateLimited=false, forgotPasswordInfrastructureFailure=false, profileUpdateValid=true}
13:35:27.283 DEBUG [it] c.e.m.support.ApiClient - [POST http://localhost:8000/api/v1/auth/login] -> 200
13:35:27.297 DEBUG [it] c.e.m.support.ApiClient - [GET http://localhost:8000/api/v1/auth/me] -> 200
13:35:27.522 DEBUG [it] c.e.mbt.support.SafeUi - waitUntilVisible element=h1.findBy(text "Qu?n Tr? H? Th?ng") url=http://localhost:3000/admin/dashboard
13:35:27.589 DEBUG [it] c.e.mbt.support.SafeUi - waitUntilVisible element={#admin-filter-course-select} url=http://localhost:3000/admin/dashboard
13:35:27.629 DEBUG [it] c.e.mbt.support.SafeUi - waitUntilVisible element={#admin-filter-status-select} url=http://localhost:3000/admin/dashboard
13:35:28.127 INFO  [it] c.e.m.i.RegistrationImpl - [STEP] v_AdminRegistrationList | beforeAuth={isLoggedIn=true, currentRole=ADMIN, hasToken=true, emailExists=true, emailNotExists=true, passwordCorrect=true, passwordStrong=true, emailValid=true, studentMajorOrGoalSet=true, expertiseSet=true, resetToken.len=0, tokenUsed=false, forgotPasswordRateLimited=false, forgotPasswordInfrastructureFailure=false, profileUpdateValid=true}
13:35:28.320 DEBUG [it] c.e.m.support.ApiClient - [POST http://localhost:8000/api/v1/auth/login] -> 200
13:35:28.331 DEBUG [it] c.e.m.support.ApiClient - [GET http://localhost:8000/api/v1/auth/me] -> 200
13:35:28.520 DEBUG [it] c.e.mbt.support.SafeUi - waitUntilVisible element=h1.findBy(text "Qu?n Tr? H? Th?ng") url=http://localhost:3000/admin/dashboard
13:35:28.571 DEBUG [it] c.e.mbt.support.SafeUi - waitUntilVisible element={#admin-filter-course-select} url=http://localhost:3000/admin/dashboard
13:35:28.756 DEBUG [it] c.e.mbt.support.SafeUi - waitUntilVisible element={#admin-filter-status-select} url=http://localhost:3000/admin/dashboard
13:35:28.811 INFO  [it] c.e.m.i.RegistrationImpl - [STEP] e_AdminApprove | beforeAuth={isLoggedIn=true, currentRole=ADMIN, hasToken=true, emailExists=true, emailNotExists=true, passwordCorrect=true, passwordStrong=true, emailValid=true, studentMajorOrGoalSet=true, expertiseSet=true, resetToken.len=0, tokenUsed=false, forgotPasswordRateLimited=false, forgotPasswordInfrastructureFailure=false, profileUpdateValid=true}
13:35:28.992 DEBUG [it] c.e.m.support.ApiClient - [POST http://localhost:8000/api/v1/auth/login] -> 200
13:35:29.002 DEBUG [it] c.e.m.support.ApiClient - [GET http://localhost:8000/api/v1/auth/me] -> 200
13:35:29.290 DEBUG [it] c.e.m.support.ApiClient - [GET http://localhost:8000/api/v1/registrations] -> 200
13:35:29.307 DEBUG [it] c.e.m.support.ApiClient - [GET http://localhost:8000/api/v1/courses/12] -> 200
13:35:29.351 DEBUG [it] c.e.m.support.ApiClient - [POST http://localhost:8000/api/v1/registrations/112/approve] -> 200
13:35:29.369 DEBUG [it] c.e.m.support.ApiClient - [POST http://localhost:8000/api/v1/auth/login] -> 200
13:35:29.460 DEBUG [it] c.e.m.support.ApiClient - [GET http://localhost:8000/api/v1/registrations] -> 200
13:35:29.462 INFO  [it] c.e.m.i.RegistrationImpl - e_AdminApprove: registration 112 ? CONFIRMED
13:35:29.790 INFO  [it] c.e.m.i.RegistrationImpl - [STEP] v_ConfirmedRegistration | beforeAuth={isLoggedIn=true, currentRole=ADMIN, hasToken=true, emailExists=true, emailNotExists=true, passwordCorrect=true, passwordStrong=true, emailValid=true, studentMajorOrGoalSet=true, expertiseSet=true, resetToken.len=0, tokenUsed=false, forgotPasswordRateLimited=false, forgotPasswordInfrastructureFailure=false, profileUpdateValid=true}
13:35:29.931 DEBUG [it] c.e.m.support.ApiClient - [POST http://localhost:8000/api/v1/auth/login] -> 200
13:35:29.940 DEBUG [it] c.e.m.support.ApiClient - [GET http://localhost:8000/api/v1/auth/me] -> 200
13:35:30.236 WARN  [it] c.e.m.i.RegistrationImpl - v_ConfirmedRegistration: 'Vào H?c' not visible on course 12 — may need admin approval
13:35:30.237 INFO  [it] c.e.m.i.RegistrationImpl - [STEP] e_StudentViewCourseDetail | beforeAuth={isLoggedIn=true, currentRole=STUDENT, hasToken=true, emailExists=true, emailNotExists=true, passwordCorrect=true, passwordStrong=true, emailValid=true, studentMajorOrGoalSet=true, expertiseSet=true, resetToken.len=0, tokenUsed=false, forgotPasswordRateLimited=false, forgotPasswordInfrastructureFailure=false, profileUpdateValid=true}
13:35:30.417 DEBUG [it] c.e.m.support.ApiClient - [POST http://localhost:8000/api/v1/auth/login] -> 200
13:35:30.428 DEBUG [it] c.e.m.support.ApiClient - [GET http://localhost:8000/api/v1/auth/me] -> 200
13:35:31.020 INFO  [it] c.e.m.i.RegistrationImpl - [STEP] v_CourseDetailUnregistered | beforeAuth={isLoggedIn=true, currentRole=STUDENT, hasToken=true, emailExists=true, emailNotExists=true, passwordCorrect=true, passwordStrong=true, emailValid=true, studentMajorOrGoalSet=true, expertiseSet=true, resetToken.len=0, tokenUsed=false, forgotPasswordRateLimited=false, forgotPasswordInfrastructureFailure=false, profileUpdateValid=true}
13:35:31.161 DEBUG [it] c.e.m.support.ApiClient - [POST http://localhost:8000/api/v1/auth/login] -> 200
13:35:31.170 DEBUG [it] c.e.m.support.ApiClient - [GET http://localhost:8000/api/v1/auth/me] -> 200
13:35:31.449 DEBUG [it] c.e.m.support.ApiClient - [GET http://localhost:8000/api/v1/registrations] -> 200
13:35:31.534 DEBUG [it] c.e.m.support.ApiClient - [GET http://localhost:8000/api/v1/courses?status=PUBLISHED] -> 200
13:35:31.599 DEBUG [it] c.e.m.support.ApiClient - [GET http://localhost:8000/api/v1/courses/13] -> 200
13:35:31.671 DEBUG [it] c.e.m.support.ApiClient - [GET http://localhost:8000/api/v1/courses/4] -> 200
13:35:31.891 WARN  [it] c.e.m.i.RegistrationImpl - v_CourseDetailUnregistered: neither register button nor login guard visible on course 4
13:35:31.892 INFO  [it] c.e.m.i.RegistrationImpl - [STEP] e_RegisterCourse | beforeAuth={isLoggedIn=true, currentRole=STUDENT, hasToken=true, emailExists=true, emailNotExists=true, passwordCorrect=true, passwordStrong=true, emailValid=true, studentMajorOrGoalSet=true, expertiseSet=true, resetToken.len=0, tokenUsed=false, forgotPasswordRateLimited=false, forgotPasswordInfrastructureFailure=false, profileUpdateValid=true}
13:35:31.900 DEBUG [it] c.e.mbt.support.SafeUi - waitUntilVisible element={by text: ??ng Ký Ngay} url=http://localhost:3000/courses/4
13:35:32.183 DEBUG [it] c.e.mbt.support.SafeUi - clickWhenReady (attempt 1) element={by text: ??ng Ký Ngay} url=http://localhost:3000/courses/4
13:35:32.461 DEBUG [it] c.e.m.support.ApiClient - [GET http://localhost:8000/api/v1/registrations] -> 200
13:35:32.932 DEBUG [it] c.e.m.support.ApiClient - [GET http://localhost:8000/api/v1/registrations] -> 200
13:35:32.949 INFO  [it] c.e.m.i.RegistrationImpl - e_RegisterCourse: created reg id=113 status=PENDING
13:35:33.234 INFO  [it] c.e.m.i.RegistrationImpl - [STEP] v_PendingRegistration | beforeAuth={isLoggedIn=true, currentRole=STUDENT, hasToken=true, emailExists=true, emailNotExists=true, passwordCorrect=true, passwordStrong=true, emailValid=true, studentMajorOrGoalSet=true, expertiseSet=true, resetToken.len=0, tokenUsed=false, forgotPasswordRateLimited=false, forgotPasswordInfrastructureFailure=false, profileUpdateValid=true}
13:35:33.420 INFO  [it] c.e.m.i.RegistrationImpl - [STEP] e_OpenAdminRegistrations | beforeAuth={isLoggedIn=true, currentRole=STUDENT, hasToken=true, emailExists=true, emailNotExists=true, passwordCorrect=true, passwordStrong=true, emailValid=true, studentMajorOrGoalSet=true, expertiseSet=true, resetToken.len=0, tokenUsed=false, forgotPasswordRateLimited=false, forgotPasswordInfrastructureFailure=false, profileUpdateValid=true}
13:35:33.657 DEBUG [it] c.e.m.support.ApiClient - [POST http://localhost:8000/api/v1/auth/login] -> 200
13:35:33.670 DEBUG [it] c.e.m.support.ApiClient - [GET http://localhost:8000/api/v1/auth/me] -> 200
13:35:33.963 DEBUG [it] c.e.mbt.support.SafeUi - waitUntilVisible element=h1.findBy(text "Qu?n Tr? H? Th?ng") url=http://localhost:3000/admin/dashboard
13:35:34.040 DEBUG [it] c.e.mbt.support.SafeUi - waitUntilVisible element={#admin-filter-course-select} url=http://localhost:3000/admin/dashboard
13:35:34.307 DEBUG [it] c.e.mbt.support.SafeUi - waitUntilVisible element={#admin-filter-status-select} url=http://localhost:3000/admin/dashboard
13:35:34.692 INFO  [it] c.e.m.i.RegistrationImpl - [STEP] v_AdminRegistrationList | beforeAuth={isLoggedIn=true, currentRole=ADMIN, hasToken=true, emailExists=true, emailNotExists=true, passwordCorrect=true, passwordStrong=true, emailValid=true, studentMajorOrGoalSet=true, expertiseSet=true, resetToken.len=0, tokenUsed=false, forgotPasswordRateLimited=false, forgotPasswordInfrastructureFailure=false, profileUpdateValid=true}
13:35:34.892 DEBUG [it] c.e.m.support.ApiClient - [POST http://localhost:8000/api/v1/auth/login] -> 200
13:35:34.903 DEBUG [it] c.e.m.support.ApiClient - [GET http://localhost:8000/api/v1/auth/me] -> 200
13:35:35.120 DEBUG [it] c.e.mbt.support.SafeUi - waitUntilVisible element=h1.findBy(text "Qu?n Tr? H? Th?ng") url=http://localhost:3000/admin/dashboard
13:35:35.181 DEBUG [it] c.e.mbt.support.SafeUi - waitUntilVisible element={#admin-filter-course-select} url=http://localhost:3000/admin/dashboard
13:35:35.223 DEBUG [it] c.e.mbt.support.SafeUi - waitUntilVisible element={#admin-filter-status-select} url=http://localhost:3000/admin/dashboard
13:35:35.518 INFO  [it] c.e.m.i.RegistrationImpl - [STEP] e_AdminBulkApprove | beforeAuth={isLoggedIn=true, currentRole=ADMIN, hasToken=true, emailExists=true, emailNotExists=true, passwordCorrect=true, passwordStrong=true, emailValid=true, studentMajorOrGoalSet=true, expertiseSet=true, resetToken.len=0, tokenUsed=false, forgotPasswordRateLimited=false, forgotPasswordInfrastructureFailure=false, profileUpdateValid=true}
13:35:35.747 DEBUG [it] c.e.m.support.ApiClient - [POST http://localhost:8000/api/v1/auth/login] -> 200
13:35:35.758 DEBUG [it] c.e.m.support.ApiClient - [GET http://localhost:8000/api/v1/auth/me] -> 200
13:35:36.071 DEBUG [it] c.e.mbt.support.SafeUi - waitUntilVisible element=h1.findBy(text "Qu?n Tr? H? Th?ng") url=http://localhost:3000/admin/dashboard
13:35:36.212 DEBUG [it] c.e.mbt.support.SafeUi - waitUntilVisible element={#admin-filter-course-select} url=http://localhost:3000/admin/dashboard
13:35:36.485 DEBUG [it] c.e.mbt.support.SafeUi - waitUntilVisible element={#admin-filter-status-select} url=http://localhost:3000/admin/dashboard
13:35:36.606 DEBUG [it] c.e.m.support.ApiClient - [POST http://localhost:8000/api/v1/auth/login] -> 200
13:35:36.630 DEBUG [it] c.e.m.support.ApiClient - [GET http://localhost:8000/api/v1/registrations?status=PENDING] -> 200
13:35:36.651 DEBUG [it] c.e.mbt.support.SafeUi - clickWhenReady (attempt 1) element={[data-testid="admin-bulk-approve"]} url=http://localhost:3000/admin/dashboard
13:35:37.026 DEBUG [it] c.e.m.support.ApiClient - [POST http://localhost:8000/api/v1/auth/login] -> 200
13:35:37.050 DEBUG [it] c.e.m.support.ApiClient - [GET http://localhost:8000/api/v1/registrations?status=PENDING] -> 200
13:35:37.051 INFO  [it] c.e.m.i.RegistrationImpl - e_AdminBulkApprove: before=2 after=0
13:35:37.091 DEBUG [it] c.e.m.support.ApiClient - [POST http://localhost:8000/api/v1/auth/login] -> 200
13:35:37.115 DEBUG [it] c.e.m.support.ApiClient - [GET http://localhost:8000/api/v1/registrations?status=PENDING] -> 200
13:35:37.340 INFO  [it] c.e.m.i.RegistrationImpl - [STEP] v_BulkApproveResult | beforeAuth={isLoggedIn=true, currentRole=ADMIN, hasToken=true, emailExists=true, emailNotExists=true, passwordCorrect=true, passwordStrong=true, emailValid=true, studentMajorOrGoalSet=true, expertiseSet=true, resetToken.len=0, tokenUsed=false, forgotPasswordRateLimited=false, forgotPasswordInfrastructureFailure=false, profileUpdateValid=true}
13:35:37.403 DEBUG [it] c.e.mbt.support.SafeUi - waitUntilVisible element={body} url=http://localhost:3000/admin/dashboard
13:35:37.437 INFO  [it] c.e.m.i.RegistrationImpl - [STEP] e_BackToList | beforeAuth={isLoggedIn=true, currentRole=ADMIN, hasToken=true, emailExists=true, emailNotExists=true, passwordCorrect=true, passwordStrong=true, emailValid=true, studentMajorOrGoalSet=true, expertiseSet=true, resetToken.len=0, tokenUsed=false, forgotPasswordRateLimited=false, forgotPasswordInfrastructureFailure=false, profileUpdateValid=true}
13:35:37.644 DEBUG [it] c.e.m.support.ApiClient - [POST http://localhost:8000/api/v1/auth/login] -> 200
13:35:37.653 DEBUG [it] c.e.m.support.ApiClient - [GET http://localhost:8000/api/v1/auth/me] -> 200
13:35:37.827 DEBUG [it] c.e.mbt.support.SafeUi - waitUntilVisible element=h1.findBy(text "Qu?n Tr? H? Th?ng") url=http://localhost:3000/admin/dashboard
13:35:37.893 DEBUG [it] c.e.mbt.support.SafeUi - waitUntilVisible element={#admin-filter-course-select} url=http://localhost:3000/admin/dashboard
13:35:38.156 DEBUG [it] c.e.mbt.support.SafeUi - waitUntilVisible element={#admin-filter-status-select} url=http://localhost:3000/admin/dashboard
13:35:38.472 INFO  [it] c.e.m.i.RegistrationImpl - [STEP] v_AdminRegistrationList | beforeAuth={isLoggedIn=true, currentRole=ADMIN, hasToken=true, emailExists=true, emailNotExists=true, passwordCorrect=true, passwordStrong=true, emailValid=true, studentMajorOrGoalSet=true, expertiseSet=true, resetToken.len=0, tokenUsed=false, forgotPasswordRateLimited=false, forgotPasswordInfrastructureFailure=false, profileUpdateValid=true}
13:35:38.625 DEBUG [it] c.e.m.support.ApiClient - [POST http://localhost:8000/api/v1/auth/login] -> 200
13:35:38.635 DEBUG [it] c.e.m.support.ApiClient - [GET http://localhost:8000/api/v1/auth/me] -> 200
13:35:38.808 DEBUG [it] c.e.mbt.support.SafeUi - waitUntilVisible element=h1.findBy(text "Qu?n Tr? H? Th?ng") url=http://localhost:3000/admin/dashboard
13:35:38.865 DEBUG [it] c.e.mbt.support.SafeUi - waitUntilVisible element={#admin-filter-course-select} url=http://localhost:3000/admin/dashboard
13:35:38.898 DEBUG [it] c.e.mbt.support.SafeUi - waitUntilVisible element={#admin-filter-status-select} url=http://localhost:3000/admin/dashboard
13:35:39.101 INFO  [it] c.e.m.i.RegistrationImpl - [STEP] e_AdminApproveSkipped | beforeAuth={isLoggedIn=true, currentRole=ADMIN, hasToken=true, emailExists=true, emailNotExists=true, passwordCorrect=true, passwordStrong=true, emailValid=true, studentMajorOrGoalSet=true, expertiseSet=true, resetToken.len=0, tokenUsed=false, forgotPasswordRateLimited=false, forgotPasswordInfrastructureFailure=false, profileUpdateValid=true}
[...]
13:35:40.806 DEBUG [it] c.e.m.support.ApiClient - [POST http://localhost:8000/api/v1/auth/login] -> 200
13:35:40.816 DEBUG [it] c.e.m.support.ApiClient - [GET http://localhost:8000/api/v1/auth/me] -> 200
13:35:41.039 DEBUG [it] c.e.mbt.support.SafeUi - waitUntilVisible element=h1.findBy(text "Qu?n Tr? H? Th?ng") url=http://localhost:3000/admin/dashboard
13:35:41.095 DEBUG [it] c.e.mbt.support.SafeUi - waitUntilVisible element={#admin-filter-course-select} url=http://localhost:3000/admin/dashboard
13:35:41.270 DEBUG [it] c.e.mbt.support.SafeUi - waitUntilVisible element={#admin-filter-status-select} url=http://localhost:3000/admin/dashboard
13:35:41.330 DEBUG [it] c.e.m.support.ApiClient - [POST http://localhost:8000/api/v1/auth/login] -> 200
13:35:41.343 DEBUG [it] c.e.m.support.ApiClient - [GET http://localhost:8000/api/v1/registrations?status=PENDING] -> 200
13:35:41.362 WARN  [it] c.e.m.i.RegistrationImpl - e_AdminBulkApprove: bulk approve button is disabled (no PENDING?)
13:35:41.623 INFO  [it] c.e.m.i.RegistrationImpl - [STEP] v_BulkApproveResult | beforeAuth={isLoggedIn=true, currentRole=ADMIN, hasToken=true, emailExists=true, emailNotExists=true, passwordCorrect=true, passwordStrong=true, emailValid=true, studentMajorOrGoalSet=true, expertiseSet=true, resetToken.len=0, tokenUsed=false, forgotPasswordRateLimited=false, forgotPasswordInfrastructureFailure=false, profileUpdateValid=true}
13:35:41.630 DEBUG [it] c.e.mbt.support.SafeUi - waitUntilVisible element={body} url=http://localhost:3000/admin/dashboard
13:35:41.649 INFO  [it] c.e.m.i.RegistrationImpl - [STEP] e_BackToList | beforeAuth={isLoggedIn=true, currentRole=ADMIN, hasToken=true, emailExists=true, emailNotExists=true, passwordCorrect=true, passwordStrong=true, emailValid=true, studentMajorOrGoalSet=true, expertiseSet=true, resetToken.len=0, tokenUsed=false, forgotPasswordRateLimited=false, forgotPasswordInfrastructureFailure=false, profileUpdateValid=true}
13:35:41.801 DEBUG [it] c.e.m.support.ApiClient - [POST http://localhost:8000/api/v1/auth/login] -> 200
13:35:41.811 DEBUG [it] c.e.m.support.ApiClient - [GET http://localhost:8000/api/v1/auth/me] -> 200
13:35:41.985 DEBUG [it] c.e.mbt.support.SafeUi - waitUntilVisible element=h1.findBy(text "Qu?n Tr? H? Th?ng") url=http://localhost:3000/admin/dashboard
13:35:42.047 DEBUG [it] c.e.mbt.support.SafeUi - waitUntilVisible element={#admin-filter-course-select} url=http://localhost:3000/admin/dashboard
13:35:42.075 DEBUG [it] c.e.mbt.support.SafeUi - waitUntilVisible element={#admin-filter-status-select} url=http://localhost:3000/admin/dashboard
13:35:42.553 INFO  [it] c.e.m.i.RegistrationImpl - [STEP] v_AdminRegistrationList | beforeAuth={isLoggedIn=true, currentRole=ADMIN, hasToken=true, emailExists=true, emailNotExists=true, passwordCorrect=true, passwordStrong=true, emailValid=true, studentMajorOrGoalSet=true, expertiseSet=true, resetToken.len=0, tokenUsed=false, forgotPasswordRateLimited=false, forgotPasswordInfrastructureFailure=false, profileUpdateValid=true}
13:35:42.704 DEBUG [it] c.e.m.support.ApiClient - [POST http://localhost:8000/api/v1/auth/login] -> 200
13:35:42.714 DEBUG [it] c.e.m.support.ApiClient - [GET http://localhost:8000/api/v1/auth/me] -> 200
13:35:42.915 DEBUG [it] c.e.mbt.support.SafeUi - waitUntilVisible element=h1.findBy(text "Qu?n Tr? H? Th?ng") url=http://localhost:3000/admin/dashboard
13:35:42.994 DEBUG [it] c.e.mbt.support.SafeUi - waitUntilVisible element={#admin-filter-course-select} url=http://localhost:3000/admin/dashboard
13:35:43.214 DEBUG [it] c.e.mbt.support.SafeUi - waitUntilVisible element={#admin-filter-status-select} url=http://localhost:3000/admin/dashboard
13:35:43.265 INFO  [it] c.e.m.i.RegistrationImpl - [STEP] e_AdminBulkApprove | beforeAuth={isLoggedIn=true, currentRole=ADMIN, hasToken=true, emailExists=true, emailNotExists=true, passwordCorrect=true, passwordStrong=true, emailValid=true, studentMajorOrGoalSet=true, expertiseSet=true, resetToken.len=0, tokenUsed=false, forgotPasswordRateLimited=false, forgotPasswordInfrastructureFailure=false, profileUpdateValid=true}
13:35:43.431 DEBUG [it] c.e.m.support.ApiClient - [POST http://localhost:8000/api/v1/auth/login] -> 200
13:35:43.441 DEBUG [it] c.e.m.support.ApiClient - [GET http://localhost:8000/api/v1/auth/me] -> 200
13:35:43.627 DEBUG [it] c.e.mbt.support.SafeUi - waitUntilVisible element=h1.findBy(text "Qu?n Tr? H? Th?ng") url=http://localhost:3000/admin/dashboard
13:35:43.678 DEBUG [it] c.e.mbt.support.SafeUi - waitUntilVisible element={#admin-filter-course-select} url=http://localhost:3000/admin/dashboard
13:35:43.853 DEBUG [it] c.e.mbt.support.SafeUi - waitUntilVisible element={#admin-filter-status-select} url=http://localhost:3000/admin/dashboard
13:35:43.909 DEBUG [it] c.e.m.support.ApiClient - [POST http://localhost:8000/api/v1/auth/login] -> 200
13:35:43.921 DEBUG [it] c.e.m.support.ApiClient - [GET http://localhost:8000/api/v1/registrations?status=PENDING] -> 200
13:35:43.941 WARN  [it] c.e.m.i.RegistrationImpl - e_AdminBulkApprove: bulk approve button is disabled (no PENDING?)
13:35:44.184 INFO  [it] c.e.m.i.RegistrationImpl - [STEP] v_BulkApproveResult | beforeAuth={isLoggedIn=true, currentRole=ADMIN, hasToken=true, emailExists=true, emailNotExists=true, passwordCorrect=true, passwordStrong=true, emailValid=true, studentMajorOrGoalSet=true, expertiseSet=true, resetToken.len=0, tokenUsed=false, forgotPasswordRateLimited=false, forgotPasswordInfrastructureFailure=false, profileUpdateValid=true}
13:35:44.184 DEBUG [it] c.e.mbt.support.SafeUi - waitUntilVisible element={body} url=http://localhost:3000/admin/dashboard
13:35:44.216 INFO  [it] c.e.m.i.RegistrationImpl - [STEP] e_BackToList | beforeAuth={isLoggedIn=true, currentRole=ADMIN, hasToken=true, emailExists=true, emailNotExists=true, passwordCorrect=true, passwordStrong=true, emailValid=true, studentMajorOrGoalSet=true, expertiseSet=true, resetToken.len=0, tokenUsed=false, forgotPasswordRateLimited=false, forgotPasswordInfrastructureFailure=false, profileUpdateValid=true}
13:35:44.356 DEBUG [it] c.e.m.support.ApiClient - [POST http://localhost:8000/api/v1/auth/login] -> 200
13:35:44.366 DEBUG [it] c.e.m.support.ApiClient - [GET http://localhost:8000/api/v1/auth/me] -> 200
13:35:44.560 DEBUG [it] c.e.mbt.support.SafeUi - waitUntilVisible element=h1.findBy(text "Qu?n Tr? H? Th?ng") url=http://localhost:3000/admin/dashboard
13:35:44.611 DEBUG [it] c.e.mbt.support.SafeUi - waitUntilVisible element={#admin-filter-course-select} url=http://localhost:3000/admin/dashboard
13:35:44.779 DEBUG [it] c.e.mbt.support.SafeUi - waitUntilVisible element={#admin-filter-status-select} url=http://localhost:3000/admin/dashboard
13:35:45.115 INFO  [it] c.e.m.i.RegistrationImpl - [STEP] v_AdminRegistrationList | beforeAuth={isLoggedIn=true, currentRole=ADMIN, hasToken=true, emailExists=true, emailNotExists=true, passwordCorrect=true, passwordStrong=true, emailValid=true, studentMajorOrGoalSet=true, expertiseSet=true, resetToken.len=0, tokenUsed=false, forgotPasswordRateLimited=false, forgotPasswordInfrastructureFailure=false, profileUpdateValid=true}
13:35:45.252 DEBUG [it] c.e.m.support.ApiClient - [POST http://localhost:8000/api/v1/auth/login] -> 200
13:35:45.261 DEBUG [it] c.e.m.support.ApiClient - [GET http://localhost:8000/api/v1/auth/me] -> 200
13:35:45.439 DEBUG [it] c.e.mbt.support.SafeUi - waitUntilVisible element=h1.findBy(text "Qu?n Tr? H? Th?ng") url=http://localhost:3000/admin/dashboard
13:35:45.482 DEBUG [it] c.e.mbt.support.SafeUi - waitUntilVisible element={#admin-filter-course-select} url=http://localhost:3000/admin/dashboard
13:35:45.658 DEBUG [it] c.e.mbt.support.SafeUi - waitUntilVisible element={#admin-filter-status-select} url=http://localhost:3000/admin/dashboard
13:35:45.700 INFO  [it] c.e.m.i.RegistrationImpl - [STEP] e_AdminApproveSkipped | beforeAuth={isLoggedIn=true, currentRole=ADMIN, hasToken=true, emailExists=true, emailNotExists=true, passwordCorrect=true, passwordStrong=true, emailValid=true, studentMajorOrGoalSet=true, expertiseSet=true, resetToken.len=0, tokenUsed=false, forgotPasswordRateLimited=false, forgotPasswordInfrastructureFailure=false, profileUpdateValid=true}
13:35:45.896 DEBUG [it] c.e.m.support.ApiClient - [POST http://localhost:8000/api/v1/auth/login] -> 200
13:35:45.910 DEBUG [it] c.e.m.support.ApiClient - [GET http://localhost:8000/api/v1/auth/me] -> 200
13:35:46.286 DEBUG [it] c.e.mbt.support.SafeUi - waitUntilVisible element=h1.findBy(text "Qu?n Tr? H? Th?ng") url=http://localhost:3000/admin/dashboard
13:35:46.386 DEBUG [it] c.e.mbt.support.SafeUi - waitUntilVisible element={#admin-filter-course-select} url=http://localhost:3000/admin/dashboard
13:35:46.450 DEBUG [it] c.e.mbt.support.SafeUi - waitUntilVisible element={#admin-filter-status-select} url=http://localhost:3000/admin/dashboard
13:35:46.922 INFO  [it] c.e.m.i.RegistrationImpl - [STEP] v_AdminRegistrationList | beforeAuth={isLoggedIn=true, currentRole=ADMIN, hasToken=true, emailExists=true, emailNotExists=true, passwordCorrect=true, passwordStrong=true, emailValid=true, studentMajorOrGoalSet=true, expertiseSet=true, resetToken.len=0, tokenUsed=false, forgotPasswordRateLimited=false, forgotPasswordInfrastructureFailure=false, profileUpdateValid=true}
13:35:47.067 DEBUG [it] c.e.m.support.ApiClient - [POST http://localhost:8000/api/v1/auth/login] -> 200
13:35:47.077 DEBUG [it] c.e.m.support.ApiClient - [GET http://localhost:8000/api/v1/auth/me] -> 200
13:35:47.307 DEBUG [it] c.e.mbt.support.SafeUi - waitUntilVisible element=h1.findBy(text "Qu?n Tr? H? Th?ng") url=http://localhost:3000/admin/dashboard
13:35:47.381 DEBUG [it] c.e.mbt.support.SafeUi - waitUntilVisible element={#admin-filter-course-select} url=http://localhost:3000/admin/dashboard
13:35:47.575 DEBUG [it] c.e.mbt.support.SafeUi - waitUntilVisible element={#admin-filter-status-select} url=http://localhost:3000/admin/dashboard
13:35:47.632 INFO  [it] c.e.m.i.RegistrationImpl - [STEP] e_AdminApproveSkipped | beforeAuth={isLoggedIn=true, currentRole=ADMIN, hasToken=true, emailExists=true, emailNotExists=true, passwordCorrect=true, passwordStrong=true, emailValid=true, studentMajorOrGoalSet=true, expertiseSet=true, resetToken.len=0, tokenUsed=false, forgotPasswordRateLimited=false, forgotPasswordInfrastructureFailure=false, profileUpdateValid=true}
13:35:47.791 DEBUG [it] c.e.m.support.ApiClient - [POST http://localhost:8000/api/v1/auth/login] -> 200
13:35:47.801 DEBUG [it] c.e.m.support.ApiClient - [GET http://localhost:8000/api/v1/auth/me] -> 200
13:35:48.024 DEBUG [it] c.e.mbt.support.SafeUi - waitUntilVisible element=h1.findBy(text "Qu?n Tr? H? Th?ng") url=http://localhost:3000/admin/dashboard
13:35:48.087 DEBUG [it] c.e.mbt.support.SafeUi - waitUntilVisible element={#admin-filter-course-select} url=http://localhost:3000/admin/dashboard
13:35:48.347 DEBUG [it] c.e.mbt.support.SafeUi - waitUntilVisible element={#admin-filter-status-select} url=http://localhost:3000/admin/dashboard
13:35:48.632 INFO  [it] c.e.m.i.RegistrationImpl - [STEP] v_AdminRegistrationList | beforeAuth={isLoggedIn=true, currentRole=ADMIN, hasToken=true, emailExists=true, emailNotExists=true, passwordCorrect=true, passwordStrong=true, emailValid=true, studentMajorOrGoalSet=true, expertiseSet=true, resetToken.len=0, tokenUsed=false, forgotPasswordRateLimited=false, forgotPasswordInfrastructureFailure=false, profileUpdateValid=true}
13:35:48.778 DEBUG [it] c.e.m.support.ApiClient - [POST http://localhost:8000/api/v1/auth/login] -> 200
13:35:48.788 DEBUG [it] c.e.m.support.ApiClient - [GET http://localhost:8000/api/v1/auth/me] -> 200
13:35:49.012 DEBUG [it] c.e.mbt.support.SafeUi - waitUntilVisible element=h1.findBy(text "Qu?n Tr? H? Th?ng") url=http://localhost:3000/admin/dashboard
13:35:49.071 DEBUG [it] c.e.mbt.support.SafeUi - waitUntilVisible element={#admin-filter-course-select} url=http://localhost:3000/admin/dashboard
13:35:49.100 DEBUG [it] c.e.mbt.support.SafeUi - waitUntilVisible element={#admin-filter-status-select} url=http://localhost:3000/admin/dashboard
13:35:49.293 INFO  [it] c.e.m.i.RegistrationImpl - [STEP] e_AdminApproveSkipped | beforeAuth={isLoggedIn=true, currentRole=ADMIN, hasToken=true, emailExists=true, emailNotExists=true, passwordCorrect=true, passwordStrong=true, emailValid=true, studentMajorOrGoalSet=true, expertiseSet=true, resetToken.len=0, tokenUsed=false, forgotPasswordRateLimited=false, forgotPasswordInfrastructureFailure=false, profileUpdateValid=true}
13:35:49.491 DEBUG [it] c.e.m.support.ApiClient - [POST http://localhost:8000/api/v1/auth/login] -> 200
13:35:49.499 DEBUG [it] c.e.m.support.ApiClient - [GET http://localhost:8000/api/v1/auth/me] -> 200
13:35:49.698 DEBUG [it] c.e.mbt.support.SafeUi - waitUntilVisible element=h1.findBy(text "Qu?n Tr? H? Th?ng") url=http://localhost:3000/admin/dashboard
13:35:49.741 DEBUG [it] c.e.mbt.support.SafeUi - waitUntilVisible element={#admin-filter-course-select} url=http://localhost:3000/admin/dashboard
13:35:49.889 DEBUG [it] c.e.mbt.support.SafeUi - waitUntilVisible element={#admin-filter-status-select} url=http://localhost:3000/admin/dashboard
13:35:50.255 INFO  [it] c.e.m.i.RegistrationImpl - [STEP] v_AdminRegistrationList | beforeAuth={isLoggedIn=true, currentRole=ADMIN, hasToken=true, emailExists=true, emailNotExists=true, passwordCorrect=true, passwordStrong=true, emailValid=true, studentMajorOrGoalSet=true, expertiseSet=true, resetToken.len=0, tokenUsed=false, forgotPasswordRateLimited=false, forgotPasswordInfrastructureFailure=false, profileUpdateValid=true}
13:35:50.394 DEBUG [it] c.e.m.support.ApiClient - [POST http://localhost:8000/api/v1/auth/login] -> 200
13:35:50.403 DEBUG [it] c.e.m.support.ApiClient - [GET http://localhost:8000/api/v1/auth/me] -> 200
13:35:50.572 DEBUG [it] c.e.mbt.support.SafeUi - waitUntilVisible element=h1.findBy(text "Qu?n Tr? H? Th?ng") url=http://localhost:3000/admin/dashboard
13:35:50.630 DEBUG [it] c.e.mbt.support.SafeUi - waitUntilVisible element={#admin-filter-course-select} url=http://localhost:3000/admin/dashboard
13:35:50.658 DEBUG [it] c.e.mbt.support.SafeUi - waitUntilVisible element={#admin-filter-status-select} url=http://localhost:3000/admin/dashboard
13:35:50.866 INFO  [it] c.e.m.i.RegistrationImpl - [STEP] e_AdminBulkApprove | beforeAuth={isLoggedIn=true, currentRole=ADMIN, hasToken=true, emailExists=true, emailNotExists=true, passwordCorrect=true, passwordStrong=true, emailValid=true, studentMajorOrGoalSet=true, expertiseSet=true, resetToken.len=0, tokenUsed=false, forgotPasswordRateLimited=false, forgotPasswordInfrastructureFailure=false, profileUpdateValid=true}
13:35:51.057 DEBUG [it] c.e.m.support.ApiClient - [POST http://localhost:8000/api/v1/auth/login] -> 200
13:35:51.069 DEBUG [it] c.e.m.support.ApiClient - [GET http://localhost:8000/api/v1/auth/me] -> 200
13:35:51.302 DEBUG [it] c.e.mbt.support.SafeUi - waitUntilVisible element=h1.findBy(text "Qu?n Tr? H? Th?ng") url=http://localhost:3000/admin/dashboard
13:35:51.355 DEBUG [it] c.e.mbt.support.SafeUi - waitUntilVisible element={#admin-filter-course-select} url=http://localhost:3000/admin/dashboard
13:35:51.396 DEBUG [it] c.e.mbt.support.SafeUi - waitUntilVisible element={#admin-filter-status-select} url=http://localhost:3000/admin/dashboard
13:35:51.618 DEBUG [it] c.e.m.support.ApiClient - [POST http://localhost:8000/api/v1/auth/login] -> 200
13:35:51.633 DEBUG [it] c.e.m.support.ApiClient - [GET http://localhost:8000/api/v1/registrations?status=PENDING] -> 200
13:35:51.665 WARN  [it] c.e.m.i.RegistrationImpl - e_AdminBulkApprove: bulk approve button is disabled (no PENDING?)
13:35:52.009 INFO  [it] c.e.m.i.RegistrationImpl - [STEP] v_BulkApproveResult | beforeAuth={isLoggedIn=true, currentRole=ADMIN, hasToken=true, emailExists=true, emailNotExists=true, passwordCorrect=true, passwordStrong=true, emailValid=true, studentMajorOrGoalSet=true, expertiseSet=true, resetToken.len=0, tokenUsed=false, forgotPasswordRateLimited=false, forgotPasswordInfrastructureFailure=false, profileUpdateValid=true}
13:35:52.014 DEBUG [it] c.e.mbt.support.SafeUi - waitUntilVisible element={body} url=http://localhost:3000/admin/dashboard
13:35:52.040 INFO  [it] c.e.m.i.RegistrationImpl - [STEP] e_BackToList | beforeAuth={isLoggedIn=true, currentRole=ADMIN, hasToken=true, emailExists=true, emailNotExists=true, passwordCorrect=true, passwordStrong=true, emailValid=true, studentMajorOrGoalSet=true, expertiseSet=true, resetToken.len=0, tokenUsed=false, forgotPasswordRateLimited=false, forgotPasswordInfrastructureFailure=false, profileUpdateValid=true}
13:35:52.194 DEBUG [it] c.e.m.support.ApiClient - [POST http://localhost:8000/api/v1/auth/login] -> 200
13:35:52.205 DEBUG [it] c.e.m.support.ApiClient - [GET http://localhost:8000/api/v1/auth/me] -> 200
13:35:52.423 DEBUG [it] c.e.mbt.support.SafeUi - waitUntilVisible element=h1.findBy(text "Qu?n Tr? H? Th?ng") url=http://localhost:3000/admin/dashboard
13:35:52.488 DEBUG [it] c.e.mbt.support.SafeUi - waitUntilVisible element={#admin-filter-course-select} url=http://localhost:3000/admin/dashboard
13:35:52.525 DEBUG [it] c.e.mbt.support.SafeUi - waitUntilVisible element={#admin-filter-status-select} url=http://localhost:3000/admin/dashboard
13:35:52.963 INFO  [it] c.e.m.i.RegistrationImpl - [STEP] v_AdminRegistrationList | beforeAuth={isLoggedIn=true, currentRole=ADMIN, hasToken=true, emailExists=true, emailNotExists=true, passwordCorrect=true, passwordStrong=true, emailValid=true, studentMajorOrGoalSet=true, expertiseSet=true, resetToken.len=0, tokenUsed=false, forgotPasswordRateLimited=false, forgotPasswordInfrastructureFailure=false, profileUpdateValid=true}
13:35:53.165 DEBUG [it] c.e.m.support.ApiClient - [POST http://localhost:8000/api/v1/auth/login] -> 200
13:35:53.177 DEBUG [it] c.e.m.support.ApiClient - [GET http://localhost:8000/api/v1/auth/me] -> 200
13:35:53.400 DEBUG [it] c.e.mbt.support.SafeUi - waitUntilVisible element=h1.findBy(text "Qu?n Tr? H? Th?ng") url=http://localhost:3000/admin/dashboard
13:35:53.456 DEBUG [it] c.e.mbt.support.SafeUi - waitUntilVisible element={#admin-filter-course-select} url=http://localhost:3000/admin/dashboard
13:35:53.650 DEBUG [it] c.e.mbt.support.SafeUi - waitUntilVisible element={#admin-filter-status-select} url=http://localhost:3000/admin/dashboard
13:35:53.710 INFO  [it] c.e.m.r.AbstractGraphWalkerRunner - GraphWalker finished: errors=no
13:35:53.714 INFO  [it] c.e.m.r.AbstractGraphWalkerRunner - GraphWalker statistics [RegistrationImpl]: edgeCoverage=70% vertexCoverage=83% edges=7/10(3 unvisited) vertices=5/6(1 unvisited)
13:35:53.714 DEBUG [it] c.e.m.r.AbstractGraphWalkerRunner - GraphWalker statistics JSON:
{
  "totalFailedNumberOfModels": 0,
  "totalNotExecutedNumberOfModels": 0,
  "totalNumberOfUnvisitedVertices": 1,
  "verticesNotVisited": [{
    "modelName": "RegistrationModel",
    "vertexName": "v_CourseRegistrationNotAvailable",
    "vertexId": "v_CourseRegistrationNotAvailable"
  }],
  "totalNumberOfModels": 1,
  "totalCompletedNumberOfModels": 1,
  "totalNumberOfVisitedEdges": 7,
  "totalIncompleteNumberOfModels": 0,
  "edgesNotVisited": [
    {
      "modelName": "RegistrationModel",
      "edgeId": "e_RegNoSlot",
      "edgeName": "e_VerifyRegistrationNotAvailable"
    },
    {
      "modelName": "RegistrationModel",
      "edgeId": "e_FromClosedBack",
      "edgeName": "e_BackToOpenCourseForStudent"
    },
    {
      "modelName": "RegistrationModel",
      "edgeId": "e_Rej",
      "edgeName": "e_AdminReject"
    }
  ],
  "vertexCoverage": 83,
  "totalNumberOfEdges": 10,
  "totalNumberOfVisitedVertices": 5,
  "edgeCoverage": 70,
  "totalNumberOfVertices": 6,
  "totalNumberOfUnvisitedEdges": 3
}
13:35:53.716 INFO  [it] c.e.m.r.AbstractGraphWalkerRunner - GraphWalker statistics file: D:\TESTING\course\mbt-gw\target\graphwalker-reports\RegistrationImpl-20260423-133553-714.json
]]></system-err>
  </testcase>
</testsuite>