<?xml version="1.0" encoding="UTF-8"?>
<testsuite xmlns:xsi="http://www.w3.org/2001/XMLSchema-instance" xsi:noNamespaceSchemaLocation="https://maven.apache.org/surefire/maven-failsafe-plugin/xsd/failsafe-test-report-3.0.xsd" version="3.0" name="com.eduplatform.mbt.runners.AdminManagementRunner" time="63.616" tests="1" errors="0" skipped="0" failures="0">
  <properties>
[...]
</properties>
  <testcase name="runAdminManagementModel" classname="com.eduplatform.mbt.runners.AdminManagementRunner" time="60.928">
    <system-out><![CDATA[12:11:01.177 DEBUG [main] c.e.mbt.support.ApiClient - [POST http://localhost:8000/api/v1/auth/test/create-account-with-role?name=MBT+Admin&email=mbt.admin%40example.com&password=Passw0rd%21&role=ADMIN] -> 409
12:11:01.193 INFO  [main] c.e.mbt.support.TestDataSeeder - Ensured account: mbt.admin@example.com (ADMIN) -> 
12:11:01.220 DEBUG [main] c.e.mbt.support.ApiClient - [POST http://localhost:8000/api/v1/auth/test/create-account-with-role?name=MBT+Instructor&email=mbt.instructor%40example.com&password=Passw0rd%21&role=INSTRUCTOR] -> 409
12:11:01.221 INFO  [main] c.e.mbt.support.TestDataSeeder - Ensured account: mbt.instructor@example.com (INSTRUCTOR) -> 
12:11:01.244 DEBUG [main] c.e.mbt.support.ApiClient - [POST http://localhost:8000/api/v1/auth/test/create-account-with-role?name=MBT+Student&email=mbt.student%40example.com&password=Passw0rd%21&role=STUDENT] -> 409
12:11:01.245 INFO  [main] c.e.mbt.support.TestDataSeeder - Ensured account: mbt.student@example.com (STUDENT) -> 
12:11:01.269 DEBUG [main] c.e.mbt.support.ApiClient - [POST http://localhost:8000/api/v1/auth/test/create-account-with-role?name=MBT+Pending+Student&email=mbt-pending-student%40test.com&password=Passw0rd%21&role=STUDENT] -> 409
12:11:01.270 INFO  [main] c.e.mbt.support.TestDataSeeder - Ensured account: mbt-pending-student@test.com (STUDENT) -> 
12:11:01.295 DEBUG [main] c.e.mbt.support.ApiClient - [POST http://localhost:8000/api/v1/auth/test/create-account-with-role?name=MBT+Pending+Student+2&email=mbt-pending-student-2%40test.com&password=Passw0rd%21&role=STUDENT] -> 409
12:11:01.295 INFO  [main] c.e.mbt.support.TestDataSeeder - Ensured account: mbt-pending-student-2@test.com (STUDENT) -> 
12:11:01.383 DEBUG [main] c.e.mbt.support.ApiClient - [POST http://localhost:8000/api/v1/auth/login] -> 200
12:11:01.477 DEBUG [main] c.e.mbt.support.ApiClient - [POST http://localhost:8000/api/v1/admin/seed] -> 200
12:11:01.481 WARN  [main] c.e.mbt.support.TestDataSeeder - POST /admin/seed: no mbt_pending in data; trying POST /admin/seed/mbt-pending
12:11:01.494 DEBUG [main] c.e.mbt.support.ApiClient - [POST http://localhost:8000/api/v1/admin/seed/mbt-pending] -> 404
12:11:01.494 WARN  [main] c.e.mbt.support.TestDataSeeder - POST /admin/seed/mbt-pending: 404 (ch?a deploy). Th? POST /admin/seed/class-full-pending, sau ?ó GET /registrations?status=PENDING
12:11:01.500 DEBUG [main] c.e.mbt.support.ApiClient - [POST http://localhost:8000/api/v1/admin/seed/class-full-pending] -> 404
12:11:01.501 DEBUG [main] c.e.mbt.support.TestDataSeeder - class-full-pending response: {"detail":"Not Found"}
12:11:01.579 DEBUG [main] c.e.mbt.support.ApiClient - [GET http://localhost:8000/api/v1/registrations?status=PENDING] -> 200
12:11:01.579 INFO  [main] c.e.mbt.support.TestDataSeeder - Seeded demo courses and fixtures
12:11:01.602 INFO  [main] c.e.m.r.AbstractGraphWalkerRunner - Starting GraphWalker run for AdminManagementImpl
12:11:03.297 INFO  [main] c.e.m.r.AbstractGraphWalkerRunner - Model file: D:\TESTING\course\mbt-gw\target\test-classes\com\eduplatform\mbt\models\07_AdminManagementModel.json, generator: random(edge_coverage(100) || length(45))
12:11:07.143 INFO  [main] c.e.m.impl.AdminManagementImpl - [STEP] v_AdminDashboard | beforeAuth={isLoggedIn=false, currentRole=, hasToken=false, emailExists=true, emailNotExists=true, passwordCorrect=true, passwordStrong=true, emailValid=true, studentMajorOrGoalSet=true, expertiseSet=true, resetToken.len=0, tokenUsed=false, forgotPasswordRateLimited=false, forgotPasswordInfrastructureFailure=false, profileUpdateValid=true}
12:11:13.300 DEBUG [main] c.e.mbt.support.ApiClient - [POST http://localhost:8000/api/v1/auth/login] -> 200
12:11:13.335 DEBUG [main] c.e.mbt.support.ApiClient - [GET http://localhost:8000/api/v1/auth/me] -> 200
12:11:14.067 DEBUG [main] c.e.mbt.support.SafeUi - waitUntilVisible element=h1.findBy(text "Qu?n Tr? H? Th?ng") url=http://localhost:3000/admin/dashboard
12:11:14.214 DEBUG [main] c.e.mbt.support.SafeUi - waitUntilVisible element={#admin-filter-course-select} url=http://localhost:3000/admin/dashboard
12:11:14.474 DEBUG [main] c.e.mbt.support.SafeUi - waitUntilVisible element={#admin-filter-status-select} url=http://localhost:3000/admin/dashboard
12:11:14.538 DEBUG [main] c.e.mbt.support.ApiClient - [GET http://localhost:8000/api/v1/auth/me] -> 200
12:11:14.630 DEBUG [main] c.e.mbt.support.ApiClient - [GET http://localhost:8000/api/v1/registrations?status=PENDING] -> 200
12:11:14.754 DEBUG [main] c.e.mbt.support.ApiClient - [GET http://localhost:8000/api/v1/courses/17] -> 200
12:11:14.767 DEBUG [main] c.e.m.impl.AdminManagementImpl - syncAdminGuards: adminHasPending=true adminHasApprovablePending=true
12:11:14.788 DEBUG [main] c.e.mbt.support.ApiClient - [GET http://localhost:8000/api/v1/auth/me] -> 200
12:11:14.815 DEBUG [main] c.e.mbt.support.ApiClient - [GET http://localhost:8000/api/v1/registrations?status=PENDING] -> 200
12:11:14.817 DEBUG [main] c.e.m.impl.AdminManagementImpl - syncAdminGuards: adminHasPending=true adminHasApprovablePending=true
12:11:14.818 INFO  [main] o.g.c.g.SingletonRandomGenerator - Seed: 74754886028000
12:11:14.819 INFO  [main] c.e.m.impl.AdminManagementImpl - [STEP] e_FilterByStatus | beforeAuth={isLoggedIn=true, currentRole=ADMIN, hasToken=true, emailExists=true, emailNotExists=true, passwordCorrect=true, passwordStrong=true, emailValid=true, studentMajorOrGoalSet=true, expertiseSet=true, resetToken.len=0, tokenUsed=false, forgotPasswordRateLimited=false, forgotPasswordInfrastructureFailure=false, profileUpdateValid=true}
12:11:15.046 DEBUG [main] c.e.mbt.support.ApiClient - [POST http://localhost:8000/api/v1/auth/login] -> 200
12:11:15.058 DEBUG [main] c.e.mbt.support.ApiClient - [GET http://localhost:8000/api/v1/auth/me] -> 200
12:11:15.303 DEBUG [main] c.e.mbt.support.SafeUi - waitUntilVisible element=h1.findBy(text "Qu?n Tr? H? Th?ng") url=http://localhost:3000/admin/dashboard
12:11:15.392 DEBUG [main] c.e.mbt.support.SafeUi - waitUntilVisible element={#admin-filter-course-select} url=http://localhost:3000/admin/dashboard
12:11:15.441 DEBUG [main] c.e.mbt.support.SafeUi - waitUntilVisible element={#admin-filter-status-select} url=http://localhost:3000/admin/dashboard
12:11:15.623 DEBUG [main] c.e.mbt.support.ApiClient - [GET http://localhost:8000/api/v1/auth/me] -> 200
12:11:15.644 DEBUG [main] c.e.mbt.support.ApiClient - [GET http://localhost:8000/api/v1/registrations?status=PENDING] -> 200
12:11:15.645 DEBUG [main] c.e.m.impl.AdminManagementImpl - syncAdminGuards: adminHasPending=true adminHasApprovablePending=true
12:11:15.931 INFO  [main] c.e.m.impl.AdminManagementImpl - [STEP] v_AdminDashboard | beforeAuth={isLoggedIn=true, currentRole=ADMIN, hasToken=true, emailExists=true, emailNotExists=true, passwordCorrect=true, passwordStrong=true, emailValid=true, studentMajorOrGoalSet=true, expertiseSet=true, resetToken.len=0, tokenUsed=false, forgotPasswordRateLimited=false, forgotPasswordInfrastructureFailure=false, profileUpdateValid=true}
12:11:16.136 DEBUG [main] c.e.mbt.support.ApiClient - [POST http://localhost:8000/api/v1/auth/login] -> 200
12:11:16.149 DEBUG [main] c.e.mbt.support.ApiClient - [GET http://localhost:8000/api/v1/auth/me] -> 200
12:11:16.389 DEBUG [main] c.e.mbt.support.SafeUi - waitUntilVisible element=h1.findBy(text "Qu?n Tr? H? Th?ng") url=http://localhost:3000/admin/dashboard
12:11:16.550 DEBUG [main] c.e.mbt.support.SafeUi - waitUntilVisible element={#admin-filter-course-select} url=http://localhost:3000/admin/dashboard
12:11:16.582 DEBUG [main] c.e.mbt.support.SafeUi - waitUntilVisible element={#admin-filter-status-select} url=http://localhost:3000/admin/dashboard
12:11:16.624 DEBUG [main] c.e.mbt.support.ApiClient - [GET http://localhost:8000/api/v1/auth/me] -> 200
12:11:16.648 DEBUG [main] c.e.mbt.support.ApiClient - [GET http://localhost:8000/api/v1/registrations?status=PENDING] -> 200
12:11:16.649 DEBUG [main] c.e.m.impl.AdminManagementImpl - syncAdminGuards: adminHasPending=true adminHasApprovablePending=true
12:11:16.651 INFO  [main] c.e.m.impl.AdminManagementImpl - [STEP] e_FilterByStatus | beforeAuth={isLoggedIn=true, currentRole=ADMIN, hasToken=true, emailExists=true, emailNotExists=true, passwordCorrect=true, passwordStrong=true, emailValid=true, studentMajorOrGoalSet=true, expertiseSet=true, resetToken.len=0, tokenUsed=false, forgotPasswordRateLimited=false, forgotPasswordInfrastructureFailure=false, profileUpdateValid=true}
12:11:16.861 DEBUG [main] c.e.mbt.support.ApiClient - [POST http://localhost:8000/api/v1/auth/login] -> 200
12:11:16.878 DEBUG [main] c.e.mbt.support.ApiClient - [GET http://localhost:8000/api/v1/auth/me] -> 200
12:11:17.091 DEBUG [main] c.e.mbt.support.SafeUi - waitUntilVisible element=h1.findBy(text "Qu?n Tr? H? Th?ng") url=http://localhost:3000/admin/dashboard
12:11:17.161 DEBUG [main] c.e.mbt.support.SafeUi - waitUntilVisible element={#admin-filter-course-select} url=http://localhost:3000/admin/dashboard
12:11:17.201 DEBUG [main] c.e.mbt.support.SafeUi - waitUntilVisible element={#admin-filter-status-select} url=http://localhost:3000/admin/dashboard
12:11:17.369 DEBUG [main] c.e.mbt.support.ApiClient - [GET http://localhost:8000/api/v1/auth/me] -> 200
12:11:17.387 DEBUG [main] c.e.mbt.support.ApiClient - [GET http://localhost:8000/api/v1/registrations?status=PENDING] -> 200
12:11:17.388 DEBUG [main] c.e.m.impl.AdminManagementImpl - syncAdminGuards: adminHasPending=true adminHasApprovablePending=true
12:11:17.718 INFO  [main] c.e.m.impl.AdminManagementImpl - [STEP] v_AdminDashboard | beforeAuth={isLoggedIn=true, currentRole=ADMIN, hasToken=true, emailExists=true, emailNotExists=true, passwordCorrect=true, passwordStrong=true, emailValid=true, studentMajorOrGoalSet=true, expertiseSet=true, resetToken.len=0, tokenUsed=false, forgotPasswordRateLimited=false, forgotPasswordInfrastructureFailure=false, profileUpdateValid=true}
12:11:17.932 DEBUG [main] c.e.mbt.support.ApiClient - [POST http://localhost:8000/api/v1/auth/login] -> 200
12:11:17.941 DEBUG [main] c.e.mbt.support.ApiClient - [GET http://localhost:8000/api/v1/auth/me] -> 200
12:11:18.171 DEBUG [main] c.e.mbt.support.SafeUi - waitUntilVisible element=h1.findBy(text "Qu?n Tr? H? Th?ng") url=http://localhost:3000/admin/dashboard
12:11:18.264 DEBUG [main] c.e.mbt.support.SafeUi - waitUntilVisible element={#admin-filter-course-select} url=http://localhost:3000/admin/dashboard
12:11:18.297 DEBUG [main] c.e.mbt.support.SafeUi - waitUntilVisible element={#admin-filter-status-select} url=http://localhost:3000/admin/dashboard
12:11:18.407 DEBUG [main] c.e.mbt.support.ApiClient - [GET http://localhost:8000/api/v1/auth/me] -> 200
12:11:18.422 DEBUG [main] c.e.mbt.support.ApiClient - [GET http://localhost:8000/api/v1/registrations?status=PENDING] -> 200
12:11:18.423 DEBUG [main] c.e.m.impl.AdminManagementImpl - syncAdminGuards: adminHasPending=true adminHasApprovablePending=true
12:11:18.424 INFO  [main] c.e.m.impl.AdminManagementImpl - [STEP] e_FilterByCourse | beforeAuth={isLoggedIn=true, currentRole=ADMIN, hasToken=true, emailExists=true, emailNotExists=true, passwordCorrect=true, passwordStrong=true, emailValid=true, studentMajorOrGoalSet=true, expertiseSet=true, resetToken.len=0, tokenUsed=false, forgotPasswordRateLimited=false, forgotPasswordInfrastructureFailure=false, profileUpdateValid=true}
12:11:18.644 DEBUG [main] c.e.mbt.support.ApiClient - [POST http://localhost:8000/api/v1/auth/login] -> 200
12:11:18.664 DEBUG [main] c.e.mbt.support.ApiClient - [GET http://localhost:8000/api/v1/auth/me] -> 200
12:11:18.879 DEBUG [main] c.e.mbt.support.SafeUi - waitUntilVisible element=h1.findBy(text "Qu?n Tr? H? Th?ng") url=http://localhost:3000/admin/dashboard
12:11:18.952 DEBUG [main] c.e.mbt.support.SafeUi - waitUntilVisible element={#admin-filter-course-select} url=http://localhost:3000/admin/dashboard
12:11:18.991 DEBUG [main] c.e.mbt.support.SafeUi - waitUntilVisible element={#admin-filter-status-select} url=http://localhost:3000/admin/dashboard
12:11:19.315 DEBUG [main] c.e.mbt.support.ApiClient - [GET http://localhost:8000/api/v1/auth/me] -> 200
12:11:19.330 DEBUG [main] c.e.mbt.support.ApiClient - [GET http://localhost:8000/api/v1/registrations?status=PENDING] -> 200
12:11:19.341 DEBUG [main] c.e.mbt.support.ApiClient - [GET http://localhost:8000/api/v1/courses/17] -> 200
12:11:19.341 DEBUG [main] c.e.m.impl.AdminManagementImpl - syncAdminGuards: adminHasPending=true adminHasApprovablePending=true
12:11:19.652 INFO  [main] c.e.m.impl.AdminManagementImpl - [STEP] v_AdminDashboard | beforeAuth={isLoggedIn=true, currentRole=ADMIN, hasToken=true, emailExists=true, emailNotExists=true, passwordCorrect=true, passwordStrong=true, emailValid=true, studentMajorOrGoalSet=true, expertiseSet=true, resetToken.len=0, tokenUsed=false, forgotPasswordRateLimited=false, forgotPasswordInfrastructureFailure=false, profileUpdateValid=true}
12:11:19.851 DEBUG [main] c.e.mbt.support.ApiClient - [POST http://localhost:8000/api/v1/auth/login] -> 200
12:11:19.866 DEBUG [main] c.e.mbt.support.ApiClient - [GET http://localhost:8000/api/v1/auth/me] -> 200
12:11:20.174 DEBUG [main] c.e.mbt.support.SafeUi - waitUntilVisible element=h1.findBy(text "Qu?n Tr? H? Th?ng") url=http://localhost:3000/admin/dashboard
12:11:20.251 DEBUG [main] c.e.mbt.support.SafeUi - waitUntilVisible element={#admin-filter-course-select} url=http://localhost:3000/admin/dashboard
12:11:20.426 DEBUG [main] c.e.mbt.support.SafeUi - waitUntilVisible element={#admin-filter-status-select} url=http://localhost:3000/admin/dashboard
12:11:20.468 DEBUG [main] c.e.mbt.support.ApiClient - [GET http://localhost:8000/api/v1/auth/me] -> 200
12:11:20.483 DEBUG [main] c.e.mbt.support.ApiClient - [GET http://localhost:8000/api/v1/registrations?status=PENDING] -> 200
12:11:20.484 DEBUG [main] c.e.m.impl.AdminManagementImpl - syncAdminGuards: adminHasPending=true adminHasApprovablePending=true
12:11:20.485 INFO  [main] c.e.m.impl.AdminManagementImpl - [STEP] e_FilterByCourse | beforeAuth={isLoggedIn=true, currentRole=ADMIN, hasToken=true, emailExists=true, emailNotExists=true, passwordCorrect=true, passwordStrong=true, emailValid=true, studentMajorOrGoalSet=true, expertiseSet=true, resetToken.len=0, tokenUsed=false, forgotPasswordRateLimited=false, forgotPasswordInfrastructureFailure=false, profileUpdateValid=true}
12:11:20.658 DEBUG [main] c.e.mbt.support.ApiClient - [POST http://localhost:8000/api/v1/auth/login] -> 200
12:11:20.667 DEBUG [main] c.e.mbt.support.ApiClient - [GET http://localhost:8000/api/v1/auth/me] -> 200
12:11:20.901 DEBUG [main] c.e.mbt.support.SafeUi - waitUntilVisible element=h1.findBy(text "Qu?n Tr? H? Th?ng") url=http://localhost:3000/admin/dashboard
12:11:20.963 DEBUG [main] c.e.mbt.support.SafeUi - waitUntilVisible element={#admin-filter-course-select} url=http://localhost:3000/admin/dashboard
12:11:21.053 DEBUG [main] c.e.mbt.support.SafeUi - waitUntilVisible element={#admin-filter-status-select} url=http://localhost:3000/admin/dashboard
12:11:21.170 DEBUG [main] c.e.mbt.support.ApiClient - [GET http://localhost:8000/api/v1/auth/me] -> 200
12:11:21.191 DEBUG [main] c.e.mbt.support.ApiClient - [GET http://localhost:8000/api/v1/registrations?status=PENDING] -> 200
12:11:21.195 DEBUG [main] c.e.m.impl.AdminManagementImpl - syncAdminGuards: adminHasPending=true adminHasApprovablePending=true
12:11:21.441 INFO  [main] c.e.m.impl.AdminManagementImpl - [STEP] v_AdminDashboard | beforeAuth={isLoggedIn=true, currentRole=ADMIN, hasToken=true, emailExists=true, emailNotExists=true, passwordCorrect=true, passwordStrong=true, emailValid=true, studentMajorOrGoalSet=true, expertiseSet=true, resetToken.len=0, tokenUsed=false, forgotPasswordRateLimited=false, forgotPasswordInfrastructureFailure=false, profileUpdateValid=true}
12:11:21.613 DEBUG [main] c.e.mbt.support.ApiClient - [POST http://localhost:8000/api/v1/auth/login] -> 200
12:11:21.625 DEBUG [main] c.e.mbt.support.ApiClient - [GET http://localhost:8000/api/v1/auth/me] -> 200
12:11:21.840 DEBUG [main] c.e.mbt.support.SafeUi - waitUntilVisible element=h1.findBy(text "Qu?n Tr? H? Th?ng") url=http://localhost:3000/admin/dashboard
12:11:21.911 DEBUG [main] c.e.mbt.support.SafeUi - waitUntilVisible element={#admin-filter-course-select} url=http://localhost:3000/admin/dashboard
12:11:21.961 DEBUG [main] c.e.mbt.support.SafeUi - waitUntilVisible element={#admin-filter-status-select} url=http://localhost:3000/admin/dashboard
12:11:22.104 DEBUG [main] c.e.mbt.support.ApiClient - [GET http://localhost:8000/api/v1/auth/me] -> 200
12:11:22.122 DEBUG [main] c.e.mbt.support.ApiClient - [GET http://localhost:8000/api/v1/registrations?status=PENDING] -> 200
12:11:22.123 DEBUG [main] c.e.m.impl.AdminManagementImpl - syncAdminGuards: adminHasPending=true adminHasApprovablePending=true
12:11:22.124 INFO  [main] c.e.m.impl.AdminManagementImpl - [STEP] e_ApproveWhenApprovable | beforeAuth={isLoggedIn=true, currentRole=ADMIN, hasToken=true, emailExists=true, emailNotExists=true, passwordCorrect=true, passwordStrong=true, emailValid=true, studentMajorOrGoalSet=true, expertiseSet=true, resetToken.len=0, tokenUsed=false, forgotPasswordRateLimited=false, forgotPasswordInfrastructureFailure=false, profileUpdateValid=true}
12:11:22.135 DEBUG [main] c.e.mbt.support.ApiClient - [GET http://localhost:8000/api/v1/auth/me] -> 200
12:11:22.159 DEBUG [main] c.e.mbt.support.ApiClient - [GET http://localhost:8000/api/v1/registrations?status=PENDING] -> 200
12:11:22.379 DEBUG [main] c.e.mbt.support.ApiClient - [POST http://localhost:8000/api/v1/auth/login] -> 200
12:11:22.393 DEBUG [main] c.e.mbt.support.ApiClient - [GET http://localhost:8000/api/v1/auth/me] -> 200
12:11:22.601 DEBUG [main] c.e.mbt.support.SafeUi - waitUntilVisible element=h1.findBy(text "Qu?n Tr? H? Th?ng") url=http://localhost:3000/admin/dashboard
12:11:22.687 DEBUG [main] c.e.mbt.support.SafeUi - waitUntilVisible element={#admin-filter-course-select} url=http://localhost:3000/admin/dashboard
12:11:22.815 DEBUG [main] c.e.mbt.support.SafeUi - waitUntilVisible element={#admin-filter-status-select} url=http://localhost:3000/admin/dashboard
12:11:22.845 DEBUG [main] c.e.mbt.support.SafeUi - waitUntilVisible element=h1.findBy(text "Qu?n Tr? H? Th?ng") url=http://localhost:3000/admin/dashboard
12:11:22.907 DEBUG [main] c.e.mbt.support.SafeUi - waitUntilVisible element={#admin-filter-course-select} url=http://localhost:3000/admin/dashboard
12:11:22.946 DEBUG [main] c.e.mbt.support.SafeUi - waitUntilVisible element={#admin-filter-status-select} url=http://localhost:3000/admin/dashboard
12:11:23.560 DEBUG [main] c.e.mbt.support.ApiClient - [GET http://localhost:8000/api/v1/registrations] -> 200
12:11:23.579 DEBUG [main] c.e.mbt.support.ApiClient - [GET http://localhost:8000/api/v1/courses/17] -> 200
12:11:23.787 DEBUG [main] c.e.mbt.support.ApiClient - [POST http://localhost:8000/api/v1/auth/login] -> 200
12:11:23.925 DEBUG [main] c.e.mbt.support.ApiClient - [GET http://localhost:8000/api/v1/registrations] -> 200
12:11:24.276 DEBUG [main] c.e.mbt.support.ApiClient - [POST http://localhost:8000/api/v1/auth/login] -> 200
12:11:24.443 DEBUG [main] c.e.mbt.support.ApiClient - [GET http://localhost:8000/api/v1/registrations] -> 200
12:11:24.448 INFO  [main] c.e.m.impl.AdminManagementImpl - e_ApproveWhenApprovable: reg 109 ? CONFIRMED
12:11:24.464 DEBUG [main] c.e.mbt.support.ApiClient - [GET http://localhost:8000/api/v1/auth/me] -> 200
12:11:24.480 DEBUG [main] c.e.mbt.support.ApiClient - [GET http://localhost:8000/api/v1/registrations?status=PENDING] -> 200
12:11:24.482 DEBUG [main] c.e.m.impl.AdminManagementImpl - syncAdminGuards: adminHasPending=false adminHasApprovablePending=false
12:11:24.788 INFO  [main] c.e.m.impl.AdminManagementImpl - [STEP] v_AdminDashboard | beforeAuth={isLoggedIn=true, currentRole=ADMIN, hasToken=true, emailExists=true, emailNotExists=true, passwordCorrect=true, passwordStrong=true, emailValid=true, studentMajorOrGoalSet=true, expertiseSet=true, resetToken.len=0, tokenUsed=false, forgotPasswordRateLimited=false, forgotPasswordInfrastructureFailure=false, profileUpdateValid=true}
12:11:25.017 DEBUG [main] c.e.mbt.support.ApiClient - [POST http://localhost:8000/api/v1/auth/login] -> 200
12:11:25.032 DEBUG [main] c.e.mbt.support.ApiClient - [GET http://localhost:8000/api/v1/auth/me] -> 200
12:11:25.363 DEBUG [main] c.e.mbt.support.SafeUi - waitUntilVisible element=h1.findBy(text "Qu?n Tr? H? Th?ng") url=http://localhost:3000/admin/dashboard
12:11:25.450 DEBUG [main] c.e.mbt.support.SafeUi - waitUntilVisible element={#admin-filter-course-select} url=http://localhost:3000/admin/dashboard
12:11:25.666 DEBUG [main] c.e.mbt.support.SafeUi - waitUntilVisible element={#admin-filter-status-select} url=http://localhost:3000/admin/dashboard
12:11:25.719 DEBUG [main] c.e.mbt.support.ApiClient - [GET http://localhost:8000/api/v1/auth/me] -> 200
12:11:25.742 DEBUG [main] c.e.mbt.support.ApiClient - [GET http://localhost:8000/api/v1/registrations?status=PENDING] -> 200
12:11:25.744 DEBUG [main] c.e.m.impl.AdminManagementImpl - syncAdminGuards: adminHasPending=false adminHasApprovablePending=false
12:11:25.744 INFO  [main] c.e.m.impl.AdminManagementImpl - [STEP] e_BulkWhenEmpty | beforeAuth={isLoggedIn=true, currentRole=ADMIN, hasToken=true, emailExists=true, emailNotExists=true, passwordCorrect=true, passwordStrong=true, emailValid=true, studentMajorOrGoalSet=true, expertiseSet=true, resetToken.len=0, tokenUsed=false, forgotPasswordRateLimited=false, forgotPasswordInfrastructureFailure=false, profileUpdateValid=true}
12:11:25.972 DEBUG [main] c.e.mbt.support.ApiClient - [POST http://localhost:8000/api/v1/auth/login] -> 200
12:11:25.991 DEBUG [main] c.e.mbt.support.ApiClient - [GET http://localhost:8000/api/v1/auth/me] -> 200
12:11:26.247 DEBUG [main] c.e.mbt.support.SafeUi - waitUntilVisible element=h1.findBy(text "Qu?n Tr? H? Th?ng") url=http://localhost:3000/admin/dashboard
12:11:26.319 DEBUG [main] c.e.mbt.support.SafeUi - waitUntilVisible element={#admin-filter-course-select} url=http://localhost:3000/admin/dashboard
12:11:26.347 DEBUG [main] c.e.mbt.support.SafeUi - waitUntilVisible element={#admin-filter-status-select} url=http://localhost:3000/admin/dashboard
12:11:26.643 DEBUG [main] c.e.mbt.support.SafeUi - waitUntilVisible element=h1.findBy(text "Qu?n Tr? H? Th?ng") url=http://localhost:3000/admin/dashboard
12:11:26.713 DEBUG [main] c.e.mbt.support.SafeUi - waitUntilVisible element={#admin-filter-course-select} url=http://localhost:3000/admin/dashboard
12:11:26.758 DEBUG [main] c.e.mbt.support.SafeUi - waitUntilVisible element={#admin-filter-status-select} url=http://localhost:3000/admin/dashboard
12:11:27.161 INFO  [main] c.e.m.impl.AdminManagementImpl - [STEP] v_VerifyNoPendingRow | beforeAuth={isLoggedIn=true, currentRole=ADMIN, hasToken=true, emailExists=true, emailNotExists=true, passwordCorrect=true, passwordStrong=true, emailValid=true, studentMajorOrGoalSet=true, expertiseSet=true, resetToken.len=0, tokenUsed=false, forgotPasswordRateLimited=false, forgotPasswordInfrastructureFailure=false, profileUpdateValid=true}
12:11:27.410 DEBUG [main] c.e.mbt.support.ApiClient - [POST http://localhost:8000/api/v1/auth/login] -> 200
12:11:27.424 DEBUG [main] c.e.mbt.support.ApiClient - [GET http://localhost:8000/api/v1/auth/me] -> 200
12:11:27.663 DEBUG [main] c.e.mbt.support.SafeUi - waitUntilVisible element=h1.findBy(text "Qu?n Tr? H? Th?ng") url=http://localhost:3000/admin/dashboard
12:11:27.731 DEBUG [main] c.e.mbt.support.SafeUi - waitUntilVisible element={#admin-filter-course-select} url=http://localhost:3000/admin/dashboard
12:11:27.767 DEBUG [main] c.e.mbt.support.SafeUi - waitUntilVisible element={#admin-filter-status-select} url=http://localhost:3000/admin/dashboard
12:11:27.932 DEBUG [main] c.e.mbt.support.ApiClient - [GET http://localhost:8000/api/v1/auth/me] -> 200
12:11:27.948 DEBUG [main] c.e.mbt.support.ApiClient - [GET http://localhost:8000/api/v1/registrations?status=PENDING] -> 200
12:11:27.950 DEBUG [main] c.e.m.impl.AdminManagementImpl - syncAdminGuards: adminHasPending=false adminHasApprovablePending=false
12:11:27.974 DEBUG [main] c.e.mbt.support.ApiClient - [POST http://localhost:8000/api/v1/auth/login] -> 200
12:11:27.990 DEBUG [main] c.e.mbt.support.ApiClient - [GET http://localhost:8000/api/v1/registrations?status=PENDING] -> 200
12:11:28.177 DEBUG [main] c.e.mbt.support.SafeUi - waitUntilVisible element=h1.findBy(text "Qu?n Tr? H? Th?ng") url=http://localhost:3000/admin/dashboard
12:11:28.261 DEBUG [main] c.e.mbt.support.SafeUi - waitUntilVisible element={#admin-filter-course-select} url=http://localhost:3000/admin/dashboard
12:11:28.297 DEBUG [main] c.e.mbt.support.SafeUi - waitUntilVisible element={#admin-filter-status-select} url=http://localhost:3000/admin/dashboard
12:11:28.506 INFO  [main] c.e.m.impl.AdminManagementImpl - [STEP] e_AfterVerifyNoRow | beforeAuth={isLoggedIn=true, currentRole=ADMIN, hasToken=true, emailExists=true, emailNotExists=true, passwordCorrect=true, passwordStrong=true, emailValid=true, studentMajorOrGoalSet=true, expertiseSet=true, resetToken.len=0, tokenUsed=false, forgotPasswordRateLimited=false, forgotPasswordInfrastructureFailure=false, profileUpdateValid=true}
12:11:28.709 DEBUG [main] c.e.mbt.support.ApiClient - [POST http://localhost:8000/api/v1/auth/login] -> 200
12:11:28.718 DEBUG [main] c.e.mbt.support.ApiClient - [GET http://localhost:8000/api/v1/auth/me] -> 200
12:11:28.929 DEBUG [main] c.e.mbt.support.SafeUi - waitUntilVisible element=h1.findBy(text "Qu?n Tr? H? Th?ng") url=http://localhost:3000/admin/dashboard
12:11:29.011 DEBUG [main] c.e.mbt.support.SafeUi - waitUntilVisible element={#admin-filter-course-select} url=http://localhost:3000/admin/dashboard
12:11:29.051 DEBUG [main] c.e.mbt.support.SafeUi - waitUntilVisible element={#admin-filter-status-select} url=http://localhost:3000/admin/dashboard
12:11:29.277 DEBUG [main] c.e.mbt.support.ApiClient - [GET http://localhost:8000/api/v1/auth/me] -> 200
12:11:29.304 DEBUG [main] c.e.mbt.support.ApiClient - [GET http://localhost:8000/api/v1/registrations?status=PENDING] -> 200
12:11:29.307 DEBUG [main] c.e.m.impl.AdminManagementImpl - syncAdminGuards: adminHasPending=false adminHasApprovablePending=false
12:11:29.576 INFO  [main] c.e.m.impl.AdminManagementImpl - [STEP] v_AdminDashboard | beforeAuth={isLoggedIn=true, currentRole=ADMIN, hasToken=true, emailExists=true, emailNotExists=true, passwordCorrect=true, passwordStrong=true, emailValid=true, studentMajorOrGoalSet=true, expertiseSet=true, resetToken.len=0, tokenUsed=false, forgotPasswordRateLimited=false, forgotPasswordInfrastructureFailure=false, profileUpdateValid=true}
12:11:29.837 DEBUG [main] c.e.mbt.support.ApiClient - [POST http://localhost:8000/api/v1/auth/login] -> 200
12:11:29.854 DEBUG [main] c.e.mbt.support.ApiClient - [GET http://localhost:8000/api/v1/auth/me] -> 200
12:11:30.194 DEBUG [main] c.e.mbt.support.SafeUi - waitUntilVisible element=h1.findBy(text "Qu?n Tr? H? Th?ng") url=http://localhost:3000/admin/dashboard
12:11:30.388 DEBUG [main] c.e.mbt.support.SafeUi - waitUntilVisible element={#admin-filter-course-select} url=http://localhost:3000/admin/dashboard
12:11:30.646 DEBUG [main] c.e.mbt.support.SafeUi - waitUntilVisible element={#admin-filter-status-select} url=http://localhost:3000/admin/dashboard
12:11:30.737 DEBUG [main] c.e.mbt.support.ApiClient - [GET http://localhost:8000/api/v1/auth/me] -> 200
12:11:30.766 DEBUG [main] c.e.mbt.support.ApiClient - [GET http://localhost:8000/api/v1/registrations?status=PENDING] -> 200
12:11:30.768 DEBUG [main] c.e.m.impl.AdminManagementImpl - syncAdminGuards: adminHasPending=false adminHasApprovablePending=false
12:11:30.802 DEBUG [main] c.e.mbt.support.ApiClient - [GET http://localhost:8000/api/v1/auth/me] -> 200
12:11:30.828 DEBUG [main] c.e.mbt.support.ApiClient - [GET http://localhost:8000/api/v1/registrations?status=PENDING] -> 200
12:11:30.829 DEBUG [main] c.e.m.impl.AdminManagementImpl - syncAdminGuards: adminHasPending=false adminHasApprovablePending=false
12:11:30.847 DEBUG [main] c.e.mbt.support.ApiClient - [GET http://localhost:8000/api/v1/auth/me] -> 200
12:11:30.872 DEBUG [main] c.e.mbt.support.ApiClient - [GET http://localhost:8000/api/v1/registrations?status=PENDING] -> 200
12:11:30.874 DEBUG [main] c.e.m.impl.AdminManagementImpl - syncAdminGuards: adminHasPending=false adminHasApprovablePending=false
12:11:30.875 INFO  [main] c.e.m.impl.AdminManagementImpl - [STEP] e_FilterByStatus | beforeAuth={isLoggedIn=true, currentRole=ADMIN, hasToken=true, emailExists=true, emailNotExists=true, passwordCorrect=true, passwordStrong=true, emailValid=true, studentMajorOrGoalSet=true, expertiseSet=true, resetToken.len=0, tokenUsed=false, forgotPasswordRateLimited=false, forgotPasswordInfrastructureFailure=false, profileUpdateValid=true}
12:11:31.222 DEBUG [main] c.e.mbt.support.ApiClient - [POST http://localhost:8000/api/v1/auth/login] -> 200
12:11:31.240 DEBUG [main] c.e.mbt.support.ApiClient - [GET http://localhost:8000/api/v1/auth/me] -> 200
12:11:31.641 DEBUG [main] c.e.mbt.support.SafeUi - waitUntilVisible element=h1.findBy(text "Qu?n Tr? H? Th?ng") url=http://localhost:3000/admin/dashboard
12:11:31.820 DEBUG [main] c.e.mbt.support.SafeUi - waitUntilVisible element={#admin-filter-course-select} url=http://localhost:3000/admin/dashboard
12:11:31.852 DEBUG [main] c.e.mbt.support.SafeUi - waitUntilVisible element={#admin-filter-status-select} url=http://localhost:3000/admin/dashboard
12:11:31.945 DEBUG [main] c.e.mbt.support.ApiClient - [GET http://localhost:8000/api/v1/auth/me] -> 200
12:11:31.966 DEBUG [main] c.e.mbt.support.ApiClient - [GET http://localhost:8000/api/v1/registrations?status=PENDING] -> 200
12:11:31.966 DEBUG [main] c.e.m.impl.AdminManagementImpl - syncAdminGuards: adminHasPending=false adminHasApprovablePending=false
12:11:32.211 INFO  [main] c.e.m.impl.AdminManagementImpl - [STEP] v_AdminDashboard | beforeAuth={isLoggedIn=true, currentRole=ADMIN, hasToken=true, emailExists=true, emailNotExists=true, passwordCorrect=true, passwordStrong=true, emailValid=true, studentMajorOrGoalSet=true, expertiseSet=true, resetToken.len=0, tokenUsed=false, forgotPasswordRateLimited=false, forgotPasswordInfrastructureFailure=false, profileUpdateValid=true}
12:11:32.712 DEBUG [main] c.e.mbt.support.ApiClient - [POST http://localhost:8000/api/v1/auth/login] -> 200
12:11:32.728 DEBUG [main] c.e.mbt.support.ApiClient - [GET http://localhost:8000/api/v1/auth/me] -> 200
12:11:33.527 DEBUG [main] c.e.mbt.support.SafeUi - waitUntilVisible element=h1.findBy(text "Qu?n Tr? H? Th?ng") url=http://localhost:3000/admin/dashboard
12:11:33.754 DEBUG [main] c.e.mbt.support.SafeUi - waitUntilVisible element={#admin-filter-course-select} url=http://localhost:3000/admin/dashboard
12:11:33.784 DEBUG [main] c.e.mbt.support.SafeUi - waitUntilVisible element={#admin-filter-status-select} url=http://localhost:3000/admin/dashboard
12:11:33.826 DEBUG [main] c.e.mbt.support.ApiClient - [GET http://localhost:8000/api/v1/auth/me] -> 200
12:11:33.841 DEBUG [main] c.e.mbt.support.ApiClient - [GET http://localhost:8000/api/v1/registrations?status=PENDING] -> 200
12:11:33.841 DEBUG [main] c.e.m.impl.AdminManagementImpl - syncAdminGuards: adminHasPending=false adminHasApprovablePending=false
12:11:33.841 INFO  [main] c.e.m.impl.AdminManagementImpl - [STEP] e_RejectWhenNothing | beforeAuth={isLoggedIn=true, currentRole=ADMIN, hasToken=true, emailExists=true, emailNotExists=true, passwordCorrect=true, passwordStrong=true, emailValid=true, studentMajorOrGoalSet=true, expertiseSet=true, resetToken.len=0, tokenUsed=false, forgotPasswordRateLimited=false, forgotPasswordInfrastructureFailure=false, profileUpdateValid=true}
12:11:34.146 DEBUG [main] c.e.mbt.support.ApiClient - [POST http://localhost:8000/api/v1/auth/login] -> 200
12:11:34.164 DEBUG [main] c.e.mbt.support.ApiClient - [GET http://localhost:8000/api/v1/auth/me] -> 200
12:11:34.829 DEBUG [main] c.e.mbt.support.SafeUi - waitUntilVisible element=h1.findBy(text "Qu?n Tr? H? Th?ng") url=http://localhost:3000/admin/dashboard
12:11:34.925 DEBUG [main] c.e.mbt.support.SafeUi - waitUntilVisible element={#admin-filter-course-select} url=http://localhost:3000/admin/dashboard
12:11:34.952 DEBUG [main] c.e.mbt.support.SafeUi - waitUntilVisible element={#admin-filter-status-select} url=http://localhost:3000/admin/dashboard
12:11:35.231 DEBUG [main] c.e.mbt.support.SafeUi - waitUntilVisible element=h1.findBy(text "Qu?n Tr? H? Th?ng") url=http://localhost:3000/admin/dashboard
12:11:35.304 DEBUG [main] c.e.mbt.support.SafeUi - waitUntilVisible element={#admin-filter-course-select} url=http://localhost:3000/admin/dashboard
12:11:35.349 DEBUG [main] c.e.mbt.support.SafeUi - waitUntilVisible element={#admin-filter-status-select} url=http://localhost:3000/admin/dashboard
12:11:35.860 INFO  [main] c.e.m.impl.AdminManagementImpl - [STEP] v_VerifyNoPendingRow | beforeAuth={isLoggedIn=true, currentRole=ADMIN, hasToken=true, emailExists=true, emailNotExists=true, passwordCorrect=true, passwordStrong=true, emailValid=true, studentMajorOrGoalSet=true, expertiseSet=true, resetToken.len=0, tokenUsed=false, forgotPasswordRateLimited=false, forgotPasswordInfrastructureFailure=false, profileUpdateValid=true}
12:11:36.056 DEBUG [main] c.e.mbt.support.ApiClient - [POST http://localhost:8000/api/v1/auth/login] -> 200
12:11:36.066 DEBUG [main] c.e.mbt.support.ApiClient - [GET http://localhost:8000/api/v1/auth/me] -> 200
12:11:36.255 DEBUG [main] c.e.mbt.support.SafeUi - waitUntilVisible element=h1.findBy(text "Qu?n Tr? H? Th?ng") url=http://localhost:3000/admin/dashboard
12:11:36.522 DEBUG [main] c.e.mbt.support.SafeUi - waitUntilVisible element={#admin-filter-course-select} url=http://localhost:3000/admin/dashboard
12:11:36.685 DEBUG [main] c.e.mbt.support.SafeUi - waitUntilVisible element={#admin-filter-status-select} url=http://localhost:3000/admin/dashboard
12:11:36.711 DEBUG [main] c.e.mbt.support.ApiClient - [GET http://localhost:8000/api/v1/auth/me] -> 200
12:11:36.721 DEBUG [main] c.e.mbt.support.ApiClient - [GET http://localhost:8000/api/v1/registrations?status=PENDING] -> 200
12:11:36.722 DEBUG [main] c.e.m.impl.AdminManagementImpl - syncAdminGuards: adminHasPending=false adminHasApprovablePending=false
12:11:36.741 DEBUG [main] c.e.mbt.support.ApiClient - [POST http://localhost:8000/api/v1/auth/login] -> 200
12:11:36.755 DEBUG [main] c.e.mbt.support.ApiClient - [GET http://localhost:8000/api/v1/registrations?status=PENDING] -> 200
12:11:36.919 DEBUG [main] c.e.mbt.support.SafeUi - waitUntilVisible element=h1.findBy(text "Qu?n Tr? H? Th?ng") url=http://localhost:3000/admin/dashboard
12:11:37.018 DEBUG [main] c.e.mbt.support.SafeUi - waitUntilVisible element={#admin-filter-course-select} url=http://localhost:3000/admin/dashboard
12:11:37.065 DEBUG [main] c.e.mbt.support.SafeUi - waitUntilVisible element={#admin-filter-status-select} url=http://localhost:3000/admin/dashboard
12:11:37.206 INFO  [main] c.e.m.impl.AdminManagementImpl - [STEP] e_AfterVerifyNoRow | beforeAuth={isLoggedIn=true, currentRole=ADMIN, hasToken=true, emailExists=true, emailNotExists=true, passwordCorrect=true, passwordStrong=true, emailValid=true, studentMajorOrGoalSet=true, expertiseSet=true, resetToken.len=0, tokenUsed=false, forgotPasswordRateLimited=false, forgotPasswordInfrastructureFailure=false, profileUpdateValid=true}
12:11:37.396 DEBUG [main] c.e.mbt.support.ApiClient - [POST http://localhost:8000/api/v1/auth/login] -> 200
12:11:37.405 DEBUG [main] c.e.mbt.support.ApiClient - [GET http://localhost:8000/api/v1/auth/me] -> 200
12:11:37.602 DEBUG [main] c.e.mbt.support.SafeUi - waitUntilVisible element=h1.findBy(text "Qu?n Tr? H? Th?ng") url=http://localhost:3000/admin/dashboard
12:11:37.704 DEBUG [main] c.e.mbt.support.SafeUi - waitUntilVisible element={#admin-filter-course-select} url=http://localhost:3000/admin/dashboard
12:11:37.821 DEBUG [main] c.e.mbt.support.SafeUi - waitUntilVisible element={#admin-filter-status-select} url=http://localhost:3000/admin/dashboard
12:11:37.854 DEBUG [main] c.e.mbt.support.ApiClient - [GET http://localhost:8000/api/v1/auth/me] -> 200
12:11:37.868 DEBUG [main] c.e.mbt.support.ApiClient - [GET http://localhost:8000/api/v1/registrations?status=PENDING] -> 200
12:11:37.868 DEBUG [main] c.e.m.impl.AdminManagementImpl - syncAdminGuards: adminHasPending=false adminHasApprovablePending=false
12:11:38.071 INFO  [main] c.e.m.impl.AdminManagementImpl - [STEP] v_AdminDashboard | beforeAuth={isLoggedIn=true, currentRole=ADMIN, hasToken=true, emailExists=true, emailNotExists=true, passwordCorrect=true, passwordStrong=true, emailValid=true, studentMajorOrGoalSet=true, expertiseSet=true, resetToken.len=0, tokenUsed=false, forgotPasswordRateLimited=false, forgotPasswordInfrastructureFailure=false, profileUpdateValid=true}
12:11:38.228 DEBUG [main] c.e.mbt.support.ApiClient - [POST http://localhost:8000/api/v1/auth/login] -> 200
12:11:38.239 DEBUG [main] c.e.mbt.support.ApiClient - [GET http://localhost:8000/api/v1/auth/me] -> 200
12:11:38.451 DEBUG [main] c.e.mbt.support.SafeUi - waitUntilVisible element=h1.findBy(text "Qu?n Tr? H? Th?ng") url=http://localhost:3000/admin/dashboard
12:11:38.528 DEBUG [main] c.e.mbt.support.SafeUi - waitUntilVisible element={#admin-filter-course-select} url=http://localhost:3000/admin/dashboard
12:11:38.559 DEBUG [main] c.e.mbt.support.SafeUi - waitUntilVisible element={#admin-filter-status-select} url=http://localhost:3000/admin/dashboard
12:11:38.654 DEBUG [main] c.e.mbt.support.ApiClient - [GET http://localhost:8000/api/v1/auth/me] -> 200
12:11:38.667 DEBUG [main] c.e.mbt.support.ApiClient - [GET http://localhost:8000/api/v1/registrations?status=PENDING] -> 200
12:11:38.668 DEBUG [main] c.e.m.impl.AdminManagementImpl - syncAdminGuards: adminHasPending=false adminHasApprovablePending=false
12:11:38.668 INFO  [main] c.e.m.impl.AdminManagementImpl - [STEP] e_FilterByCourse | beforeAuth={isLoggedIn=true, currentRole=ADMIN, hasToken=true, emailExists=true, emailNotExists=true, passwordCorrect=true, passwordStrong=true, emailValid=true, studentMajorOrGoalSet=true, expertiseSet=true, resetToken.len=0, tokenUsed=false, forgotPasswordRateLimited=false, forgotPasswordInfrastructureFailure=false, profileUpdateValid=true}
12:11:38.840 DEBUG [main] c.e.mbt.support.ApiClient - [POST http://localhost:8000/api/v1/auth/login] -> 200
12:11:38.849 DEBUG [main] c.e.mbt.support.ApiClient - [GET http://localhost:8000/api/v1/auth/me] -> 200
12:11:39.077 DEBUG [main] c.e.mbt.support.SafeUi - waitUntilVisible element=h1.findBy(text "Qu?n Tr? H? Th?ng") url=http://localhost:3000/admin/dashboard
12:11:39.182 DEBUG [main] c.e.mbt.support.SafeUi - waitUntilVisible element={#admin-filter-course-select} url=http://localhost:3000/admin/dashboard
12:11:39.318 DEBUG [main] c.e.mbt.support.SafeUi - waitUntilVisible element={#admin-filter-status-select} url=http://localhost:3000/admin/dashboard
12:11:39.391 DEBUG [main] c.e.mbt.support.ApiClient - [GET http://localhost:8000/api/v1/auth/me] -> 200
12:11:39.404 DEBUG [main] c.e.mbt.support.ApiClient - [GET http://localhost:8000/api/v1/registrations?status=PENDING] -> 200
12:11:39.405 DEBUG [main] c.e.m.impl.AdminManagementImpl - syncAdminGuards: adminHasPending=false adminHasApprovablePending=false
12:11:39.662 INFO  [main] c.e.m.impl.AdminManagementImpl - [STEP] v_AdminDashboard | beforeAuth={isLoggedIn=true, currentRole=ADMIN, hasToken=true, emailExists=true, emailNotExists=true, passwordCorrect=true, passwordStrong=true, emailValid=true, studentMajorOrGoalSet=true, expertiseSet=true, resetToken.len=0, tokenUsed=false, forgotPasswordRateLimited=false, forgotPasswordInfrastructureFailure=false, profileUpdateValid=true}
12:11:39.857 DEBUG [main] c.e.mbt.support.ApiClient - [POST http://localhost:8000/api/v1/auth/login] -> 200
12:11:39.869 DEBUG [main] c.e.mbt.support.ApiClient - [GET http://localhost:8000/api/v1/auth/me] -> 200
12:11:40.072 DEBUG [main] c.e.mbt.support.SafeUi - waitUntilVisible element=h1.findBy(text "Qu?n Tr? H? Th?ng") url=http://localhost:3000/admin/dashboard
12:11:40.151 DEBUG [main] c.e.mbt.support.SafeUi - waitUntilVisible element={#admin-filter-course-select} url=http://localhost:3000/admin/dashboard
12:11:40.186 DEBUG [main] c.e.mbt.support.SafeUi - waitUntilVisible element={#admin-filter-status-select} url=http://localhost:3000/admin/dashboard
12:11:40.301 DEBUG [main] c.e.mbt.support.ApiClient - [GET http://localhost:8000/api/v1/auth/me] -> 200
12:11:40.316 DEBUG [main] c.e.mbt.support.ApiClient - [GET http://localhost:8000/api/v1/registrations?status=PENDING] -> 200
12:11:40.316 DEBUG [main] c.e.m.impl.AdminManagementImpl - syncAdminGuards: adminHasPending=false adminHasApprovablePending=false
12:11:40.317 INFO  [main] c.e.m.impl.AdminManagementImpl - [STEP] e_SkipApproveNoPending | beforeAuth={isLoggedIn=true, currentRole=ADMIN, hasToken=true, emailExists=true, emailNotExists=true, passwordCorrect=true, passwordStrong=true, emailValid=true, studentMajorOrGoalSet=true, expertiseSet=true, resetToken.len=0, tokenUsed=false, forgotPasswordRateLimited=false, forgotPasswordInfrastructureFailure=false, profileUpdateValid=true}
12:11:40.563 DEBUG [main] c.e.mbt.support.ApiClient - [POST http://localhost:8000/api/v1/auth/login] -> 200
12:11:40.577 DEBUG [main] c.e.mbt.support.ApiClient - [GET http://localhost:8000/api/v1/auth/me] -> 200
12:11:40.837 DEBUG [main] c.e.mbt.support.SafeUi - waitUntilVisible element=h1.findBy(text "Qu?n Tr? H? Th?ng") url=http://localhost:3000/admin/dashboard
12:11:40.887 DEBUG [main] c.e.mbt.support.SafeUi - waitUntilVisible element={#admin-filter-course-select} url=http://localhost:3000/admin/dashboard
12:11:41.000 DEBUG [main] c.e.mbt.support.SafeUi - waitUntilVisible element={#admin-filter-status-select} url=http://localhost:3000/admin/dashboard
12:11:41.211 DEBUG [main] c.e.mbt.support.SafeUi - waitUntilVisible element=h1.findBy(text "Qu?n Tr? H? Th?ng") url=http://localhost:3000/admin/dashboard
12:11:41.276 DEBUG [main] c.e.mbt.support.SafeUi - waitUntilVisible element={#admin-filter-course-select} url=http://localhost:3000/admin/dashboard
12:11:41.312 DEBUG [main] c.e.mbt.support.SafeUi - waitUntilVisible element={#admin-filter-status-select} url=http://localhost:3000/admin/dashboard
12:11:41.804 INFO  [main] c.e.m.impl.AdminManagementImpl - [STEP] v_VerifyNoPendingRow | beforeAuth={isLoggedIn=true, currentRole=ADMIN, hasToken=true, emailExists=true, emailNotExists=true, passwordCorrect=true, passwordStrong=true, emailValid=true, studentMajorOrGoalSet=true, expertiseSet=true, resetToken.len=0, tokenUsed=false, forgotPasswordRateLimited=false, forgotPasswordInfrastructureFailure=false, profileUpdateValid=true}
12:11:42.048 DEBUG [main] c.e.mbt.support.ApiClient - [POST http://localhost:8000/api/v1/auth/login] -> 200
12:11:42.068 DEBUG [main] c.e.mbt.support.ApiClient - [GET http://localhost:8000/api/v1/auth/me] -> 200
12:11:42.401 DEBUG [main] c.e.mbt.support.SafeUi - waitUntilVisible element=h1.findBy(text "Qu?n Tr? H? Th?ng") url=http://localhost:3000/admin/dashboard
12:11:42.453 DEBUG [main] c.e.mbt.support.SafeUi - waitUntilVisible element={#admin-filter-course-select} url=http://localhost:3000/admin/dashboard
12:11:42.485 DEBUG [main] c.e.mbt.support.SafeUi - waitUntilVisible element={#admin-filter-status-select} url=http://localhost:3000/admin/dashboard
12:11:42.530 DEBUG [main] c.e.mbt.support.ApiClient - [GET http://localhost:8000/api/v1/auth/me] -> 200
12:11:42.547 DEBUG [main] c.e.mbt.support.ApiClient - [GET http://localhost:8000/api/v1/registrations?status=PENDING] -> 200
12:11:42.548 DEBUG [main] c.e.m.impl.AdminManagementImpl - syncAdminGuards: adminHasPending=false adminHasApprovablePending=false
12:11:42.572 DEBUG [main] c.e.mbt.support.ApiClient - [POST http://localhost:8000/api/v1/auth/login] -> 200
12:11:42.585 DEBUG [main] c.e.mbt.support.ApiClient - [GET http://localhost:8000/api/v1/registrations?status=PENDING] -> 200
12:11:42.804 DEBUG [main] c.e.mbt.support.SafeUi - waitUntilVisible element=h1.findBy(text "Qu?n Tr? H? Th?ng") url=http://localhost:3000/admin/dashboard
12:11:42.860 DEBUG [main] c.e.mbt.support.SafeUi - waitUntilVisible element={#admin-filter-course-select} url=http://localhost:3000/admin/dashboard
12:11:42.895 DEBUG [main] c.e.mbt.support.SafeUi - waitUntilVisible element={#admin-filter-status-select} url=http://localhost:3000/admin/dashboard
12:11:43.096 INFO  [main] c.e.m.impl.AdminManagementImpl - [STEP] e_AfterVerifyNoRow | beforeAuth={isLoggedIn=true, currentRole=ADMIN, hasToken=true, emailExists=true, emailNotExists=true, passwordCorrect=true, passwordStrong=true, emailValid=true, studentMajorOrGoalSet=true, expertiseSet=true, resetToken.len=0, tokenUsed=false, forgotPasswordRateLimited=false, forgotPasswordInfrastructureFailure=false, profileUpdateValid=true}
12:11:43.366 DEBUG [main] c.e.mbt.support.ApiClient - [POST http://localhost:8000/api/v1/auth/login] -> 200
12:11:43.378 DEBUG [main] c.e.mbt.support.ApiClient - [GET http://localhost:8000/api/v1/auth/me] -> 200
12:11:43.668 DEBUG [main] c.e.mbt.support.SafeUi - waitUntilVisible element=h1.findBy(text "Qu?n Tr? H? Th?ng") url=http://localhost:3000/admin/dashboard
12:11:43.735 DEBUG [main] c.e.mbt.support.SafeUi - waitUntilVisible element={#admin-filter-course-select} url=http://localhost:3000/admin/dashboard
12:11:43.774 DEBUG [main] c.e.mbt.support.SafeUi - waitUntilVisible element={#admin-filter-status-select} url=http://localhost:3000/admin/dashboard
12:11:44.012 DEBUG [main] c.e.mbt.support.ApiClient - [GET http://localhost:8000/api/v1/auth/me] -> 200
12:11:44.050 DEBUG [main] c.e.mbt.support.ApiClient - [GET http://localhost:8000/api/v1/registrations?status=PENDING] -> 200
12:11:44.051 DEBUG [main] c.e.m.impl.AdminManagementImpl - syncAdminGuards: adminHasPending=false adminHasApprovablePending=false
12:11:44.337 INFO  [main] c.e.m.impl.AdminManagementImpl - [STEP] v_AdminDashboard | beforeAuth={isLoggedIn=true, currentRole=ADMIN, hasToken=true, emailExists=true, emailNotExists=true, passwordCorrect=true, passwordStrong=true, emailValid=true, studentMajorOrGoalSet=true, expertiseSet=true, resetToken.len=0, tokenUsed=false, forgotPasswordRateLimited=false, forgotPasswordInfrastructureFailure=false, profileUpdateValid=true}
12:11:44.492 DEBUG [main] c.e.mbt.support.ApiClient - [POST http://localhost:8000/api/v1/auth/login] -> 200
12:11:44.501 DEBUG [main] c.e.mbt.support.ApiClient - [GET http://localhost:8000/api/v1/auth/me] -> 200
12:11:44.670 DEBUG [main] c.e.mbt.support.SafeUi - waitUntilVisible element=h1.findBy(text "Qu?n Tr? H? Th?ng") url=http://localhost:3000/admin/dashboard
12:11:44.731 DEBUG [main] c.e.mbt.support.SafeUi - waitUntilVisible element={#admin-filter-course-select} url=http://localhost:3000/admin/dashboard
12:11:44.769 DEBUG [main] c.e.mbt.support.SafeUi - waitUntilVisible element={#admin-filter-status-select} url=http://localhost:3000/admin/dashboard
12:11:44.894 DEBUG [main] c.e.mbt.support.ApiClient - [GET http://localhost:8000/api/v1/auth/me] -> 200
12:11:44.908 DEBUG [main] c.e.mbt.support.ApiClient - [GET http://localhost:8000/api/v1/registrations?status=PENDING] -> 200
12:11:44.908 DEBUG [main] c.e.m.impl.AdminManagementImpl - syncAdminGuards: adminHasPending=false adminHasApprovablePending=false
12:11:44.909 INFO  [main] c.e.m.impl.AdminManagementImpl - [STEP] e_FilterByCourse | beforeAuth={isLoggedIn=true, currentRole=ADMIN, hasToken=true, emailExists=true, emailNotExists=true, passwordCorrect=true, passwordStrong=true, emailValid=true, studentMajorOrGoalSet=true, expertiseSet=true, resetToken.len=0, tokenUsed=false, forgotPasswordRateLimited=false, forgotPasswordInfrastructureFailure=false, profileUpdateValid=true}
12:11:45.087 DEBUG [main] c.e.mbt.support.ApiClient - [POST http://localhost:8000/api/v1/auth/login] -> 200
12:11:45.098 DEBUG [main] c.e.mbt.support.ApiClient - [GET http://localhost:8000/api/v1/auth/me] -> 200
12:11:45.321 DEBUG [main] c.e.mbt.support.SafeUi - waitUntilVisible element=h1.findBy(text "Qu?n Tr? H? Th?ng") url=http://localhost:3000/admin/dashboard
12:11:45.415 DEBUG [main] c.e.mbt.support.SafeUi - waitUntilVisible element={#admin-filter-course-select} url=http://localhost:3000/admin/dashboard
12:11:45.524 DEBUG [main] c.e.mbt.support.SafeUi - waitUntilVisible element={#admin-filter-status-select} url=http://localhost:3000/admin/dashboard
12:11:45.607 DEBUG [main] c.e.mbt.support.ApiClient - [GET http://localhost:8000/api/v1/auth/me] -> 200
12:11:45.618 DEBUG [main] c.e.mbt.support.ApiClient - [GET http://localhost:8000/api/v1/registrations?status=PENDING] -> 200
12:11:45.619 DEBUG [main] c.e.m.impl.AdminManagementImpl - syncAdminGuards: adminHasPending=false adminHasApprovablePending=false
12:11:45.853 INFO  [main] c.e.m.impl.AdminManagementImpl - [STEP] v_AdminDashboard | beforeAuth={isLoggedIn=true, currentRole=ADMIN, hasToken=true, emailExists=true, emailNotExists=true, passwordCorrect=true, passwordStrong=true, emailValid=true, studentMajorOrGoalSet=true, expertiseSet=true, resetToken.len=0, tokenUsed=false, forgotPasswordRateLimited=false, forgotPasswordInfrastructureFailure=false, profileUpdateValid=true}
12:11:46.078 DEBUG [main] c.e.mbt.support.ApiClient - [POST http://localhost:8000/api/v1/auth/login] -> 200
12:11:46.090 DEBUG [main] c.e.mbt.support.ApiClient - [GET http://localhost:8000/api/v1/auth/me] -> 200
12:11:46.292 DEBUG [main] c.e.mbt.support.SafeUi - waitUntilVisible element=h1.findBy(text "Qu?n Tr? H? Th?ng") url=http://localhost:3000/admin/dashboard
12:11:46.364 DEBUG [main] c.e.mbt.support.SafeUi - waitUntilVisible element={#admin-filter-course-select} url=http://localhost:3000/admin/dashboard
12:11:46.403 DEBUG [main] c.e.mbt.support.SafeUi - waitUntilVisible element={#admin-filter-status-select} url=http://localhost:3000/admin/dashboard
12:11:46.451 DEBUG [main] c.e.mbt.support.ApiClient - [GET http://localhost:8000/api/v1/auth/me] -> 200
12:11:46.468 DEBUG [main] c.e.mbt.support.ApiClient - [GET http://localhost:8000/api/v1/registrations?status=PENDING] -> 200
12:11:46.469 DEBUG [main] c.e.m.impl.AdminManagementImpl - syncAdminGuards: adminHasPending=false adminHasApprovablePending=false
12:11:46.469 INFO  [main] c.e.m.impl.AdminManagementImpl - [STEP] e_FilterByStatus | beforeAuth={isLoggedIn=true, currentRole=ADMIN, hasToken=true, emailExists=true, emailNotExists=true, passwordCorrect=true, passwordStrong=true, emailValid=true, studentMajorOrGoalSet=true, expertiseSet=true, resetToken.len=0, tokenUsed=false, forgotPasswordRateLimited=false, forgotPasswordInfrastructureFailure=false, profileUpdateValid=true}
12:11:46.696 DEBUG [main] c.e.mbt.support.ApiClient - [POST http://localhost:8000/api/v1/auth/login] -> 200
12:11:46.707 DEBUG [main] c.e.mbt.support.ApiClient - [GET http://localhost:8000/api/v1/auth/me] -> 200
12:11:46.917 DEBUG [main] c.e.mbt.support.SafeUi - waitUntilVisible element=h1.findBy(text "Qu?n Tr? H? Th?ng") url=http://localhost:3000/admin/dashboard
12:11:46.974 DEBUG [main] c.e.mbt.support.SafeUi - waitUntilVisible element={#admin-filter-course-select} url=http://localhost:3000/admin/dashboard
12:11:47.003 DEBUG [main] c.e.mbt.support.SafeUi - waitUntilVisible element={#admin-filter-status-select} url=http://localhost:3000/admin/dashboard
12:11:47.131 DEBUG [main] c.e.mbt.support.ApiClient - [GET http://localhost:8000/api/v1/auth/me] -> 200
12:11:47.143 DEBUG [main] c.e.mbt.support.ApiClient - [GET http://localhost:8000/api/v1/registrations?status=PENDING] -> 200
12:11:47.143 DEBUG [main] c.e.m.impl.AdminManagementImpl - syncAdminGuards: adminHasPending=false adminHasApprovablePending=false
12:11:47.434 INFO  [main] c.e.m.impl.AdminManagementImpl - [STEP] v_AdminDashboard | beforeAuth={isLoggedIn=true, currentRole=ADMIN, hasToken=true, emailExists=true, emailNotExists=true, passwordCorrect=true, passwordStrong=true, emailValid=true, studentMajorOrGoalSet=true, expertiseSet=true, resetToken.len=0, tokenUsed=false, forgotPasswordRateLimited=false, forgotPasswordInfrastructureFailure=false, profileUpdateValid=true}
12:11:47.595 DEBUG [main] c.e.mbt.support.ApiClient - [POST http://localhost:8000/api/v1/auth/login] -> 200
12:11:47.603 DEBUG [main] c.e.mbt.support.ApiClient - [GET http://localhost:8000/api/v1/auth/me] -> 200
12:11:47.782 DEBUG [main] c.e.mbt.support.SafeUi - waitUntilVisible element=h1.findBy(text "Qu?n Tr? H? Th?ng") url=http://localhost:3000/admin/dashboard
12:11:47.843 DEBUG [main] c.e.mbt.support.SafeUi - waitUntilVisible element={#admin-filter-course-select} url=http://localhost:3000/admin/dashboard
12:11:47.880 DEBUG [main] c.e.mbt.support.SafeUi - waitUntilVisible element={#admin-filter-status-select} url=http://localhost:3000/admin/dashboard
12:11:47.979 DEBUG [main] c.e.mbt.support.ApiClient - [GET http://localhost:8000/api/v1/auth/me] -> 200
12:11:47.989 DEBUG [main] c.e.mbt.support.ApiClient - [GET http://localhost:8000/api/v1/registrations?status=PENDING] -> 200
12:11:47.990 DEBUG [main] c.e.m.impl.AdminManagementImpl - syncAdminGuards: adminHasPending=false adminHasApprovablePending=false
12:11:47.990 INFO  [main] c.e.m.impl.AdminManagementImpl - [STEP] e_RejectWhenNothing | beforeAuth={isLoggedIn=true, currentRole=ADMIN, hasToken=true, emailExists=true, emailNotExists=true, passwordCorrect=true, passwordStrong=true, emailValid=true, studentMajorOrGoalSet=true, expertiseSet=true, resetToken.len=0, tokenUsed=false, forgotPasswordRateLimited=false, forgotPasswordInfrastructureFailure=false, profileUpdateValid=true}
12:11:48.189 DEBUG [main] c.e.mbt.support.ApiClient - [POST http://localhost:8000/api/v1/auth/login] -> 200
12:11:48.204 DEBUG [main] c.e.mbt.support.ApiClient - [GET http://localhost:8000/api/v1/auth/me] -> 200
12:11:48.416 DEBUG [main] c.e.mbt.support.SafeUi - waitUntilVisible element=h1.findBy(text "Qu?n Tr? H? Th?ng") url=http://localhost:3000/admin/dashboard
12:11:48.512 DEBUG [main] c.e.mbt.support.SafeUi - waitUntilVisible element={#admin-filter-course-select} url=http://localhost:3000/admin/dashboard
12:11:48.616 DEBUG [main] c.e.mbt.support.SafeUi - waitUntilVisible element={#admin-filter-status-select} url=http://localhost:3000/admin/dashboard
12:11:48.807 DEBUG [main] c.e.mbt.support.SafeUi - waitUntilVisible element=h1.findBy(text "Qu?n Tr? H? Th?ng") url=http://localhost:3000/admin/dashboard
12:11:48.874 DEBUG [main] c.e.mbt.support.SafeUi - waitUntilVisible element={#admin-filter-course-select} url=http://localhost:3000/admin/dashboard
12:11:48.916 DEBUG [main] c.e.mbt.support.SafeUi - waitUntilVisible element={#admin-filter-status-select} url=http://localhost:3000/admin/dashboard
12:11:49.413 INFO  [main] c.e.m.impl.AdminManagementImpl - [STEP] v_VerifyNoPendingRow | beforeAuth={isLoggedIn=true, currentRole=ADMIN, hasToken=true, emailExists=true, emailNotExists=true, passwordCorrect=true, passwordStrong=true, emailValid=true, studentMajorOrGoalSet=true, expertiseSet=true, resetToken.len=0, tokenUsed=false, forgotPasswordRateLimited=false, forgotPasswordInfrastructureFailure=false, profileUpdateValid=true}
12:11:49.593 DEBUG [main] c.e.mbt.support.ApiClient - [POST http://localhost:8000/api/v1/auth/login] -> 200
12:11:49.601 DEBUG [main] c.e.mbt.support.ApiClient - [GET http://localhost:8000/api/v1/auth/me] -> 200
12:11:49.812 DEBUG [main] c.e.mbt.support.SafeUi - waitUntilVisible element=h1.findBy(text "Qu?n Tr? H? Th?ng") url=http://localhost:3000/admin/dashboard
12:11:49.860 DEBUG [main] c.e.mbt.support.SafeUi - waitUntilVisible element={#admin-filter-course-select} url=http://localhost:3000/admin/dashboard
12:11:49.888 DEBUG [main] c.e.mbt.support.SafeUi - waitUntilVisible element={#admin-filter-status-select} url=http://localhost:3000/admin/dashboard
12:11:49.926 DEBUG [main] c.e.mbt.support.ApiClient - [GET http://localhost:8000/api/v1/auth/me] -> 200
12:11:49.939 DEBUG [main] c.e.mbt.support.ApiClient - [GET http://localhost:8000/api/v1/registrations?status=PENDING] -> 200
12:11:49.940 DEBUG [main] c.e.m.impl.AdminManagementImpl - syncAdminGuards: adminHasPending=false adminHasApprovablePending=false
12:11:49.963 DEBUG [main] c.e.mbt.support.ApiClient - [POST http://localhost:8000/api/v1/auth/login] -> 200
12:11:49.978 DEBUG [main] c.e.mbt.support.ApiClient - [GET http://localhost:8000/api/v1/registrations?status=PENDING] -> 200
12:11:50.205 DEBUG [main] c.e.mbt.support.SafeUi - waitUntilVisible element=h1.findBy(text "Qu?n Tr? H? Th?ng") url=http://localhost:3000/admin/dashboard
12:11:50.289 DEBUG [main] c.e.mbt.support.SafeUi - waitUntilVisible element={#admin-filter-course-select} url=http://localhost:3000/admin/dashboard
12:11:50.318 DEBUG [main] c.e.mbt.support.SafeUi - waitUntilVisible element={#admin-filter-status-select} url=http://localhost:3000/admin/dashboard
12:11:50.394 INFO  [main] c.e.m.impl.AdminManagementImpl - [STEP] e_AfterVerifyNoRow | beforeAuth={isLoggedIn=true, currentRole=ADMIN, hasToken=true, emailExists=true, emailNotExists=true, passwordCorrect=true, passwordStrong=true, emailValid=true, studentMajorOrGoalSet=true, expertiseSet=true, resetToken.len=0, tokenUsed=false, forgotPasswordRateLimited=false, forgotPasswordInfrastructureFailure=false, profileUpdateValid=true}
12:11:50.597 DEBUG [main] c.e.mbt.support.ApiClient - [POST http://localhost:8000/api/v1/auth/login] -> 200
12:11:50.608 DEBUG [main] c.e.mbt.support.ApiClient - [GET http://localhost:8000/api/v1/auth/me] -> 200
12:11:50.807 DEBUG [main] c.e.mbt.support.SafeUi - waitUntilVisible element=h1.findBy(text "Qu?n Tr? H? Th?ng") url=http://localhost:3000/admin/dashboard
12:11:50.880 DEBUG [main] c.e.mbt.support.SafeUi - waitUntilVisible element={#admin-filter-course-select} url=http://localhost:3000/admin/dashboard
12:11:50.932 DEBUG [main] c.e.mbt.support.SafeUi - waitUntilVisible element={#admin-filter-status-select} url=http://localhost:3000/admin/dashboard
12:11:51.111 DEBUG [main] c.e.mbt.support.ApiClient - [GET http://localhost:8000/api/v1/auth/me] -> 200
12:11:51.137 DEBUG [main] c.e.mbt.support.ApiClient - [GET http://localhost:8000/api/v1/registrations?status=PENDING] -> 200
12:11:51.139 DEBUG [main] c.e.m.impl.AdminManagementImpl - syncAdminGuards: adminHasPending=false adminHasApprovablePending=false
12:11:51.422 INFO  [main] c.e.m.impl.AdminManagementImpl - [STEP] v_AdminDashboard | beforeAuth={isLoggedIn=true, currentRole=ADMIN, hasToken=true, emailExists=true, emailNotExists=true, passwordCorrect=true, passwordStrong=true, emailValid=true, studentMajorOrGoalSet=true, expertiseSet=true, resetToken.len=0, tokenUsed=false, forgotPasswordRateLimited=false, forgotPasswordInfrastructureFailure=false, profileUpdateValid=true}
12:11:51.630 DEBUG [main] c.e.mbt.support.ApiClient - [POST http://localhost:8000/api/v1/auth/login] -> 200
12:11:51.641 DEBUG [main] c.e.mbt.support.ApiClient - [GET http://localhost:8000/api/v1/auth/me] -> 200
12:11:51.882 DEBUG [main] c.e.mbt.support.SafeUi - waitUntilVisible element=h1.findBy(text "Qu?n Tr? H? Th?ng") url=http://localhost:3000/admin/dashboard
12:11:51.976 DEBUG [main] c.e.mbt.support.SafeUi - waitUntilVisible element={#admin-filter-course-select} url=http://localhost:3000/admin/dashboard
12:11:52.005 DEBUG [main] c.e.mbt.support.SafeUi - waitUntilVisible element={#admin-filter-status-select} url=http://localhost:3000/admin/dashboard
12:11:52.456 DEBUG [main] c.e.mbt.support.ApiClient - [GET http://localhost:8000/api/v1/auth/me] -> 200
12:11:52.474 DEBUG [main] c.e.mbt.support.ApiClient - [GET http://localhost:8000/api/v1/registrations?status=PENDING] -> 200
12:11:52.474 DEBUG [main] c.e.m.impl.AdminManagementImpl - syncAdminGuards: adminHasPending=false adminHasApprovablePending=false
12:11:52.487 DEBUG [main] c.e.mbt.support.ApiClient - [GET http://localhost:8000/api/v1/auth/me] -> 200
12:11:52.501 DEBUG [main] c.e.mbt.support.ApiClient - [GET http://localhost:8000/api/v1/registrations?status=PENDING] -> 200
12:11:52.502 DEBUG [main] c.e.m.impl.AdminManagementImpl - syncAdminGuards: adminHasPending=false adminHasApprovablePending=false
12:11:52.502 INFO  [main] c.e.m.impl.AdminManagementImpl - [STEP] e_FilterByCourse | beforeAuth={isLoggedIn=true, currentRole=ADMIN, hasToken=true, emailExists=true, emailNotExists=true, passwordCorrect=true, passwordStrong=true, emailValid=true, studentMajorOrGoalSet=true, expertiseSet=true, resetToken.len=0, tokenUsed=false, forgotPasswordRateLimited=false, forgotPasswordInfrastructureFailure=false, profileUpdateValid=true}
12:11:52.701 DEBUG [main] c.e.mbt.support.ApiClient - [POST http://localhost:8000/api/v1/auth/login] -> 200
12:11:52.712 DEBUG [main] c.e.mbt.support.ApiClient - [GET http://localhost:8000/api/v1/auth/me] -> 200
12:11:53.125 DEBUG [main] c.e.mbt.support.SafeUi - waitUntilVisible element=h1.findBy(text "Qu?n Tr? H? Th?ng") url=http://localhost:3000/admin/dashboard
12:11:53.168 DEBUG [main] c.e.mbt.support.SafeUi - waitUntilVisible element={#admin-filter-course-select} url=http://localhost:3000/admin/dashboard
12:11:53.191 DEBUG [main] c.e.mbt.support.SafeUi - waitUntilVisible element={#admin-filter-status-select} url=http://localhost:3000/admin/dashboard
12:11:53.298 DEBUG [main] c.e.mbt.support.ApiClient - [GET http://localhost:8000/api/v1/auth/me] -> 200
12:11:53.341 DEBUG [main] c.e.mbt.support.ApiClient - [GET http://localhost:8000/api/v1/registrations?status=PENDING] -> 200
12:11:53.342 DEBUG [main] c.e.m.impl.AdminManagementImpl - syncAdminGuards: adminHasPending=false adminHasApprovablePending=false
12:11:53.667 INFO  [main] c.e.m.impl.AdminManagementImpl - [STEP] v_AdminDashboard | beforeAuth={isLoggedIn=true, currentRole=ADMIN, hasToken=true, emailExists=true, emailNotExists=true, passwordCorrect=true, passwordStrong=true, emailValid=true, studentMajorOrGoalSet=true, expertiseSet=true, resetToken.len=0, tokenUsed=false, forgotPasswordRateLimited=false, forgotPasswordInfrastructureFailure=false, profileUpdateValid=true}
12:11:53.888 DEBUG [main] c.e.mbt.support.ApiClient - [POST http://localhost:8000/api/v1/auth/login] -> 200
12:11:53.900 DEBUG [main] c.e.mbt.support.ApiClient - [GET http://localhost:8000/api/v1/auth/me] -> 200
12:11:54.172 DEBUG [main] c.e.mbt.support.SafeUi - waitUntilVisible element=h1.findBy(text "Qu?n Tr? H? Th?ng") url=http://localhost:3000/admin/dashboard
12:11:54.255 DEBUG [main] c.e.mbt.support.SafeUi - waitUntilVisible element={#admin-filter-course-select} url=http://localhost:3000/admin/dashboard
12:11:54.290 DEBUG [main] c.e.mbt.support.SafeUi - waitUntilVisible element={#admin-filter-status-select} url=http://localhost:3000/admin/dashboard
12:11:54.393 DEBUG [main] c.e.mbt.support.ApiClient - [GET http://localhost:8000/api/v1/auth/me] -> 200
12:11:54.408 DEBUG [main] c.e.mbt.support.ApiClient - [GET http://localhost:8000/api/v1/registrations?status=PENDING] -> 200
12:11:54.409 DEBUG [main] c.e.m.impl.AdminManagementImpl - syncAdminGuards: adminHasPending=false adminHasApprovablePending=false
12:11:54.409 INFO  [main] c.e.m.impl.AdminManagementImpl - [STEP] e_SkipApproveNoPending | beforeAuth={isLoggedIn=true, currentRole=ADMIN, hasToken=true, emailExists=true, emailNotExists=true, passwordCorrect=true, passwordStrong=true, emailValid=true, studentMajorOrGoalSet=true, expertiseSet=true, resetToken.len=0, tokenUsed=false, forgotPasswordRateLimited=false, forgotPasswordInfrastructureFailure=false, profileUpdateValid=true}
12:11:54.644 DEBUG [main] c.e.mbt.support.ApiClient - [POST http://localhost:8000/api/v1/auth/login] -> 200
12:11:54.657 DEBUG [main] c.e.mbt.support.ApiClient - [GET http://localhost:8000/api/v1/auth/me] -> 200
12:11:54.856 DEBUG [main] c.e.mbt.support.SafeUi - waitUntilVisible element=h1.findBy(text "Qu?n Tr? H? Th?ng") url=http://localhost:3000/admin/dashboard
12:11:54.922 DEBUG [main] c.e.mbt.support.SafeUi - waitUntilVisible element={#admin-filter-course-select} url=http://localhost:3000/admin/dashboard
12:11:54.959 DEBUG [main] c.e.mbt.support.SafeUi - waitUntilVisible element={#admin-filter-status-select} url=http://localhost:3000/admin/dashboard
12:11:55.276 DEBUG [main] c.e.mbt.support.SafeUi - waitUntilVisible element=h1.findBy(text "Qu?n Tr? H? Th?ng") url=http://localhost:3000/admin/dashboard
12:11:55.335 DEBUG [main] c.e.mbt.support.SafeUi - waitUntilVisible element={#admin-filter-course-select} url=http://localhost:3000/admin/dashboard
12:11:55.372 DEBUG [main] c.e.mbt.support.SafeUi - waitUntilVisible element={#admin-filter-status-select} url=http://localhost:3000/admin/dashboard
12:11:56.069 INFO  [main] c.e.m.impl.AdminManagementImpl - [STEP] v_VerifyNoPendingRow | beforeAuth={isLoggedIn=true, currentRole=ADMIN, hasToken=true, emailExists=true, emailNotExists=true, passwordCorrect=true, passwordStrong=true, emailValid=true, studentMajorOrGoalSet=true, expertiseSet=true, resetToken.len=0, tokenUsed=false, forgotPasswordRateLimited=false, forgotPasswordInfrastructureFailure=false, profileUpdateValid=true}
12:11:56.423 DEBUG [main] c.e.mbt.support.ApiClient - [POST http://localhost:8000/api/v1/auth/login] -> 200
12:11:56.438 DEBUG [main] c.e.mbt.support.ApiClient - [GET http://localhost:8000/api/v1/auth/me] -> 200
12:11:56.683 DEBUG [main] c.e.mbt.support.SafeUi - waitUntilVisible element=h1.findBy(text "Qu?n Tr? H? Th?ng") url=http://localhost:3000/admin/dashboard
12:11:56.780 DEBUG [main] c.e.mbt.support.SafeUi - waitUntilVisible element={#admin-filter-course-select} url=http://localhost:3000/admin/dashboard
12:11:56.822 DEBUG [main] c.e.mbt.support.SafeUi - waitUntilVisible element={#admin-filter-status-select} url=http://localhost:3000/admin/dashboard
12:11:56.943 DEBUG [main] c.e.mbt.support.ApiClient - [GET http://localhost:8000/api/v1/auth/me] -> 200
12:11:56.957 DEBUG [main] c.e.mbt.support.ApiClient - [GET http://localhost:8000/api/v1/registrations?status=PENDING] -> 200
12:11:56.958 DEBUG [main] c.e.m.impl.AdminManagementImpl - syncAdminGuards: adminHasPending=false adminHasApprovablePending=false
12:11:56.980 DEBUG [main] c.e.mbt.support.ApiClient - [POST http://localhost:8000/api/v1/auth/login] -> 200
12:11:56.997 DEBUG [main] c.e.mbt.support.ApiClient - [GET http://localhost:8000/api/v1/registrations?status=PENDING] -> 200
12:11:57.183 DEBUG [main] c.e.mbt.support.SafeUi - waitUntilVisible element=h1.findBy(text "Qu?n Tr? H? Th?ng") url=http://localhost:3000/admin/dashboard
12:11:57.252 DEBUG [main] c.e.mbt.support.SafeUi - waitUntilVisible element={#admin-filter-course-select} url=http://localhost:3000/admin/dashboard
12:11:57.282 DEBUG [main] c.e.mbt.support.SafeUi - waitUntilVisible element={#admin-filter-status-select} url=http://localhost:3000/admin/dashboard
12:11:57.484 INFO  [main] c.e.m.impl.AdminManagementImpl - [STEP] e_AfterVerifyNoRow | beforeAuth={isLoggedIn=true, currentRole=ADMIN, hasToken=true, emailExists=true, emailNotExists=true, passwordCorrect=true, passwordStrong=true, emailValid=true, studentMajorOrGoalSet=true, expertiseSet=true, resetToken.len=0, tokenUsed=false, forgotPasswordRateLimited=false, forgotPasswordInfrastructureFailure=false, profileUpdateValid=true}
12:11:57.686 DEBUG [main] c.e.mbt.support.ApiClient - [POST http://localhost:8000/api/v1/auth/login] -> 200
12:11:57.696 DEBUG [main] c.e.mbt.support.ApiClient - [GET http://localhost:8000/api/v1/auth/me] -> 200
12:11:57.943 DEBUG [main] c.e.mbt.support.SafeUi - waitUntilVisible element=h1.findBy(text "Qu?n Tr? H? Th?ng") url=http://localhost:3000/admin/dashboard
12:11:58.022 DEBUG [main] c.e.mbt.support.SafeUi - waitUntilVisible element={#admin-filter-course-select} url=http://localhost:3000/admin/dashboard
12:11:58.069 DEBUG [main] c.e.mbt.support.SafeUi - waitUntilVisible element={#admin-filter-status-select} url=http://localhost:3000/admin/dashboard
12:11:58.228 DEBUG [main] c.e.mbt.support.ApiClient - [GET http://localhost:8000/api/v1/auth/me] -> 200
12:11:58.243 DEBUG [main] c.e.mbt.support.ApiClient - [GET http://localhost:8000/api/v1/registrations?status=PENDING] -> 200
12:11:58.244 DEBUG [main] c.e.m.impl.AdminManagementImpl - syncAdminGuards: adminHasPending=false adminHasApprovablePending=false
12:11:58.467 INFO  [main] c.e.m.impl.AdminManagementImpl - [STEP] v_AdminDashboard | beforeAuth={isLoggedIn=true, currentRole=ADMIN, hasToken=true, emailExists=true, emailNotExists=true, passwordCorrect=true, passwordStrong=true, emailValid=true, studentMajorOrGoalSet=true, expertiseSet=true, resetToken.len=0, tokenUsed=false, forgotPasswordRateLimited=false, forgotPasswordInfrastructureFailure=false, profileUpdateValid=true}
12:11:58.675 DEBUG [main] c.e.mbt.support.ApiClient - [POST http://localhost:8000/api/v1/auth/login] -> 200
12:11:58.689 DEBUG [main] c.e.mbt.support.ApiClient - [GET http://localhost:8000/api/v1/auth/me] -> 200
12:11:59.107 DEBUG [main] c.e.mbt.support.SafeUi - waitUntilVisible element=h1.findBy(text "Qu?n Tr? H? Th?ng") url=http://localhost:3000/admin/dashboard
12:11:59.377 DEBUG [main] c.e.mbt.support.SafeUi - waitUntilVisible element={#admin-filter-course-select} url=http://localhost:3000/admin/dashboard
12:11:59.412 DEBUG [main] c.e.mbt.support.SafeUi - waitUntilVisible element={#admin-filter-status-select} url=http://localhost:3000/admin/dashboard
12:11:59.442 DEBUG [main] c.e.mbt.support.ApiClient - [GET http://localhost:8000/api/v1/auth/me] -> 200
12:11:59.453 DEBUG [main] c.e.mbt.support.ApiClient - [GET http://localhost:8000/api/v1/registrations?status=PENDING] -> 200
12:11:59.453 DEBUG [main] c.e.m.impl.AdminManagementImpl - syncAdminGuards: adminHasPending=false adminHasApprovablePending=false
12:11:59.453 INFO  [main] c.e.m.impl.AdminManagementImpl - [STEP] e_FilterByCourse | beforeAuth={isLoggedIn=true, currentRole=ADMIN, hasToken=true, emailExists=true, emailNotExists=true, passwordCorrect=true, passwordStrong=true, emailValid=true, studentMajorOrGoalSet=true, expertiseSet=true, resetToken.len=0, tokenUsed=false, forgotPasswordRateLimited=false, forgotPasswordInfrastructureFailure=false, profileUpdateValid=true}
12:11:59.601 DEBUG [main] c.e.mbt.support.ApiClient - [POST http://localhost:8000/api/v1/auth/login] -> 200
12:11:59.611 DEBUG [main] c.e.mbt.support.ApiClient - [GET http://localhost:8000/api/v1/auth/me] -> 200
12:11:59.839 DEBUG [main] c.e.mbt.support.SafeUi - waitUntilVisible element=h1.findBy(text "Qu?n Tr? H? Th?ng") url=http://localhost:3000/admin/dashboard
12:11:59.906 DEBUG [main] c.e.mbt.support.SafeUi - waitUntilVisible element={#admin-filter-course-select} url=http://localhost:3000/admin/dashboard
12:11:59.946 DEBUG [main] c.e.mbt.support.SafeUi - waitUntilVisible element={#admin-filter-status-select} url=http://localhost:3000/admin/dashboard
12:12:00.110 DEBUG [main] c.e.mbt.support.ApiClient - [GET http://localhost:8000/api/v1/auth/me] -> 200
12:12:00.121 DEBUG [main] c.e.mbt.support.ApiClient - [GET http://localhost:8000/api/v1/registrations?status=PENDING] -> 200
12:12:00.122 DEBUG [main] c.e.m.impl.AdminManagementImpl - syncAdminGuards: adminHasPending=false adminHasApprovablePending=false
12:12:00.338 INFO  [main] c.e.m.impl.AdminManagementImpl - [STEP] v_AdminDashboard | beforeAuth={isLoggedIn=true, currentRole=ADMIN, hasToken=true, emailExists=true, emailNotExists=true, passwordCorrect=true, passwordStrong=true, emailValid=true, studentMajorOrGoalSet=true, expertiseSet=true, resetToken.len=0, tokenUsed=false, forgotPasswordRateLimited=false, forgotPasswordInfrastructureFailure=false, profileUpdateValid=true}
12:12:00.512 DEBUG [main] c.e.mbt.support.ApiClient - [POST http://localhost:8000/api/v1/auth/login] -> 200
12:12:00.526 DEBUG [main] c.e.mbt.support.ApiClient - [GET http://localhost:8000/api/v1/auth/me] -> 200
12:12:00.718 DEBUG [main] c.e.mbt.support.SafeUi - waitUntilVisible element=h1.findBy(text "Qu?n Tr? H? Th?ng") url=http://localhost:3000/admin/dashboard
12:12:00.771 DEBUG [main] c.e.mbt.support.SafeUi - waitUntilVisible element={#admin-filter-course-select} url=http://localhost:3000/admin/dashboard
12:12:00.798 DEBUG [main] c.e.mbt.support.SafeUi - waitUntilVisible element={#admin-filter-status-select} url=http://localhost:3000/admin/dashboard
12:12:00.836 DEBUG [main] c.e.mbt.support.ApiClient - [GET http://localhost:8000/api/v1/auth/me] -> 200
12:12:00.853 DEBUG [main] c.e.mbt.support.ApiClient - [GET http://localhost:8000/api/v1/registrations?status=PENDING] -> 200
12:12:00.854 DEBUG [main] c.e.m.impl.AdminManagementImpl - syncAdminGuards: adminHasPending=false adminHasApprovablePending=false
12:12:00.855 INFO  [main] c.e.m.impl.AdminManagementImpl - [STEP] e_FilterByCourse | beforeAuth={isLoggedIn=true, currentRole=ADMIN, hasToken=true, emailExists=true, emailNotExists=true, passwordCorrect=true, passwordStrong=true, emailValid=true, studentMajorOrGoalSet=true, expertiseSet=true, resetToken.len=0, tokenUsed=false, forgotPasswordRateLimited=false, forgotPasswordInfrastructureFailure=false, profileUpdateValid=true}
12:12:01.104 DEBUG [main] c.e.mbt.support.ApiClient - [POST http://localhost:8000/api/v1/auth/login] -> 200
12:12:01.112 DEBUG [main] c.e.mbt.support.ApiClient - [GET http://localhost:8000/api/v1/auth/me] -> 200
12:12:01.289 DEBUG [main] c.e.mbt.support.SafeUi - waitUntilVisible element=h1.findBy(text "Qu?n Tr? H? Th?ng") url=http://localhost:3000/admin/dashboard
12:12:01.367 DEBUG [main] c.e.mbt.support.SafeUi - waitUntilVisible element={#admin-filter-course-select} url=http://localhost:3000/admin/dashboard
12:12:01.403 DEBUG [main] c.e.mbt.support.SafeUi - waitUntilVisible element={#admin-filter-status-select} url=http://localhost:3000/admin/dashboard
12:12:01.559 DEBUG [main] c.e.mbt.support.ApiClient - [GET http://localhost:8000/api/v1/auth/me] -> 200
12:12:01.569 DEBUG [main] c.e.mbt.support.ApiClient - [GET http://localhost:8000/api/v1/registrations?status=PENDING] -> 200
12:12:01.570 DEBUG [main] c.e.m.impl.AdminManagementImpl - syncAdminGuards: adminHasPending=false adminHasApprovablePending=false
12:12:01.853 INFO  [main] c.e.m.impl.AdminManagementImpl - [STEP] v_AdminDashboard | beforeAuth={isLoggedIn=true, currentRole=ADMIN, hasToken=true, emailExists=true, emailNotExists=true, passwordCorrect=true, passwordStrong=true, emailValid=true, studentMajorOrGoalSet=true, expertiseSet=true, resetToken.len=0, tokenUsed=false, forgotPasswordRateLimited=false, forgotPasswordInfrastructureFailure=false, profileUpdateValid=true}
12:12:02.038 DEBUG [main] c.e.mbt.support.ApiClient - [POST http://localhost:8000/api/v1/auth/login] -> 200
12:12:02.051 DEBUG [main] c.e.mbt.support.ApiClient - [GET http://localhost:8000/api/v1/auth/me] -> 200
12:12:02.246 DEBUG [main] c.e.mbt.support.SafeUi - waitUntilVisible element=h1.findBy(text "Qu?n Tr? H? Th?ng") url=http://localhost:3000/admin/dashboard
12:12:02.305 DEBUG [main] c.e.mbt.support.SafeUi - waitUntilVisible element={#admin-filter-course-select} url=http://localhost:3000/admin/dashboard
12:12:02.338 DEBUG [main] c.e.mbt.support.SafeUi - waitUntilVisible element={#admin-filter-status-select} url=http://localhost:3000/admin/dashboard
12:12:02.367 DEBUG [main] c.e.mbt.support.ApiClient - [GET http://localhost:8000/api/v1/auth/me] -> 200
12:12:02.380 DEBUG [main] c.e.mbt.support.ApiClient - [GET http://localhost:8000/api/v1/registrations?status=PENDING] -> 200
12:12:02.381 DEBUG [main] c.e.m.impl.AdminManagementImpl - syncAdminGuards: adminHasPending=false adminHasApprovablePending=false
12:12:02.395 INFO  [main] c.e.m.r.AbstractGraphWalkerRunner - GraphWalker finished: errors=no
12:12:02.395 INFO  [main] c.e.m.r.AbstractGraphWalkerRunner - GraphWalker statistics [AdminManagementImpl]: edgeCoverage=58% vertexCoverage=50% edges=7/12(5 unvisited) vertices=2/4(2 unvisited)
12:12:02.395 DEBUG [main] c.e.m.r.AbstractGraphWalkerRunner - GraphWalker statistics JSON:
{
  "totalFailedNumberOfModels": 0,
  "totalNotExecutedNumberOfModels": 0,
  "totalNumberOfUnvisitedVertices": 2,
  "verticesNotVisited": [
    {
      "modelName": "AdminManagementModel",
      "vertexName": "v_BulkApproveResult",
      "vertexId": "v_BulkApproveResult"
    },
    {
      "modelName": "AdminManagementModel",
      "vertexName": "v_VerifyClassFullForApproval",
      "vertexId": "v_VerifyClassFullForApproval"
    }
  ],
  "totalNumberOfModels": 1,
  "totalCompletedNumberOfModels": 1,
  "totalNumberOfVisitedEdges": 7,
  "totalIncompleteNumberOfModels": 0,
  "edgesNotVisited": [
    {
      "modelName": "AdminManagementModel",
      "edgeId": "e_SkipApproveClassFull",
      "edgeName": "e_SkipApproveClassFull"
    },
    {
      "modelName": "AdminManagementModel",
      "edgeId": "e_BackFromVerifyFull",
      "edgeName": "e_AfterVerifyClassFull"
    },
    {
      "modelName": "AdminManagementModel",
      "edgeId": "e_RejectWhenPending",
      "edgeName": "e_RejectWhenPending"
    },
    {
      "modelName": "AdminManagementModel",
      "edgeId": "e_BulkWhenPending",
      "edgeName": "e_BulkWhenPending"
    },
    {
      "modelName": "AdminManagementModel",
      "edgeId": "e_DismissBulk",
      "edgeName": "e_DismissBulkMessage"
    }
  ],
  "vertexCoverage": 50,
  "totalNumberOfEdges": 12,
  "totalNumberOfVisitedVertices": 2,
  "edgeCoverage": 58,
  "totalNumberOfVertices": 4,
  "totalNumberOfUnvisitedEdges": 5
}
12:12:02.402 INFO  [main] c.e.m.r.AbstractGraphWalkerRunner - GraphWalker statistics file: D:\TESTING\course\mbt-gw\target\graphwalker-reports\AdminManagementImpl-20260423-121202-395.json
]]></system-out>
    <system-err><![CDATA[12:11:01.177 DEBUG [it] c.e.m.support.ApiClient - [POST http://localhost:8000/api/v1/auth/test/create-account-with-role?name=MBT+Admin&email=mbt.admin%40example.com&password=Passw0rd%21&role=ADMIN] -> 409
12:11:01.193 INFO  [it] c.e.m.s.TestDataSeeder - Ensured account: mbt.admin@example.com (ADMIN) -> 
12:11:01.220 DEBUG [it] c.e.m.support.ApiClient - [POST http://localhost:8000/api/v1/auth/test/create-account-with-role?name=MBT+Instructor&email=mbt.instructor%40example.com&password=Passw0rd%21&role=INSTRUCTOR] -> 409
12:11:01.221 INFO  [it] c.e.m.s.TestDataSeeder - Ensured account: mbt.instructor@example.com (INSTRUCTOR) -> 
12:11:01.244 DEBUG [it] c.e.m.support.ApiClient - [POST http://localhost:8000/api/v1/auth/test/create-account-with-role?name=MBT+Student&email=mbt.student%40example.com&password=Passw0rd%21&role=STUDENT] -> 409
12:11:01.245 INFO  [it] c.e.m.s.TestDataSeeder - Ensured account: mbt.student@example.com (STUDENT) -> 
12:11:01.269 DEBUG [it] c.e.m.support.ApiClient - [POST http://localhost:8000/api/v1/auth/test/create-account-with-role?name=MBT+Pending+Student&email=mbt-pending-student%40test.com&password=Passw0rd%21&role=STUDENT] -> 409
12:11:01.270 INFO  [it] c.e.m.s.TestDataSeeder - Ensured account: mbt-pending-student@test.com (STUDENT) -> 
12:11:01.295 DEBUG [it] c.e.m.support.ApiClient - [POST http://localhost:8000/api/v1/auth/test/create-account-with-role?name=MBT+Pending+Student+2&email=mbt-pending-student-2%40test.com&password=Passw0rd%21&role=STUDENT] -> 409
12:11:01.295 INFO  [it] c.e.m.s.TestDataSeeder - Ensured account: mbt-pending-student-2@test.com (STUDENT) -> 
12:11:01.383 DEBUG [it] c.e.m.support.ApiClient - [POST http://localhost:8000/api/v1/auth/login] -> 200
12:11:01.477 DEBUG [it] c.e.m.support.ApiClient - [POST http://localhost:8000/api/v1/admin/seed] -> 200
[...]
12:11:50.597 DEBUG [it] c.e.m.support.ApiClient - [POST http://localhost:8000/api/v1/auth/login] -> 200
12:11:50.608 DEBUG [it] c.e.m.support.ApiClient - [GET http://localhost:8000/api/v1/auth/me] -> 200
12:11:50.807 DEBUG [it] c.e.mbt.support.SafeUi - waitUntilVisible element=h1.findBy(text "Qu?n Tr? H? Th?ng") url=http://localhost:3000/admin/dashboard
12:11:50.880 DEBUG [it] c.e.mbt.support.SafeUi - waitUntilVisible element={#admin-filter-course-select} url=http://localhost:3000/admin/dashboard
12:11:50.932 DEBUG [it] c.e.mbt.support.SafeUi - waitUntilVisible element={#admin-filter-status-select} url=http://localhost:3000/admin/dashboard
12:11:51.111 DEBUG [it] c.e.m.support.ApiClient - [GET http://localhost:8000/api/v1/auth/me] -> 200
12:11:51.137 DEBUG [it] c.e.m.support.ApiClient - [GET http://localhost:8000/api/v1/registrations?status=PENDING] -> 200
12:11:51.139 DEBUG [it] c.e.m.i.AdminManagementImpl - syncAdminGuards: adminHasPending=false adminHasApprovablePending=false
12:11:51.422 INFO  [it] c.e.m.i.AdminManagementImpl - [STEP] v_AdminDashboard | beforeAuth={isLoggedIn=true, currentRole=ADMIN, hasToken=true, emailExists=true, emailNotExists=true, passwordCorrect=true, passwordStrong=true, emailValid=true, studentMajorOrGoalSet=true, expertiseSet=true, resetToken.len=0, tokenUsed=false, forgotPasswordRateLimited=false, forgotPasswordInfrastructureFailure=false, profileUpdateValid=true}
12:11:51.630 DEBUG [it] c.e.m.support.ApiClient - [POST http://localhost:8000/api/v1/auth/login] -> 200
12:11:51.641 DEBUG [it] c.e.m.support.ApiClient - [GET http://localhost:8000/api/v1/auth/me] -> 200
12:11:51.882 DEBUG [it] c.e.mbt.support.SafeUi - waitUntilVisible element=h1.findBy(text "Qu?n Tr? H? Th?ng") url=http://localhost:3000/admin/dashboard
12:11:51.976 DEBUG [it] c.e.mbt.support.SafeUi - waitUntilVisible element={#admin-filter-course-select} url=http://localhost:3000/admin/dashboard
12:11:52.005 DEBUG [it] c.e.mbt.support.SafeUi - waitUntilVisible element={#admin-filter-status-select} url=http://localhost:3000/admin/dashboard
12:11:52.456 DEBUG [it] c.e.m.support.ApiClient - [GET http://localhost:8000/api/v1/auth/me] -> 200
12:11:52.474 DEBUG [it] c.e.m.support.ApiClient - [GET http://localhost:8000/api/v1/registrations?status=PENDING] -> 200
12:11:52.474 DEBUG [it] c.e.m.i.AdminManagementImpl - syncAdminGuards: adminHasPending=false adminHasApprovablePending=false
12:11:52.487 DEBUG [it] c.e.m.support.ApiClient - [GET http://localhost:8000/api/v1/auth/me] -> 200
12:11:52.501 DEBUG [it] c.e.m.support.ApiClient - [GET http://localhost:8000/api/v1/registrations?status=PENDING] -> 200
12:11:52.502 DEBUG [it] c.e.m.i.AdminManagementImpl - syncAdminGuards: adminHasPending=false adminHasApprovablePending=false
12:11:52.502 INFO  [it] c.e.m.i.AdminManagementImpl - [STEP] e_FilterByCourse | beforeAuth={isLoggedIn=true, currentRole=ADMIN, hasToken=true, emailExists=true, emailNotExists=true, passwordCorrect=true, passwordStrong=true, emailValid=true, studentMajorOrGoalSet=true, expertiseSet=true, resetToken.len=0, tokenUsed=false, forgotPasswordRateLimited=false, forgotPasswordInfrastructureFailure=false, profileUpdateValid=true}
12:11:52.701 DEBUG [it] c.e.m.support.ApiClient - [POST http://localhost:8000/api/v1/auth/login] -> 200
12:11:52.712 DEBUG [it] c.e.m.support.ApiClient - [GET http://localhost:8000/api/v1/auth/me] -> 200
12:11:53.125 DEBUG [it] c.e.mbt.support.SafeUi - waitUntilVisible element=h1.findBy(text "Qu?n Tr? H? Th?ng") url=http://localhost:3000/admin/dashboard
12:11:53.168 DEBUG [it] c.e.mbt.support.SafeUi - waitUntilVisible element={#admin-filter-course-select} url=http://localhost:3000/admin/dashboard
12:11:53.191 DEBUG [it] c.e.mbt.support.SafeUi - waitUntilVisible element={#admin-filter-status-select} url=http://localhost:3000/admin/dashboard
12:11:53.298 DEBUG [it] c.e.m.support.ApiClient - [GET http://localhost:8000/api/v1/auth/me] -> 200
12:11:53.341 DEBUG [it] c.e.m.support.ApiClient - [GET http://localhost:8000/api/v1/registrations?status=PENDING] -> 200
12:11:53.342 DEBUG [it] c.e.m.i.AdminManagementImpl - syncAdminGuards: adminHasPending=false adminHasApprovablePending=false
12:11:53.667 INFO  [it] c.e.m.i.AdminManagementImpl - [STEP] v_AdminDashboard | beforeAuth={isLoggedIn=true, currentRole=ADMIN, hasToken=true, emailExists=true, emailNotExists=true, passwordCorrect=true, passwordStrong=true, emailValid=true, studentMajorOrGoalSet=true, expertiseSet=true, resetToken.len=0, tokenUsed=false, forgotPasswordRateLimited=false, forgotPasswordInfrastructureFailure=false, profileUpdateValid=true}
12:11:53.888 DEBUG [it] c.e.m.support.ApiClient - [POST http://localhost:8000/api/v1/auth/login] -> 200
12:11:53.900 DEBUG [it] c.e.m.support.ApiClient - [GET http://localhost:8000/api/v1/auth/me] -> 200
12:11:54.172 DEBUG [it] c.e.mbt.support.SafeUi - waitUntilVisible element=h1.findBy(text "Qu?n Tr? H? Th?ng") url=http://localhost:3000/admin/dashboard
12:11:54.255 DEBUG [it] c.e.mbt.support.SafeUi - waitUntilVisible element={#admin-filter-course-select} url=http://localhost:3000/admin/dashboard
12:11:54.290 DEBUG [it] c.e.mbt.support.SafeUi - waitUntilVisible element={#admin-filter-status-select} url=http://localhost:3000/admin/dashboard
12:11:54.393 DEBUG [it] c.e.m.support.ApiClient - [GET http://localhost:8000/api/v1/auth/me] -> 200
12:11:54.408 DEBUG [it] c.e.m.support.ApiClient - [GET http://localhost:8000/api/v1/registrations?status=PENDING] -> 200
12:11:54.409 DEBUG [it] c.e.m.i.AdminManagementImpl - syncAdminGuards: adminHasPending=false adminHasApprovablePending=false
12:11:54.409 INFO  [it] c.e.m.i.AdminManagementImpl - [STEP] e_SkipApproveNoPending | beforeAuth={isLoggedIn=true, currentRole=ADMIN, hasToken=true, emailExists=true, emailNotExists=true, passwordCorrect=true, passwordStrong=true, emailValid=true, studentMajorOrGoalSet=true, expertiseSet=true, resetToken.len=0, tokenUsed=false, forgotPasswordRateLimited=false, forgotPasswordInfrastructureFailure=false, profileUpdateValid=true}
12:11:54.644 DEBUG [it] c.e.m.support.ApiClient - [POST http://localhost:8000/api/v1/auth/login] -> 200
12:11:54.657 DEBUG [it] c.e.m.support.ApiClient - [GET http://localhost:8000/api/v1/auth/me] -> 200
12:11:54.856 DEBUG [it] c.e.mbt.support.SafeUi - waitUntilVisible element=h1.findBy(text "Qu?n Tr? H? Th?ng") url=http://localhost:3000/admin/dashboard
12:11:54.922 DEBUG [it] c.e.mbt.support.SafeUi - waitUntilVisible element={#admin-filter-course-select} url=http://localhost:3000/admin/dashboard
12:11:54.959 DEBUG [it] c.e.mbt.support.SafeUi - waitUntilVisible element={#admin-filter-status-select} url=http://localhost:3000/admin/dashboard
12:11:55.276 DEBUG [it] c.e.mbt.support.SafeUi - waitUntilVisible element=h1.findBy(text "Qu?n Tr? H? Th?ng") url=http://localhost:3000/admin/dashboard
12:11:55.335 DEBUG [it] c.e.mbt.support.SafeUi - waitUntilVisible element={#admin-filter-course-select} url=http://localhost:3000/admin/dashboard
12:11:55.372 DEBUG [it] c.e.mbt.support.SafeUi - waitUntilVisible element={#admin-filter-status-select} url=http://localhost:3000/admin/dashboard
12:11:56.069 INFO  [it] c.e.m.i.AdminManagementImpl - [STEP] v_VerifyNoPendingRow | beforeAuth={isLoggedIn=true, currentRole=ADMIN, hasToken=true, emailExists=true, emailNotExists=true, passwordCorrect=true, passwordStrong=true, emailValid=true, studentMajorOrGoalSet=true, expertiseSet=true, resetToken.len=0, tokenUsed=false, forgotPasswordRateLimited=false, forgotPasswordInfrastructureFailure=false, profileUpdateValid=true}
12:11:56.423 DEBUG [it] c.e.m.support.ApiClient - [POST http://localhost:8000/api/v1/auth/login] -> 200
12:11:56.438 DEBUG [it] c.e.m.support.ApiClient - [GET http://localhost:8000/api/v1/auth/me] -> 200
12:11:56.683 DEBUG [it] c.e.mbt.support.SafeUi - waitUntilVisible element=h1.findBy(text "Qu?n Tr? H? Th?ng") url=http://localhost:3000/admin/dashboard
12:11:56.780 DEBUG [it] c.e.mbt.support.SafeUi - waitUntilVisible element={#admin-filter-course-select} url=http://localhost:3000/admin/dashboard
12:11:56.822 DEBUG [it] c.e.mbt.support.SafeUi - waitUntilVisible element={#admin-filter-status-select} url=http://localhost:3000/admin/dashboard
12:11:56.943 DEBUG [it] c.e.m.support.ApiClient - [GET http://localhost:8000/api/v1/auth/me] -> 200
12:11:56.957 DEBUG [it] c.e.m.support.ApiClient - [GET http://localhost:8000/api/v1/registrations?status=PENDING] -> 200
12:11:56.958 DEBUG [it] c.e.m.i.AdminManagementImpl - syncAdminGuards: adminHasPending=false adminHasApprovablePending=false
12:11:56.980 DEBUG [it] c.e.m.support.ApiClient - [POST http://localhost:8000/api/v1/auth/login] -> 200
12:11:56.997 DEBUG [it] c.e.m.support.ApiClient - [GET http://localhost:8000/api/v1/registrations?status=PENDING] -> 200
12:11:57.183 DEBUG [it] c.e.mbt.support.SafeUi - waitUntilVisible element=h1.findBy(text "Qu?n Tr? H? Th?ng") url=http://localhost:3000/admin/dashboard
12:11:57.252 DEBUG [it] c.e.mbt.support.SafeUi - waitUntilVisible element={#admin-filter-course-select} url=http://localhost:3000/admin/dashboard
12:11:57.282 DEBUG [it] c.e.mbt.support.SafeUi - waitUntilVisible element={#admin-filter-status-select} url=http://localhost:3000/admin/dashboard
12:11:57.484 INFO  [it] c.e.m.i.AdminManagementImpl - [STEP] e_AfterVerifyNoRow | beforeAuth={isLoggedIn=true, currentRole=ADMIN, hasToken=true, emailExists=true, emailNotExists=true, passwordCorrect=true, passwordStrong=true, emailValid=true, studentMajorOrGoalSet=true, expertiseSet=true, resetToken.len=0, tokenUsed=false, forgotPasswordRateLimited=false, forgotPasswordInfrastructureFailure=false, profileUpdateValid=true}
12:11:57.686 DEBUG [it] c.e.m.support.ApiClient - [POST http://localhost:8000/api/v1/auth/login] -> 200
12:11:57.696 DEBUG [it] c.e.m.support.ApiClient - [GET http://localhost:8000/api/v1/auth/me] -> 200
12:11:57.943 DEBUG [it] c.e.mbt.support.SafeUi - waitUntilVisible element=h1.findBy(text "Qu?n Tr? H? Th?ng") url=http://localhost:3000/admin/dashboard
12:11:58.022 DEBUG [it] c.e.mbt.support.SafeUi - waitUntilVisible element={#admin-filter-course-select} url=http://localhost:3000/admin/dashboard
12:11:58.069 DEBUG [it] c.e.mbt.support.SafeUi - waitUntilVisible element={#admin-filter-status-select} url=http://localhost:3000/admin/dashboard
12:11:58.228 DEBUG [it] c.e.m.support.ApiClient - [GET http://localhost:8000/api/v1/auth/me] -> 200
12:11:58.243 DEBUG [it] c.e.m.support.ApiClient - [GET http://localhost:8000/api/v1/registrations?status=PENDING] -> 200
12:11:58.244 DEBUG [it] c.e.m.i.AdminManagementImpl - syncAdminGuards: adminHasPending=false adminHasApprovablePending=false
12:11:58.467 INFO  [it] c.e.m.i.AdminManagementImpl - [STEP] v_AdminDashboard | beforeAuth={isLoggedIn=true, currentRole=ADMIN, hasToken=true, emailExists=true, emailNotExists=true, passwordCorrect=true, passwordStrong=true, emailValid=true, studentMajorOrGoalSet=true, expertiseSet=true, resetToken.len=0, tokenUsed=false, forgotPasswordRateLimited=false, forgotPasswordInfrastructureFailure=false, profileUpdateValid=true}
12:11:58.675 DEBUG [it] c.e.m.support.ApiClient - [POST http://localhost:8000/api/v1/auth/login] -> 200
12:11:58.689 DEBUG [it] c.e.m.support.ApiClient - [GET http://localhost:8000/api/v1/auth/me] -> 200
12:11:59.107 DEBUG [it] c.e.mbt.support.SafeUi - waitUntilVisible element=h1.findBy(text "Qu?n Tr? H? Th?ng") url=http://localhost:3000/admin/dashboard
12:11:59.377 DEBUG [it] c.e.mbt.support.SafeUi - waitUntilVisible element={#admin-filter-course-select} url=http://localhost:3000/admin/dashboard
12:11:59.412 DEBUG [it] c.e.mbt.support.SafeUi - waitUntilVisible element={#admin-filter-status-select} url=http://localhost:3000/admin/dashboard
12:11:59.442 DEBUG [it] c.e.m.support.ApiClient - [GET http://localhost:8000/api/v1/auth/me] -> 200
12:11:59.453 DEBUG [it] c.e.m.support.ApiClient - [GET http://localhost:8000/api/v1/registrations?status=PENDING] -> 200
12:11:59.453 DEBUG [it] c.e.m.i.AdminManagementImpl - syncAdminGuards: adminHasPending=false adminHasApprovablePending=false
12:11:59.453 INFO  [it] c.e.m.i.AdminManagementImpl - [STEP] e_FilterByCourse | beforeAuth={isLoggedIn=true, currentRole=ADMIN, hasToken=true, emailExists=true, emailNotExists=true, passwordCorrect=true, passwordStrong=true, emailValid=true, studentMajorOrGoalSet=true, expertiseSet=true, resetToken.len=0, tokenUsed=false, forgotPasswordRateLimited=false, forgotPasswordInfrastructureFailure=false, profileUpdateValid=true}
12:11:59.601 DEBUG [it] c.e.m.support.ApiClient - [POST http://localhost:8000/api/v1/auth/login] -> 200
12:11:59.611 DEBUG [it] c.e.m.support.ApiClient - [GET http://localhost:8000/api/v1/auth/me] -> 200
12:11:59.839 DEBUG [it] c.e.mbt.support.SafeUi - waitUntilVisible element=h1.findBy(text "Qu?n Tr? H? Th?ng") url=http://localhost:3000/admin/dashboard
12:11:59.906 DEBUG [it] c.e.mbt.support.SafeUi - waitUntilVisible element={#admin-filter-course-select} url=http://localhost:3000/admin/dashboard
12:11:59.946 DEBUG [it] c.e.mbt.support.SafeUi - waitUntilVisible element={#admin-filter-status-select} url=http://localhost:3000/admin/dashboard
12:12:00.110 DEBUG [it] c.e.m.support.ApiClient - [GET http://localhost:8000/api/v1/auth/me] -> 200
12:12:00.121 DEBUG [it] c.e.m.support.ApiClient - [GET http://localhost:8000/api/v1/registrations?status=PENDING] -> 200
12:12:00.122 DEBUG [it] c.e.m.i.AdminManagementImpl - syncAdminGuards: adminHasPending=false adminHasApprovablePending=false
12:12:00.338 INFO  [it] c.e.m.i.AdminManagementImpl - [STEP] v_AdminDashboard | beforeAuth={isLoggedIn=true, currentRole=ADMIN, hasToken=true, emailExists=true, emailNotExists=true, passwordCorrect=true, passwordStrong=true, emailValid=true, studentMajorOrGoalSet=true, expertiseSet=true, resetToken.len=0, tokenUsed=false, forgotPasswordRateLimited=false, forgotPasswordInfrastructureFailure=false, profileUpdateValid=true}
12:12:00.512 DEBUG [it] c.e.m.support.ApiClient - [POST http://localhost:8000/api/v1/auth/login] -> 200
12:12:00.526 DEBUG [it] c.e.m.support.ApiClient - [GET http://localhost:8000/api/v1/auth/me] -> 200
12:12:00.718 DEBUG [it] c.e.mbt.support.SafeUi - waitUntilVisible element=h1.findBy(text "Qu?n Tr? H? Th?ng") url=http://localhost:3000/admin/dashboard
12:12:00.771 DEBUG [it] c.e.mbt.support.SafeUi - waitUntilVisible element={#admin-filter-course-select} url=http://localhost:3000/admin/dashboard
12:12:00.798 DEBUG [it] c.e.mbt.support.SafeUi - waitUntilVisible element={#admin-filter-status-select} url=http://localhost:3000/admin/dashboard
12:12:00.836 DEBUG [it] c.e.m.support.ApiClient - [GET http://localhost:8000/api/v1/auth/me] -> 200
12:12:00.853 DEBUG [it] c.e.m.support.ApiClient - [GET http://localhost:8000/api/v1/registrations?status=PENDING] -> 200
12:12:00.854 DEBUG [it] c.e.m.i.AdminManagementImpl - syncAdminGuards: adminHasPending=false adminHasApprovablePending=false
12:12:00.855 INFO  [it] c.e.m.i.AdminManagementImpl - [STEP] e_FilterByCourse | beforeAuth={isLoggedIn=true, currentRole=ADMIN, hasToken=true, emailExists=true, emailNotExists=true, passwordCorrect=true, passwordStrong=true, emailValid=true, studentMajorOrGoalSet=true, expertiseSet=true, resetToken.len=0, tokenUsed=false, forgotPasswordRateLimited=false, forgotPasswordInfrastructureFailure=false, profileUpdateValid=true}
12:12:01.104 DEBUG [it] c.e.m.support.ApiClient - [POST http://localhost:8000/api/v1/auth/login] -> 200
12:12:01.112 DEBUG [it] c.e.m.support.ApiClient - [GET http://localhost:8000/api/v1/auth/me] -> 200
12:12:01.289 DEBUG [it] c.e.mbt.support.SafeUi - waitUntilVisible element=h1.findBy(text "Qu?n Tr? H? Th?ng") url=http://localhost:3000/admin/dashboard
12:12:01.367 DEBUG [it] c.e.mbt.support.SafeUi - waitUntilVisible element={#admin-filter-course-select} url=http://localhost:3000/admin/dashboard
12:12:01.403 DEBUG [it] c.e.mbt.support.SafeUi - waitUntilVisible element={#admin-filter-status-select} url=http://localhost:3000/admin/dashboard
12:12:01.559 DEBUG [it] c.e.m.support.ApiClient - [GET http://localhost:8000/api/v1/auth/me] -> 200
12:12:01.569 DEBUG [it] c.e.m.support.ApiClient - [GET http://localhost:8000/api/v1/registrations?status=PENDING] -> 200
12:12:01.570 DEBUG [it] c.e.m.i.AdminManagementImpl - syncAdminGuards: adminHasPending=false adminHasApprovablePending=false
12:12:01.853 INFO  [it] c.e.m.i.AdminManagementImpl - [STEP] v_AdminDashboard | beforeAuth={isLoggedIn=true, currentRole=ADMIN, hasToken=true, emailExists=true, emailNotExists=true, passwordCorrect=true, passwordStrong=true, emailValid=true, studentMajorOrGoalSet=true, expertiseSet=true, resetToken.len=0, tokenUsed=false, forgotPasswordRateLimited=false, forgotPasswordInfrastructureFailure=false, profileUpdateValid=true}
12:12:02.038 DEBUG [it] c.e.m.support.ApiClient - [POST http://localhost:8000/api/v1/auth/login] -> 200
12:12:02.051 DEBUG [it] c.e.m.support.ApiClient - [GET http://localhost:8000/api/v1/auth/me] -> 200
12:12:02.246 DEBUG [it] c.e.mbt.support.SafeUi - waitUntilVisible element=h1.findBy(text "Qu?n Tr? H? Th?ng") url=http://localhost:3000/admin/dashboard
12:12:02.305 DEBUG [it] c.e.mbt.support.SafeUi - waitUntilVisible element={#admin-filter-course-select} url=http://localhost:3000/admin/dashboard
12:12:02.338 DEBUG [it] c.e.mbt.support.SafeUi - waitUntilVisible element={#admin-filter-status-select} url=http://localhost:3000/admin/dashboard
12:12:02.367 DEBUG [it] c.e.m.support.ApiClient - [GET http://localhost:8000/api/v1/auth/me] -> 200
12:12:02.380 DEBUG [it] c.e.m.support.ApiClient - [GET http://localhost:8000/api/v1/registrations?status=PENDING] -> 200
12:12:02.381 DEBUG [it] c.e.m.i.AdminManagementImpl - syncAdminGuards: adminHasPending=false adminHasApprovablePending=false
12:12:02.395 INFO  [it] c.e.m.r.AbstractGraphWalkerRunner - GraphWalker finished: errors=no
12:12:02.395 INFO  [it] c.e.m.r.AbstractGraphWalkerRunner - GraphWalker statistics [AdminManagementImpl]: edgeCoverage=58% vertexCoverage=50% edges=7/12(5 unvisited) vertices=2/4(2 unvisited)
12:12:02.395 DEBUG [it] c.e.m.r.AbstractGraphWalkerRunner - GraphWalker statistics JSON:
{
  "totalFailedNumberOfModels": 0,
  "totalNotExecutedNumberOfModels": 0,
  "totalNumberOfUnvisitedVertices": 2,
  "verticesNotVisited": [
    {
      "modelName": "AdminManagementModel",
      "vertexName": "v_BulkApproveResult",
      "vertexId": "v_BulkApproveResult"
    },
    {
      "modelName": "AdminManagementModel",
      "vertexName": "v_VerifyClassFullForApproval",
      "vertexId": "v_VerifyClassFullForApproval"
    }
  ],
  "totalNumberOfModels": 1,
  "totalCompletedNumberOfModels": 1,
  "totalNumberOfVisitedEdges": 7,
  "totalIncompleteNumberOfModels": 0,
  "edgesNotVisited": [
    {
      "modelName": "AdminManagementModel",
      "edgeId": "e_SkipApproveClassFull",
      "edgeName": "e_SkipApproveClassFull"
    },
    {
      "modelName": "AdminManagementModel",
      "edgeId": "e_BackFromVerifyFull",
      "edgeName": "e_AfterVerifyClassFull"
    },
    {
      "modelName": "AdminManagementModel",
      "edgeId": "e_RejectWhenPending",
      "edgeName": "e_RejectWhenPending"
    },
    {
      "modelName": "AdminManagementModel",
      "edgeId": "e_BulkWhenPending",
      "edgeName": "e_BulkWhenPending"
    },
    {
      "modelName": "AdminManagementModel",
      "edgeId": "e_DismissBulk",
      "edgeName": "e_DismissBulkMessage"
    }
  ],
  "vertexCoverage": 50,
  "totalNumberOfEdges": 12,
  "totalNumberOfVisitedVertices": 2,
  "edgeCoverage": 58,
  "totalNumberOfVertices": 4,
  "totalNumberOfUnvisitedEdges": 5
}
12:12:02.402 INFO  [it] c.e.m.r.AbstractGraphWalkerRunner - GraphWalker statistics file: D:\TESTING\course\mbt-gw\target\graphwalker-reports\AdminManagementImpl-20260423-121202-395.json
]]></system-err>
  </testcase>
</testsuite>