<?xml version="1.0" encoding="UTF-8"?>
<testsuite xmlns:xsi="http://www.w3.org/2001/XMLSchema-instance" xsi:noNamespaceSchemaLocation="https://maven.apache.org/surefire/maven-failsafe-plugin/xsd/failsafe-test-report-3.0.xsd" version="3.0" name="com.eduplatform.mbt.runners.CourseExplorationRunner" time="206.645" tests="1" errors="0" skipped="0" failures="0">
  <properties>
[...]
</properties>
  <testcase name="runCourseExplorationModel" classname="com.eduplatform.mbt.runners.CourseExplorationRunner" time="199.335">
    <system-out><![CDATA[10:55:53.165 DEBUG [main] c.e.mbt.support.ApiClient - [POST http://localhost:8000/api/v1/auth/test/create-account-with-role?name=MBT+Admin&email=mbt.admin%40example.com&password=Passw0rd%21&role=ADMIN] -> 429
10:55:53.399 INFO  [main] c.e.mbt.support.TestDataSeeder - Ensured account: mbt.admin@example.com (ADMIN) -> null
10:55:53.469 DEBUG [main] c.e.mbt.support.ApiClient - [POST http://localhost:8000/api/v1/auth/test/create-account-with-role?name=MBT+Instructor&email=mbt.instructor%40example.com&password=Passw0rd%21&role=INSTRUCTOR] -> 429
10:55:53.470 INFO  [main] c.e.mbt.support.TestDataSeeder - Ensured account: mbt.instructor@example.com (INSTRUCTOR) -> null
10:55:53.486 DEBUG [main] c.e.mbt.support.ApiClient - [POST http://localhost:8000/api/v1/auth/test/create-account-with-role?name=MBT+Student&email=mbt.student%40example.com&password=Passw0rd%21&role=STUDENT] -> 429
10:55:53.487 INFO  [main] c.e.mbt.support.TestDataSeeder - Ensured account: mbt.student@example.com (STUDENT) -> null
10:55:53.500 DEBUG [main] c.e.mbt.support.ApiClient - [POST http://localhost:8000/api/v1/auth/test/create-account-with-role?name=MBT+Pending+Student&email=mbt-pending-student%40test.com&password=Passw0rd%21&role=STUDENT] -> 429
10:55:53.502 INFO  [main] c.e.mbt.support.TestDataSeeder - Ensured account: mbt-pending-student@test.com (STUDENT) -> null
10:55:53.527 DEBUG [main] c.e.mbt.support.ApiClient - [POST http://localhost:8000/api/v1/auth/test/create-account-with-role?name=MBT+Pending+Student+2&email=mbt-pending-student-2%40test.com&password=Passw0rd%21&role=STUDENT] -> 429
10:55:53.528 INFO  [main] c.e.mbt.support.TestDataSeeder - Ensured account: mbt-pending-student-2@test.com (STUDENT) -> null
10:55:53.541 DEBUG [main] c.e.mbt.support.ApiClient - [POST http://localhost:8000/api/v1/auth/login] -> 429
10:55:53.543 WARN  [main] c.e.mbt.support.TestDataSeeder - Admin login failed, skipping seed (backend may be down)
10:55:53.588 INFO  [main] c.e.m.r.AbstractGraphWalkerRunner - Starting GraphWalker run for CourseExplorationImpl
10:56:06.742 INFO  [main] c.e.m.r.AbstractGraphWalkerRunner - Model file: D:\TESTING\course\mbt-gw\target\test-classes\com\eduplatform\mbt\models\02_CourseExplorationModel.json, generator: random(edge_coverage(100) || length(45))
10:56:28.268 INFO  [main] c.e.m.i.CourseExplorationImpl - [STEP] v_CourseListVisible | beforeAuth={isLoggedIn=false, currentRole=, hasToken=false, emailExists=true, emailNotExists=true, passwordCorrect=true, passwordStrong=true, emailValid=true, studentMajorOrGoalSet=true, expertiseSet=true, resetToken.len=0, tokenUsed=false, forgotPasswordRateLimited=false, forgotPasswordInfrastructureFailure=false, profileUpdateValid=true}
10:56:50.265 DEBUG [main] c.e.mbt.support.ApiClient - [GET http://localhost:8000/api/v1/courses?status=PUBLISHED] -> 200
10:56:57.254 INFO  [main] o.g.c.g.SingletonRandomGenerator - Seed: 70297322330900
10:56:57.256 INFO  [main] c.e.m.i.CourseExplorationImpl - [STEP] e_OpenCourseDetail | beforeAuth={isLoggedIn=false, currentRole=, hasToken=false, emailExists=true, emailNotExists=true, passwordCorrect=true, passwordStrong=true, emailValid=true, studentMajorOrGoalSet=true, expertiseSet=true, resetToken.len=0, tokenUsed=false, forgotPasswordRateLimited=false, forgotPasswordInfrastructureFailure=false, profileUpdateValid=true}
10:56:57.417 DEBUG [main] c.e.mbt.support.ApiClient - [GET http://localhost:8000/api/v1/courses?status=PUBLISHED] -> 200
10:57:01.948 INFO  [main] c.e.m.i.CourseExplorationImpl - [STEP] v_CourseDetailVisible | beforeAuth={isLoggedIn=false, currentRole=, hasToken=false, emailExists=true, emailNotExists=true, passwordCorrect=true, passwordStrong=true, emailValid=true, studentMajorOrGoalSet=true, expertiseSet=true, resetToken.len=0, tokenUsed=false, forgotPasswordRateLimited=false, forgotPasswordInfrastructureFailure=false, profileUpdateValid=true}
10:57:02.670 INFO  [main] c.e.m.s.MbtBusinessAssertions - MBT: UI title matches earlier list response for courseId=3; skip GET /courses/3
10:57:02.686 INFO  [main] c.e.m.i.CourseExplorationImpl - [STEP] e_BackToList | beforeAuth={isLoggedIn=false, currentRole=, hasToken=false, emailExists=true, emailNotExists=true, passwordCorrect=true, passwordStrong=true, emailValid=true, studentMajorOrGoalSet=true, expertiseSet=true, resetToken.len=0, tokenUsed=false, forgotPasswordRateLimited=false, forgotPasswordInfrastructureFailure=false, profileUpdateValid=true}
10:57:04.746 INFO  [main] c.e.m.i.CourseExplorationImpl - [STEP] v_CourseListVisible | beforeAuth={isLoggedIn=false, currentRole=, hasToken=false, emailExists=true, emailNotExists=true, passwordCorrect=true, passwordStrong=true, emailValid=true, studentMajorOrGoalSet=true, expertiseSet=true, resetToken.len=0, tokenUsed=false, forgotPasswordRateLimited=false, forgotPasswordInfrastructureFailure=false, profileUpdateValid=true}
10:57:07.707 DEBUG [main] c.e.mbt.support.ApiClient - [GET http://localhost:8000/api/v1/courses?status=PUBLISHED] -> 200
10:57:08.206 INFO  [main] c.e.m.i.CourseExplorationImpl - [STEP] e_OpenCourseDetail | beforeAuth={isLoggedIn=false, currentRole=, hasToken=false, emailExists=true, emailNotExists=true, passwordCorrect=true, passwordStrong=true, emailValid=true, studentMajorOrGoalSet=true, expertiseSet=true, resetToken.len=0, tokenUsed=false, forgotPasswordRateLimited=false, forgotPasswordInfrastructureFailure=false, profileUpdateValid=true}
10:57:10.048 INFO  [main] c.e.m.i.CourseExplorationImpl - [STEP] v_CourseDetailVisible | beforeAuth={isLoggedIn=false, currentRole=, hasToken=false, emailExists=true, emailNotExists=true, passwordCorrect=true, passwordStrong=true, emailValid=true, studentMajorOrGoalSet=true, expertiseSet=true, resetToken.len=0, tokenUsed=false, forgotPasswordRateLimited=false, forgotPasswordInfrastructureFailure=false, profileUpdateValid=true}
10:57:11.087 INFO  [main] c.e.m.s.MbtBusinessAssertions - MBT: UI title matches earlier list response for courseId=3; skip GET /courses/3
10:57:11.091 INFO  [main] c.e.m.i.CourseExplorationImpl - [STEP] e_BackToList | beforeAuth={isLoggedIn=false, currentRole=, hasToken=false, emailExists=true, emailNotExists=true, passwordCorrect=true, passwordStrong=true, emailValid=true, studentMajorOrGoalSet=true, expertiseSet=true, resetToken.len=0, tokenUsed=false, forgotPasswordRateLimited=false, forgotPasswordInfrastructureFailure=false, profileUpdateValid=true}
10:57:17.708 INFO  [main] c.e.m.i.CourseExplorationImpl - [STEP] v_CourseListVisible | beforeAuth={isLoggedIn=false, currentRole=, hasToken=false, emailExists=true, emailNotExists=true, passwordCorrect=true, passwordStrong=true, emailValid=true, studentMajorOrGoalSet=true, expertiseSet=true, resetToken.len=0, tokenUsed=false, forgotPasswordRateLimited=false, forgotPasswordInfrastructureFailure=false, profileUpdateValid=true}
10:57:18.956 DEBUG [main] c.e.mbt.support.ApiClient - [GET http://localhost:8000/api/v1/courses?status=PUBLISHED] -> 200
10:57:19.161 INFO  [main] c.e.m.i.CourseExplorationImpl - [STEP] e_OpenCourseDetailNotOpenYet | beforeAuth={isLoggedIn=false, currentRole=, hasToken=false, emailExists=true, emailNotExists=true, passwordCorrect=true, passwordStrong=true, emailValid=true, studentMajorOrGoalSet=true, expertiseSet=true, resetToken.len=0, tokenUsed=false, forgotPasswordRateLimited=false, forgotPasswordInfrastructureFailure=false, profileUpdateValid=true}
10:57:21.064 INFO  [main] c.e.m.i.CourseExplorationImpl - [STEP] v_RegistrationClosedMsg | beforeAuth={isLoggedIn=false, currentRole=, hasToken=false, emailExists=true, emailNotExists=true, passwordCorrect=true, passwordStrong=true, emailValid=true, studentMajorOrGoalSet=true, expertiseSet=true, resetToken.len=0, tokenUsed=false, forgotPasswordRateLimited=false, forgotPasswordInfrastructureFailure=false, profileUpdateValid=true}
10:57:22.645 INFO  [main] c.e.m.i.CourseExplorationImpl - [STEP] e_BackToList | beforeAuth={isLoggedIn=false, currentRole=, hasToken=false, emailExists=true, emailNotExists=true, passwordCorrect=true, passwordStrong=true, emailValid=true, studentMajorOrGoalSet=true, expertiseSet=true, resetToken.len=0, tokenUsed=false, forgotPasswordRateLimited=false, forgotPasswordInfrastructureFailure=false, profileUpdateValid=true}
10:57:23.414 INFO  [main] c.e.m.i.CourseExplorationImpl - [STEP] v_CourseListVisible | beforeAuth={isLoggedIn=false, currentRole=, hasToken=false, emailExists=true, emailNotExists=true, passwordCorrect=true, passwordStrong=true, emailValid=true, studentMajorOrGoalSet=true, expertiseSet=true, resetToken.len=0, tokenUsed=false, forgotPasswordRateLimited=false, forgotPasswordInfrastructureFailure=false, profileUpdateValid=true}
10:57:26.730 DEBUG [main] c.e.mbt.support.ApiClient - [GET http://localhost:8000/api/v1/courses?status=PUBLISHED] -> 200
10:57:27.143 INFO  [main] c.e.m.i.CourseExplorationImpl - [STEP] e_ApplySearchNoMatch | beforeAuth={isLoggedIn=false, currentRole=, hasToken=false, emailExists=true, emailNotExists=true, passwordCorrect=true, passwordStrong=true, emailValid=true, studentMajorOrGoalSet=true, expertiseSet=true, resetToken.len=0, tokenUsed=false, forgotPasswordRateLimited=false, forgotPasswordInfrastructureFailure=false, profileUpdateValid=true}
10:57:31.451 INFO  [main] c.e.m.i.CourseExplorationImpl - [STEP] v_CourseListEmpty | beforeAuth={isLoggedIn=false, currentRole=, hasToken=false, emailExists=true, emailNotExists=true, passwordCorrect=true, passwordStrong=true, emailValid=true, studentMajorOrGoalSet=true, expertiseSet=true, resetToken.len=0, tokenUsed=false, forgotPasswordRateLimited=false, forgotPasswordInfrastructureFailure=false, profileUpdateValid=true}
10:57:31.852 INFO  [main] c.e.m.i.CourseExplorationImpl - [STEP] e_ClearFilters | beforeAuth={isLoggedIn=false, currentRole=, hasToken=false, emailExists=true, emailNotExists=true, passwordCorrect=true, passwordStrong=true, emailValid=true, studentMajorOrGoalSet=true, expertiseSet=true, resetToken.len=0, tokenUsed=false, forgotPasswordRateLimited=false, forgotPasswordInfrastructureFailure=false, profileUpdateValid=true}
10:57:42.064 INFO  [main] c.e.m.i.CourseExplorationImpl - [STEP] v_CourseListVisible | beforeAuth={isLoggedIn=false, currentRole=, hasToken=false, emailExists=true, emailNotExists=true, passwordCorrect=true, passwordStrong=true, emailValid=true, studentMajorOrGoalSet=true, expertiseSet=true, resetToken.len=0, tokenUsed=false, forgotPasswordRateLimited=false, forgotPasswordInfrastructureFailure=false, profileUpdateValid=true}
10:57:46.348 DEBUG [main] c.e.mbt.support.ApiClient - [GET http://localhost:8000/api/v1/courses?status=PUBLISHED] -> 200
10:57:46.466 INFO  [main] c.e.m.i.CourseExplorationImpl - [STEP] e_OpenCourseDetailNotOpenYet | beforeAuth={isLoggedIn=false, currentRole=, hasToken=false, emailExists=true, emailNotExists=true, passwordCorrect=true, passwordStrong=true, emailValid=true, studentMajorOrGoalSet=true, expertiseSet=true, resetToken.len=0, tokenUsed=false, forgotPasswordRateLimited=false, forgotPasswordInfrastructureFailure=false, profileUpdateValid=true}
10:57:47.934 INFO  [main] c.e.m.i.CourseExplorationImpl - [STEP] v_RegistrationClosedMsg | beforeAuth={isLoggedIn=false, currentRole=, hasToken=false, emailExists=true, emailNotExists=true, passwordCorrect=true, passwordStrong=true, emailValid=true, studentMajorOrGoalSet=true, expertiseSet=true, resetToken.len=0, tokenUsed=false, forgotPasswordRateLimited=false, forgotPasswordInfrastructureFailure=false, profileUpdateValid=true}
10:57:49.744 INFO  [main] c.e.m.i.CourseExplorationImpl - [STEP] e_BackToList | beforeAuth={isLoggedIn=false, currentRole=, hasToken=false, emailExists=true, emailNotExists=true, passwordCorrect=true, passwordStrong=true, emailValid=true, studentMajorOrGoalSet=true, expertiseSet=true, resetToken.len=0, tokenUsed=false, forgotPasswordRateLimited=false, forgotPasswordInfrastructureFailure=false, profileUpdateValid=true}
10:57:52.776 INFO  [main] c.e.m.i.CourseExplorationImpl - [STEP] v_CourseListVisible | beforeAuth={isLoggedIn=false, currentRole=, hasToken=false, emailExists=true, emailNotExists=true, passwordCorrect=true, passwordStrong=true, emailValid=true, studentMajorOrGoalSet=true, expertiseSet=true, resetToken.len=0, tokenUsed=false, forgotPasswordRateLimited=false, forgotPasswordInfrastructureFailure=false, profileUpdateValid=true}
10:57:53.957 DEBUG [main] c.e.mbt.support.ApiClient - [GET http://localhost:8000/api/v1/courses?status=PUBLISHED] -> 200
10:57:54.196 INFO  [main] c.e.m.i.CourseExplorationImpl - [STEP] e_OpenCourseDetailNotOpenYet | beforeAuth={isLoggedIn=false, currentRole=, hasToken=false, emailExists=true, emailNotExists=true, passwordCorrect=true, passwordStrong=true, emailValid=true, studentMajorOrGoalSet=true, expertiseSet=true, resetToken.len=0, tokenUsed=false, forgotPasswordRateLimited=false, forgotPasswordInfrastructureFailure=false, profileUpdateValid=true}
10:57:54.945 INFO  [main] c.e.m.i.CourseExplorationImpl - [STEP] v_RegistrationClosedMsg | beforeAuth={isLoggedIn=false, currentRole=, hasToken=false, emailExists=true, emailNotExists=true, passwordCorrect=true, passwordStrong=true, emailValid=true, studentMajorOrGoalSet=true, expertiseSet=true, resetToken.len=0, tokenUsed=false, forgotPasswordRateLimited=false, forgotPasswordInfrastructureFailure=false, profileUpdateValid=true}
10:57:55.966 INFO  [main] c.e.m.i.CourseExplorationImpl - [STEP] e_BackToList | beforeAuth={isLoggedIn=false, currentRole=, hasToken=false, emailExists=true, emailNotExists=true, passwordCorrect=true, passwordStrong=true, emailValid=true, studentMajorOrGoalSet=true, expertiseSet=true, resetToken.len=0, tokenUsed=false, forgotPasswordRateLimited=false, forgotPasswordInfrastructureFailure=false, profileUpdateValid=true}
10:57:58.647 INFO  [main] c.e.m.i.CourseExplorationImpl - [STEP] v_CourseListVisible | beforeAuth={isLoggedIn=false, currentRole=, hasToken=false, emailExists=true, emailNotExists=true, passwordCorrect=true, passwordStrong=true, emailValid=true, studentMajorOrGoalSet=true, expertiseSet=true, resetToken.len=0, tokenUsed=false, forgotPasswordRateLimited=false, forgotPasswordInfrastructureFailure=false, profileUpdateValid=true}
10:58:00.709 DEBUG [main] c.e.mbt.support.ApiClient - [GET http://localhost:8000/api/v1/courses?status=PUBLISHED] -> 200
10:58:00.868 INFO  [main] c.e.m.i.CourseExplorationImpl - [STEP] e_OpenCourseDetail | beforeAuth={isLoggedIn=false, currentRole=, hasToken=false, emailExists=true, emailNotExists=true, passwordCorrect=true, passwordStrong=true, emailValid=true, studentMajorOrGoalSet=true, expertiseSet=true, resetToken.len=0, tokenUsed=false, forgotPasswordRateLimited=false, forgotPasswordInfrastructureFailure=false, profileUpdateValid=true}
10:58:07.185 INFO  [main] c.e.m.i.CourseExplorationImpl - [STEP] v_CourseDetailVisible | beforeAuth={isLoggedIn=false, currentRole=, hasToken=false, emailExists=true, emailNotExists=true, passwordCorrect=true, passwordStrong=true, emailValid=true, studentMajorOrGoalSet=true, expertiseSet=true, resetToken.len=0, tokenUsed=false, forgotPasswordRateLimited=false, forgotPasswordInfrastructureFailure=false, profileUpdateValid=true}
10:58:11.154 INFO  [main] c.e.m.s.MbtBusinessAssertions - MBT: UI title matches earlier list response for courseId=3; skip GET /courses/3
10:58:11.158 INFO  [main] c.e.m.i.CourseExplorationImpl - [STEP] e_BackToList | beforeAuth={isLoggedIn=false, currentRole=, hasToken=false, emailExists=true, emailNotExists=true, passwordCorrect=true, passwordStrong=true, emailValid=true, studentMajorOrGoalSet=true, expertiseSet=true, resetToken.len=0, tokenUsed=false, forgotPasswordRateLimited=false, forgotPasswordInfrastructureFailure=false, profileUpdateValid=true}
10:58:16.645 INFO  [main] c.e.m.i.CourseExplorationImpl - [STEP] v_CourseListVisible | beforeAuth={isLoggedIn=false, currentRole=, hasToken=false, emailExists=true, emailNotExists=true, passwordCorrect=true, passwordStrong=true, emailValid=true, studentMajorOrGoalSet=true, expertiseSet=true, resetToken.len=0, tokenUsed=false, forgotPasswordRateLimited=false, forgotPasswordInfrastructureFailure=false, profileUpdateValid=true}
10:58:28.507 DEBUG [main] c.e.mbt.support.ApiClient - [GET http://localhost:8000/api/v1/courses?status=PUBLISHED] -> 429
10:58:28.508 WARN  [main] c.e.mbt.support.ApiClient - GET /api/v1/courses?status=PUBLISHED -> HTTP 429, retry 1/3
10:58:28.928 DEBUG [main] c.e.mbt.support.ApiClient - [GET http://localhost:8000/api/v1/courses?status=PUBLISHED] -> 429
10:58:28.928 WARN  [main] c.e.mbt.support.ApiClient - GET /api/v1/courses?status=PUBLISHED -> HTTP 429, retry 2/3
10:58:29.762 DEBUG [main] c.e.mbt.support.ApiClient - [GET http://localhost:8000/api/v1/courses?status=PUBLISHED] -> 429
10:58:29.763 WARN  [main] c.e.mbt.support.ApiClient - GET /api/v1/courses?status=PUBLISHED -> HTTP 429, retry 3/3
10:58:31.405 DEBUG [main] c.e.mbt.support.ApiClient - [GET http://localhost:8000/api/v1/courses?status=PUBLISHED] -> 429
10:58:31.407 WARN  [main] c.e.mbt.support.ApiClient - GET /api/v1/courses?status=PUBLISHED -> HTTP 429, retry 4/3
10:58:31.408 WARN  [main] c.e.m.i.CourseExplorationImpl - v_CourseListVisible: API returned 0 published courses; ensure backend is up and POST /api/v1/admin/seed was applied. UI will wait for non-empty list.
10:58:31.979 INFO  [main] c.e.m.i.CourseExplorationImpl - [STEP] e_OpenCourseList | beforeAuth={isLoggedIn=false, currentRole=, hasToken=false, emailExists=true, emailNotExists=true, passwordCorrect=true, passwordStrong=true, emailValid=true, studentMajorOrGoalSet=true, expertiseSet=true, resetToken.len=0, tokenUsed=false, forgotPasswordRateLimited=false, forgotPasswordInfrastructureFailure=false, profileUpdateValid=true}
10:58:32.686 DEBUG [main] c.e.mbt.support.ApiClient - [GET http://localhost:8000/api/v1/courses?status=PUBLISHED] -> 200
10:58:32.983 INFO  [main] c.e.m.i.CourseExplorationImpl - [STEP] v_CourseListVisible | beforeAuth={isLoggedIn=false, currentRole=, hasToken=false, emailExists=true, emailNotExists=true, passwordCorrect=true, passwordStrong=true, emailValid=true, studentMajorOrGoalSet=true, expertiseSet=true, resetToken.len=0, tokenUsed=false, forgotPasswordRateLimited=false, forgotPasswordInfrastructureFailure=false, profileUpdateValid=true}
10:58:35.567 WARN  [main] c.e.mbt.pages.CoursesPage - Courses list settled with error banner: Rate limit exceeded
10:58:35.573 INFO  [main] c.e.m.i.CourseExplorationImpl - [STEP] e_ApplySearchNoMatch | beforeAuth={isLoggedIn=false, currentRole=, hasToken=false, emailExists=true, emailNotExists=true, passwordCorrect=true, passwordStrong=true, emailValid=true, studentMajorOrGoalSet=true, expertiseSet=true, resetToken.len=0, tokenUsed=false, forgotPasswordRateLimited=false, forgotPasswordInfrastructureFailure=false, profileUpdateValid=true}
10:58:36.602 INFO  [main] c.e.m.i.CourseExplorationImpl - [STEP] v_CourseListEmpty | beforeAuth={isLoggedIn=false, currentRole=, hasToken=false, emailExists=true, emailNotExists=true, passwordCorrect=true, passwordStrong=true, emailValid=true, studentMajorOrGoalSet=true, expertiseSet=true, resetToken.len=0, tokenUsed=false, forgotPasswordRateLimited=false, forgotPasswordInfrastructureFailure=false, profileUpdateValid=true}
10:58:36.809 INFO  [main] c.e.m.i.CourseExplorationImpl - [STEP] e_ClearFilters | beforeAuth={isLoggedIn=false, currentRole=, hasToken=false, emailExists=true, emailNotExists=true, passwordCorrect=true, passwordStrong=true, emailValid=true, studentMajorOrGoalSet=true, expertiseSet=true, resetToken.len=0, tokenUsed=false, forgotPasswordRateLimited=false, forgotPasswordInfrastructureFailure=false, profileUpdateValid=true}
10:58:38.407 WARN  [main] c.e.mbt.pages.CoursesPage - Courses list settled with error banner: Rate limit exceeded
10:58:38.754 INFO  [main] c.e.m.i.CourseExplorationImpl - [STEP] v_CourseListVisible | beforeAuth={isLoggedIn=false, currentRole=, hasToken=false, emailExists=true, emailNotExists=true, passwordCorrect=true, passwordStrong=true, emailValid=true, studentMajorOrGoalSet=true, expertiseSet=true, resetToken.len=0, tokenUsed=false, forgotPasswordRateLimited=false, forgotPasswordInfrastructureFailure=false, profileUpdateValid=true}
10:58:39.354 DEBUG [main] c.e.mbt.support.ApiClient - [GET http://localhost:8000/api/v1/courses?status=PUBLISHED] -> 429
10:58:39.355 WARN  [main] c.e.mbt.support.ApiClient - GET /api/v1/courses?status=PUBLISHED -> HTTP 429, retry 1/3
10:58:39.777 DEBUG [main] c.e.mbt.support.ApiClient - [GET http://localhost:8000/api/v1/courses?status=PUBLISHED] -> 429
10:58:39.779 WARN  [main] c.e.mbt.support.ApiClient - GET /api/v1/courses?status=PUBLISHED -> HTTP 429, retry 2/3
10:58:40.592 DEBUG [main] c.e.mbt.support.ApiClient - [GET http://localhost:8000/api/v1/courses?status=PUBLISHED] -> 429
10:58:40.593 WARN  [main] c.e.mbt.support.ApiClient - GET /api/v1/courses?status=PUBLISHED -> HTTP 429, retry 3/3
10:58:42.209 DEBUG [main] c.e.mbt.support.ApiClient - [GET http://localhost:8000/api/v1/courses?status=PUBLISHED] -> 429
10:58:42.211 WARN  [main] c.e.mbt.support.ApiClient - GET /api/v1/courses?status=PUBLISHED -> HTTP 429, retry 4/3
10:58:42.212 WARN  [main] c.e.m.i.CourseExplorationImpl - v_CourseListVisible: API returned 0 published courses; ensure backend is up and POST /api/v1/admin/seed was applied. UI will wait for non-empty list.
10:58:42.353 WARN  [main] c.e.mbt.pages.CoursesPage - Courses list settled with error banner: Rate limit exceeded
10:58:42.355 INFO  [main] c.e.m.i.CourseExplorationImpl - [STEP] e_OpenCourseDetailExpired | beforeAuth={isLoggedIn=false, currentRole=, hasToken=false, emailExists=true, emailNotExists=true, passwordCorrect=true, passwordStrong=true, emailValid=true, studentMajorOrGoalSet=true, expertiseSet=true, resetToken.len=0, tokenUsed=false, forgotPasswordRateLimited=false, forgotPasswordInfrastructureFailure=false, profileUpdateValid=true}
10:58:42.362 DEBUG [main] c.e.mbt.support.ApiClient - [GET http://localhost:8000/api/v1/courses?status=PUBLISHED] -> 429
10:58:42.363 WARN  [main] c.e.mbt.support.ApiClient - GET /api/v1/courses?status=PUBLISHED -> HTTP 429, retry 1/3
10:58:42.778 DEBUG [main] c.e.mbt.support.ApiClient - [GET http://localhost:8000/api/v1/courses?status=PUBLISHED] -> 429
10:58:42.779 WARN  [main] c.e.mbt.support.ApiClient - GET /api/v1/courses?status=PUBLISHED -> HTTP 429, retry 2/3
10:58:43.609 DEBUG [main] c.e.mbt.support.ApiClient - [GET http://localhost:8000/api/v1/courses?status=PUBLISHED] -> 429
10:58:43.610 WARN  [main] c.e.mbt.support.ApiClient - GET /api/v1/courses?status=PUBLISHED -> HTTP 429, retry 3/3
10:58:45.253 DEBUG [main] c.e.mbt.support.ApiClient - [GET http://localhost:8000/api/v1/courses?status=PUBLISHED] -> 429
10:58:45.254 WARN  [main] c.e.mbt.support.ApiClient - GET /api/v1/courses?status=PUBLISHED -> HTTP 429, retry 4/3
10:58:45.254 WARN  [main] c.e.m.i.CourseExplorationImpl - refreshFirstPublishedFromApi: list throttled; firstCourseId may be stale or 0
10:58:45.294 DEBUG [main] c.e.mbt.support.ApiClient - [GET http://localhost:8000/api/v1/courses?status=PUBLISHED] -> 429
10:58:45.295 WARN  [main] c.e.mbt.support.ApiClient - GET /api/v1/courses?status=PUBLISHED -> HTTP 429, retry 1/3
10:58:45.783 DEBUG [main] c.e.mbt.support.ApiClient - [GET http://localhost:8000/api/v1/courses?status=PUBLISHED] -> 429
10:58:45.784 WARN  [main] c.e.mbt.support.ApiClient - GET /api/v1/courses?status=PUBLISHED -> HTTP 429, retry 2/3
10:58:46.667 DEBUG [main] c.e.mbt.support.ApiClient - [GET http://localhost:8000/api/v1/courses?status=PUBLISHED] -> 200
10:58:51.924 INFO  [main] c.e.m.i.CourseExplorationImpl - [STEP] v_RegistrationClosedMsg | beforeAuth={isLoggedIn=false, currentRole=, hasToken=false, emailExists=true, emailNotExists=true, passwordCorrect=true, passwordStrong=true, emailValid=true, studentMajorOrGoalSet=true, expertiseSet=true, resetToken.len=0, tokenUsed=false, forgotPasswordRateLimited=false, forgotPasswordInfrastructureFailure=false, profileUpdateValid=true}
10:58:52.956 WARN  [main] c.e.m.i.CourseExplorationImpl - v_RegistrationClosedMsg: no closed-registration indicator found on page
10:58:52.958 INFO  [main] c.e.m.i.CourseExplorationImpl - [STEP] e_BackToList | beforeAuth={isLoggedIn=false, currentRole=, hasToken=false, emailExists=true, emailNotExists=true, passwordCorrect=true, passwordStrong=true, emailValid=true, studentMajorOrGoalSet=true, expertiseSet=true, resetToken.len=0, tokenUsed=false, forgotPasswordRateLimited=false, forgotPasswordInfrastructureFailure=false, profileUpdateValid=true}
10:58:54.205 INFO  [main] c.e.m.i.CourseExplorationImpl - [STEP] v_CourseListVisible | beforeAuth={isLoggedIn=false, currentRole=, hasToken=false, emailExists=true, emailNotExists=true, passwordCorrect=true, passwordStrong=true, emailValid=true, studentMajorOrGoalSet=true, expertiseSet=true, resetToken.len=0, tokenUsed=false, forgotPasswordRateLimited=false, forgotPasswordInfrastructureFailure=false, profileUpdateValid=true}
10:58:56.486 DEBUG [main] c.e.mbt.support.ApiClient - [GET http://localhost:8000/api/v1/courses?status=PUBLISHED] -> 429
10:58:56.487 WARN  [main] c.e.mbt.support.ApiClient - GET /api/v1/courses?status=PUBLISHED -> HTTP 429, retry 1/3
10:58:56.907 DEBUG [main] c.e.mbt.support.ApiClient - [GET http://localhost:8000/api/v1/courses?status=PUBLISHED] -> 429
10:58:56.908 WARN  [main] c.e.mbt.support.ApiClient - GET /api/v1/courses?status=PUBLISHED -> HTTP 429, retry 2/3
10:58:57.752 DEBUG [main] c.e.mbt.support.ApiClient - [GET http://localhost:8000/api/v1/courses?status=PUBLISHED] -> 200
10:58:57.823 INFO  [main] c.e.m.i.CourseExplorationImpl - [STEP] e_FilterByCategory | beforeAuth={isLoggedIn=false, currentRole=, hasToken=false, emailExists=true, emailNotExists=true, passwordCorrect=true, passwordStrong=true, emailValid=true, studentMajorOrGoalSet=true, expertiseSet=true, resetToken.len=0, tokenUsed=false, forgotPasswordRateLimited=false, forgotPasswordInfrastructureFailure=false, profileUpdateValid=true}
10:58:58.823 INFO  [main] c.e.m.i.CourseExplorationImpl - [STEP] v_CourseListFiltered | beforeAuth={isLoggedIn=false, currentRole=, hasToken=false, emailExists=true, emailNotExists=true, passwordCorrect=true, passwordStrong=true, emailValid=true, studentMajorOrGoalSet=true, expertiseSet=true, resetToken.len=0, tokenUsed=false, forgotPasswordRateLimited=false, forgotPasswordInfrastructureFailure=false, profileUpdateValid=true}
10:58:59.201 INFO  [main] c.e.m.i.CourseExplorationImpl - [STEP] e_ClearFilters | beforeAuth={isLoggedIn=false, currentRole=, hasToken=false, emailExists=true, emailNotExists=true, passwordCorrect=true, passwordStrong=true, emailValid=true, studentMajorOrGoalSet=true, expertiseSet=true, resetToken.len=0, tokenUsed=false, forgotPasswordRateLimited=false, forgotPasswordInfrastructureFailure=false, profileUpdateValid=true}
10:59:09.938 INFO  [main] c.e.m.i.CourseExplorationImpl - [STEP] v_CourseListVisible | beforeAuth={isLoggedIn=false, currentRole=, hasToken=false, emailExists=true, emailNotExists=true, passwordCorrect=true, passwordStrong=true, emailValid=true, studentMajorOrGoalSet=true, expertiseSet=true, resetToken.len=0, tokenUsed=false, forgotPasswordRateLimited=false, forgotPasswordInfrastructureFailure=false, profileUpdateValid=true}
10:59:11.673 DEBUG [main] c.e.mbt.support.ApiClient - [GET http://localhost:8000/api/v1/courses?status=PUBLISHED] -> 200
10:59:11.824 INFO  [main] c.e.m.i.CourseExplorationImpl - [STEP] e_ApplySearchNoMatch | beforeAuth={isLoggedIn=false, currentRole=, hasToken=false, emailExists=true, emailNotExists=true, passwordCorrect=true, passwordStrong=true, emailValid=true, studentMajorOrGoalSet=true, expertiseSet=true, resetToken.len=0, tokenUsed=false, forgotPasswordRateLimited=false, forgotPasswordInfrastructureFailure=false, profileUpdateValid=true}
10:59:12.584 INFO  [main] c.e.m.i.CourseExplorationImpl - [STEP] v_CourseListEmpty | beforeAuth={isLoggedIn=false, currentRole=, hasToken=false, emailExists=true, emailNotExists=true, passwordCorrect=true, passwordStrong=true, emailValid=true, studentMajorOrGoalSet=true, expertiseSet=true, resetToken.len=0, tokenUsed=false, forgotPasswordRateLimited=false, forgotPasswordInfrastructureFailure=false, profileUpdateValid=true}
10:59:12.698 INFO  [main] c.e.m.r.AbstractGraphWalkerRunner - GraphWalker finished: errors=no
10:59:12.707 INFO  [main] c.e.m.r.AbstractGraphWalkerRunner - GraphWalker statistics [CourseExplorationImpl]: edgeCoverage=58% vertexCoverage=83% edges=10/17(7 unvisited) vertices=5/6(1 unvisited)
10:59:12.720 DEBUG [main] c.e.m.r.AbstractGraphWalkerRunner - GraphWalker statistics JSON:
{
  "totalFailedNumberOfModels": 0,
  "totalNotExecutedNumberOfModels": 0,
  "totalNumberOfUnvisitedVertices": 1,
  "verticesNotVisited": [{
    "modelName": "CourseExplorationModel",
    "vertexName": "v_CourseDetailNotFound",
    "vertexId": "v_CourseDetailNotFound"
  }],
  "totalNumberOfModels": 1,
  "totalCompletedNumberOfModels": 1,
  "totalNumberOfVisitedEdges": 10,
  "totalIncompleteNumberOfModels": 0,
  "edgesNotVisited": [
    {
      "modelName": "CourseExplorationModel",
      "edgeId": "e_ApplySearchMatch",
      "edgeName": "e_ApplySearch"
    },
    {
      "modelName": "CourseExplorationModel",
      "edgeId": "e_FilterByLevel",
      "edgeName": "e_FilterByLevel"
    },
    {
      "modelName": "CourseExplorationModel",
      "edgeId": "e_CombinedFilters",
      "edgeName": "e_CombinedFilters"
    },
    {
      "modelName": "CourseExplorationModel",
      "edgeId": "e_OpenCourseDetailFromFiltered",
      "edgeName": "e_OpenCourseDetail"
    },
    {
      "modelName": "CourseExplorationModel",
      "edgeId": "e_OpenCourseDetailClosed",
      "edgeName": "e_OpenCourseDetailClosed"
    },
    {
      "modelName": "CourseExplorationModel",
      "edgeId": "e_OpenCourseDetailNotFound",
      "edgeName": "e_OpenCourseDetailNotFound"
    },
    {
      "modelName": "CourseExplorationModel",
      "edgeId": "e_BackToListFromNotFound",
      "edgeName": "e_BackToList"
    }
  ],
  "vertexCoverage": 83,
  "totalNumberOfEdges": 17,
  "totalNumberOfVisitedVertices": 5,
  "edgeCoverage": 58,
  "totalNumberOfVertices": 6,
  "totalNumberOfUnvisitedEdges": 7
}
10:59:12.744 INFO  [main] c.e.m.r.AbstractGraphWalkerRunner - GraphWalker statistics file: D:\TESTING\course\mbt-gw\target\graphwalker-reports\CourseExplorationImpl-20260423-105912-722.json
]]></system-out>
    <system-err><![CDATA[10:55:53.165 DEBUG [it] c.e.m.support.ApiClient - [POST http://localhost:8000/api/v1/auth/test/create-account-with-role?name=MBT+Admin&email=mbt.admin%40example.com&password=Passw0rd%21&role=ADMIN] -> 429
10:55:53.399 INFO  [it] c.e.m.s.TestDataSeeder - Ensured account: mbt.admin@example.com (ADMIN) -> null
10:55:53.469 DEBUG [it] c.e.m.support.ApiClient - [POST http://localhost:8000/api/v1/auth/test/create-account-with-role?name=MBT+Instructor&email=mbt.instructor%40example.com&password=Passw0rd%21&role=INSTRUCTOR] -> 429
10:55:53.470 INFO  [it] c.e.m.s.TestDataSeeder - Ensured account: mbt.instructor@example.com (INSTRUCTOR) -> null
10:55:53.486 DEBUG [it] c.e.m.support.ApiClient - [POST http://localhost:8000/api/v1/auth/test/create-account-with-role?name=MBT+Student&email=mbt.student%40example.com&password=Passw0rd%21&role=STUDENT] -> 429
10:55:53.487 INFO  [it] c.e.m.s.TestDataSeeder - Ensured account: mbt.student@example.com (STUDENT) -> null
10:55:53.500 DEBUG [it] c.e.m.support.ApiClient - [POST http://localhost:8000/api/v1/auth/test/create-account-with-role?name=MBT+Pending+Student&email=mbt-pending-student%40test.com&password=Passw0rd%21&role=STUDENT] -> 429
10:55:53.502 INFO  [it] c.e.m.s.TestDataSeeder - Ensured account: mbt-pending-student@test.com (STUDENT) -> null
10:55:53.527 DEBUG [it] c.e.m.support.ApiClient - [POST http://localhost:8000/api/v1/auth/test/create-account-with-role?name=MBT+Pending+Student+2&email=mbt-pending-student-2%40test.com&password=Passw0rd%21&role=STUDENT] -> 429
10:55:53.528 INFO  [it] c.e.m.s.TestDataSeeder - Ensured account: mbt-pending-student-2@test.com (STUDENT) -> null
10:55:53.541 DEBUG [it] c.e.m.support.ApiClient - [POST http://localhost:8000/api/v1/auth/login] -> 429
10:55:53.543 WARN  [it] c.e.m.s.TestDataSeeder - Admin login failed, skipping seed (backend may be down)
10:55:53.588 INFO  [it] c.e.m.r.AbstractGraphWalkerRunner - Starting GraphWalker run for CourseExplorationImpl
10:56:06.742 INFO  [it] c.e.m.r.AbstractGraphWalkerRunner - Model file: D:\TESTING\course\mbt-gw\target\test-classes\com\eduplatform\mbt\models\02_CourseExplorationModel.json, generator: random(edge_coverage(100) || length(45))
10:56:28.268 INFO  [it] c.e.m.i.CourseExplorationImpl - [STEP] v_CourseListVisible | beforeAuth={isLoggedIn=false, currentRole=, hasToken=false, emailExists=true, emailNotExists=true, passwordCorrect=true, passwordStrong=true, emailValid=true, studentMajorOrGoalSet=true, expertiseSet=true, resetToken.len=0, tokenUsed=false, forgotPasswordRateLimited=false, forgotPasswordInfrastructureFailure=false, profileUpdateValid=true}
Apr 23, 2026 10:56:42 AM org.openqa.selenium.devtools.CdpVersionFinder findNearestMatch
WARNING: Unable to find CDP implementation matching 147
Apr 23, 2026 10:56:42 AM org.openqa.selenium.chromium.ChromiumDriver lambda$new$5
WARNING: Unable to find version of CDP to use for 147.0.7727.102. You may need to include a dependency on a specific version of the CDP using something similar to `org.seleniumhq.selenium:selenium-devtools-v86:4.24.0` where the version ("v86") matches the version of the chromium-based browser you're using and the version number of the artifact is the same as Selenium's.
10:56:50.265 DEBUG [it] c.e.m.support.ApiClient - [GET http://localhost:8000/api/v1/courses?status=PUBLISHED] -> 200
10:56:57.256 INFO  [it] c.e.m.i.CourseExplorationImpl - [STEP] e_OpenCourseDetail | beforeAuth={isLoggedIn=false, currentRole=, hasToken=false, emailExists=true, emailNotExists=true, passwordCorrect=true, passwordStrong=true, emailValid=true, studentMajorOrGoalSet=true, expertiseSet=true, resetToken.len=0, tokenUsed=false, forgotPasswordRateLimited=false, forgotPasswordInfrastructureFailure=false, profileUpdateValid=true}
10:56:57.417 DEBUG [it] c.e.m.support.ApiClient - [GET http://localhost:8000/api/v1/courses?status=PUBLISHED] -> 200
10:57:01.948 INFO  [it] c.e.m.i.CourseExplorationImpl - [STEP] v_CourseDetailVisible | beforeAuth={isLoggedIn=false, currentRole=, hasToken=false, emailExists=true, emailNotExists=true, passwordCorrect=true, passwordStrong=true, emailValid=true, studentMajorOrGoalSet=true, expertiseSet=true, resetToken.len=0, tokenUsed=false, forgotPasswordRateLimited=false, forgotPasswordInfrastructureFailure=false, profileUpdateValid=true}
10:57:02.670 INFO  [it] c.e.m.s.MbtBusinessAssertions - MBT: UI title matches earlier list response for courseId=3; skip GET /courses/3
10:57:02.686 INFO  [it] c.e.m.i.CourseExplorationImpl - [STEP] e_BackToList | beforeAuth={isLoggedIn=false, currentRole=, hasToken=false, emailExists=true, emailNotExists=true, passwordCorrect=true, passwordStrong=true, emailValid=true, studentMajorOrGoalSet=true, expertiseSet=true, resetToken.len=0, tokenUsed=false, forgotPasswordRateLimited=false, forgotPasswordInfrastructureFailure=false, profileUpdateValid=true}
10:57:04.746 INFO  [it] c.e.m.i.CourseExplorationImpl - [STEP] v_CourseListVisible | beforeAuth={isLoggedIn=false, currentRole=, hasToken=false, emailExists=true, emailNotExists=true, passwordCorrect=true, passwordStrong=true, emailValid=true, studentMajorOrGoalSet=true, expertiseSet=true, resetToken.len=0, tokenUsed=false, forgotPasswordRateLimited=false, forgotPasswordInfrastructureFailure=false, profileUpdateValid=true}
10:57:07.707 DEBUG [it] c.e.m.support.ApiClient - [GET http://localhost:8000/api/v1/courses?status=PUBLISHED] -> 200
10:57:08.206 INFO  [it] c.e.m.i.CourseExplorationImpl - [STEP] e_OpenCourseDetail | beforeAuth={isLoggedIn=false, currentRole=, hasToken=false, emailExists=true, emailNotExists=true, passwordCorrect=true, passwordStrong=true, emailValid=true, studentMajorOrGoalSet=true, expertiseSet=true, resetToken.len=0, tokenUsed=false, forgotPasswordRateLimited=false, forgotPasswordInfrastructureFailure=false, profileUpdateValid=true}
10:57:10.048 INFO  [it] c.e.m.i.CourseExplorationImpl - [STEP] v_CourseDetailVisible | beforeAuth={isLoggedIn=false, currentRole=, hasToken=false, emailExists=true, emailNotExists=true, passwordCorrect=true, passwordStrong=true, emailValid=true, studentMajorOrGoalSet=true, expertiseSet=true, resetToken.len=0, tokenUsed=false, forgotPasswordRateLimited=false, forgotPasswordInfrastructureFailure=false, profileUpdateValid=true}
10:57:11.087 INFO  [it] c.e.m.s.MbtBusinessAssertions - MBT: UI title matches earlier list response for courseId=3; skip GET /courses/3
10:57:11.091 INFO  [it] c.e.m.i.CourseExplorationImpl - [STEP] e_BackToList | beforeAuth={isLoggedIn=false, currentRole=, hasToken=false, emailExists=true, emailNotExists=true, passwordCorrect=true, passwordStrong=true, emailValid=true, studentMajorOrGoalSet=true, expertiseSet=true, resetToken.len=0, tokenUsed=false, forgotPasswordRateLimited=false, forgotPasswordInfrastructureFailure=false, profileUpdateValid=true}
10:57:17.708 INFO  [it] c.e.m.i.CourseExplorationImpl - [STEP] v_CourseListVisible | beforeAuth={isLoggedIn=false, currentRole=, hasToken=false, emailExists=true, emailNotExists=true, passwordCorrect=true, passwordStrong=true, emailValid=true, studentMajorOrGoalSet=true, expertiseSet=true, resetToken.len=0, tokenUsed=false, forgotPasswordRateLimited=false, forgotPasswordInfrastructureFailure=false, profileUpdateValid=true}
10:57:18.956 DEBUG [it] c.e.m.support.ApiClient - [GET http://localhost:8000/api/v1/courses?status=PUBLISHED] -> 200
10:57:19.161 INFO  [it] c.e.m.i.CourseExplorationImpl - [STEP] e_OpenCourseDetailNotOpenYet | beforeAuth={isLoggedIn=false, currentRole=, hasToken=false, emailExists=true, emailNotExists=true, passwordCorrect=true, passwordStrong=true, emailValid=true, studentMajorOrGoalSet=true, expertiseSet=true, resetToken.len=0, tokenUsed=false, forgotPasswordRateLimited=false, forgotPasswordInfrastructureFailure=false, profileUpdateValid=true}
10:57:21.064 INFO  [it] c.e.m.i.CourseExplorationImpl - [STEP] v_RegistrationClosedMsg | beforeAuth={isLoggedIn=false, currentRole=, hasToken=false, emailExists=true, emailNotExists=true, passwordCorrect=true, passwordStrong=true, emailValid=true, studentMajorOrGoalSet=true, expertiseSet=true, resetToken.len=0, tokenUsed=false, forgotPasswordRateLimited=false, forgotPasswordInfrastructureFailure=false, profileUpdateValid=true}
10:57:22.645 INFO  [it] c.e.m.i.CourseExplorationImpl - [STEP] e_BackToList | beforeAuth={isLoggedIn=false, currentRole=, hasToken=false, emailExists=true, emailNotExists=true, passwordCorrect=true, passwordStrong=true, emailValid=true, studentMajorOrGoalSet=true, expertiseSet=true, resetToken.len=0, tokenUsed=false, forgotPasswordRateLimited=false, forgotPasswordInfrastructureFailure=false, profileUpdateValid=true}
10:57:23.414 INFO  [it] c.e.m.i.CourseExplorationImpl - [STEP] v_CourseListVisible | beforeAuth={isLoggedIn=false, currentRole=, hasToken=false, emailExists=true, emailNotExists=true, passwordCorrect=true, passwordStrong=true, emailValid=true, studentMajorOrGoalSet=true, expertiseSet=true, resetToken.len=0, tokenUsed=false, forgotPasswordRateLimited=false, forgotPasswordInfrastructureFailure=false, profileUpdateValid=true}
10:57:26.730 DEBUG [it] c.e.m.support.ApiClient - [GET http://localhost:8000/api/v1/courses?status=PUBLISHED] -> 200
10:57:27.143 INFO  [it] c.e.m.i.CourseExplorationImpl - [STEP] e_ApplySearchNoMatch | beforeAuth={isLoggedIn=false, currentRole=, hasToken=false, emailExists=true, emailNotExists=true, passwordCorrect=true, passwordStrong=true, emailValid=true, studentMajorOrGoalSet=true, expertiseSet=true, resetToken.len=0, tokenUsed=false, forgotPasswordRateLimited=false, forgotPasswordInfrastructureFailure=false, profileUpdateValid=true}
10:57:31.451 INFO  [it] c.e.m.i.CourseExplorationImpl - [STEP] v_CourseListEmpty | beforeAuth={isLoggedIn=false, currentRole=, hasToken=false, emailExists=true, emailNotExists=true, passwordCorrect=true, passwordStrong=true, emailValid=true, studentMajorOrGoalSet=true, expertiseSet=true, resetToken.len=0, tokenUsed=false, forgotPasswordRateLimited=false, forgotPasswordInfrastructureFailure=false, profileUpdateValid=true}
10:57:31.852 INFO  [it] c.e.m.i.CourseExplorationImpl - [STEP] e_ClearFilters | beforeAuth={isLoggedIn=false, currentRole=, hasToken=false, emailExists=true, emailNotExists=true, passwordCorrect=true, passwordStrong=true, emailValid=true, studentMajorOrGoalSet=true, expertiseSet=true, resetToken.len=0, tokenUsed=false, forgotPasswordRateLimited=false, forgotPasswordInfrastructureFailure=false, profileUpdateValid=true}
10:57:42.064 INFO  [it] c.e.m.i.CourseExplorationImpl - [STEP] v_CourseListVisible | beforeAuth={isLoggedIn=false, currentRole=, hasToken=false, emailExists=true, emailNotExists=true, passwordCorrect=true, passwordStrong=true, emailValid=true, studentMajorOrGoalSet=true, expertiseSet=true, resetToken.len=0, tokenUsed=false, forgotPasswordRateLimited=false, forgotPasswordInfrastructureFailure=false, profileUpdateValid=true}
10:57:46.348 DEBUG [it] c.e.m.support.ApiClient - [GET http://localhost:8000/api/v1/courses?status=PUBLISHED] -> 200
10:57:46.466 INFO  [it] c.e.m.i.CourseExplorationImpl - [STEP] e_OpenCourseDetailNotOpenYet | beforeAuth={isLoggedIn=false, currentRole=, hasToken=false, emailExists=true, emailNotExists=true, passwordCorrect=true, passwordStrong=true, emailValid=true, studentMajorOrGoalSet=true, expertiseSet=true, resetToken.len=0, tokenUsed=false, forgotPasswordRateLimited=false, forgotPasswordInfrastructureFailure=false, profileUpdateValid=true}
10:57:47.934 INFO  [it] c.e.m.i.CourseExplorationImpl - [STEP] v_RegistrationClosedMsg | beforeAuth={isLoggedIn=false, currentRole=, hasToken=false, emailExists=true, emailNotExists=true, passwordCorrect=true, passwordStrong=true, emailValid=true, studentMajorOrGoalSet=true, expertiseSet=true, resetToken.len=0, tokenUsed=false, forgotPasswordRateLimited=false, forgotPasswordInfrastructureFailure=false, profileUpdateValid=true}
10:57:49.744 INFO  [it] c.e.m.i.CourseExplorationImpl - [STEP] e_BackToList | beforeAuth={isLoggedIn=false, currentRole=, hasToken=false, emailExists=true, emailNotExists=true, passwordCorrect=true, passwordStrong=true, emailValid=true, studentMajorOrGoalSet=true, expertiseSet=true, resetToken.len=0, tokenUsed=false, forgotPasswordRateLimited=false, forgotPasswordInfrastructureFailure=false, profileUpdateValid=true}
10:57:52.776 INFO  [it] c.e.m.i.CourseExplorationImpl - [STEP] v_CourseListVisible | beforeAuth={isLoggedIn=false, currentRole=, hasToken=false, emailExists=true, emailNotExists=true, passwordCorrect=true, passwordStrong=true, emailValid=true, studentMajorOrGoalSet=true, expertiseSet=true, resetToken.len=0, tokenUsed=false, forgotPasswordRateLimited=false, forgotPasswordInfrastructureFailure=false, profileUpdateValid=true}
10:57:53.957 DEBUG [it] c.e.m.support.ApiClient - [GET http://localhost:8000/api/v1/courses?status=PUBLISHED] -> 200
10:57:54.196 INFO  [it] c.e.m.i.CourseExplorationImpl - [STEP] e_OpenCourseDetailNotOpenYet | beforeAuth={isLoggedIn=false, currentRole=, hasToken=false, emailExists=true, emailNotExists=true, passwordCorrect=true, passwordStrong=true, emailValid=true, studentMajorOrGoalSet=true, expertiseSet=true, resetToken.len=0, tokenUsed=false, forgotPasswordRateLimited=false, forgotPasswordInfrastructureFailure=false, profileUpdateValid=true}
10:57:54.945 INFO  [it] c.e.m.i.CourseExplorationImpl - [STEP] v_RegistrationClosedMsg | beforeAuth={isLoggedIn=false, currentRole=, hasToken=false, emailExists=true, emailNotExists=true, passwordCorrect=true, passwordStrong=true, emailValid=true, studentMajorOrGoalSet=true, expertiseSet=true, resetToken.len=0, tokenUsed=false, forgotPasswordRateLimited=false, forgotPasswordInfrastructureFailure=false, profileUpdateValid=true}
10:57:55.966 INFO  [it] c.e.m.i.CourseExplorationImpl - [STEP] e_BackToList | beforeAuth={isLoggedIn=false, currentRole=, hasToken=false, emailExists=true, emailNotExists=true, passwordCorrect=true, passwordStrong=true, emailValid=true, studentMajorOrGoalSet=true, expertiseSet=true, resetToken.len=0, tokenUsed=false, forgotPasswordRateLimited=false, forgotPasswordInfrastructureFailure=false, profileUpdateValid=true}
10:57:58.647 INFO  [it] c.e.m.i.CourseExplorationImpl - [STEP] v_CourseListVisible | beforeAuth={isLoggedIn=false, currentRole=, hasToken=false, emailExists=true, emailNotExists=true, passwordCorrect=true, passwordStrong=true, emailValid=true, studentMajorOrGoalSet=true, expertiseSet=true, resetToken.len=0, tokenUsed=false, forgotPasswordRateLimited=false, forgotPasswordInfrastructureFailure=false, profileUpdateValid=true}
10:58:00.709 DEBUG [it] c.e.m.support.ApiClient - [GET http://localhost:8000/api/v1/courses?status=PUBLISHED] -> 200
10:58:00.868 INFO  [it] c.e.m.i.CourseExplorationImpl - [STEP] e_OpenCourseDetail | beforeAuth={isLoggedIn=false, currentRole=, hasToken=false, emailExists=true, emailNotExists=true, passwordCorrect=true, passwordStrong=true, emailValid=true, studentMajorOrGoalSet=true, expertiseSet=true, resetToken.len=0, tokenUsed=false, forgotPasswordRateLimited=false, forgotPasswordInfrastructureFailure=false, profileUpdateValid=true}
10:58:07.185 INFO  [it] c.e.m.i.CourseExplorationImpl - [STEP] v_CourseDetailVisible | beforeAuth={isLoggedIn=false, currentRole=, hasToken=false, emailExists=true, emailNotExists=true, passwordCorrect=true, passwordStrong=true, emailValid=true, studentMajorOrGoalSet=true, expertiseSet=true, resetToken.len=0, tokenUsed=false, forgotPasswordRateLimited=false, forgotPasswordInfrastructureFailure=false, profileUpdateValid=true}
10:58:11.154 INFO  [it] c.e.m.s.MbtBusinessAssertions - MBT: UI title matches earlier list response for courseId=3; skip GET /courses/3
10:58:11.158 INFO  [it] c.e.m.i.CourseExplorationImpl - [STEP] e_BackToList | beforeAuth={isLoggedIn=false, currentRole=, hasToken=false, emailExists=true, emailNotExists=true, passwordCorrect=true, passwordStrong=true, emailValid=true, studentMajorOrGoalSet=true, expertiseSet=true, resetToken.len=0, tokenUsed=false, forgotPasswordRateLimited=false, forgotPasswordInfrastructureFailure=false, profileUpdateValid=true}
10:58:16.645 INFO  [it] c.e.m.i.CourseExplorationImpl - [STEP] v_CourseListVisible | beforeAuth={isLoggedIn=false, currentRole=, hasToken=false, emailExists=true, emailNotExists=true, passwordCorrect=true, passwordStrong=true, emailValid=true, studentMajorOrGoalSet=true, expertiseSet=true, resetToken.len=0, tokenUsed=false, forgotPasswordRateLimited=false, forgotPasswordInfrastructureFailure=false, profileUpdateValid=true}
10:58:28.507 DEBUG [it] c.e.m.support.ApiClient - [GET http://localhost:8000/api/v1/courses?status=PUBLISHED] -> 429
10:58:28.508 WARN  [it] c.e.m.support.ApiClient - GET /api/v1/courses?status=PUBLISHED -> HTTP 429, retry 1/3
10:58:28.928 DEBUG [it] c.e.m.support.ApiClient - [GET http://localhost:8000/api/v1/courses?status=PUBLISHED] -> 429
10:58:28.928 WARN  [it] c.e.m.support.ApiClient - GET /api/v1/courses?status=PUBLISHED -> HTTP 429, retry 2/3
10:58:29.762 DEBUG [it] c.e.m.support.ApiClient - [GET http://localhost:8000/api/v1/courses?status=PUBLISHED] -> 429
10:58:29.763 WARN  [it] c.e.m.support.ApiClient - GET /api/v1/courses?status=PUBLISHED -> HTTP 429, retry 3/3
10:58:31.405 DEBUG [it] c.e.m.support.ApiClient - [GET http://localhost:8000/api/v1/courses?status=PUBLISHED] -> 429
10:58:31.407 WARN  [it] c.e.m.support.ApiClient - GET /api/v1/courses?status=PUBLISHED -> HTTP 429, retry 4/3
10:58:31.408 WARN  [it] c.e.m.i.CourseExplorationImpl - v_CourseListVisible: API returned 0 published courses; ensure backend is up and POST /api/v1/admin/seed was applied. UI will wait for non-empty list.
10:58:31.979 INFO  [it] c.e.m.i.CourseExplorationImpl - [STEP] e_OpenCourseList | beforeAuth={isLoggedIn=false, currentRole=, hasToken=false, emailExists=true, emailNotExists=true, passwordCorrect=true, passwordStrong=true, emailValid=true, studentMajorOrGoalSet=true, expertiseSet=true, resetToken.len=0, tokenUsed=false, forgotPasswordRateLimited=false, forgotPasswordInfrastructureFailure=false, profileUpdateValid=true}
10:58:32.686 DEBUG [it] c.e.m.support.ApiClient - [GET http://localhost:8000/api/v1/courses?status=PUBLISHED] -> 200
10:58:32.983 INFO  [it] c.e.m.i.CourseExplorationImpl - [STEP] v_CourseListVisible | beforeAuth={isLoggedIn=false, currentRole=, hasToken=false, emailExists=true, emailNotExists=true, passwordCorrect=true, passwordStrong=true, emailValid=true, studentMajorOrGoalSet=true, expertiseSet=true, resetToken.len=0, tokenUsed=false, forgotPasswordRateLimited=false, forgotPasswordInfrastructureFailure=false, profileUpdateValid=true}
10:58:35.567 WARN  [it] c.e.m.pages.CoursesPage - Courses list settled with error banner: Rate limit exceeded
10:58:35.573 INFO  [it] c.e.m.i.CourseExplorationImpl - [STEP] e_ApplySearchNoMatch | beforeAuth={isLoggedIn=false, currentRole=, hasToken=false, emailExists=true, emailNotExists=true, passwordCorrect=true, passwordStrong=true, emailValid=true, studentMajorOrGoalSet=true, expertiseSet=true, resetToken.len=0, tokenUsed=false, forgotPasswordRateLimited=false, forgotPasswordInfrastructureFailure=false, profileUpdateValid=true}
10:58:36.602 INFO  [it] c.e.m.i.CourseExplorationImpl - [STEP] v_CourseListEmpty | beforeAuth={isLoggedIn=false, currentRole=, hasToken=false, emailExists=true, emailNotExists=true, passwordCorrect=true, passwordStrong=true, emailValid=true, studentMajorOrGoalSet=true, expertiseSet=true, resetToken.len=0, tokenUsed=false, forgotPasswordRateLimited=false, forgotPasswordInfrastructureFailure=false, profileUpdateValid=true}
10:58:36.809 INFO  [it] c.e.m.i.CourseExplorationImpl - [STEP] e_ClearFilters | beforeAuth={isLoggedIn=false, currentRole=, hasToken=false, emailExists=true, emailNotExists=true, passwordCorrect=true, passwordStrong=true, emailValid=true, studentMajorOrGoalSet=true, expertiseSet=true, resetToken.len=0, tokenUsed=false, forgotPasswordRateLimited=false, forgotPasswordInfrastructureFailure=false, profileUpdateValid=true}
10:58:38.407 WARN  [it] c.e.m.pages.CoursesPage - Courses list settled with error banner: Rate limit exceeded
10:58:38.754 INFO  [it] c.e.m.i.CourseExplorationImpl - [STEP] v_CourseListVisible | beforeAuth={isLoggedIn=false, currentRole=, hasToken=false, emailExists=true, emailNotExists=true, passwordCorrect=true, passwordStrong=true, emailValid=true, studentMajorOrGoalSet=true, expertiseSet=true, resetToken.len=0, tokenUsed=false, forgotPasswordRateLimited=false, forgotPasswordInfrastructureFailure=false, profileUpdateValid=true}
10:58:39.354 DEBUG [it] c.e.m.support.ApiClient - [GET http://localhost:8000/api/v1/courses?status=PUBLISHED] -> 429
10:58:39.355 WARN  [it] c.e.m.support.ApiClient - GET /api/v1/courses?status=PUBLISHED -> HTTP 429, retry 1/3
10:58:39.777 DEBUG [it] c.e.m.support.ApiClient - [GET http://localhost:8000/api/v1/courses?status=PUBLISHED] -> 429
10:58:39.779 WARN  [it] c.e.m.support.ApiClient - GET /api/v1/courses?status=PUBLISHED -> HTTP 429, retry 2/3
10:58:40.592 DEBUG [it] c.e.m.support.ApiClient - [GET http://localhost:8000/api/v1/courses?status=PUBLISHED] -> 429
10:58:40.593 WARN  [it] c.e.m.support.ApiClient - GET /api/v1/courses?status=PUBLISHED -> HTTP 429, retry 3/3
10:58:42.209 DEBUG [it] c.e.m.support.ApiClient - [GET http://localhost:8000/api/v1/courses?status=PUBLISHED] -> 429
10:58:42.211 WARN  [it] c.e.m.support.ApiClient - GET /api/v1/courses?status=PUBLISHED -> HTTP 429, retry 4/3
10:58:42.212 WARN  [it] c.e.m.i.CourseExplorationImpl - v_CourseListVisible: API returned 0 published courses; ensure backend is up and POST /api/v1/admin/seed was applied. UI will wait for non-empty list.
10:58:42.353 WARN  [it] c.e.m.pages.CoursesPage - Courses list settled with error banner: Rate limit exceeded
10:58:42.355 INFO  [it] c.e.m.i.CourseExplorationImpl - [STEP] e_OpenCourseDetailExpired | beforeAuth={isLoggedIn=false, currentRole=, hasToken=false, emailExists=true, emailNotExists=true, passwordCorrect=true, passwordStrong=true, emailValid=true, studentMajorOrGoalSet=true, expertiseSet=true, resetToken.len=0, tokenUsed=false, forgotPasswordRateLimited=false, forgotPasswordInfrastructureFailure=false, profileUpdateValid=true}
10:58:42.362 DEBUG [it] c.e.m.support.ApiClient - [GET http://localhost:8000/api/v1/courses?status=PUBLISHED] -> 429
10:58:42.363 WARN  [it] c.e.m.support.ApiClient - GET /api/v1/courses?status=PUBLISHED -> HTTP 429, retry 1/3
10:58:42.778 DEBUG [it] c.e.m.support.ApiClient - [GET http://localhost:8000/api/v1/courses?status=PUBLISHED] -> 429
10:58:42.779 WARN  [it] c.e.m.support.ApiClient - GET /api/v1/courses?status=PUBLISHED -> HTTP 429, retry 2/3
10:58:43.609 DEBUG [it] c.e.m.support.ApiClient - [GET http://localhost:8000/api/v1/courses?status=PUBLISHED] -> 429
10:58:43.610 WARN  [it] c.e.m.support.ApiClient - GET /api/v1/courses?status=PUBLISHED -> HTTP 429, retry 3/3
10:58:45.253 DEBUG [it] c.e.m.support.ApiClient - [GET http://localhost:8000/api/v1/courses?status=PUBLISHED] -> 429
10:58:45.254 WARN  [it] c.e.m.support.ApiClient - GET /api/v1/courses?status=PUBLISHED -> HTTP 429, retry 4/3
10:58:45.254 WARN  [it] c.e.m.i.CourseExplorationImpl - refreshFirstPublishedFromApi: list throttled; firstCourseId may be stale or 0
10:58:45.294 DEBUG [it] c.e.m.support.ApiClient - [GET http://localhost:8000/api/v1/courses?status=PUBLISHED] -> 429
10:58:45.295 WARN  [it] c.e.m.support.ApiClient - GET /api/v1/courses?status=PUBLISHED -> HTTP 429, retry 1/3
10:58:45.783 DEBUG [it] c.e.m.support.ApiClient - [GET http://localhost:8000/api/v1/courses?status=PUBLISHED] -> 429
10:58:45.784 WARN  [it] c.e.m.support.ApiClient - GET /api/v1/courses?status=PUBLISHED -> HTTP 429, retry 2/3
10:58:46.667 DEBUG [it] c.e.m.support.ApiClient - [GET http://localhost:8000/api/v1/courses?status=PUBLISHED] -> 200
10:58:51.924 INFO  [it] c.e.m.i.CourseExplorationImpl - [STEP] v_RegistrationClosedMsg | beforeAuth={isLoggedIn=false, currentRole=, hasToken=false, emailExists=true, emailNotExists=true, passwordCorrect=true, passwordStrong=true, emailValid=true, studentMajorOrGoalSet=true, expertiseSet=true, resetToken.len=0, tokenUsed=false, forgotPasswordRateLimited=false, forgotPasswordInfrastructureFailure=false, profileUpdateValid=true}
10:58:52.956 WARN  [it] c.e.m.i.CourseExplorationImpl - v_RegistrationClosedMsg: no closed-registration indicator found on page
10:58:52.958 INFO  [it] c.e.m.i.CourseExplorationImpl - [STEP] e_BackToList | beforeAuth={isLoggedIn=false, currentRole=, hasToken=false, emailExists=true, emailNotExists=true, passwordCorrect=true, passwordStrong=true, emailValid=true, studentMajorOrGoalSet=true, expertiseSet=true, resetToken.len=0, tokenUsed=false, forgotPasswordRateLimited=false, forgotPasswordInfrastructureFailure=false, profileUpdateValid=true}
10:58:54.205 INFO  [it] c.e.m.i.CourseExplorationImpl - [STEP] v_CourseListVisible | beforeAuth={isLoggedIn=false, currentRole=, hasToken=false, emailExists=true, emailNotExists=true, passwordCorrect=true, passwordStrong=true, emailValid=true, studentMajorOrGoalSet=true, expertiseSet=true, resetToken.len=0, tokenUsed=false, forgotPasswordRateLimited=false, forgotPasswordInfrastructureFailure=false, profileUpdateValid=true}
10:58:56.486 DEBUG [it] c.e.m.support.ApiClient - [GET http://localhost:8000/api/v1/courses?status=PUBLISHED] -> 429
10:58:56.487 WARN  [it] c.e.m.support.ApiClient - GET /api/v1/courses?status=PUBLISHED -> HTTP 429, retry 1/3
10:58:56.907 DEBUG [it] c.e.m.support.ApiClient - [GET http://localhost:8000/api/v1/courses?status=PUBLISHED] -> 429
10:58:56.908 WARN  [it] c.e.m.support.ApiClient - GET /api/v1/courses?status=PUBLISHED -> HTTP 429, retry 2/3
10:58:57.752 DEBUG [it] c.e.m.support.ApiClient - [GET http://localhost:8000/api/v1/courses?status=PUBLISHED] -> 200
10:58:57.823 INFO  [it] c.e.m.i.CourseExplorationImpl - [STEP] e_FilterByCategory | beforeAuth={isLoggedIn=false, currentRole=, hasToken=false, emailExists=true, emailNotExists=true, passwordCorrect=true, passwordStrong=true, emailValid=true, studentMajorOrGoalSet=true, expertiseSet=true, resetToken.len=0, tokenUsed=false, forgotPasswordRateLimited=false, forgotPasswordInfrastructureFailure=false, profileUpdateValid=true}
10:58:58.823 INFO  [it] c.e.m.i.CourseExplorationImpl - [STEP] v_CourseListFiltered | beforeAuth={isLoggedIn=false, currentRole=, hasToken=false, emailExists=true, emailNotExists=true, passwordCorrect=true, passwordStrong=true, emailValid=true, studentMajorOrGoalSet=true, expertiseSet=true, resetToken.len=0, tokenUsed=false, forgotPasswordRateLimited=false, forgotPasswordInfrastructureFailure=false, profileUpdateValid=true}
10:58:59.201 INFO  [it] c.e.m.i.CourseExplorationImpl - [STEP] e_ClearFilters | beforeAuth={isLoggedIn=false, currentRole=, hasToken=false, emailExists=true, emailNotExists=true, passwordCorrect=true, passwordStrong=true, emailValid=true, studentMajorOrGoalSet=true, expertiseSet=true, resetToken.len=0, tokenUsed=false, forgotPasswordRateLimited=false, forgotPasswordInfrastructureFailure=false, profileUpdateValid=true}
10:59:09.938 INFO  [it] c.e.m.i.CourseExplorationImpl - [STEP] v_CourseListVisible | beforeAuth={isLoggedIn=false, currentRole=, hasToken=false, emailExists=true, emailNotExists=true, passwordCorrect=true, passwordStrong=true, emailValid=true, studentMajorOrGoalSet=true, expertiseSet=true, resetToken.len=0, tokenUsed=false, forgotPasswordRateLimited=false, forgotPasswordInfrastructureFailure=false, profileUpdateValid=true}
10:59:11.673 DEBUG [it] c.e.m.support.ApiClient - [GET http://localhost:8000/api/v1/courses?status=PUBLISHED] -> 200
10:59:11.824 INFO  [it] c.e.m.i.CourseExplorationImpl - [STEP] e_ApplySearchNoMatch | beforeAuth={isLoggedIn=false, currentRole=, hasToken=false, emailExists=true, emailNotExists=true, passwordCorrect=true, passwordStrong=true, emailValid=true, studentMajorOrGoalSet=true, expertiseSet=true, resetToken.len=0, tokenUsed=false, forgotPasswordRateLimited=false, forgotPasswordInfrastructureFailure=false, profileUpdateValid=true}
10:59:12.584 INFO  [it] c.e.m.i.CourseExplorationImpl - [STEP] v_CourseListEmpty | beforeAuth={isLoggedIn=false, currentRole=, hasToken=false, emailExists=true, emailNotExists=true, passwordCorrect=true, passwordStrong=true, emailValid=true, studentMajorOrGoalSet=true, expertiseSet=true, resetToken.len=0, tokenUsed=false, forgotPasswordRateLimited=false, forgotPasswordInfrastructureFailure=false, profileUpdateValid=true}
10:59:12.698 INFO  [it] c.e.m.r.AbstractGraphWalkerRunner - GraphWalker finished: errors=no
10:59:12.707 INFO  [it] c.e.m.r.AbstractGraphWalkerRunner - GraphWalker statistics [CourseExplorationImpl]: edgeCoverage=58% vertexCoverage=83% edges=10/17(7 unvisited) vertices=5/6(1 unvisited)
10:59:12.720 DEBUG [it] c.e.m.r.AbstractGraphWalkerRunner - GraphWalker statistics JSON:
{
  "totalFailedNumberOfModels": 0,
  "totalNotExecutedNumberOfModels": 0,
  "totalNumberOfUnvisitedVertices": 1,
  "verticesNotVisited": [{
    "modelName": "CourseExplorationModel",
    "vertexName": "v_CourseDetailNotFound",
    "vertexId": "v_CourseDetailNotFound"
  }],
  "totalNumberOfModels": 1,
  "totalCompletedNumberOfModels": 1,
  "totalNumberOfVisitedEdges": 10,
  "totalIncompleteNumberOfModels": 0,
  "edgesNotVisited": [
    {
      "modelName": "CourseExplorationModel",
      "edgeId": "e_ApplySearchMatch",
      "edgeName": "e_ApplySearch"
    },
    {
      "modelName": "CourseExplorationModel",
      "edgeId": "e_FilterByLevel",
      "edgeName": "e_FilterByLevel"
    },
    {
      "modelName": "CourseExplorationModel",
      "edgeId": "e_CombinedFilters",
      "edgeName": "e_CombinedFilters"
    },
    {
      "modelName": "CourseExplorationModel",
      "edgeId": "e_OpenCourseDetailFromFiltered",
      "edgeName": "e_OpenCourseDetail"
    },
    {
      "modelName": "CourseExplorationModel",
      "edgeId": "e_OpenCourseDetailClosed",
      "edgeName": "e_OpenCourseDetailClosed"
    },
    {
      "modelName": "CourseExplorationModel",
      "edgeId": "e_OpenCourseDetailNotFound",
      "edgeName": "e_OpenCourseDetailNotFound"
    },
    {
      "modelName": "CourseExplorationModel",
      "edgeId": "e_BackToListFromNotFound",
      "edgeName": "e_BackToList"
    }
  ],
  "vertexCoverage": 83,
  "totalNumberOfEdges": 17,
  "totalNumberOfVisitedVertices": 5,
  "edgeCoverage": 58,
  "totalNumberOfVertices": 6,
  "totalNumberOfUnvisitedEdges": 7
}
10:59:12.744 INFO  [it] c.e.m.r.AbstractGraphWalkerRunner - GraphWalker statistics file: D:\TESTING\course\mbt-gw\target\graphwalker-reports\CourseExplorationImpl-20260423-105912-722.json
]]></system-err>
  </testcase>
</testsuite>